#
# There is insufficient memory for the Java Runtime Environment to continue.
# Native memory allocation (mmap) failed to map 173015040 bytes for G1 virtual space
# Possible reasons:
#   The system is out of physical RAM or swap space
#   The process is running with CompressedOops enabled, and the Java Heap may be blocking the growth of the native heap
# Possible solutions:
#   Reduce memory load on the system
#   Increase physical memory or swap space
#   Check if swap backing store is full
#   Decrease Java heap size (-Xmx/-Xms)
#   Decrease number of Java threads
#   Decrease Java thread stack sizes (-Xss)
#   Set larger code cache with -XX:ReservedCodeCacheSize=
#   JVM is running with Unscaled Compressed Oops mode in which the Java heap is
#     placed in the first 4GB address space. The Java Heap base address is the
#     maximum limit for the native heap growth. Please use -XX:HeapBaseMinAddress
#     to set the Java Heap base and to place the Java Heap above 4GB virtual address.
# This output file may be truncated or incomplete.
#
#  Out of Memory Error (os_windows.cpp:3769), pid=23936, tid=24296
#
# JRE version: OpenJDK Runtime Environment (17.0.6) (build 17.0.6+0-b2043.56-10027231)
# Java VM: OpenJDK 64-Bit Server VM (17.0.6+0-b2043.56-10027231, mixed mode, tiered, compressed oops, compressed class ptrs, g1 gc, windows-amd64)
# No core dump will be written. Minidumps are not enabled by default on client versions of Windows
#

---------------  S U M M A R Y ------------

Command Line: --add-opens=java.base/java.util=ALL-UNNAMED --add-opens=java.base/java.lang=ALL-UNNAMED --add-opens=java.base/java.lang.invoke=ALL-UNNAMED --add-opens=java.prefs/java.util.prefs=ALL-UNNAMED --add-opens=java.base/java.nio.charset=ALL-UNNAMED --add-opens=java.base/java.net=ALL-UNNAMED --add-opens=java.base/java.util.concurrent.atomic=ALL-UNNAMED -Xmx2048m -Dfile.encoding=UTF-8 -Duser.country=ES -Duser.language=es -Duser.variant org.gradle.launcher.daemon.bootstrap.GradleDaemon 8.0

Host: AMD Ryzen 5 5600H with Radeon Graphics         , 12 cores, 7G,  Windows 11 , 64 bit Build 22621 (10.0.22621.3527)
Time: Mon Jun  3 21:51:37 2024 Hora de verano romance elapsed time: 18.480307 seconds (0d 0h 0m 18s)

---------------  T H R E A D  ---------------

Current thread (0x000002651ee35a10):  VMThread "VM Thread" [stack: 0x000000d6c8e00000,0x000000d6c8f00000] [id=24296]

Stack: [0x000000d6c8e00000,0x000000d6c8f00000]
Native frames: (J=compiled Java code, j=interpreted, Vv=VM code, C=native code)
V  [jvm.dll+0x683c9a]
V  [jvm.dll+0x8427a4]
V  [jvm.dll+0x843f9e]
V  [jvm.dll+0x844603]
V  [jvm.dll+0x249b75]
V  [jvm.dll+0x680b69]
V  [jvm.dll+0x67505a]
V  [jvm.dll+0x309acb]
V  [jvm.dll+0x310f86]
V  [jvm.dll+0x3608ee]
V  [jvm.dll+0x360b1f]
V  [jvm.dll+0x2dfbf8]
V  [jvm.dll+0x2ddec4]
V  [jvm.dll+0x2dd4cc]
V  [jvm.dll+0x321f3b]
V  [jvm.dll+0x848ccb]
V  [jvm.dll+0x849a04]
V  [jvm.dll+0x849f1d]
V  [jvm.dll+0x84a2f4]
V  [jvm.dll+0x84a3c0]
V  [jvm.dll+0x7f274a]
V  [jvm.dll+0x682ad5]
C  [ucrtbase.dll+0x29333]
C  [KERNEL32.DLL+0x1257d]
C  [ntdll.dll+0x5aa48]

VM_Operation (0x000000d6d48fb7b0): G1CollectForAllocation, mode: safepoint, requested by thread 0x0000026524879120


---------------  P R O C E S S  ---------------

Threads class SMR info:
_java_thread_list=0x00000265296a0750, length=186, elements={
0x0000026504bae5e0, 0x000002651ee59270, 0x000002651f800980, 0x000002651ee5d4c0,
0x000002651ee5e070, 0x000002651f826410, 0x000002651f827470, 0x000002651f82f510,
0x000002651f82fe10, 0x000002651f832ec0, 0x000002651f9b1e70, 0x000002651f9b4750,
0x0000026520eae090, 0x0000026520f80050, 0x000002651fbbb6b0, 0x0000026521181580,
0x0000026521cb51b0, 0x000002652117d0f0, 0x000002652117af40, 0x000002652117a0d0,
0x000002652117c280, 0x000002652117d5c0, 0x000002652117c750, 0x000002652117a5a0,
0x000002652117cc20, 0x000002652117b410, 0x000002652117aa70, 0x0000026521179c00,
0x000002652117b8e0, 0x000002652117bdb0, 0x0000026523e2f400, 0x0000026523e2a700,
0x0000026523e2e590, 0x0000026523e2ba40, 0x0000026523e2abd0, 0x0000026523e28a20,
0x0000026523e2c8b0, 0x0000026523e2ef30, 0x0000026523e2a230, 0x0000026523e2c3e0,
0x0000026523e28550, 0x0000026523e2b0a0, 0x0000026523e28ef0, 0x0000026523e2cd80,
0x0000026523e2dbf0, 0x0000026523e293c0, 0x0000026523e2b570, 0x0000026523e2bf10,
0x0000026523e2d250, 0x0000026523e2d720, 0x0000026523e2e0c0, 0x0000026524bc9ea0,
0x0000026524bce6d0, 0x0000026524bc6e80, 0x0000026524bcd390, 0x0000026524bc8b60,
0x0000026524bcdd30, 0x0000026524bca370, 0x0000026524bcd860, 0x0000026524bc9500,
0x0000026524bca840, 0x0000026524bc9030, 0x0000026524bc7350, 0x0000026524bce200,
0x0000026524bc7820, 0x0000026524bc99d0, 0x0000026524bcad10, 0x0000026524bc7cf0,
0x0000026524bc81c0, 0x0000026524bcb1e0, 0x0000026524bc8690, 0x0000026524bcb6b0,
0x0000026524bcc520, 0x0000026524bcbb80, 0x0000026524bcc050, 0x0000026524bcc9f0,
0x0000026524bccec0, 0x000002652467ea10, 0x000002652467eee0, 0x0000026524683710,
0x0000026524684580, 0x000002652467f880, 0x0000026524680bc0, 0x0000026524683240,
0x000002652467fd50, 0x00000265246840b0, 0x0000026524684a50, 0x00000265246823d0,
0x0000026524684f20, 0x0000026524681a30, 0x000002652467f3b0, 0x0000026524680220,
0x000002652467e070, 0x00000265246806f0, 0x0000026524683be0, 0x00000265246853f0,
0x0000026524681090, 0x00000265246858c0, 0x0000026524681560, 0x000002652467e540,
0x0000026524681f00, 0x00000265246828a0, 0x0000026524682d70, 0x0000026524718680,
0x0000026524714cc0, 0x00000265247181b0, 0x0000026524717ce0, 0x0000026524719e90,
0x0000026524739bf0, 0x0000026524717810, 0x000002652471a360, 0x000002652471a830,
0x00000265247199c0, 0x0000026524715190, 0x0000026524718b50, 0x0000026524716000,
0x0000026524716e70, 0x0000026524715660, 0x00000265247147f0, 0x00000265247164d0,
0x0000026524719020, 0x00000265247169a0, 0x0000026524717340, 0x0000026524715b30,
0x00000265247194f0, 0x0000026524712fe0, 0x00000265247134b0, 0x0000026524713980,
0x0000026524713e50, 0x0000026524714320, 0x0000026524434d00, 0x0000026524432b50,
0x000002652442fb30, 0x000002652442ecc0, 0x000002652442f190, 0x0000026524433020,
0x0000026524433e90, 0x00000265244334f0, 0x00000265244339c0, 0x000002652442de50,
0x0000026524434360, 0x0000026524434830, 0x000002652442d980, 0x000002652442d4b0,
0x0000026524431810, 0x000002652442f660, 0x0000026524431ce0, 0x000002652442e320,
0x0000026524430000, 0x0000026524431340, 0x000002652442e7f0, 0x00000265244321b0,
0x0000026524432680, 0x00000265244309a0, 0x00000265244304d0, 0x0000026524430e70,
0x000002652487ec90, 0x000002652487cfb0, 0x000002652487d950, 0x000002652487b7a0,
0x000002652487a930, 0x000002652487b2d0, 0x000002652487ae00, 0x000002652487bc70,
0x000002652487c140, 0x0000026524879f90, 0x000002652487c610, 0x000002652487f160,
0x000002652487d480, 0x000002652487cae0, 0x000002652487de20, 0x000002652487e2f0,
0x000002652487e7c0, 0x0000026522a76610, 0x0000026524879120, 0x000002652a0e83d0,
0x000002652a0e88a0, 0x000002652a0ed5a0, 0x000002652a0eaa50, 0x000002652a0eb8c0,
0x000002652a0e7f00, 0x000002652a0eaf20, 0x000002652a0e9240, 0x000002652a0e7090,
0x000002652a0e6bc0, 0x000002652a0ec260
}

Java Threads: ( => current thread )
  0x0000026504bae5e0 JavaThread "main" [_thread_blocked, id=1764, stack(0x000000d6c8800000,0x000000d6c8900000)]
  0x000002651ee59270 JavaThread "Reference Handler" daemon [_thread_blocked, id=7020, stack(0x000000d6c8f00000,0x000000d6c9000000)]
  0x000002651f800980 JavaThread "Finalizer" daemon [_thread_blocked, id=23224, stack(0x000000d6c9000000,0x000000d6c9100000)]
  0x000002651ee5d4c0 JavaThread "Signal Dispatcher" daemon [_thread_blocked, id=39152, stack(0x000000d6c9100000,0x000000d6c9200000)]
  0x000002651ee5e070 JavaThread "Attach Listener" daemon [_thread_blocked, id=35176, stack(0x000000d6c9200000,0x000000d6c9300000)]
  0x000002651f826410 JavaThread "Service Thread" daemon [_thread_blocked, id=16056, stack(0x000000d6c9300000,0x000000d6c9400000)]
  0x000002651f827470 JavaThread "Monitor Deflation Thread" daemon [_thread_blocked, id=34136, stack(0x000000d6c9400000,0x000000d6c9500000)]
  0x000002651f82f510 JavaThread "C2 CompilerThread0" daemon [_thread_blocked, id=28124, stack(0x000000d6c9500000,0x000000d6c9600000)]
  0x000002651f82fe10 JavaThread "C1 CompilerThread0" daemon [_thread_blocked, id=29656, stack(0x000000d6c9600000,0x000000d6c9700000)]
  0x000002651f832ec0 JavaThread "Sweeper thread" daemon [_thread_blocked, id=24800, stack(0x000000d6c9700000,0x000000d6c9800000)]
  0x000002651f9b1e70 JavaThread "Common-Cleaner" daemon [_thread_blocked, id=4176, stack(0x000000d6c9800000,0x000000d6c9900000)]
  0x000002651f9b4750 JavaThread "Notification Thread" daemon [_thread_blocked, id=5768, stack(0x000000d6c9900000,0x000000d6c9a00000)]
  0x0000026520eae090 JavaThread "Daemon health stats" [_thread_blocked, id=38760, stack(0x000000d6c9f00000,0x000000d6ca000000)]
  0x0000026520f80050 JavaThread "Incoming local TCP Connector on port 55156" [_thread_in_native, id=15268, stack(0x000000d6ca000000,0x000000d6ca100000)]
  0x000002651fbbb6b0 JavaThread "Daemon periodic checks" [_thread_blocked, id=40152, stack(0x000000d6ca100000,0x000000d6ca200000)]
  0x0000026521181580 JavaThread "Daemon" [_thread_blocked, id=18012, stack(0x000000d6ca200000,0x000000d6ca300000)]
  0x0000026521cb51b0 JavaThread "Handler for socket connection from /127.0.0.1:55156 to /127.0.0.1:55157" [_thread_in_native, id=3272, stack(0x000000d6ca300000,0x000000d6ca400000)]
  0x000002652117d0f0 JavaThread "Cancel handler" [_thread_blocked, id=30784, stack(0x000000d6ca400000,0x000000d6ca500000)]
  0x000002652117af40 JavaThread "Daemon worker" [_thread_blocked, id=38056, stack(0x000000d6ca500000,0x000000d6ca600000)]
  0x000002652117a0d0 JavaThread "Asynchronous log dispatcher for DefaultDaemonConnection: socket connection from /127.0.0.1:55156 to /127.0.0.1:55157" [_thread_blocked, id=30084, stack(0x000000d6ca600000,0x000000d6ca700000)]
  0x000002652117c280 JavaThread "Stdin handler" [_thread_blocked, id=15584, stack(0x000000d6ca700000,0x000000d6ca800000)]
  0x000002652117d5c0 JavaThread "Daemon client event forwarder" [_thread_blocked, id=29536, stack(0x000000d6ca800000,0x000000d6ca900000)]
  0x000002652117c750 JavaThread "Cache worker for journal cache (C:\Users\adric\.gradle\caches\journal-1)" [_thread_blocked, id=9560, stack(0x000000d6cb000000,0x000000d6cb100000)]
  0x000002652117a5a0 JavaThread "File lock request listener" [_thread_in_native, id=30916, stack(0x000000d6cb100000,0x000000d6cb200000)]
  0x000002652117cc20 JavaThread "Cache worker for file hash cache (C:\Users\adric\.gradle\caches\8.0\fileHashes)" [_thread_blocked, id=18096, stack(0x000000d6cb200000,0x000000d6cb300000)]
  0x000002652117b410 JavaThread "File watcher server" daemon [_thread_in_native, id=27400, stack(0x000000d6cb300000,0x000000d6cb400000)]
  0x000002652117aa70 JavaThread "File watcher consumer" daemon [_thread_blocked, id=19632, stack(0x000000d6cb400000,0x000000d6cb500000)]
  0x0000026521179c00 JavaThread "Cache worker for checksums cache (C:\Users\adric\Music\RefriPolarAppMovil\.gradle\8.0\checksums)" [_thread_blocked, id=20896, stack(0x000000d6cb500000,0x000000d6cb600000)]
  0x000002652117b8e0 JavaThread "Cache worker for cache directory md-rule (C:\Users\adric\.gradle\caches\8.0\md-rule)" [_thread_blocked, id=37596, stack(0x000000d6cb600000,0x000000d6cb700000)]
  0x000002652117bdb0 JavaThread "Cache worker for file content cache (C:\Users\adric\.gradle\caches\8.0\fileContent)" [_thread_blocked, id=34836, stack(0x000000d6cb700000,0x000000d6cb800000)]
  0x0000026523e2f400 JavaThread "Cache worker for file hash cache (C:\Users\adric\Music\RefriPolarAppMovil\.gradle\8.0\fileHashes)" [_thread_blocked, id=15760, stack(0x000000d6cb800000,0x000000d6cb900000)]
  0x0000026523e2a700 JavaThread "Cache worker for cache directory md-supplier (C:\Users\adric\.gradle\caches\8.0\md-supplier)" [_thread_blocked, id=2700, stack(0x000000d6cb900000,0x000000d6cba00000)]
  0x0000026523e2e590 JavaThread "Cache worker for execution history cache (C:\Users\adric\.gradle\caches\8.0\executionHistory)" [_thread_blocked, id=36284, stack(0x000000d6cba00000,0x000000d6cbb00000)]
  0x0000026523e2ba40 JavaThread "jar transforms" [_thread_blocked, id=35640, stack(0x000000d6cbb00000,0x000000d6cbc00000)]
  0x0000026523e2abd0 JavaThread "jar transforms Thread 2" [_thread_blocked, id=20924, stack(0x000000d6cbc00000,0x000000d6cbd00000)]
  0x0000026523e28a20 JavaThread "Cache worker for kotlin-dsl (C:\Users\adric\.gradle\caches\8.0\kotlin-dsl)" [_thread_blocked, id=36400, stack(0x000000d6cbd00000,0x000000d6cbe00000)]
  0x0000026523e2c8b0 JavaThread "jar transforms Thread 3" [_thread_blocked, id=41492, stack(0x000000d6cbe00000,0x000000d6cbf00000)]
  0x0000026523e2ef30 JavaThread "jar transforms Thread 4" [_thread_blocked, id=36392, stack(0x000000d6cbf00000,0x000000d6cc000000)]
  0x0000026523e2a230 JavaThread "Cache worker for dependencies-accessors (C:\Users\adric\Music\RefriPolarAppMovil\.gradle\8.0\dependencies-accessors)" [_thread_blocked, id=31684, stack(0x000000d6cc000000,0x000000d6cc100000)]
  0x0000026523e2c3e0 JavaThread "Cache worker for Build Output Cleanup Cache (C:\Users\adric\Music\RefriPolarAppMovil\.gradle\buildOutputCleanup)" [_thread_blocked, id=6300, stack(0x000000d6cc100000,0x000000d6cc200000)]
  0x0000026523e28550 JavaThread "jar transforms Thread 5" [_thread_blocked, id=26920, stack(0x000000d6cc200000,0x000000d6cc300000)]
  0x0000026523e2b0a0 JavaThread "Unconstrained build operations" [_thread_blocked, id=9188, stack(0x000000d6cc300000,0x000000d6cc400000)]
  0x0000026523e28ef0 JavaThread "Unconstrained build operations Thread 2" [_thread_blocked, id=6932, stack(0x000000d6cc400000,0x000000d6cc500000)]
  0x0000026523e2cd80 JavaThread "Unconstrained build operations Thread 3" [_thread_blocked, id=39060, stack(0x000000d6cc500000,0x000000d6cc600000)]
  0x0000026523e2dbf0 JavaThread "Unconstrained build operations Thread 4" [_thread_blocked, id=4584, stack(0x000000d6cc600000,0x000000d6cc700000)]
  0x0000026523e293c0 JavaThread "Unconstrained build operations Thread 5" [_thread_blocked, id=25088, stack(0x000000d6cc700000,0x000000d6cc800000)]
  0x0000026523e2b570 JavaThread "Unconstrained build operations Thread 6" [_thread_blocked, id=36916, stack(0x000000d6cc800000,0x000000d6cc900000)]
  0x0000026523e2bf10 JavaThread "Unconstrained build operations Thread 7" [_thread_blocked, id=35024, stack(0x000000d6cc900000,0x000000d6cca00000)]
  0x0000026523e2d250 JavaThread "Unconstrained build operations Thread 8" [_thread_blocked, id=10432, stack(0x000000d6cca00000,0x000000d6ccb00000)]
  0x0000026523e2d720 JavaThread "Unconstrained build operations Thread 9" [_thread_blocked, id=5212, stack(0x000000d6ccb00000,0x000000d6ccc00000)]
  0x0000026523e2e0c0 JavaThread "Unconstrained build operations Thread 10" [_thread_blocked, id=24188, stack(0x000000d6ccc00000,0x000000d6ccd00000)]
  0x0000026524bc9ea0 JavaThread "Unconstrained build operations Thread 11" [_thread_blocked, id=22288, stack(0x000000d6ccd00000,0x000000d6cce00000)]
  0x0000026524bce6d0 JavaThread "Unconstrained build operations Thread 12" [_thread_blocked, id=31220, stack(0x000000d6cce00000,0x000000d6ccf00000)]
  0x0000026524bc6e80 JavaThread "Unconstrained build operations Thread 13" [_thread_blocked, id=40300, stack(0x000000d6ccf00000,0x000000d6cd000000)]
  0x0000026524bcd390 JavaThread "Unconstrained build operations Thread 14" [_thread_blocked, id=24404, stack(0x000000d6cd000000,0x000000d6cd100000)]
  0x0000026524bc8b60 JavaThread "Unconstrained build operations Thread 15" [_thread_blocked, id=31176, stack(0x000000d6cd100000,0x000000d6cd200000)]
  0x0000026524bcdd30 JavaThread "Unconstrained build operations Thread 16" [_thread_blocked, id=8980, stack(0x000000d6cd200000,0x000000d6cd300000)]
  0x0000026524bca370 JavaThread "Unconstrained build operations Thread 17" [_thread_blocked, id=19520, stack(0x000000d6cd300000,0x000000d6cd400000)]
  0x0000026524bcd860 JavaThread "Unconstrained build operations Thread 18" [_thread_blocked, id=37692, stack(0x000000d6cd400000,0x000000d6cd500000)]
  0x0000026524bc9500 JavaThread "Unconstrained build operations Thread 19" [_thread_blocked, id=41908, stack(0x000000d6cd500000,0x000000d6cd600000)]
  0x0000026524bca840 JavaThread "Unconstrained build operations Thread 20" [_thread_blocked, id=35544, stack(0x000000d6cd600000,0x000000d6cd700000)]
  0x0000026524bc9030 JavaThread "Unconstrained build operations Thread 21" [_thread_blocked, id=32248, stack(0x000000d6cd700000,0x000000d6cd800000)]
  0x0000026524bc7350 JavaThread "Unconstrained build operations Thread 22" [_thread_blocked, id=10296, stack(0x000000d6cd800000,0x000000d6cd900000)]
  0x0000026524bce200 JavaThread "Unconstrained build operations Thread 23" [_thread_blocked, id=39168, stack(0x000000d6cd900000,0x000000d6cda00000)]
  0x0000026524bc7820 JavaThread "Unconstrained build operations Thread 24" [_thread_blocked, id=29020, stack(0x000000d6cda00000,0x000000d6cdb00000)]
  0x0000026524bc99d0 JavaThread "Unconstrained build operations Thread 25" [_thread_blocked, id=30972, stack(0x000000d6cdb00000,0x000000d6cdc00000)]
  0x0000026524bcad10 JavaThread "Unconstrained build operations Thread 26" [_thread_blocked, id=32996, stack(0x000000d6cdc00000,0x000000d6cdd00000)]
  0x0000026524bc7cf0 JavaThread "Unconstrained build operations Thread 27" [_thread_blocked, id=38204, stack(0x000000d6cdd00000,0x000000d6cde00000)]
  0x0000026524bc81c0 JavaThread "Unconstrained build operations Thread 28" [_thread_blocked, id=29800, stack(0x000000d6cde00000,0x000000d6cdf00000)]
  0x0000026524bcb1e0 JavaThread "Unconstrained build operations Thread 29" [_thread_blocked, id=11280, stack(0x000000d6cdf00000,0x000000d6ce000000)]
  0x0000026524bc8690 JavaThread "Unconstrained build operations Thread 30" [_thread_blocked, id=39252, stack(0x000000d6ce000000,0x000000d6ce100000)]
  0x0000026524bcb6b0 JavaThread "Unconstrained build operations Thread 31" [_thread_blocked, id=22312, stack(0x000000d6ce100000,0x000000d6ce200000)]
  0x0000026524bcc520 JavaThread "Unconstrained build operations Thread 32" [_thread_blocked, id=36636, stack(0x000000d6ce200000,0x000000d6ce300000)]
  0x0000026524bcbb80 JavaThread "Unconstrained build operations Thread 33" [_thread_blocked, id=16904, stack(0x000000d6ce300000,0x000000d6ce400000)]
  0x0000026524bcc050 JavaThread "Unconstrained build operations Thread 34" [_thread_blocked, id=27568, stack(0x000000d6ce400000,0x000000d6ce500000)]
  0x0000026524bcc9f0 JavaThread "Unconstrained build operations Thread 35" [_thread_blocked, id=34292, stack(0x000000d6ce500000,0x000000d6ce600000)]
  0x0000026524bccec0 JavaThread "Unconstrained build operations Thread 36" [_thread_blocked, id=25948, stack(0x000000d6ce600000,0x000000d6ce700000)]
  0x000002652467ea10 JavaThread "Unconstrained build operations Thread 37" [_thread_blocked, id=24232, stack(0x000000d6ce700000,0x000000d6ce800000)]
  0x000002652467eee0 JavaThread "Unconstrained build operations Thread 38" [_thread_blocked, id=39380, stack(0x000000d6ce800000,0x000000d6ce900000)]
  0x0000026524683710 JavaThread "Unconstrained build operations Thread 39" [_thread_blocked, id=33364, stack(0x000000d6ce900000,0x000000d6cea00000)]
  0x0000026524684580 JavaThread "Unconstrained build operations Thread 40" [_thread_blocked, id=35872, stack(0x000000d6cea00000,0x000000d6ceb00000)]
  0x000002652467f880 JavaThread "Unconstrained build operations Thread 41" [_thread_blocked, id=30640, stack(0x000000d6ceb00000,0x000000d6cec00000)]
  0x0000026524680bc0 JavaThread "Unconstrained build operations Thread 42" [_thread_blocked, id=35692, stack(0x000000d6cec00000,0x000000d6ced00000)]
  0x0000026524683240 JavaThread "Unconstrained build operations Thread 43" [_thread_blocked, id=30260, stack(0x000000d6ced00000,0x000000d6cee00000)]
  0x000002652467fd50 JavaThread "Unconstrained build operations Thread 44" [_thread_blocked, id=41592, stack(0x000000d6cee00000,0x000000d6cef00000)]
  0x00000265246840b0 JavaThread "Unconstrained build operations Thread 45" [_thread_blocked, id=33088, stack(0x000000d6cef00000,0x000000d6cf000000)]
  0x0000026524684a50 JavaThread "Unconstrained build operations Thread 46" [_thread_blocked, id=16112, stack(0x000000d6cf000000,0x000000d6cf100000)]
  0x00000265246823d0 JavaThread "Unconstrained build operations Thread 47" [_thread_blocked, id=41156, stack(0x000000d6cf100000,0x000000d6cf200000)]
  0x0000026524684f20 JavaThread "Unconstrained build operations Thread 48" [_thread_blocked, id=37348, stack(0x000000d6cf200000,0x000000d6cf300000)]
  0x0000026524681a30 JavaThread "Unconstrained build operations Thread 49" [_thread_blocked, id=28492, stack(0x000000d6cf300000,0x000000d6cf400000)]
  0x000002652467f3b0 JavaThread "Unconstrained build operations Thread 50" [_thread_blocked, id=10324, stack(0x000000d6cf400000,0x000000d6cf500000)]
  0x0000026524680220 JavaThread "Unconstrained build operations Thread 51" [_thread_blocked, id=36204, stack(0x000000d6cf500000,0x000000d6cf600000)]
  0x000002652467e070 JavaThread "Unconstrained build operations Thread 52" [_thread_blocked, id=1424, stack(0x000000d6cf600000,0x000000d6cf700000)]
  0x00000265246806f0 JavaThread "Unconstrained build operations Thread 53" [_thread_blocked, id=35012, stack(0x000000d6cf700000,0x000000d6cf800000)]
  0x0000026524683be0 JavaThread "Unconstrained build operations Thread 54" [_thread_blocked, id=13496, stack(0x000000d6cf800000,0x000000d6cf900000)]
  0x00000265246853f0 JavaThread "Unconstrained build operations Thread 55" [_thread_blocked, id=13820, stack(0x000000d6cf900000,0x000000d6cfa00000)]
  0x0000026524681090 JavaThread "Unconstrained build operations Thread 56" [_thread_blocked, id=30908, stack(0x000000d6cfa00000,0x000000d6cfb00000)]
  0x00000265246858c0 JavaThread "Unconstrained build operations Thread 57" [_thread_blocked, id=35876, stack(0x000000d6cfb00000,0x000000d6cfc00000)]
  0x0000026524681560 JavaThread "Unconstrained build operations Thread 58" [_thread_blocked, id=29328, stack(0x000000d6cfc00000,0x000000d6cfd00000)]
  0x000002652467e540 JavaThread "Unconstrained build operations Thread 59" [_thread_blocked, id=22300, stack(0x000000d6cfd00000,0x000000d6cfe00000)]
  0x0000026524681f00 JavaThread "Unconstrained build operations Thread 60" [_thread_blocked, id=29648, stack(0x000000d6cfe00000,0x000000d6cff00000)]
  0x00000265246828a0 JavaThread "Unconstrained build operations Thread 61" [_thread_blocked, id=37776, stack(0x000000d6cff00000,0x000000d6d0000000)]
  0x0000026524682d70 JavaThread "Unconstrained build operations Thread 62" [_thread_blocked, id=31468, stack(0x000000d6d0000000,0x000000d6d0100000)]
  0x0000026524718680 JavaThread "Unconstrained build operations Thread 63" [_thread_blocked, id=26524, stack(0x000000d6d0100000,0x000000d6d0200000)]
  0x0000026524714cc0 JavaThread "Unconstrained build operations Thread 64" [_thread_blocked, id=37804, stack(0x000000d6d0200000,0x000000d6d0300000)]
  0x00000265247181b0 JavaThread "Unconstrained build operations Thread 65" [_thread_blocked, id=30556, stack(0x000000d6d0300000,0x000000d6d0400000)]
  0x0000026524717ce0 JavaThread "Unconstrained build operations Thread 66" [_thread_blocked, id=4848, stack(0x000000d6d0400000,0x000000d6d0500000)]
  0x0000026524719e90 JavaThread "Unconstrained build operations Thread 67" [_thread_blocked, id=36524, stack(0x000000d6d0500000,0x000000d6d0600000)]
  0x0000026524739bf0 JavaThread "C2 CompilerThread1" daemon [_thread_blocked, id=41496, stack(0x000000d6d0600000,0x000000d6d0700000)]
  0x0000026524717810 JavaThread "Unconstrained build operations Thread 68" [_thread_blocked, id=17872, stack(0x000000d6d0700000,0x000000d6d0800000)]
  0x000002652471a360 JavaThread "Unconstrained build operations Thread 69" [_thread_blocked, id=35592, stack(0x000000d6d0800000,0x000000d6d0900000)]
  0x000002652471a830 JavaThread "Unconstrained build operations Thread 70" [_thread_blocked, id=31440, stack(0x000000d6d0900000,0x000000d6d0a00000)]
  0x00000265247199c0 JavaThread "Unconstrained build operations Thread 71" [_thread_blocked, id=37620, stack(0x000000d6d0a00000,0x000000d6d0b00000)]
  0x0000026524715190 JavaThread "Unconstrained build operations Thread 72" [_thread_blocked, id=33440, stack(0x000000d6d0b00000,0x000000d6d0c00000)]
  0x0000026524718b50 JavaThread "Unconstrained build operations Thread 73" [_thread_blocked, id=30596, stack(0x000000d6d0c00000,0x000000d6d0d00000)]
  0x0000026524716000 JavaThread "Unconstrained build operations Thread 74" [_thread_blocked, id=24384, stack(0x000000d6d0d00000,0x000000d6d0e00000)]
  0x0000026524716e70 JavaThread "Unconstrained build operations Thread 75" [_thread_blocked, id=4052, stack(0x000000d6d0e00000,0x000000d6d0f00000)]
  0x0000026524715660 JavaThread "Unconstrained build operations Thread 76" [_thread_blocked, id=31028, stack(0x000000d6d0f00000,0x000000d6d1000000)]
  0x00000265247147f0 JavaThread "Unconstrained build operations Thread 77" [_thread_blocked, id=14988, stack(0x000000d6d1000000,0x000000d6d1100000)]
  0x00000265247164d0 JavaThread "Unconstrained build operations Thread 78" [_thread_blocked, id=29308, stack(0x000000d6d1100000,0x000000d6d1200000)]
  0x0000026524719020 JavaThread "Unconstrained build operations Thread 79" [_thread_blocked, id=7596, stack(0x000000d6d1200000,0x000000d6d1300000)]
  0x00000265247169a0 JavaThread "Unconstrained build operations Thread 80" [_thread_blocked, id=32596, stack(0x000000d6d1300000,0x000000d6d1400000)]
  0x0000026524717340 JavaThread "Unconstrained build operations Thread 81" [_thread_blocked, id=20812, stack(0x000000d6d1400000,0x000000d6d1500000)]
  0x0000026524715b30 JavaThread "Unconstrained build operations Thread 82" [_thread_blocked, id=29808, stack(0x000000d6d1500000,0x000000d6d1600000)]
  0x00000265247194f0 JavaThread "Unconstrained build operations Thread 83" [_thread_blocked, id=24880, stack(0x000000d6d1600000,0x000000d6d1700000)]
  0x0000026524712fe0 JavaThread "Unconstrained build operations Thread 84" [_thread_blocked, id=4108, stack(0x000000d6d1700000,0x000000d6d1800000)]
  0x00000265247134b0 JavaThread "Unconstrained build operations Thread 85" [_thread_blocked, id=26640, stack(0x000000d6d1800000,0x000000d6d1900000)]
  0x0000026524713980 JavaThread "Unconstrained build operations Thread 86" [_thread_blocked, id=20652, stack(0x000000d6d1900000,0x000000d6d1a00000)]
  0x0000026524713e50 JavaThread "Unconstrained build operations Thread 87" [_thread_blocked, id=1256, stack(0x000000d6d1a00000,0x000000d6d1b00000)]
  0x0000026524714320 JavaThread "Unconstrained build operations Thread 88" [_thread_blocked, id=35488, stack(0x000000d6d1b00000,0x000000d6d1c00000)]
  0x0000026524434d00 JavaThread "Unconstrained build operations Thread 89" [_thread_blocked, id=15956, stack(0x000000d6d1c00000,0x000000d6d1d00000)]
  0x0000026524432b50 JavaThread "Unconstrained build operations Thread 90" [_thread_blocked, id=8948, stack(0x000000d6d1d00000,0x000000d6d1e00000)]
  0x000002652442fb30 JavaThread "Unconstrained build operations Thread 91" [_thread_blocked, id=27420, stack(0x000000d6d1e00000,0x000000d6d1f00000)]
  0x000002652442ecc0 JavaThread "Unconstrained build operations Thread 92" [_thread_blocked, id=16060, stack(0x000000d6d1f00000,0x000000d6d2000000)]
  0x000002652442f190 JavaThread "Unconstrained build operations Thread 93" [_thread_blocked, id=31760, stack(0x000000d6d2000000,0x000000d6d2100000)]
  0x0000026524433020 JavaThread "Unconstrained build operations Thread 94" [_thread_blocked, id=41092, stack(0x000000d6d2100000,0x000000d6d2200000)]
  0x0000026524433e90 JavaThread "Unconstrained build operations Thread 95" [_thread_blocked, id=23688, stack(0x000000d6d2200000,0x000000d6d2300000)]
  0x00000265244334f0 JavaThread "Unconstrained build operations Thread 96" [_thread_blocked, id=15680, stack(0x000000d6d2300000,0x000000d6d2400000)]
  0x00000265244339c0 JavaThread "Unconstrained build operations Thread 97" [_thread_blocked, id=37368, stack(0x000000d6d2400000,0x000000d6d2500000)]
  0x000002652442de50 JavaThread "Unconstrained build operations Thread 98" [_thread_blocked, id=26856, stack(0x000000d6d2500000,0x000000d6d2600000)]
  0x0000026524434360 JavaThread "Unconstrained build operations Thread 99" [_thread_blocked, id=21636, stack(0x000000d6d2600000,0x000000d6d2700000)]
  0x0000026524434830 JavaThread "Unconstrained build operations Thread 100" [_thread_blocked, id=32100, stack(0x000000d6d2700000,0x000000d6d2800000)]
  0x000002652442d980 JavaThread "Unconstrained build operations Thread 101" [_thread_blocked, id=38004, stack(0x000000d6d2800000,0x000000d6d2900000)]
  0x000002652442d4b0 JavaThread "Unconstrained build operations Thread 102" [_thread_blocked, id=36024, stack(0x000000d6d2900000,0x000000d6d2a00000)]
  0x0000026524431810 JavaThread "Unconstrained build operations Thread 103" [_thread_blocked, id=39084, stack(0x000000d6d2a00000,0x000000d6d2b00000)]
  0x000002652442f660 JavaThread "Unconstrained build operations Thread 104" [_thread_blocked, id=41048, stack(0x000000d6d2b00000,0x000000d6d2c00000)]
  0x0000026524431ce0 JavaThread "Unconstrained build operations Thread 105" [_thread_blocked, id=39956, stack(0x000000d6d2c00000,0x000000d6d2d00000)]
  0x000002652442e320 JavaThread "Unconstrained build operations Thread 106" [_thread_blocked, id=31104, stack(0x000000d6d2d00000,0x000000d6d2e00000)]
  0x0000026524430000 JavaThread "Unconstrained build operations Thread 107" [_thread_blocked, id=8860, stack(0x000000d6d2e00000,0x000000d6d2f00000)]
  0x0000026524431340 JavaThread "Unconstrained build operations Thread 108" [_thread_blocked, id=19200, stack(0x000000d6d2f00000,0x000000d6d3000000)]
  0x000002652442e7f0 JavaThread "Unconstrained build operations Thread 109" [_thread_blocked, id=7796, stack(0x000000d6d3000000,0x000000d6d3100000)]
  0x00000265244321b0 JavaThread "Unconstrained build operations Thread 110" [_thread_blocked, id=29080, stack(0x000000d6d3100000,0x000000d6d3200000)]
  0x0000026524432680 JavaThread "Unconstrained build operations Thread 111" [_thread_blocked, id=35960, stack(0x000000d6d3200000,0x000000d6d3300000)]
  0x00000265244309a0 JavaThread "Unconstrained build operations Thread 112" [_thread_blocked, id=37728, stack(0x000000d6d3300000,0x000000d6d3400000)]
  0x00000265244304d0 JavaThread "Unconstrained build operations Thread 113" [_thread_blocked, id=29624, stack(0x000000d6d3400000,0x000000d6d3500000)]
  0x0000026524430e70 JavaThread "Unconstrained build operations Thread 114" [_thread_blocked, id=26440, stack(0x000000d6d3500000,0x000000d6d3600000)]
  0x000002652487ec90 JavaThread "Unconstrained build operations Thread 115" [_thread_blocked, id=26096, stack(0x000000d6d3600000,0x000000d6d3700000)]
  0x000002652487cfb0 JavaThread "Unconstrained build operations Thread 116" [_thread_blocked, id=18084, stack(0x000000d6d3700000,0x000000d6d3800000)]
  0x000002652487d950 JavaThread "Unconstrained build operations Thread 117" [_thread_blocked, id=26676, stack(0x000000d6d3800000,0x000000d6d3900000)]
  0x000002652487b7a0 JavaThread "Unconstrained build operations Thread 118" [_thread_blocked, id=14956, stack(0x000000d6d3900000,0x000000d6d3a00000)]
  0x000002652487a930 JavaThread "Unconstrained build operations Thread 119" [_thread_blocked, id=38076, stack(0x000000d6d3a00000,0x000000d6d3b00000)]
  0x000002652487b2d0 JavaThread "Unconstrained build operations Thread 120" [_thread_blocked, id=27848, stack(0x000000d6d3b00000,0x000000d6d3c00000)]
  0x000002652487ae00 JavaThread "jar transforms Thread 6" [_thread_blocked, id=38296, stack(0x000000d6d3c00000,0x000000d6d3d00000)]
  0x000002652487bc70 JavaThread "jar transforms Thread 7" [_thread_blocked, id=23340, stack(0x000000d6d3d00000,0x000000d6d3e00000)]
  0x000002652487c140 JavaThread "jar transforms Thread 8" [_thread_blocked, id=28636, stack(0x000000d6d3e00000,0x000000d6d3f00000)]
  0x0000026524879f90 JavaThread "jar transforms Thread 9" [_thread_blocked, id=15980, stack(0x000000d6d3f00000,0x000000d6d4000000)]
  0x000002652487c610 JavaThread "jar transforms Thread 10" [_thread_blocked, id=29948, stack(0x000000d6d4000000,0x000000d6d4100000)]
  0x000002652487f160 JavaThread "jar transforms Thread 11" [_thread_blocked, id=32092, stack(0x000000d6d4100000,0x000000d6d4200000)]
  0x000002652487d480 JavaThread "jar transforms Thread 12" [_thread_blocked, id=5508, stack(0x000000d6d4200000,0x000000d6d4300000)]
  0x000002652487cae0 JavaThread "build event listener" [_thread_blocked, id=23860, stack(0x000000d6d4400000,0x000000d6d4500000)]
  0x000002652487de20 JavaThread "Memory manager" [_thread_blocked, id=30808, stack(0x000000d6d4500000,0x000000d6d4600000)]
  0x000002652487e2f0 JavaThread "build event listener" [_thread_blocked, id=28612, stack(0x000000d6d4600000,0x000000d6d4700000)]
  0x000002652487e7c0 JavaThread "build event listener" [_thread_blocked, id=13984, stack(0x000000d6d4700000,0x000000d6d4800000)]
  0x0000026522a76610 JavaThread "C2 CompilerThread2" daemon [_thread_blocked, id=30252, stack(0x000000d6d4300000,0x000000d6d4400000)]
  0x0000026524879120 JavaThread "included builds" [_thread_blocked, id=21536, stack(0x000000d6d4800000,0x000000d6d4900000)]
  0x000002652a0e83d0 JavaThread "Execution worker" [_thread_blocked, id=36728, stack(0x000000d6d4900000,0x000000d6d4a00000)]
  0x000002652a0e88a0 JavaThread "Execution worker Thread 2" [_thread_blocked, id=15972, stack(0x000000d6d4a00000,0x000000d6d4b00000)]
  0x000002652a0ed5a0 JavaThread "Execution worker Thread 3" [_thread_blocked, id=29408, stack(0x000000d6d4b00000,0x000000d6d4c00000)]
  0x000002652a0eaa50 JavaThread "Execution worker Thread 4" [_thread_blocked, id=22480, stack(0x000000d6d4c00000,0x000000d6d4d00000)]
  0x000002652a0eb8c0 JavaThread "Execution worker Thread 5" [_thread_blocked, id=35364, stack(0x000000d6d4d00000,0x000000d6d4e00000)]
  0x000002652a0e7f00 JavaThread "Execution worker Thread 6" [_thread_blocked, id=12488, stack(0x000000d6d4e00000,0x000000d6d4f00000)]
  0x000002652a0eaf20 JavaThread "Execution worker Thread 7" [_thread_blocked, id=32148, stack(0x000000d6d4f00000,0x000000d6d5000000)]
  0x000002652a0e9240 JavaThread "Execution worker Thread 8" [_thread_blocked, id=29316, stack(0x000000d6d5000000,0x000000d6d5100000)]
  0x000002652a0e7090 JavaThread "Execution worker Thread 9" [_thread_blocked, id=37264, stack(0x000000d6d5100000,0x000000d6d5200000)]
  0x000002652a0e6bc0 JavaThread "Execution worker Thread 10" [_thread_blocked, id=26324, stack(0x000000d6d5200000,0x000000d6d5300000)]
  0x000002652a0ec260 JavaThread "Execution worker Thread 11" [_thread_blocked, id=40792, stack(0x000000d6d5300000,0x000000d6d5400000)]

Other Threads:
=>0x000002651ee35a10 VMThread "VM Thread" [stack: 0x000000d6c8e00000,0x000000d6c8f00000] [id=24296]
  0x0000026504c2c7a0 WatcherThread [stack: 0x000000d6c9a00000,0x000000d6c9b00000] [id=40624]
  0x0000026504c0bb80 GCTaskThread "GC Thread#0" [stack: 0x000000d6c8900000,0x000000d6c8a00000] [id=5000]
  0x000002652018a3e0 GCTaskThread "GC Thread#1" [stack: 0x000000d6c9b00000,0x000000d6c9c00000] [id=19976]
  0x00000265203d5050 GCTaskThread "GC Thread#2" [stack: 0x000000d6c9c00000,0x000000d6c9d00000] [id=23924]
  0x00000265208a83a0 GCTaskThread "GC Thread#3" [stack: 0x000000d6c9d00000,0x000000d6c9e00000] [id=31804]
  0x0000026520c91c60 GCTaskThread "GC Thread#4" [stack: 0x000000d6c9e00000,0x000000d6c9f00000] [id=24268]
  0x0000026521da9170 GCTaskThread "GC Thread#5" [stack: 0x000000d6ca900000,0x000000d6caa00000] [id=25548]
  0x0000026521384cb0 GCTaskThread "GC Thread#6" [stack: 0x000000d6caa00000,0x000000d6cab00000] [id=31596]
  0x0000026521384f60 GCTaskThread "GC Thread#7" [stack: 0x000000d6cab00000,0x000000d6cac00000] [id=27956]
  0x0000026521385210 GCTaskThread "GC Thread#8" [stack: 0x000000d6cac00000,0x000000d6cad00000] [id=26176]
  0x0000026521d90850 GCTaskThread "GC Thread#9" [stack: 0x000000d6cad00000,0x000000d6cae00000] [id=35892]
  0x0000026504c1d260 ConcurrentGCThread "G1 Main Marker" [stack: 0x000000d6c8a00000,0x000000d6c8b00000] [id=37800]
  0x0000026504c1dc70 ConcurrentGCThread "G1 Conc#0" [stack: 0x000000d6c8b00000,0x000000d6c8c00000] [id=27376]
  0x0000026521e7f920 ConcurrentGCThread "G1 Conc#1" [stack: 0x000000d6cae00000,0x000000d6caf00000] [id=34172]
  0x0000026521e7e0f0 ConcurrentGCThread "G1 Conc#2" [stack: 0x000000d6caf00000,0x000000d6cb000000] [id=16660]
  0x000002651ec924c0 ConcurrentGCThread "G1 Refine#0" [stack: 0x000000d6c8c00000,0x000000d6c8d00000] [id=40084]
  0x000002651ec92ee0 ConcurrentGCThread "G1 Service" [stack: 0x000000d6c8d00000,0x000000d6c8e00000] [id=30532]

Threads with active compile tasks:
C2 CompilerThread0    18543 10276       4       java.beans.MethodRef::set (58 bytes)
C2 CompilerThread1    18543 10277       4       groovy.lang.MetaClassImpl::makeReplacementMetaProperty (241 bytes)
C2 CompilerThread2    18543 10256       4       java.beans.Introspector::addMethod (196 bytes)

VM state: at safepoint (normal execution)

VM Mutex/Monitor currently owned by a thread:  ([mutex/lock_event])
[0x0000026504ba9070] Threads_lock - owner thread: 0x000002651ee35a10
[0x0000026504ba8a40] Heap_lock - owner thread: 0x0000026524879120

Heap address: 0x0000000080000000, size: 2048 MB, Compressed Oops mode: 32-bit

CDS archive(s) not mapped
Compressed class space mapped at: 0x0000000100000000-0x0000000140000000, reserved size: 1073741824
Narrow klass base: 0x0000000000000000, Narrow klass shift: 3, Narrow klass range: 0x140000000

GC Precious Log:
 CPUs: 12 total, 12 available
 Memory: 7521M
 Large Page Support: Disabled
 NUMA Support: Disabled
 Compressed Oops: Enabled (32-bit)
 Heap Region Size: 1M
 Heap Min Capacity: 8M
 Heap Initial Capacity: 118M
 Heap Max Capacity: 2G
 Pre-touch: Disabled
 Parallel Workers: 10
 Concurrent Workers: 3
 Concurrent Refinement Workers: 10
 Periodic GC: Disabled

Heap:
 garbage-first heap   total 145408K, used 91752K [0x0000000080000000, 0x0000000100000000)
  region size 1024K, 4 young (4096K), 4 survivors (4096K)
 Metaspace       used 95461K, committed 96128K, reserved 1138688K
  class space    used 13084K, committed 13376K, reserved 1048576K

Heap Regions: E=young(eden), S=young(survivor), O=old, HS=humongous(starts), HC=humongous(continues), CS=collection set, F=free, OA=open archive, CA=closed archive, TAMS=top-at-mark-start (previous, next)
|   0|0x0000000080000000, 0x0000000080100000, 0x0000000080100000|100%|HS|  |TAMS 0x0000000080100000, 0x0000000080000000| Complete 
|   1|0x0000000080100000, 0x0000000080200000, 0x0000000080200000|100%|HC|  |TAMS 0x0000000080200000, 0x0000000080100000| Complete 
|   2|0x0000000080200000, 0x0000000080300000, 0x0000000080300000|100%|HC|  |TAMS 0x0000000080300000, 0x0000000080200000| Complete 
|   3|0x0000000080300000, 0x0000000080400000, 0x0000000080400000|100%|HC|  |TAMS 0x0000000080400000, 0x0000000080300000| Complete 
|   4|0x0000000080400000, 0x0000000080500000, 0x0000000080500000|100%| O|  |TAMS 0x0000000080500000, 0x0000000080400000| Untracked 
|   5|0x0000000080500000, 0x0000000080600000, 0x0000000080600000|100%| O|  |TAMS 0x0000000080600000, 0x0000000080500000| Untracked 
|   6|0x0000000080600000, 0x0000000080700000, 0x0000000080700000|100%| O|  |TAMS 0x0000000080700000, 0x0000000080600000| Untracked 
|   7|0x0000000080700000, 0x0000000080800000, 0x0000000080800000|100%| O|  |TAMS 0x0000000080800000, 0x0000000080700000| Untracked 
|   8|0x0000000080800000, 0x0000000080900000, 0x0000000080900000|100%| O|  |TAMS 0x0000000080900000, 0x0000000080800000| Untracked 
|   9|0x0000000080900000, 0x0000000080a00000, 0x0000000080a00000|100%| O|  |TAMS 0x0000000080a00000, 0x0000000080900000| Untracked 
|  10|0x0000000080a00000, 0x0000000080b00000, 0x0000000080b00000|100%| O|  |TAMS 0x0000000080b00000, 0x0000000080a00000| Untracked 
|  11|0x0000000080b00000, 0x0000000080c00000, 0x0000000080c00000|100%| O|  |TAMS 0x0000000080c00000, 0x0000000080b00000| Untracked 
|  12|0x0000000080c00000, 0x0000000080d00000, 0x0000000080d00000|100%| O|  |TAMS 0x0000000080d00000, 0x0000000080c00000| Untracked 
|  13|0x0000000080d00000, 0x0000000080e00000, 0x0000000080e00000|100%| O|  |TAMS 0x0000000080e00000, 0x0000000080d00000| Untracked 
|  14|0x0000000080e00000, 0x0000000080f00000, 0x0000000080f00000|100%| O|  |TAMS 0x0000000080f00000, 0x0000000080e00000| Untracked 
|  15|0x0000000080f00000, 0x0000000081000000, 0x0000000081000000|100%| O|  |TAMS 0x0000000081000000, 0x0000000080f00000| Untracked 
|  16|0x0000000081000000, 0x0000000081100000, 0x0000000081100000|100%| O|  |TAMS 0x0000000081100000, 0x0000000081000000| Untracked 
|  17|0x0000000081100000, 0x0000000081200000, 0x0000000081200000|100%| O|  |TAMS 0x0000000081200000, 0x0000000081100000| Untracked 
|  18|0x0000000081200000, 0x0000000081300000, 0x0000000081300000|100%| O|  |TAMS 0x0000000081300000, 0x0000000081200000| Untracked 
|  19|0x0000000081300000, 0x0000000081400000, 0x0000000081400000|100%| O|  |TAMS 0x0000000081400000, 0x0000000081300000| Untracked 
|  20|0x0000000081400000, 0x0000000081500000, 0x0000000081500000|100%| O|  |TAMS 0x0000000081500000, 0x0000000081400000| Untracked 
|  21|0x0000000081500000, 0x0000000081600000, 0x0000000081600000|100%| O|  |TAMS 0x0000000081600000, 0x0000000081500000| Untracked 
|  22|0x0000000081600000, 0x0000000081700000, 0x0000000081700000|100%| O|  |TAMS 0x0000000081700000, 0x0000000081600000| Untracked 
|  23|0x0000000081700000, 0x0000000081800000, 0x0000000081800000|100%| O|  |TAMS 0x0000000081800000, 0x0000000081700000| Untracked 
|  24|0x0000000081800000, 0x0000000081900000, 0x0000000081900000|100%| O|  |TAMS 0x0000000081900000, 0x0000000081800000| Untracked 
|  25|0x0000000081900000, 0x0000000081a00000, 0x0000000081a00000|100%| O|  |TAMS 0x0000000081a00000, 0x0000000081900000| Untracked 
|  26|0x0000000081a00000, 0x0000000081b00000, 0x0000000081b00000|100%| O|  |TAMS 0x0000000081b00000, 0x0000000081a00000| Untracked 
|  27|0x0000000081b00000, 0x0000000081c00000, 0x0000000081c00000|100%| O|  |TAMS 0x0000000081c00000, 0x0000000081b00000| Untracked 
|  28|0x0000000081c00000, 0x0000000081d00000, 0x0000000081d00000|100%| O|  |TAMS 0x0000000081d00000, 0x0000000081c00000| Untracked 
|  29|0x0000000081d00000, 0x0000000081e00000, 0x0000000081e00000|100%| O|  |TAMS 0x0000000081e00000, 0x0000000081d00000| Untracked 
|  30|0x0000000081e00000, 0x0000000081f00000, 0x0000000081f00000|100%| O|  |TAMS 0x0000000081f00000, 0x0000000081e00000| Untracked 
|  31|0x0000000081f00000, 0x0000000082000000, 0x0000000082000000|100%| O|  |TAMS 0x0000000082000000, 0x0000000081f00000| Untracked 
|  32|0x0000000082000000, 0x0000000082100000, 0x0000000082100000|100%| O|  |TAMS 0x0000000082100000, 0x0000000082000000| Untracked 
|  33|0x0000000082100000, 0x0000000082200000, 0x0000000082200000|100%| O|  |TAMS 0x0000000082200000, 0x0000000082100000| Untracked 
|  34|0x0000000082200000, 0x000000008229a000, 0x0000000082300000| 60%| O|  |TAMS 0x0000000082200000, 0x0000000082200000| Untracked 
|  35|0x0000000082300000, 0x0000000082400000, 0x0000000082400000|100%| O|  |TAMS 0x0000000082400000, 0x0000000082300000| Untracked 
|  36|0x0000000082400000, 0x0000000082500000, 0x0000000082500000|100%| O|  |TAMS 0x0000000082500000, 0x0000000082400000| Untracked 
|  37|0x0000000082500000, 0x0000000082600000, 0x0000000082600000|100%|HS|  |TAMS 0x0000000082600000, 0x0000000082500000| Complete 
|  38|0x0000000082600000, 0x0000000082700000, 0x0000000082700000|100%|HS|  |TAMS 0x0000000082700000, 0x0000000082600000| Complete 
|  39|0x0000000082700000, 0x0000000082800000, 0x0000000082800000|100%| O|  |TAMS 0x0000000082700000, 0x0000000082700000| Untracked 
|  40|0x0000000082800000, 0x0000000082900000, 0x0000000082900000|100%| O|  |TAMS 0x0000000082900000, 0x0000000082800000| Untracked 
|  41|0x0000000082900000, 0x0000000082a00000, 0x0000000082a00000|100%|HS|  |TAMS 0x0000000082a00000, 0x0000000082900000| Complete 
|  42|0x0000000082a00000, 0x0000000082b00000, 0x0000000082b00000|100%|HC|  |TAMS 0x0000000082b00000, 0x0000000082a00000| Complete 
|  43|0x0000000082b00000, 0x0000000082c00000, 0x0000000082c00000|100%|HS|  |TAMS 0x0000000082c00000, 0x0000000082b00000| Complete 
|  44|0x0000000082c00000, 0x0000000082d00000, 0x0000000082d00000|100%|HS|  |TAMS 0x0000000082d00000, 0x0000000082c00000| Complete 
|  45|0x0000000082d00000, 0x0000000082e00000, 0x0000000082e00000|100%|HC|  |TAMS 0x0000000082e00000, 0x0000000082d00000| Complete 
|  46|0x0000000082e00000, 0x0000000082f00000, 0x0000000082f00000|100%|HC|  |TAMS 0x0000000082f00000, 0x0000000082e00000| Complete 
|  47|0x0000000082f00000, 0x0000000083000000, 0x0000000083000000|100%|HC|  |TAMS 0x0000000083000000, 0x0000000082f00000| Complete 
|  48|0x0000000083000000, 0x0000000083100000, 0x0000000083100000|100%| O|  |TAMS 0x0000000083100000, 0x0000000083000000| Untracked 
|  49|0x0000000083100000, 0x0000000083200000, 0x0000000083200000|100%| O|  |TAMS 0x0000000083200000, 0x0000000083100000| Untracked 
|  50|0x0000000083200000, 0x0000000083300000, 0x0000000083300000|100%| O|  |TAMS 0x0000000083300000, 0x0000000083200000| Untracked 
|  51|0x0000000083300000, 0x0000000083400000, 0x0000000083400000|100%| O|  |TAMS 0x0000000083400000, 0x0000000083300000| Untracked 
|  52|0x0000000083400000, 0x0000000083500000, 0x0000000083500000|100%| O|  |TAMS 0x0000000083500000, 0x0000000083400000| Untracked 
|  53|0x0000000083500000, 0x0000000083600000, 0x0000000083600000|100%| O|  |TAMS 0x0000000083600000, 0x0000000083500000| Untracked 
|  54|0x0000000083600000, 0x0000000083700000, 0x0000000083700000|100%| O|  |TAMS 0x0000000083700000, 0x0000000083600000| Untracked 
|  55|0x0000000083700000, 0x0000000083800000, 0x0000000083800000|100%| O|  |TAMS 0x0000000083800000, 0x0000000083700000| Untracked 
|  56|0x0000000083800000, 0x0000000083900000, 0x0000000083900000|100%| O|  |TAMS 0x0000000083900000, 0x0000000083800000| Untracked 
|  57|0x0000000083900000, 0x0000000083a00000, 0x0000000083a00000|100%| O|  |TAMS 0x0000000083a00000, 0x0000000083900000| Untracked 
|  58|0x0000000083a00000, 0x0000000083b00000, 0x0000000083b00000|100%| O|  |TAMS 0x0000000083b00000, 0x0000000083a00000| Untracked 
|  59|0x0000000083b00000, 0x0000000083c00000, 0x0000000083c00000|100%| O|  |TAMS 0x0000000083c00000, 0x0000000083b00000| Untracked 
|  60|0x0000000083c00000, 0x0000000083d00000, 0x0000000083d00000|100%| O|  |TAMS 0x0000000083d00000, 0x0000000083c00000| Untracked 
|  61|0x0000000083d00000, 0x0000000083e00000, 0x0000000083e00000|100%| O|  |TAMS 0x0000000083e00000, 0x0000000083d00000| Untracked 
|  62|0x0000000083e00000, 0x0000000083f00000, 0x0000000083f00000|100%| O|  |TAMS 0x0000000083f00000, 0x0000000083e00000| Untracked 
|  63|0x0000000083f00000, 0x0000000084000000, 0x0000000084000000|100%| O|  |TAMS 0x0000000084000000, 0x0000000083f00000| Untracked 
|  64|0x0000000084000000, 0x0000000084100000, 0x0000000084100000|100%| O|  |TAMS 0x0000000084100000, 0x0000000084000000| Untracked 
|  65|0x0000000084100000, 0x0000000084200000, 0x0000000084200000|100%| O|  |TAMS 0x0000000084200000, 0x0000000084100000| Untracked 
|  66|0x0000000084200000, 0x0000000084300000, 0x0000000084300000|100%| O|  |TAMS 0x0000000084300000, 0x0000000084200000| Untracked 
|  67|0x0000000084300000, 0x0000000084400000, 0x0000000084400000|100%| O|  |TAMS 0x0000000084400000, 0x0000000084300000| Untracked 
|  68|0x0000000084400000, 0x0000000084500000, 0x0000000084500000|100%| O|  |TAMS 0x0000000084500000, 0x0000000084400000| Untracked 
|  69|0x0000000084500000, 0x0000000084600000, 0x0000000084600000|100%| O|  |TAMS 0x0000000084600000, 0x0000000084500000| Untracked 
|  70|0x0000000084600000, 0x0000000084700000, 0x0000000084700000|100%| O|  |TAMS 0x0000000084700000, 0x0000000084600000| Untracked 
|  71|0x0000000084700000, 0x0000000084800000, 0x0000000084800000|100%| O|  |TAMS 0x0000000084800000, 0x0000000084700000| Untracked 
|  72|0x0000000084800000, 0x0000000084900000, 0x0000000084900000|100%| O|  |TAMS 0x0000000084900000, 0x0000000084800000| Untracked 
|  73|0x0000000084900000, 0x0000000084a00000, 0x0000000084a00000|100%| O|  |TAMS 0x0000000084a00000, 0x0000000084900000| Untracked 
|  74|0x0000000084a00000, 0x0000000084b00000, 0x0000000084b00000|100%| O|  |TAMS 0x0000000084b00000, 0x0000000084a00000| Untracked 
|  75|0x0000000084b00000, 0x0000000084c00000, 0x0000000084c00000|100%| O|  |TAMS 0x0000000084c00000, 0x0000000084b00000| Untracked 
|  76|0x0000000084c00000, 0x0000000084d00000, 0x0000000084d00000|100%| O|  |TAMS 0x0000000084d00000, 0x0000000084c00000| Untracked 
|  77|0x0000000084d00000, 0x0000000084e00000, 0x0000000084e00000|100%| O|  |TAMS 0x0000000084e00000, 0x0000000084d00000| Untracked 
|  78|0x0000000084e00000, 0x0000000084f00000, 0x0000000084f00000|100%| O|  |TAMS 0x0000000084e0bc00, 0x0000000084e00000| Untracked 
|  79|0x0000000084f00000, 0x0000000085000000, 0x0000000085000000|100%| O|  |TAMS 0x0000000084f00000, 0x0000000084f00000| Untracked 
|  80|0x0000000085000000, 0x0000000085100000, 0x0000000085100000|100%| O|  |TAMS 0x0000000085000000, 0x0000000085000000| Untracked 
|  81|0x0000000085100000, 0x0000000085200000, 0x0000000085200000|100%| O|  |TAMS 0x0000000085100000, 0x0000000085100000| Untracked 
|  82|0x0000000085200000, 0x0000000085300000, 0x0000000085300000|100%| O|  |TAMS 0x0000000085200000, 0x0000000085200000| Untracked 
|  83|0x0000000085300000, 0x0000000085400000, 0x0000000085400000|100%| O|  |TAMS 0x0000000085300000, 0x0000000085300000| Untracked 
|  84|0x0000000085400000, 0x0000000085500000, 0x0000000085500000|100%| O|  |TAMS 0x0000000085400000, 0x0000000085400000| Untracked 
|  85|0x0000000085500000, 0x0000000085600000, 0x0000000085600000|100%| O|  |TAMS 0x0000000085500000, 0x0000000085500000| Untracked 
|  86|0x0000000085600000, 0x0000000085600000, 0x0000000085700000|  0%| F|  |TAMS 0x0000000085600000, 0x0000000085600000| Untracked 
|  87|0x0000000085700000, 0x0000000085700000, 0x0000000085800000|  0%| F|  |TAMS 0x0000000085700000, 0x0000000085700000| Untracked 
|  88|0x0000000085800000, 0x0000000085800000, 0x0000000085900000|  0%| F|  |TAMS 0x0000000085800000, 0x0000000085800000| Untracked 
|  89|0x0000000085900000, 0x0000000085900000, 0x0000000085a00000|  0%| F|  |TAMS 0x0000000085900000, 0x0000000085900000| Untracked 
|  90|0x0000000085a00000, 0x0000000085a00000, 0x0000000085b00000|  0%| F|  |TAMS 0x0000000085a00000, 0x0000000085a00000| Untracked 
|  91|0x0000000085b00000, 0x0000000085b00000, 0x0000000085c00000|  0%| F|  |TAMS 0x0000000085b00000, 0x0000000085b00000| Untracked 
|  92|0x0000000085c00000, 0x0000000085c00000, 0x0000000085d00000|  0%| F|  |TAMS 0x0000000085c00000, 0x0000000085c00000| Untracked 
|  93|0x0000000085d00000, 0x0000000085d00000, 0x0000000085e00000|  0%| F|  |TAMS 0x0000000085d00000, 0x0000000085d00000| Untracked 
|  94|0x0000000085e00000, 0x0000000085e00000, 0x0000000085f00000|  0%| F|  |TAMS 0x0000000085e00000, 0x0000000085e00000| Untracked 
|  95|0x0000000085f00000, 0x0000000085f00000, 0x0000000086000000|  0%| F|  |TAMS 0x0000000085f00000, 0x0000000085f00000| Untracked 
|  96|0x0000000086000000, 0x0000000086000000, 0x0000000086100000|  0%| F|  |TAMS 0x0000000086000000, 0x0000000086000000| Untracked 
|  97|0x0000000086100000, 0x0000000086100000, 0x0000000086200000|  0%| F|  |TAMS 0x0000000086100000, 0x0000000086100000| Untracked 
|  98|0x0000000086200000, 0x0000000086200000, 0x0000000086300000|  0%| F|  |TAMS 0x0000000086200000, 0x0000000086200000| Untracked 
|  99|0x0000000086300000, 0x0000000086300000, 0x0000000086400000|  0%| F|  |TAMS 0x0000000086300000, 0x0000000086300000| Untracked 
| 100|0x0000000086400000, 0x0000000086400000, 0x0000000086500000|  0%| F|  |TAMS 0x0000000086400000, 0x0000000086400000| Untracked 
| 101|0x0000000086500000, 0x0000000086500000, 0x0000000086600000|  0%| F|  |TAMS 0x0000000086500000, 0x0000000086500000| Untracked 
| 102|0x0000000086600000, 0x0000000086600000, 0x0000000086700000|  0%| F|  |TAMS 0x0000000086600000, 0x0000000086600000| Untracked 
| 103|0x0000000086700000, 0x0000000086700000, 0x0000000086800000|  0%| F|  |TAMS 0x0000000086700000, 0x0000000086700000| Untracked 
| 104|0x0000000086800000, 0x0000000086800000, 0x0000000086900000|  0%| F|  |TAMS 0x0000000086800000, 0x0000000086800000| Untracked 
| 105|0x0000000086900000, 0x0000000086900000, 0x0000000086a00000|  0%| F|  |TAMS 0x0000000086900000, 0x0000000086900000| Untracked 
| 106|0x0000000086a00000, 0x0000000086b00000, 0x0000000086b00000|100%| S|CS|TAMS 0x0000000086a00000, 0x0000000086a00000| Complete 
| 107|0x0000000086b00000, 0x0000000086c00000, 0x0000000086c00000|100%| S|CS|TAMS 0x0000000086b00000, 0x0000000086b00000| Complete 
| 108|0x0000000086c00000, 0x0000000086d00000, 0x0000000086d00000|100%| S|CS|TAMS 0x0000000086c00000, 0x0000000086c00000| Complete 
| 109|0x0000000086d00000, 0x0000000086e00000, 0x0000000086e00000|100%| S|CS|TAMS 0x0000000086d00000, 0x0000000086d00000| Complete 
| 110|0x0000000086e00000, 0x0000000086e00000, 0x0000000086f00000|  0%| F|  |TAMS 0x0000000086e00000, 0x0000000086e00000| Untracked 
| 111|0x0000000086f00000, 0x0000000086f00000, 0x0000000087000000|  0%| F|  |TAMS 0x0000000086f00000, 0x0000000086f00000| Untracked 
| 112|0x0000000087000000, 0x0000000087000000, 0x0000000087100000|  0%| F|  |TAMS 0x0000000087000000, 0x0000000087000000| Untracked 
| 113|0x0000000087100000, 0x0000000087100000, 0x0000000087200000|  0%| F|  |TAMS 0x0000000087100000, 0x0000000087100000| Untracked 
| 114|0x0000000087200000, 0x0000000087200000, 0x0000000087300000|  0%| F|  |TAMS 0x0000000087200000, 0x0000000087200000| Untracked 
| 115|0x0000000087300000, 0x0000000087300000, 0x0000000087400000|  0%| F|  |TAMS 0x0000000087300000, 0x0000000087300000| Untracked 
| 116|0x0000000087400000, 0x0000000087400000, 0x0000000087500000|  0%| F|  |TAMS 0x0000000087400000, 0x0000000087400000| Untracked 
| 117|0x0000000087500000, 0x0000000087500000, 0x0000000087600000|  0%| F|  |TAMS 0x0000000087500000, 0x0000000087500000| Untracked 
| 118|0x0000000087600000, 0x0000000087600000, 0x0000000087700000|  0%| F|  |TAMS 0x0000000087600000, 0x0000000087600000| Untracked 
| 119|0x0000000087700000, 0x0000000087700000, 0x0000000087800000|  0%| F|  |TAMS 0x0000000087700000, 0x0000000087700000| Untracked 
| 120|0x0000000087800000, 0x0000000087800000, 0x0000000087900000|  0%| F|  |TAMS 0x0000000087800000, 0x0000000087800000| Untracked 
| 121|0x0000000087900000, 0x0000000087900000, 0x0000000087a00000|  0%| F|  |TAMS 0x0000000087900000, 0x0000000087900000| Untracked 
| 122|0x0000000087a00000, 0x0000000087a00000, 0x0000000087b00000|  0%| F|  |TAMS 0x0000000087a00000, 0x0000000087a00000| Untracked 
| 123|0x0000000087b00000, 0x0000000087b00000, 0x0000000087c00000|  0%| F|  |TAMS 0x0000000087b00000, 0x0000000087b00000| Untracked 
| 124|0x0000000087c00000, 0x0000000087c00000, 0x0000000087d00000|  0%| F|  |TAMS 0x0000000087c00000, 0x0000000087c00000| Untracked 
| 125|0x0000000087d00000, 0x0000000087d00000, 0x0000000087e00000|  0%| F|  |TAMS 0x0000000087d00000, 0x0000000087d00000| Untracked 
| 126|0x0000000087e00000, 0x0000000087e00000, 0x0000000087f00000|  0%| F|  |TAMS 0x0000000087e00000, 0x0000000087e00000| Untracked 
| 127|0x0000000087f00000, 0x0000000087f00000, 0x0000000088000000|  0%| F|  |TAMS 0x0000000087f00000, 0x0000000087f00000| Untracked 
| 128|0x0000000088000000, 0x0000000088000000, 0x0000000088100000|  0%| F|  |TAMS 0x0000000088000000, 0x0000000088000000| Untracked 
| 129|0x0000000088100000, 0x0000000088100000, 0x0000000088200000|  0%| F|  |TAMS 0x0000000088100000, 0x0000000088100000| Untracked 
| 130|0x0000000088200000, 0x0000000088200000, 0x0000000088300000|  0%| F|  |TAMS 0x0000000088200000, 0x0000000088200000| Untracked 
| 131|0x0000000088300000, 0x0000000088300000, 0x0000000088400000|  0%| F|  |TAMS 0x0000000088300000, 0x0000000088300000| Untracked 
| 132|0x0000000088400000, 0x0000000088400000, 0x0000000088500000|  0%| F|  |TAMS 0x0000000088400000, 0x0000000088400000| Untracked 
| 133|0x0000000088500000, 0x0000000088500000, 0x0000000088600000|  0%| F|  |TAMS 0x0000000088500000, 0x0000000088500000| Untracked 
| 134|0x0000000088600000, 0x0000000088600000, 0x0000000088700000|  0%| F|  |TAMS 0x0000000088600000, 0x0000000088600000| Untracked 
| 135|0x0000000088700000, 0x0000000088700000, 0x0000000088800000|  0%| F|  |TAMS 0x0000000088700000, 0x0000000088700000| Untracked 
| 136|0x0000000088800000, 0x0000000088800000, 0x0000000088900000|  0%| F|  |TAMS 0x0000000088800000, 0x0000000088800000| Untracked 
| 137|0x0000000088900000, 0x0000000088900000, 0x0000000088a00000|  0%| F|  |TAMS 0x0000000088900000, 0x0000000088900000| Untracked 
| 138|0x0000000088a00000, 0x0000000088a00000, 0x0000000088b00000|  0%| F|  |TAMS 0x0000000088a00000, 0x0000000088a00000| Untracked 
| 139|0x0000000088b00000, 0x0000000088b00000, 0x0000000088c00000|  0%| F|  |TAMS 0x0000000088b00000, 0x0000000088b00000| Untracked 
| 140|0x0000000088c00000, 0x0000000088c00000, 0x0000000088d00000|  0%| F|  |TAMS 0x0000000088c00000, 0x0000000088c00000| Untracked 
| 141|0x0000000088d00000, 0x0000000088d00000, 0x0000000088e00000|  0%| F|  |TAMS 0x0000000088d00000, 0x0000000088d00000| Untracked 

Card table byte_map: [0x00000265179c0000,0x0000026517dc0000] _byte_map_base: 0x00000265175c0000

Marking Bits (Prev, Next): (CMBitMap*) 0x0000026504c0c1d0, (CMBitMap*) 0x0000026504c0c190
 Prev Bits: [0x000002651a1c0000, 0x000002651c1c0000)
 Next Bits: [0x00000265181c0000, 0x000002651a1c0000)

Polling page: 0x0000026502a30000

Metaspace:

Usage:
  Non-class:     80.45 MB used.
      Class:     12.78 MB used.
       Both:     93.22 MB used.

Virtual space:
  Non-class space:       88.00 MB reserved,      80.81 MB ( 92%) committed,  11 nodes.
      Class space:        1.00 GB reserved,      13.06 MB (  1%) committed,  1 nodes.
             Both:        1.09 GB reserved,      93.88 MB (  8%) committed. 

Chunk freelists:
   Non-Class:  2.29 MB
       Class:  2.89 MB
        Both:  5.18 MB

MaxMetaspaceSize: unlimited
CompressedClassSpaceSize: 1.00 GB
Initial GC threshold: 21.00 MB
Current GC threshold: 154.50 MB
CDS: off
MetaspaceReclaimPolicy: balanced
 - commit_granule_bytes: 65536.
 - commit_granule_words: 8192.
 - virtual_space_node_default_size: 1048576.
 - enlarge_chunks_in_place: 1.
 - new_chunks_are_fully_committed: 0.
 - uncommit_free_chunks: 1.
 - use_allocation_guard: 0.
 - handle_deallocations: 1.


Internal statistics:

num_allocs_failed_limit: 6.
num_arena_births: 952.
num_arena_deaths: 0.
num_vsnodes_births: 12.
num_vsnodes_deaths: 0.
num_space_committed: 1502.
num_space_uncommitted: 0.
num_chunks_returned_to_freelist: 6.
num_chunks_taken_from_freelist: 4462.
num_chunk_merges: 6.
num_chunk_splits: 2968.
num_chunks_enlarged: 2001.
num_purges: 0.
num_inconsistent_stats: 0.

CodeHeap 'non-profiled nmethods': size=120000Kb used=5393Kb max_used=5779Kb free=114606Kb
 bounds [0x000002650fb40000, 0x00000265100f0000, 0x0000026517070000]
CodeHeap 'profiled nmethods': size=120000Kb used=16245Kb max_used=17876Kb free=103755Kb
 bounds [0x0000026508070000, 0x00000265091f0000, 0x000002650f5a0000]
CodeHeap 'non-nmethods': size=5760Kb used=2393Kb max_used=2451Kb free=3366Kb
 bounds [0x000002650f5a0000, 0x000002650f820000, 0x000002650fb40000]
 total_blobs=9555 nmethods=8628 adapters=839
 compilation: enabled
              stopped_count=0, restarted_count=0
 full_count=0

Compilation events (20 events):
Event: 18.313 Thread 0x000002651f82f510 nmethod 10248 0x000002650fb93990 code [0x000002650fb93b20, 0x000002650fb93eb8]
Event: 18.313 Thread 0x000002651f82f510 10204       4       com.sun.beans.introspect.MethodInfo$MethodOrder::compare (13 bytes)
Event: 18.316 Thread 0x000002651f82fe10 10307       3       org.gradle.internal.logging.sink.LogEventDispatcher::onOutput (60 bytes)
Event: 18.317 Thread 0x000002651f82fe10 nmethod 10307 0x0000026508d3c090 code [0x0000026508d3c2e0, 0x0000026508d3cc38]
Event: 18.318 Thread 0x0000026524739bf0 nmethod 10240 0x000002650fe52b90 code [0x000002650fe52f80, 0x000002650fe555b0]
Event: 18.318 Thread 0x0000026524739bf0 10277       4       groovy.lang.MetaClassImpl::makeReplacementMetaProperty (241 bytes)
Event: 18.323 Thread 0x000002651f82f510 nmethod 10204 0x000002650fee7c10 code [0x000002650fee7e20, 0x000002650fee88a0]
Event: 18.323 Thread 0x000002651f82fe10 10308       1       org.gradle.internal.work.DefaultWorkerLeaseService::access$400 (5 bytes)
Event: 18.323 Thread 0x000002651f82f510 10276       4       java.beans.MethodRef::set (58 bytes)
Event: 18.323 Thread 0x000002651f82fe10 nmethod 10308 0x000002650fe4de90 code [0x000002650fe4e020, 0x000002650fe4e0d8]
Event: 18.323 Thread 0x000002651f82fe10 10309       3       java.lang.ClassLoader::postDefineClass (39 bytes)
Event: 18.323 Thread 0x000002651f82fe10 nmethod 10309 0x0000026508794e10 code [0x0000026508795000, 0x0000026508795318]
Event: 18.326 Thread 0x000002651f82fe10 10310       3       java.util.concurrent.atomic.AtomicReference::compareAndSet (10 bytes)
Event: 18.327 Thread 0x000002651f82fe10 nmethod 10310 0x00000265081d7090 code [0x00000265081d7320, 0x00000265081d7ef8]
Event: 18.327 Thread 0x000002651f82fe10 10311       3       java.util.HashSet::clear (8 bytes)
Event: 18.327 Thread 0x000002651f82fe10 nmethod 10311 0x000002650838ba90 code [0x000002650838bc40, 0x000002650838be08]
Event: 18.328 Thread 0x000002651f82fe10 10312       3       java.security.CodeSource::getCertificates (98 bytes)
Event: 18.329 Thread 0x000002651f82fe10 nmethod 10312 0x000002650850a290 code [0x000002650850a4e0, 0x000002650850b138]
Event: 18.343 Thread 0x000002651f82fe10 10314       3       java.lang.invoke.MethodHandles$Lookup::restrictReceiver (127 bytes)
Event: 18.343 Thread 0x000002651f82fe10 nmethod 10314 0x0000026508479690 code [0x00000265084798a0, 0x0000026508479da8]

GC Heap History (20 events):
Event: 15.141 GC heap after
{Heap after GC invocations=38 (full 0):
 garbage-first heap   total 119808K, used 70820K [0x0000000080000000, 0x0000000100000000)
  region size 1024K, 5 young (5120K), 5 survivors (5120K)
 Metaspace       used 76252K, committed 76800K, reserved 1122304K
  class space    used 10164K, committed 10432K, reserved 1048576K
}
Event: 15.491 GC heap before
{Heap before GC invocations=38 (full 0):
 garbage-first heap   total 119808K, used 96420K [0x0000000080000000, 0x0000000100000000)
  region size 1024K, 30 young (30720K), 5 survivors (5120K)
 Metaspace       used 78140K, committed 78656K, reserved 1122304K
  class space    used 10434K, committed 10688K, reserved 1048576K
}
Event: 15.494 GC heap after
{Heap after GC invocations=39 (full 0):
 garbage-first heap   total 144384K, used 72258K [0x0000000080000000, 0x0000000100000000)
  region size 1024K, 3 young (3072K), 3 survivors (3072K)
 Metaspace       used 78140K, committed 78656K, reserved 1122304K
  class space    used 10434K, committed 10688K, reserved 1048576K
}
Event: 16.195 GC heap before
{Heap before GC invocations=40 (full 0):
 garbage-first heap   total 144384K, used 112194K [0x0000000080000000, 0x0000000100000000)
  region size 1024K, 41 young (41984K), 3 survivors (3072K)
 Metaspace       used 82799K, committed 83392K, reserved 1122304K
  class space    used 11289K, committed 11584K, reserved 1048576K
}
Event: 16.198 GC heap after
{Heap after GC invocations=41 (full 0):
 garbage-first heap   total 144384K, used 74139K [0x0000000080000000, 0x0000000100000000)
  region size 1024K, 5 young (5120K), 5 survivors (5120K)
 Metaspace       used 82799K, committed 83392K, reserved 1122304K
  class space    used 11289K, committed 11584K, reserved 1048576K
}
Event: 16.229 GC heap before
{Heap before GC invocations=41 (full 0):
 garbage-first heap   total 144384K, used 75163K [0x0000000080000000, 0x0000000100000000)
  region size 1024K, 7 young (7168K), 5 survivors (5120K)
 Metaspace       used 83061K, committed 83648K, reserved 1122304K
  class space    used 11324K, committed 11584K, reserved 1048576K
}
Event: 16.232 GC heap after
{Heap after GC invocations=42 (full 0):
 garbage-first heap   total 144384K, used 73784K [0x0000000080000000, 0x0000000100000000)
  region size 1024K, 1 young (1024K), 1 survivors (1024K)
 Metaspace       used 83061K, committed 83648K, reserved 1122304K
  class space    used 11324K, committed 11584K, reserved 1048576K
}
Event: 16.805 GC heap before
{Heap before GC invocations=42 (full 0):
 garbage-first heap   total 144384K, used 112696K [0x0000000080000000, 0x0000000100000000)
  region size 1024K, 39 young (39936K), 1 survivors (1024K)
 Metaspace       used 86628K, committed 87232K, reserved 1130496K
  class space    used 11821K, committed 12096K, reserved 1048576K
}
Event: 16.808 GC heap after
{Heap after GC invocations=43 (full 0):
 garbage-first heap   total 144384K, used 75868K [0x0000000080000000, 0x0000000100000000)
  region size 1024K, 3 young (3072K), 3 survivors (3072K)
 Metaspace       used 86628K, committed 87232K, reserved 1130496K
  class space    used 11821K, committed 12096K, reserved 1048576K
}
Event: 17.364 GC heap before
{Heap before GC invocations=44 (full 0):
 garbage-first heap   total 144384K, used 114780K [0x0000000080000000, 0x0000000100000000)
  region size 1024K, 41 young (41984K), 3 survivors (3072K)
 Metaspace       used 90061K, committed 90688K, reserved 1130496K
  class space    used 12319K, committed 12608K, reserved 1048576K
}
Event: 17.368 GC heap after
{Heap after GC invocations=45 (full 0):
 garbage-first heap   total 144384K, used 79742K [0x0000000080000000, 0x0000000100000000)
  region size 1024K, 6 young (6144K), 6 survivors (6144K)
 Metaspace       used 90061K, committed 90688K, reserved 1130496K
  class space    used 12319K, committed 12608K, reserved 1048576K
}
Event: 17.376 GC heap before
{Heap before GC invocations=45 (full 0):
 garbage-first heap   total 144384K, used 80766K [0x0000000080000000, 0x0000000100000000)
  region size 1024K, 7 young (7168K), 6 survivors (6144K)
 Metaspace       used 90218K, committed 90816K, reserved 1130496K
  class space    used 12338K, committed 12608K, reserved 1048576K
}
Event: 17.379 GC heap after
{Heap after GC invocations=46 (full 0):
 garbage-first heap   total 144384K, used 79876K [0x0000000080000000, 0x0000000100000000)
  region size 1024K, 1 young (1024K), 1 survivors (1024K)
 Metaspace       used 90218K, committed 90816K, reserved 1130496K
  class space    used 12338K, committed 12608K, reserved 1048576K
}
Event: 17.848 GC heap before
{Heap before GC invocations=46 (full 0):
 garbage-first heap   total 144384K, used 115716K [0x0000000080000000, 0x0000000100000000)
  region size 1024K, 36 young (36864K), 1 survivors (1024K)
 Metaspace       used 94044K, committed 94656K, reserved 1130496K
  class space    used 12869K, committed 13184K, reserved 1048576K
}
Event: 17.852 GC heap after
{Heap after GC invocations=47 (full 0):
 garbage-first heap   total 144384K, used 81967K [0x0000000080000000, 0x0000000100000000)
  region size 1024K, 3 young (3072K), 3 survivors (3072K)
 Metaspace       used 94044K, committed 94656K, reserved 1130496K
  class space    used 12869K, committed 13184K, reserved 1048576K
}
Event: 18.113 GC heap before
{Heap before GC invocations=48 (full 0):
 garbage-first heap   total 145408K, used 116783K [0x0000000080000000, 0x0000000100000000)
  region size 1024K, 37 young (37888K), 3 survivors (3072K)
 Metaspace       used 94968K, committed 95616K, reserved 1138688K
  class space    used 13001K, committed 13312K, reserved 1048576K
}
Event: 18.118 GC heap after
{Heap after GC invocations=49 (full 0):
 garbage-first heap   total 145408K, used 86866K [0x0000000080000000, 0x0000000100000000)
  region size 1024K, 5 young (5120K), 5 survivors (5120K)
 Metaspace       used 94968K, committed 95616K, reserved 1138688K
  class space    used 13001K, committed 13312K, reserved 1048576K
}
Event: 18.127 GC heap before
{Heap before GC invocations=49 (full 0):
 garbage-first heap   total 145408K, used 88914K [0x0000000080000000, 0x0000000100000000)
  region size 1024K, 7 young (7168K), 5 survivors (5120K)
 Metaspace       used 94969K, committed 95616K, reserved 1138688K
  class space    used 13001K, committed 13312K, reserved 1048576K
}
Event: 18.130 GC heap after
{Heap after GC invocations=50 (full 0):
 garbage-first heap   total 145408K, used 86753K [0x0000000080000000, 0x0000000100000000)
  region size 1024K, 1 young (1024K), 1 survivors (1024K)
 Metaspace       used 94969K, committed 95616K, reserved 1138688K
  class space    used 13001K, committed 13312K, reserved 1048576K
}
Event: 18.347 GC heap before
{Heap before GC invocations=50 (full 0):
 garbage-first heap   total 145408K, used 118497K [0x0000000080000000, 0x0000000100000000)
  region size 1024K, 32 young (32768K), 1 survivors (1024K)
 Metaspace       used 95461K, committed 96128K, reserved 1138688K
  class space    used 13084K, committed 13376K, reserved 1048576K
}

Dll operation events (2 events):
Event: 0.056 Loaded shared library E:\PC\Android\jbr\bin\java.dll
Event: 1.181 Loaded shared library E:\PC\Android\jbr\bin\verify.dll

Deoptimization events (20 events):
Event: 18.325 Thread 0x000002652a0ec260 Uncommon trap: trap_request=0xffffff45 fr.pc=0x000002650fde1c5c relative=0x000000000000005c
Event: 18.325 Thread 0x000002652a0ec260 Uncommon trap: reason=unstable_if action=reinterpret pc=0x000002650fde1c5c method=org.gradle.internal.resources.DefaultResourceLockCoordinationService$DefaultResourceLockState.releaseLocks()V @ 4 c2
Event: 18.325 Thread 0x000002652a0ec260 DEOPT PACKING pc=0x000002650fde1c5c sp=0x000000d6d53fedf0
Event: 18.325 Thread 0x000002652a0ec260 DEOPT UNPACKING pc=0x000002650f5f69a3 sp=0x000000d6d53fed70 mode 2
Event: 18.325 Thread 0x000002652a0ec260 Uncommon trap: trap_request=0xffffff45 fr.pc=0x000002650fce5764 relative=0x0000000000000344
Event: 18.325 Thread 0x000002652a0ec260 Uncommon trap: reason=unstable_if action=reinterpret pc=0x000002650fce5764 method=java.util.HashMap$HashIterator.<init>(Ljava/util/HashMap;)V @ 45 c2
Event: 18.325 Thread 0x000002652a0ec260 DEOPT PACKING pc=0x000002650fce5764 sp=0x000000d6d53fec90
Event: 18.325 Thread 0x000002652a0ec260 DEOPT UNPACKING pc=0x000002650f5f69a3 sp=0x000000d6d53fec48 mode 2
Event: 18.325 Thread 0x000002652a0ec260 Uncommon trap: trap_request=0xffffff45 fr.pc=0x000002650fde1f64 relative=0x0000000000000064
Event: 18.325 Thread 0x000002652a0ec260 Uncommon trap: reason=unstable_if action=reinterpret pc=0x000002650fde1f64 method=org.gradle.internal.resources.DefaultResourceLockCoordinationService$DefaultResourceLockState.reset()V @ 4 c2
Event: 18.325 Thread 0x000002652a0ec260 DEOPT PACKING pc=0x000002650fde1f64 sp=0x000000d6d53fedf0
Event: 18.325 Thread 0x000002652a0ec260 DEOPT UNPACKING pc=0x000002650f5f69a3 sp=0x000000d6d53fed88 mode 2
Event: 18.343 Thread 0x000002652a0e83d0 Uncommon trap: trap_request=0xffffffde fr.pc=0x000002650fc57398 relative=0x0000000000000078
Event: 18.343 Thread 0x000002652a0e83d0 Uncommon trap: reason=class_check action=maybe_recompile pc=0x000002650fc57398 method=java.util.Collections$SetFromMap.remove(Ljava/lang/Object;)Z @ 5 c2
Event: 18.343 Thread 0x000002652a0e83d0 DEOPT PACKING pc=0x000002650fc57398 sp=0x000000d6d49febc0
Event: 18.343 Thread 0x000002652a0e83d0 DEOPT UNPACKING pc=0x000002650f5f69a3 sp=0x000000d6d49feb58 mode 2
Event: 18.346 Thread 0x0000026524879120 Uncommon trap: trap_request=0xffffffde fr.pc=0x000002650fe094d0 relative=0x0000000000000c50
Event: 18.346 Thread 0x0000026524879120 Uncommon trap: reason=class_check action=maybe_recompile pc=0x000002650fe094d0 method=org.gradle.internal.snapshot.ChildMap$Entry.handleAncestorDescendantOrExactMatch(Lorg/gradle/internal/snapshot/VfsRelativePath;Lorg/gradle/internal/snapshot/CaseSensitiv
Event: 18.346 Thread 0x0000026524879120 DEOPT PACKING pc=0x000002650fe094d0 sp=0x000000d6d48fd590
Event: 18.346 Thread 0x0000026524879120 DEOPT UNPACKING pc=0x000002650f5f69a3 sp=0x000000d6d48fd578 mode 2

Classes unloaded (0 events):
No events

Classes redefined (0 events):
No events

Internal exceptions (20 events):
Event: 18.253 Thread 0x000002652117af40 Exception <a 'java/lang/ClassNotFoundException'{0x00000000876c89b0}: com/android/build/gradle/internal/tasks/AppMetadataTaskBeanInfo> (0x00000000876c89b0) 
thrown [s\src\hotspot\share\classfile\systemDictionary.cpp, line 256]
Event: 18.253 Thread 0x000002652117af40 Exception <a 'java/lang/ClassNotFoundException'{0x00000000876d4268}: com/android/build/gradle/internal/tasks/AppMetadataTaskCustomizer> (0x00000000876d4268) 
thrown [s\src\hotspot\share\classfile\systemDictionary.cpp, line 256]
Event: 18.254 Thread 0x000002652117af40 Exception <a 'java/lang/ClassNotFoundException'{0x00000000876f5290}: com/android/build/gradle/internal/tasks/AppMetadataTask_DecoratedCustomizer> (0x00000000876f5290) 
thrown [s\src\hotspot\share\classfile\systemDictionary.cpp, line 256]
Event: 18.256 Thread 0x000002652117af40 Exception <a 'java/lang/ClassNotFoundException'{0x0000000087583b18}: com/android/build/gradle/internal/tasks/SigningConfigVersionsWriterTask_DecoratedBeanInfo> (0x0000000087583b18) 
thrown [s\src\hotspot\share\classfile\systemDictionary.cpp, line 256]
Event: 18.257 Thread 0x000002652117af40 Exception <a 'java/lang/ClassNotFoundException'{0x000000008758f840}: com/android/build/gradle/internal/tasks/SigningConfigVersionsWriterTaskBeanInfo> (0x000000008758f840) 
thrown [s\src\hotspot\share\classfile\systemDictionary.cpp, line 256]
Event: 18.257 Thread 0x000002652117af40 Exception <a 'java/lang/ClassNotFoundException'{0x000000008759b2d8}: com/android/build/gradle/internal/tasks/SigningConfigVersionsWriterTaskCustomizer> (0x000000008759b2d8) 
thrown [s\src\hotspot\share\classfile\systemDictionary.cpp, line 256]
Event: 18.257 Thread 0x000002652117af40 Exception <a 'java/lang/ClassNotFoundException'{0x00000000875c1b18}: com/android/build/gradle/internal/tasks/SigningConfigVersionsWriterTask_DecoratedCustomizer> (0x00000000875c1b18) 
thrown [s\src\hotspot\share\classfile\systemDictionary.cpp, line 256]
Event: 18.260 Thread 0x000002652117af40 Exception <a 'java/lang/ClassNotFoundException'{0x000000008749cdf0}: com/android/build/gradle/tasks/PackageApplication_DecoratedBeanInfo> (0x000000008749cdf0) 
thrown [s\src\hotspot\share\classfile\systemDictionary.cpp, line 256]
Event: 18.261 Thread 0x000002652117af40 Exception <a 'java/lang/ClassNotFoundException'{0x00000000874a8790}: com/android/build/gradle/tasks/PackageApplicationBeanInfo> (0x00000000874a8790) 
thrown [s\src\hotspot\share\classfile\systemDictionary.cpp, line 256]
Event: 18.261 Thread 0x000002652117af40 Exception <a 'java/lang/ClassNotFoundException'{0x00000000874b4e90}: com/android/build/gradle/tasks/PackageAndroidArtifactBeanInfo> (0x00000000874b4e90) 
thrown [s\src\hotspot\share\classfile\systemDictionary.cpp, line 256]
Event: 18.261 Thread 0x000002652117af40 Exception <a 'java/lang/ClassNotFoundException'{0x00000000874c0888}: com/android/build/gradle/tasks/PackageAndroidArtifactCustomizer> (0x00000000874c0888) 
thrown [s\src\hotspot\share\classfile\systemDictionary.cpp, line 256]
Event: 18.263 Thread 0x000002652117af40 Exception <a 'java/lang/ClassNotFoundException'{0x0000000087319150}: com/android/build/gradle/tasks/PackageApplicationCustomizer> (0x0000000087319150) 
thrown [s\src\hotspot\share\classfile\systemDictionary.cpp, line 256]
Event: 18.263 Thread 0x000002652117af40 Exception <a 'java/lang/ClassNotFoundException'{0x0000000087340288}: com/android/build/gradle/tasks/PackageApplication_DecoratedCustomizer> (0x0000000087340288) 
thrown [s\src\hotspot\share\classfile\systemDictionary.cpp, line 256]
Event: 18.266 Thread 0x000002652117af40 Exception <a 'java/lang/ClassNotFoundException'{0x0000000087216918}: com/android/build/gradle/internal/tasks/ListingFileRedirectTask_DecoratedBeanInfo> (0x0000000087216918) 
thrown [s\src\hotspot\share\classfile\systemDictionary.cpp, line 256]
Event: 18.266 Thread 0x000002652117af40 Exception <a 'java/lang/ClassNotFoundException'{0x0000000087222550}: com/android/build/gradle/internal/tasks/ListingFileRedirectTaskBeanInfo> (0x0000000087222550) 
thrown [s\src\hotspot\share\classfile\systemDictionary.cpp, line 256]
Event: 18.266 Thread 0x000002652117af40 Exception <a 'java/lang/ClassNotFoundException'{0x000000008722def8}: com/android/build/gradle/internal/tasks/ListingFileRedirectTaskCustomizer> (0x000000008722def8) 
thrown [s\src\hotspot\share\classfile\systemDictionary.cpp, line 256]
Event: 18.267 Thread 0x000002652117af40 Exception <a 'java/lang/ClassNotFoundException'{0x000000008724a870}: com/android/build/gradle/internal/tasks/ListingFileRedirectTask_DecoratedCustomizer> (0x000000008724a870) 
thrown [s\src\hotspot\share\classfile\systemDictionary.cpp, line 256]
Event: 18.286 Thread 0x000002652117af40 Exception <a 'java/lang/NoSuchMethodError'{0x00000000872afae8}: 'java.lang.Object java.lang.invoke.DirectMethodHandle$Holder.newInvokeSpecial(java.lang.Object, java.lang.Object, java.lang.Object, java.lang.Object, int, java.lang.Object)'> (0x00000000872afae8) 
thrown [s\src\hotspot\share\interpreter\linkResolver.cpp, line 771]
Event: 18.286 Thread 0x000002652117af40 Exception <a 'java/lang/NoSuchMethodError'{0x00000000872b48f0}: 'java.lang.Object java.lang.invoke.Invokers$Holder.linkToTargetMethod(java.lang.Object, java.lang.Object, java.lang.Object, int, java.lang.Object, java.lang.Object)'> (0x00000000872b48f0) 
thrown [s\src\hotspot\share\interpreter\linkResolver.cpp, line 771]
Event: 18.346 Thread 0x0000026524879120 Exception <a 'java/lang/NoSuchMethodError'{0x00000000870612c8}: 'void java.lang.invoke.DirectMethodHandle$Holder.invokeInterface(java.lang.Object, java.lang.Object, java.lang.Object, java.lang.Object)'> (0x00000000870612c8) 
thrown [s\src\hotspot\share\interpreter\linkResolver.cpp, line 771]

VM Operations (20 events):
Event: 17.897 Executing VM operation: G1Concurrent done
Event: 17.912 Executing VM operation: G1Concurrent
Event: 17.912 Executing VM operation: G1Concurrent done
Event: 17.954 Executing VM operation: HandshakeAllThreads
Event: 17.954 Executing VM operation: HandshakeAllThreads done
Event: 17.958 Executing VM operation: HandshakeAllThreads
Event: 17.958 Executing VM operation: HandshakeAllThreads done
Event: 17.958 Executing VM operation: HandshakeAllThreads
Event: 17.958 Executing VM operation: HandshakeAllThreads done
Event: 17.981 Executing VM operation: HandshakeAllThreads
Event: 17.981 Executing VM operation: HandshakeAllThreads done
Event: 18.004 Executing VM operation: HandshakeAllThreads
Event: 18.005 Executing VM operation: HandshakeAllThreads done
Event: 18.112 Executing VM operation: G1CollectForAllocation
Event: 18.118 Executing VM operation: G1CollectForAllocation done
Event: 18.127 Executing VM operation: G1CollectForAllocation
Event: 18.130 Executing VM operation: G1CollectForAllocation done
Event: 18.342 Executing VM operation: HandshakeAllThreads
Event: 18.342 Executing VM operation: HandshakeAllThreads done
Event: 18.347 Executing VM operation: G1CollectForAllocation

Events (20 events):
Event: 18.017 Thread 0x000002651f832ec0 flushing nmethod 0x000002650911f790
Event: 18.017 Thread 0x000002651f832ec0 flushing nmethod 0x0000026509120d10
Event: 18.017 Thread 0x000002651f832ec0 flushing nmethod 0x0000026509138c10
Event: 18.017 Thread 0x000002651f832ec0 flushing nmethod 0x000002650913e890
Event: 18.018 Thread 0x000002651f832ec0 flushing nmethod 0x0000026509166590
Event: 18.018 Thread 0x000002651f832ec0 flushing nmethod 0x0000026509171590
Event: 18.220 loading class java/io/FilterReader
Event: 18.220 loading class java/io/FilterReader done
Event: 18.314 Thread 0x0000026524879120 Thread added: 0x0000026524879120
Event: 18.321 Thread 0x000002652a0e83d0 Thread added: 0x000002652a0e83d0
Event: 18.322 Thread 0x000002652a0e88a0 Thread added: 0x000002652a0e88a0
Event: 18.322 Thread 0x000002652a0ed5a0 Thread added: 0x000002652a0ed5a0
Event: 18.322 Thread 0x000002652a0eaa50 Thread added: 0x000002652a0eaa50
Event: 18.322 Thread 0x000002652a0eb8c0 Thread added: 0x000002652a0eb8c0
Event: 18.322 Thread 0x000002652a0e7f00 Thread added: 0x000002652a0e7f00
Event: 18.323 Thread 0x000002652a0eaf20 Thread added: 0x000002652a0eaf20
Event: 18.323 Thread 0x000002652a0e9240 Thread added: 0x000002652a0e9240
Event: 18.323 Thread 0x000002652a0e7090 Thread added: 0x000002652a0e7090
Event: 18.323 Thread 0x000002652a0e6bc0 Thread added: 0x000002652a0e6bc0
Event: 18.323 Thread 0x000002652a0ec260 Thread added: 0x000002652a0ec260


Dynamic libraries:
0x00007ff763af0000 - 0x00007ff763afa000 	E:\PC\Android\jbr\bin\java.exe
0x00007ffcb4e30000 - 0x00007ffcb5047000 	C:\WINDOWS\SYSTEM32\ntdll.dll
0x00007ffcb3c90000 - 0x00007ffcb3d54000 	C:\WINDOWS\System32\KERNEL32.DLL
0x00007ffcb2780000 - 0x00007ffcb2b27000 	C:\WINDOWS\System32\KERNELBASE.dll
0x00007ffcb2150000 - 0x00007ffcb2261000 	C:\WINDOWS\System32\ucrtbase.dll
0x00007ffc60cc0000 - 0x00007ffc60cd7000 	E:\PC\Android\jbr\bin\jli.dll
0x00007ffc65f40000 - 0x00007ffc65f5b000 	E:\PC\Android\jbr\bin\VCRUNTIME140.dll
0x00007ffcb46d0000 - 0x00007ffcb487e000 	C:\WINDOWS\System32\USER32.dll
0x00007ffcb2590000 - 0x00007ffcb25b6000 	C:\WINDOWS\System32\win32u.dll
0x00007ffcb2e80000 - 0x00007ffcb2ea9000 	C:\WINDOWS\System32\GDI32.dll
0x00007ffcb25c0000 - 0x00007ffcb26d9000 	C:\WINDOWS\System32\gdi32full.dll
0x00007ffca2330000 - 0x00007ffca25c3000 	C:\WINDOWS\WinSxS\amd64_microsoft.windows.common-controls_6595b64144ccf1df_6.0.22621.3527_none_270e469b73872a76\COMCTL32.dll
0x00007ffcb26e0000 - 0x00007ffcb277a000 	C:\WINDOWS\System32\msvcp_win.dll
0x00007ffcb4880000 - 0x00007ffcb4927000 	C:\WINDOWS\System32\msvcrt.dll
0x00007ffcb43f0000 - 0x00007ffcb4421000 	C:\WINDOWS\System32\IMM32.DLL
0x00007ffc62ec0000 - 0x00007ffc62ecc000 	E:\PC\Android\jbr\bin\vcruntime140_1.dll
0x00007ffb81e10000 - 0x00007ffb81e9d000 	E:\PC\Android\jbr\bin\msvcp140.dll
0x00007ffb66790000 - 0x00007ffb673fe000 	E:\PC\Android\jbr\bin\server\jvm.dll
0x00007ffcb4d30000 - 0x00007ffcb4de2000 	C:\WINDOWS\System32\ADVAPI32.dll
0x00007ffcb3830000 - 0x00007ffcb38d8000 	C:\WINDOWS\System32\sechost.dll
0x00007ffcb2b30000 - 0x00007ffcb2b58000 	C:\WINDOWS\System32\bcrypt.dll
0x00007ffcb2eb0000 - 0x00007ffcb2fc5000 	C:\WINDOWS\System32\RPCRT4.dll
0x00007ffc34f00000 - 0x00007ffc34f09000 	C:\WINDOWS\SYSTEM32\WSOCK32.dll
0x00007ffcaae70000 - 0x00007ffcaaea4000 	C:\WINDOWS\SYSTEM32\WINMM.dll
0x00007ffca9890000 - 0x00007ffca989a000 	C:\WINDOWS\SYSTEM32\VERSION.dll
0x00007ffcb2b60000 - 0x00007ffcb2bd1000 	C:\WINDOWS\System32\WS2_32.dll
0x00007ffcb1260000 - 0x00007ffcb1278000 	C:\WINDOWS\SYSTEM32\kernel.appcore.dll
0x00007ffc6a360000 - 0x00007ffc6a36a000 	E:\PC\Android\jbr\bin\jimage.dll
0x00007ffca4ad0000 - 0x00007ffca4d02000 	C:\WINDOWS\SYSTEM32\DBGHELP.DLL
0x00007ffcb38e0000 - 0x00007ffcb3c68000 	C:\WINDOWS\System32\combase.dll
0x00007ffcb4bf0000 - 0x00007ffcb4cc7000 	C:\WINDOWS\System32\OLEAUT32.dll
0x00007ffc8f840000 - 0x00007ffc8f872000 	C:\WINDOWS\SYSTEM32\dbgcore.DLL
0x00007ffcb23e0000 - 0x00007ffcb2459000 	C:\WINDOWS\System32\bcryptPrimitives.dll
0x00007ffc60d40000 - 0x00007ffc60d65000 	E:\PC\Android\jbr\bin\java.dll
0x00007ffc6a340000 - 0x00007ffc6a358000 	E:\PC\Android\jbr\bin\zip.dll
0x00007ffcb2fd0000 - 0x00007ffcb382c000 	C:\WINDOWS\System32\SHELL32.dll
0x00007ffcb00a0000 - 0x00007ffcb0996000 	C:\WINDOWS\SYSTEM32\windows.storage.dll
0x00007ffcaff60000 - 0x00007ffcb009e000 	C:\WINDOWS\SYSTEM32\wintypes.dll
0x00007ffcb42e0000 - 0x00007ffcb43d5000 	C:\WINDOWS\System32\SHCORE.dll
0x00007ffcb4cd0000 - 0x00007ffcb4d2e000 	C:\WINDOWS\System32\shlwapi.dll
0x00007ffcb2080000 - 0x00007ffcb20a1000 	C:\WINDOWS\SYSTEM32\profapi.dll
0x00007ffc661d0000 - 0x00007ffc661e9000 	E:\PC\Android\jbr\bin\net.dll
0x00007ffcab4d0000 - 0x00007ffcab606000 	C:\WINDOWS\SYSTEM32\WINHTTP.dll
0x00007ffcb16d0000 - 0x00007ffcb1739000 	C:\WINDOWS\system32\mswsock.dll
0x00007ffc62300000 - 0x00007ffc62316000 	E:\PC\Android\jbr\bin\nio.dll
0x00007ffc62dd0000 - 0x00007ffc62de0000 	E:\PC\Android\jbr\bin\verify.dll
0x00007ffb80f40000 - 0x00007ffb80f67000 	C:\Users\adric\.gradle\native\68d5fa5c4cc2d200863cafc0d521ce42e7d3e7ee720ec0a83991735586a16f82\windows-amd64\native-platform.dll
0x00007ffb6d3e0000 - 0x00007ffb6d524000 	C:\Users\adric\.gradle\native\e376f236ea51e6404a007f0833ffe2c6e607c4080706a723a18a27aeea778392\windows-amd64\native-platform-file-events.dll
0x00007ffc61710000 - 0x00007ffc61719000 	E:\PC\Android\jbr\bin\management.dll
0x00007ffc61140000 - 0x00007ffc6114b000 	E:\PC\Android\jbr\bin\management_ext.dll
0x00007ffcb4430000 - 0x00007ffcb4438000 	C:\WINDOWS\System32\PSAPI.DLL
0x00007ffcb1930000 - 0x00007ffcb194b000 	C:\WINDOWS\SYSTEM32\CRYPTSP.dll
0x00007ffcb11c0000 - 0x00007ffcb11f5000 	C:\WINDOWS\system32\rsaenh.dll
0x00007ffcb17d0000 - 0x00007ffcb17f8000 	C:\WINDOWS\SYSTEM32\USERENV.dll
0x00007ffcb1950000 - 0x00007ffcb195c000 	C:\WINDOWS\SYSTEM32\CRYPTBASE.dll
0x00007ffcb0c70000 - 0x00007ffcb0c9d000 	C:\WINDOWS\SYSTEM32\IPHLPAPI.DLL
0x00007ffcb43e0000 - 0x00007ffcb43e9000 	C:\WINDOWS\System32\NSI.dll
0x00007ffcab3e0000 - 0x00007ffcab3f9000 	C:\WINDOWS\SYSTEM32\dhcpcsvc6.DLL
0x00007ffcab3c0000 - 0x00007ffcab3df000 	C:\WINDOWS\SYSTEM32\dhcpcsvc.DLL
0x00007ffcb0ce0000 - 0x00007ffcb0dd8000 	C:\WINDOWS\SYSTEM32\DNSAPI.dll
0x00007ffc53680000 - 0x00007ffc53688000 	C:\WINDOWS\system32\wshunix.dll
0x00007ffc71a90000 - 0x00007ffc71aa7000 	C:\WINDOWS\system32\napinsp.dll
0x00007ffc71a70000 - 0x00007ffc71a8b000 	C:\WINDOWS\system32\pnrpnsp.dll
0x00007ffc71500000 - 0x00007ffc71511000 	C:\WINDOWS\System32\winrnr.dll
0x00007ffcaa400000 - 0x00007ffcaa415000 	C:\WINDOWS\system32\wshbth.dll
0x00007ffc714d0000 - 0x00007ffc714f7000 	C:\WINDOWS\system32\nlansp_c.dll
0x00007ffca8e30000 - 0x00007ffca8e3a000 	C:\Windows\System32\rasadhlp.dll
0x00007ffcaa350000 - 0x00007ffcaa3d3000 	C:\WINDOWS\System32\fwpuclnt.dll

dbghelp: loaded successfully - version: 4.0.5 - missing functions: none
symbol engine: initialized successfully - sym options: 0x614 - pdb path: .;E:\PC\Android\jbr\bin;C:\WINDOWS\SYSTEM32;C:\WINDOWS\WinSxS\amd64_microsoft.windows.common-controls_6595b64144ccf1df_6.0.22621.3527_none_270e469b73872a76;E:\PC\Android\jbr\bin\server;C:\Users\adric\.gradle\native\68d5fa5c4cc2d200863cafc0d521ce42e7d3e7ee720ec0a83991735586a16f82\windows-amd64;C:\Users\adric\.gradle\native\e376f236ea51e6404a007f0833ffe2c6e607c4080706a723a18a27aeea778392\windows-amd64

VM Arguments:
jvm_args: --add-opens=java.base/java.util=ALL-UNNAMED --add-opens=java.base/java.lang=ALL-UNNAMED --add-opens=java.base/java.lang.invoke=ALL-UNNAMED --add-opens=java.prefs/java.util.prefs=ALL-UNNAMED --add-opens=java.base/java.nio.charset=ALL-UNNAMED --add-opens=java.base/java.net=ALL-UNNAMED --add-opens=java.base/java.util.concurrent.atomic=ALL-UNNAMED -Xmx2048m -Dfile.encoding=UTF-8 -Duser.country=ES -Duser.language=es -Duser.variant 
java_command: org.gradle.launcher.daemon.bootstrap.GradleDaemon 8.0
java_class_path (initial): C:\Users\adric\.gradle\wrapper\dists\gradle-8.0-bin\ca5e32bp14vu59qr306oxotwh\gradle-8.0\lib\gradle-launcher-8.0.jar
Launcher Type: SUN_STANDARD

[Global flags]
     intx CICompilerCount                          = 4                                         {product} {ergonomic}
     uint ConcGCThreads                            = 3                                         {product} {ergonomic}
     uint G1ConcRefinementThreads                  = 10                                        {product} {ergonomic}
   size_t G1HeapRegionSize                         = 1048576                                   {product} {ergonomic}
    uintx GCDrainStackTargetSize                   = 64                                        {product} {ergonomic}
   size_t InitialHeapSize                          = 123731968                                 {product} {ergonomic}
   size_t MarkStackSize                            = 4194304                                   {product} {ergonomic}
   size_t MaxHeapSize                              = 2147483648                                {product} {command line}
   size_t MaxNewSize                               = 1287651328                                {product} {ergonomic}
   size_t MinHeapDeltaBytes                        = 1048576                                   {product} {ergonomic}
   size_t MinHeapSize                              = 8388608                                   {product} {ergonomic}
    uintx NonNMethodCodeHeapSize                   = 5839372                                {pd product} {ergonomic}
    uintx NonProfiledCodeHeapSize                  = 122909434                              {pd product} {ergonomic}
    uintx ProfiledCodeHeapSize                     = 122909434                              {pd product} {ergonomic}
    uintx ReservedCodeCacheSize                    = 251658240                              {pd product} {ergonomic}
     bool SegmentedCodeCache                       = true                                      {product} {ergonomic}
   size_t SoftMaxHeapSize                          = 2147483648                             {manageable} {ergonomic}
     bool UseCompressedClassPointers               = true                           {product lp64_product} {ergonomic}
     bool UseCompressedOops                        = true                           {product lp64_product} {ergonomic}
     bool UseG1GC                                  = true                                      {product} {ergonomic}
     bool UseLargePagesIndividualAllocation        = false                                  {pd product} {ergonomic}

Logging:
Log output configuration:
 #0: stdout all=warning uptime,level,tags
 #1: stderr all=off uptime,level,tags

Environment Variables:
JAVA_HOME=C:\Program Files\Eclipse Adoptium\jdk-17.0.8.101-hotspot\
PATH=C:\Program Files\Eclipse Adoptium\jdk-17.0.8.101-hotspot\bin;C:\Program Files (x86)\Common Files\Oracle\Java\javapath;C:\windows\system32;C:\windows;C:\windows\System32\Wbem;C:\windows\System32\WindowsPowerShell\v1.0\;C:\windows\System32\OpenSSH\;C:\Program Files (x86)\NVIDIA Corporation\PhysX\Common;C:\Program Files\NVIDIA Corporation\NVIDIA NvDLISR;C:\Program Files\dotnet\;C:\WINDOWS\system32;C:\WINDOWS;C:\WINDOWS\System32\Wbem;C:\WINDOWS\System32\WindowsPowerShell\v1.0\;C:\WINDOWS\System32\OpenSSH\;C:\Users\adric\.gradle\wrapper\dists\gradle-8.0-bin\ca5e32bp14vu59qr306oxotwh\gradle-8.0\bin;C:\Program Files\Microsoft SQL Server\Client SDK\ODBC\170\Tools\Binn\;C:\Program Files\Microsoft SQL Server\150\Tools\Binn\;C:\Program Files (x86)\Windows Kits\10\Windows Performance Toolkit\;C:\Program Files\MySQL\MySQL Shell 8.0\bin\;C:\Users\adric\AppData\Local\Microsoft\WindowsApps;C:\Users\adric\.dotnet\tools;C:\Users\adric\AppData\Local\Programs\Microsoft VS Code\bin;
USERNAME=adric
OS=Windows_NT
PROCESSOR_IDENTIFIER=AMD64 Family 25 Model 80 Stepping 0, AuthenticAMD
TMP=C:\Users\adric\AppData\Local\Temp
TEMP=C:\Users\adric\AppData\Local\Temp


JNI global refs:
JNI global refs: 26, weak refs: 2

JNI global refs memory usage: 843, weak refs: 841


---------------  S Y S T E M  ---------------

OS:
 Windows 11 , 64 bit Build 22621 (10.0.22621.3527)
OS uptime: 0 days 14:20 hours

CPU: total 12 (initial active 12) (12 cores per cpu, 2 threads per core) family 25 model 80 stepping 0 microcode 0x0, cx8, cmov, fxsr, ht, mmx, 3dnowpref, sse, sse2, sse3, ssse3, sse4a, sse4.1, sse4.2, popcnt, lzcnt, tsc, tscinvbit, avx, avx2, aes, erms, clmul, bmi1, bmi2, adx, sha, fma, vzeroupper, clflush, clflushopt

Memory: 4k page, system-wide physical 7521M (554M free)
TotalPageFile size 31073M (AvailPageFile size 204M)
current process WorkingSet (physical memory assigned to process): 387M, peak: 388M
current process commit charge ("private bytes"): 453M, peak: 618M

vm_info: OpenJDK 64-Bit Server VM (17.0.6+0-b2043.56-10027231) for windows-amd64 JRE (17.0.6+0-b2043.56-10027231), built on Apr 28 2023 00:43:19 by "androidbuild" with MS VC++ 16.10 / 16.11 (VS2019)

END.
