#
# There is insufficient memory for the Java Runtime Environment to continue.
# Native memory allocation (malloc) failed to allocate 231280 bytes for Chunk::new
# Possible reasons:
#   The system is out of physical RAM or swap space
#   The process is running with CompressedOops enabled, and the Java Heap may be blocking the growth of the native heap
# Possible solutions:
#   Reduce memory load on the system
#   Increase physical memory or swap space
#   Check if swap backing store is full
#   Decrease Java heap size (-Xmx/-Xms)
#   Decrease number of Java threads
#   Decrease Java thread stack sizes (-Xss)
#   Set larger code cache with -XX:ReservedCodeCacheSize=
#   JVM is running with Unscaled Compressed Oops mode in which the Java heap is
#     placed in the first 4GB address space. The Java Heap base address is the
#     maximum limit for the native heap growth. Please use -XX:HeapBaseMinAddress
#     to set the Java Heap base and to place the Java Heap above 4GB virtual address.
# This output file may be truncated or incomplete.
#
#  Out of Memory Error (arena.cpp:189), pid=37660, tid=5132
#
# JRE version: OpenJDK Runtime Environment (17.0.6) (build 17.0.6+0-b2043.56-10027231)
# Java VM: OpenJDK 64-Bit Server VM (17.0.6+0-b2043.56-10027231, mixed mode, tiered, compressed oops, compressed class ptrs, g1 gc, windows-amd64)
# No core dump will be written. Minidumps are not enabled by default on client versions of Windows
#

---------------  S U M M A R Y ------------

Command Line: --add-opens=java.base/java.util=ALL-UNNAMED --add-opens=java.base/java.lang=ALL-UNNAMED --add-opens=java.base/java.lang.invoke=ALL-UNNAMED --add-opens=java.prefs/java.util.prefs=ALL-UNNAMED --add-opens=java.base/java.nio.charset=ALL-UNNAMED --add-opens=java.base/java.net=ALL-UNNAMED --add-opens=java.base/java.util.concurrent.atomic=ALL-UNNAMED -Xmx2048m -Dfile.encoding=UTF-8 -Duser.country=ES -Duser.language=es -Duser.variant org.gradle.launcher.daemon.bootstrap.GradleDaemon 8.0

Host: AMD Ryzen 5 5600H with Radeon Graphics         , 12 cores, 7G,  Windows 11 , 64 bit Build 22621 (10.0.22621.3235)
Time: Wed Apr  3 15:00:29 2024 Hora de verano romance elapsed time: 12.864611 seconds (0d 0h 0m 12s)

---------------  T H R E A D  ---------------

Current thread (0x0000024b3183b330):  JavaThread "C2 CompilerThread0" daemon [_thread_in_native, id=5132, stack(0x000000af83500000,0x000000af83600000)]


Current CompileTask:
C2:  12864 6214       4       org.objectweb.asm.SymbolTable::addConstantUtf8 (98 bytes)

Stack: [0x000000af83500000,0x000000af83600000]
Native frames: (J=compiled Java code, j=interpreted, Vv=VM code, C=native code)
V  [jvm.dll+0x683c9a]
V  [jvm.dll+0x8427a4]
V  [jvm.dll+0x843f9e]
V  [jvm.dll+0x844603]
V  [jvm.dll+0x249b75]
V  [jvm.dll+0xabcac]
V  [jvm.dll+0xac27c]
V  [jvm.dll+0x368857]
V  [jvm.dll+0x1bced2]
V  [jvm.dll+0x21c359]
V  [jvm.dll+0x21b621]
V  [jvm.dll+0x1a4fdd]
V  [jvm.dll+0x22b098]
V  [jvm.dll+0x229159]
V  [jvm.dll+0x7f81ec]
V  [jvm.dll+0x7f274a]
V  [jvm.dll+0x682ad5]
C  [ucrtbase.dll+0x29363]
C  [KERNEL32.DLL+0x1257d]
C  [ntdll.dll+0x5aa58]


---------------  P R O C E S S  ---------------

Threads class SMR info:
_java_thread_list=0x0000024b31a611a0, length=169, elements={
0x0000024b16aad7c0, 0x0000024b31813260, 0x0000024b318140d0, 0x0000024b30d4d2e0,
0x0000024b30d4dda0, 0x0000024b30d4e950, 0x0000024b30d51310, 0x0000024b3183b330,
0x0000024b3183bce0, 0x0000024b3183c6d0, 0x0000024b319abbf0, 0x0000024b319ac0c0,
0x0000024b33034bc0, 0x0000024b33e04630, 0x0000024b331859c0, 0x0000024b32837bb0,
0x0000024b32838080, 0x0000024b34609080, 0x0000024b34609550, 0x0000024b3315e220,
0x0000024b3315c540, 0x0000024b3315e6f0, 0x0000024b3315fa30, 0x0000024b3315ca10,
0x0000024b3315f090, 0x0000024b3315d3b0, 0x0000024b3315d880, 0x0000024b3315c070,
0x0000024b3315dd50, 0x0000024b357600a0, 0x0000024b3575f700, 0x0000024b35763590,
0x0000024b3575def0, 0x0000024b3575d080, 0x0000024b35762720, 0x0000024b35762250,
0x0000024b35762bf0, 0x0000024b357630c0, 0x0000024b35764400, 0x0000024b35760f10,
0x0000024b3575e3c0, 0x0000024b357648d0, 0x0000024b3575d550, 0x0000024b3575ed60,
0x0000024b3575f230, 0x0000024b3575fbd0, 0x0000024b37ed91f0, 0x0000024b37ed6b70,
0x0000024b37edaed0, 0x0000024b37ed9b90, 0x0000024b37ed7040, 0x0000024b37ed7510,
0x0000024b37ed66a0, 0x0000024b37ed96c0, 0x0000024b37ed5830, 0x0000024b37edc6e0,
0x0000024b37edb870, 0x0000024b37edb3a0, 0x0000024b37ed4e90, 0x0000024b37ed79e0,
0x0000024b37eda060, 0x0000024b37ed8850, 0x0000024b37ed7eb0, 0x0000024b37ed8380,
0x0000024b37ed8d20, 0x0000024b37edbd40, 0x0000024b37ed5d00, 0x0000024b37eda530,
0x0000024b37ed61d0, 0x0000024b37edaa00, 0x0000024b37edc210, 0x0000024b37ed5360,
0x0000024b3513d650, 0x0000024b351392f0, 0x0000024b3513ab00, 0x0000024b3513ccb0,
0x0000024b3513a160, 0x0000024b3513dff0, 0x0000024b3513d180, 0x0000024b35139c90,
0x0000024b3513ee60, 0x0000024b3513a630, 0x0000024b351397c0, 0x0000024b3513db20,
0x0000024b3513afd0, 0x0000024b35137fb0, 0x0000024b3513be40, 0x0000024b35138480,
0x0000024b3513f800, 0x0000024b35138950, 0x0000024b3513c310, 0x0000024b3513e4c0,
0x0000024b3513b970, 0x0000024b3513e990, 0x0000024b3513b4a0, 0x0000024b3513c7e0,
0x0000024b3513f330, 0x0000024b35138e20, 0x0000024b39c57380, 0x0000024b39c57850,
0x0000024b39c53e90, 0x0000024b39c56040, 0x0000024b39c54360, 0x0000024b39c54830,
0x0000024b39c56510, 0x0000024b39c55b70, 0x0000024b39c54d00, 0x0000024b39c551d0,
0x0000024b39c556a0, 0x0000024b39c569e0, 0x0000024b39c56eb0, 0x0000024b35090fb0,
0x0000024b350922f0, 0x0000024b35091480, 0x0000024b3508dac0, 0x0000024b3508f7a0,
0x0000024b3508af70, 0x0000024b3508c780, 0x0000024b3508ee00, 0x0000024b35091950,
0x0000024b3508df90, 0x0000024b3508d120, 0x0000024b3508e460, 0x0000024b3508b910,
0x0000024b35091e20, 0x0000024b3508f2d0, 0x0000024b3508bde0, 0x0000024b3508b440,
0x0000024b3508d5f0, 0x0000024b3508fc70, 0x0000024b3508e930, 0x0000024b3508c2b0,
0x0000024b35090140, 0x0000024b3508cc50, 0x0000024b35090610, 0x0000024b35090ae0,
0x0000024b350927c0, 0x0000024b395f4c40, 0x0000024b395f5f80, 0x0000024b395fbaf0,
0x0000024b395fa2e0, 0x0000024b395f8ad0, 0x0000024b395f7790, 0x0000024b395f7c60,
0x0000024b395fb150, 0x0000024b395f9e10, 0x0000024b395fac80, 0x0000024b395fb620,
0x0000024b395f8130, 0x0000024b395f6450, 0x0000024b395f9940, 0x0000024b395f4770,
0x0000024b395f6df0, 0x0000024b395f55e0, 0x0000024b395f6920, 0x0000024b395fa7b0,
0x0000024b395f42a0, 0x0000024b395f5110, 0x0000024b395f72c0, 0x0000024b395f5ab0,
0x0000024b395f8600, 0x0000024b395f8fa0, 0x0000024b395f9470, 0x0000024b383bb300,
0x0000024b383b6ad0, 0x0000024b383b7470, 0x0000024b383b82e0, 0x0000024b383bb7d0,
0x0000024b383bcfe0
}

Java Threads: ( => current thread )
  0x0000024b16aad7c0 JavaThread "main" [_thread_blocked, id=32704, stack(0x000000af82800000,0x000000af82900000)]
  0x0000024b31813260 JavaThread "Reference Handler" daemon [_thread_blocked, id=3092, stack(0x000000af82f00000,0x000000af83000000)]
  0x0000024b318140d0 JavaThread "Finalizer" daemon [_thread_blocked, id=23276, stack(0x000000af83000000,0x000000af83100000)]
  0x0000024b30d4d2e0 JavaThread "Signal Dispatcher" daemon [_thread_blocked, id=25308, stack(0x000000af83100000,0x000000af83200000)]
  0x0000024b30d4dda0 JavaThread "Attach Listener" daemon [_thread_blocked, id=4384, stack(0x000000af83200000,0x000000af83300000)]
  0x0000024b30d4e950 JavaThread "Service Thread" daemon [_thread_blocked, id=37060, stack(0x000000af83300000,0x000000af83400000)]
  0x0000024b30d51310 JavaThread "Monitor Deflation Thread" daemon [_thread_blocked, id=40968, stack(0x000000af83400000,0x000000af83500000)]
=>0x0000024b3183b330 JavaThread "C2 CompilerThread0" daemon [_thread_in_native, id=5132, stack(0x000000af83500000,0x000000af83600000)]
  0x0000024b3183bce0 JavaThread "C1 CompilerThread0" daemon [_thread_in_vm, id=40336, stack(0x000000af83600000,0x000000af83700000)]
  0x0000024b3183c6d0 JavaThread "Sweeper thread" daemon [_thread_blocked, id=33916, stack(0x000000af83700000,0x000000af83800000)]
  0x0000024b319abbf0 JavaThread "Common-Cleaner" daemon [_thread_blocked, id=41792, stack(0x000000af83800000,0x000000af83900000)]
  0x0000024b319ac0c0 JavaThread "Notification Thread" daemon [_thread_blocked, id=11716, stack(0x000000af83900000,0x000000af83a00000)]
  0x0000024b33034bc0 JavaThread "Daemon health stats" [_thread_blocked, id=23820, stack(0x000000af84000000,0x000000af84100000)]
  0x0000024b33e04630 JavaThread "Incoming local TCP Connector on port 51714" [_thread_in_native, id=41924, stack(0x000000af84100000,0x000000af84200000)]
  0x0000024b331859c0 JavaThread "Daemon periodic checks" [_thread_blocked, id=20652, stack(0x000000af84200000,0x000000af84300000)]
  0x0000024b32837bb0 JavaThread "Daemon" [_thread_blocked, id=35828, stack(0x000000af84300000,0x000000af84400000)]
  0x0000024b32838080 JavaThread "Handler for socket connection from /127.0.0.1:51714 to /127.0.0.1:51715" [_thread_in_native, id=15552, stack(0x000000af84400000,0x000000af84500000)]
  0x0000024b34609080 JavaThread "Cancel handler" [_thread_blocked, id=41660, stack(0x000000af84500000,0x000000af84600000)]
  0x0000024b34609550 JavaThread "Daemon worker" [_thread_in_Java, id=40644, stack(0x000000af84600000,0x000000af84700000)]
  0x0000024b3315e220 JavaThread "Asynchronous log dispatcher for DefaultDaemonConnection: socket connection from /127.0.0.1:51714 to /127.0.0.1:51715" [_thread_blocked, id=41812, stack(0x000000af84700000,0x000000af84800000)]
  0x0000024b3315c540 JavaThread "Stdin handler" [_thread_blocked, id=40432, stack(0x000000af84800000,0x000000af84900000)]
  0x0000024b3315e6f0 JavaThread "Daemon client event forwarder" [_thread_blocked, id=41680, stack(0x000000af84900000,0x000000af84a00000)]
  0x0000024b3315fa30 JavaThread "Cache worker for journal cache (C:\Users\adric\.gradle\caches\journal-1)" [_thread_blocked, id=12888, stack(0x000000af85100000,0x000000af85200000)]
  0x0000024b3315ca10 JavaThread "File lock request listener" [_thread_in_native, id=24680, stack(0x000000af85200000,0x000000af85300000)]
  0x0000024b3315f090 JavaThread "Cache worker for file hash cache (C:\Users\adric\.gradle\caches\8.0\fileHashes)" [_thread_blocked, id=42740, stack(0x000000af85300000,0x000000af85400000)]
  0x0000024b3315d3b0 JavaThread "File watcher server" daemon [_thread_in_native, id=29904, stack(0x000000af85400000,0x000000af85500000)]
  0x0000024b3315d880 JavaThread "File watcher consumer" daemon [_thread_blocked, id=40144, stack(0x000000af85500000,0x000000af85600000)]
  0x0000024b3315c070 JavaThread "Cache worker for checksums cache (E:\PC\Documentos\Proyecto\RefriPolarAppMovil\.gradle\8.0\checksums)" [_thread_blocked, id=29300, stack(0x000000af85600000,0x000000af85700000)]
  0x0000024b3315dd50 JavaThread "Cache worker for cache directory md-rule (C:\Users\adric\.gradle\caches\8.0\md-rule)" [_thread_blocked, id=5268, stack(0x000000af85700000,0x000000af85800000)]
  0x0000024b357600a0 JavaThread "Cache worker for file content cache (C:\Users\adric\.gradle\caches\8.0\fileContent)" [_thread_blocked, id=28052, stack(0x000000af85800000,0x000000af85900000)]
  0x0000024b3575f700 JavaThread "Cache worker for file hash cache (E:\PC\Documentos\Proyecto\RefriPolarAppMovil\.gradle\8.0\fileHashes)" [_thread_blocked, id=37936, stack(0x000000af85900000,0x000000af85a00000)]
  0x0000024b35763590 JavaThread "Cache worker for cache directory md-supplier (C:\Users\adric\.gradle\caches\8.0\md-supplier)" [_thread_blocked, id=38988, stack(0x000000af85a00000,0x000000af85b00000)]
  0x0000024b3575def0 JavaThread "Cache worker for execution history cache (C:\Users\adric\.gradle\caches\8.0\executionHistory)" [_thread_blocked, id=17876, stack(0x000000af85b00000,0x000000af85c00000)]
  0x0000024b3575d080 JavaThread "jar transforms" [_thread_blocked, id=2824, stack(0x000000af85c00000,0x000000af85d00000)]
  0x0000024b35762720 JavaThread "jar transforms Thread 2" [_thread_blocked, id=39380, stack(0x000000af85e00000,0x000000af85f00000)]
  0x0000024b35762250 JavaThread "Cache worker for kotlin-dsl (C:\Users\adric\.gradle\caches\8.0\kotlin-dsl)" [_thread_blocked, id=30872, stack(0x000000af85f00000,0x000000af86000000)]
  0x0000024b35762bf0 JavaThread "jar transforms Thread 3" [_thread_blocked, id=11944, stack(0x000000af86000000,0x000000af86100000)]
  0x0000024b357630c0 JavaThread "jar transforms Thread 4" [_thread_blocked, id=29724, stack(0x000000af86100000,0x000000af86200000)]
  0x0000024b35764400 JavaThread "Cache worker for dependencies-accessors (E:\PC\Documentos\Proyecto\RefriPolarAppMovil\.gradle\8.0\dependencies-accessors)" [_thread_blocked, id=39748, stack(0x000000af86200000,0x000000af86300000)]
  0x0000024b35760f10 JavaThread "Cache worker for Build Output Cleanup Cache (E:\PC\Documentos\Proyecto\RefriPolarAppMovil\.gradle\buildOutputCleanup)" [_thread_blocked, id=41032, stack(0x000000af86300000,0x000000af86400000)]
  0x0000024b3575e3c0 JavaThread "jar transforms Thread 5" [_thread_blocked, id=40628, stack(0x000000af86400000,0x000000af86500000)]
  0x0000024b357648d0 JavaThread "Unconstrained build operations" [_thread_blocked, id=4768, stack(0x000000af83b00000,0x000000af83c00000)]
  0x0000024b3575d550 JavaThread "Unconstrained build operations Thread 2" [_thread_blocked, id=42108, stack(0x000000af85d00000,0x000000af85e00000)]
  0x0000024b3575ed60 JavaThread "Unconstrained build operations Thread 3" [_thread_blocked, id=42908, stack(0x000000af86500000,0x000000af86600000)]
  0x0000024b3575f230 JavaThread "Unconstrained build operations Thread 4" [_thread_blocked, id=20540, stack(0x000000af86600000,0x000000af86700000)]
  0x0000024b3575fbd0 JavaThread "Unconstrained build operations Thread 5" [_thread_blocked, id=6280, stack(0x000000af86700000,0x000000af86800000)]
  0x0000024b37ed91f0 JavaThread "Unconstrained build operations Thread 6" [_thread_blocked, id=41628, stack(0x000000af86800000,0x000000af86900000)]
  0x0000024b37ed6b70 JavaThread "Unconstrained build operations Thread 7" [_thread_blocked, id=40576, stack(0x000000af86900000,0x000000af86a00000)]
  0x0000024b37edaed0 JavaThread "Unconstrained build operations Thread 8" [_thread_blocked, id=28644, stack(0x000000af86a00000,0x000000af86b00000)]
  0x0000024b37ed9b90 JavaThread "Unconstrained build operations Thread 9" [_thread_blocked, id=42304, stack(0x000000af86b00000,0x000000af86c00000)]
  0x0000024b37ed7040 JavaThread "Unconstrained build operations Thread 10" [_thread_blocked, id=37392, stack(0x000000af86c00000,0x000000af86d00000)]
  0x0000024b37ed7510 JavaThread "Unconstrained build operations Thread 11" [_thread_blocked, id=40384, stack(0x000000af86d00000,0x000000af86e00000)]
  0x0000024b37ed66a0 JavaThread "Unconstrained build operations Thread 12" [_thread_blocked, id=35560, stack(0x000000af86e00000,0x000000af86f00000)]
  0x0000024b37ed96c0 JavaThread "Unconstrained build operations Thread 13" [_thread_blocked, id=18504, stack(0x000000af86f00000,0x000000af87000000)]
  0x0000024b37ed5830 JavaThread "Unconstrained build operations Thread 14" [_thread_blocked, id=40824, stack(0x000000af87000000,0x000000af87100000)]
  0x0000024b37edc6e0 JavaThread "Unconstrained build operations Thread 15" [_thread_blocked, id=32560, stack(0x000000af87100000,0x000000af87200000)]
  0x0000024b37edb870 JavaThread "Unconstrained build operations Thread 16" [_thread_blocked, id=30020, stack(0x000000af87200000,0x000000af87300000)]
  0x0000024b37edb3a0 JavaThread "Unconstrained build operations Thread 17" [_thread_blocked, id=36308, stack(0x000000af87300000,0x000000af87400000)]
  0x0000024b37ed4e90 JavaThread "Unconstrained build operations Thread 18" [_thread_blocked, id=1708, stack(0x000000af87400000,0x000000af87500000)]
  0x0000024b37ed79e0 JavaThread "Unconstrained build operations Thread 19" [_thread_blocked, id=28996, stack(0x000000af87500000,0x000000af87600000)]
  0x0000024b37eda060 JavaThread "Unconstrained build operations Thread 20" [_thread_blocked, id=39632, stack(0x000000af87600000,0x000000af87700000)]
  0x0000024b37ed8850 JavaThread "Unconstrained build operations Thread 21" [_thread_blocked, id=18520, stack(0x000000af87700000,0x000000af87800000)]
  0x0000024b37ed7eb0 JavaThread "Unconstrained build operations Thread 22" [_thread_blocked, id=41352, stack(0x000000af87800000,0x000000af87900000)]
  0x0000024b37ed8380 JavaThread "Unconstrained build operations Thread 23" [_thread_blocked, id=34196, stack(0x000000af87900000,0x000000af87a00000)]
  0x0000024b37ed8d20 JavaThread "Unconstrained build operations Thread 24" [_thread_blocked, id=37276, stack(0x000000af87a00000,0x000000af87b00000)]
  0x0000024b37edbd40 JavaThread "Unconstrained build operations Thread 25" [_thread_blocked, id=42220, stack(0x000000af87b00000,0x000000af87c00000)]
  0x0000024b37ed5d00 JavaThread "Unconstrained build operations Thread 26" [_thread_blocked, id=41292, stack(0x000000af87c00000,0x000000af87d00000)]
  0x0000024b37eda530 JavaThread "Unconstrained build operations Thread 27" [_thread_blocked, id=30808, stack(0x000000af87d00000,0x000000af87e00000)]
  0x0000024b37ed61d0 JavaThread "Unconstrained build operations Thread 28" [_thread_blocked, id=32452, stack(0x000000af87e00000,0x000000af87f00000)]
  0x0000024b37edaa00 JavaThread "Unconstrained build operations Thread 29" [_thread_blocked, id=42800, stack(0x000000af87f00000,0x000000af88000000)]
  0x0000024b37edc210 JavaThread "Unconstrained build operations Thread 30" [_thread_blocked, id=3684, stack(0x000000af88000000,0x000000af88100000)]
  0x0000024b37ed5360 JavaThread "Unconstrained build operations Thread 31" [_thread_blocked, id=28492, stack(0x000000af88100000,0x000000af88200000)]
  0x0000024b3513d650 JavaThread "Unconstrained build operations Thread 32" [_thread_blocked, id=29064, stack(0x000000af88200000,0x000000af88300000)]
  0x0000024b351392f0 JavaThread "Unconstrained build operations Thread 33" [_thread_blocked, id=42032, stack(0x000000af88300000,0x000000af88400000)]
  0x0000024b3513ab00 JavaThread "Unconstrained build operations Thread 34" [_thread_blocked, id=18512, stack(0x000000af88400000,0x000000af88500000)]
  0x0000024b3513ccb0 JavaThread "Unconstrained build operations Thread 35" [_thread_blocked, id=19096, stack(0x000000af88500000,0x000000af88600000)]
  0x0000024b3513a160 JavaThread "Unconstrained build operations Thread 36" [_thread_blocked, id=26876, stack(0x000000af88600000,0x000000af88700000)]
  0x0000024b3513dff0 JavaThread "Unconstrained build operations Thread 37" [_thread_blocked, id=30588, stack(0x000000af88700000,0x000000af88800000)]
  0x0000024b3513d180 JavaThread "Unconstrained build operations Thread 38" [_thread_blocked, id=13508, stack(0x000000af88800000,0x000000af88900000)]
  0x0000024b35139c90 JavaThread "Unconstrained build operations Thread 39" [_thread_blocked, id=26548, stack(0x000000af88900000,0x000000af88a00000)]
  0x0000024b3513ee60 JavaThread "Unconstrained build operations Thread 40" [_thread_blocked, id=35452, stack(0x000000af88a00000,0x000000af88b00000)]
  0x0000024b3513a630 JavaThread "Unconstrained build operations Thread 41" [_thread_blocked, id=41236, stack(0x000000af88b00000,0x000000af88c00000)]
  0x0000024b351397c0 JavaThread "Unconstrained build operations Thread 42" [_thread_blocked, id=18972, stack(0x000000af88c00000,0x000000af88d00000)]
  0x0000024b3513db20 JavaThread "Unconstrained build operations Thread 43" [_thread_blocked, id=13760, stack(0x000000af88d00000,0x000000af88e00000)]
  0x0000024b3513afd0 JavaThread "Unconstrained build operations Thread 44" [_thread_blocked, id=22336, stack(0x000000af88e00000,0x000000af88f00000)]
  0x0000024b35137fb0 JavaThread "Unconstrained build operations Thread 45" [_thread_blocked, id=40604, stack(0x000000af88f00000,0x000000af89000000)]
  0x0000024b3513be40 JavaThread "Unconstrained build operations Thread 46" [_thread_blocked, id=8172, stack(0x000000af89000000,0x000000af89100000)]
  0x0000024b35138480 JavaThread "Unconstrained build operations Thread 47" [_thread_blocked, id=32132, stack(0x000000af89100000,0x000000af89200000)]
  0x0000024b3513f800 JavaThread "Unconstrained build operations Thread 48" [_thread_blocked, id=35616, stack(0x000000af89200000,0x000000af89300000)]
  0x0000024b35138950 JavaThread "Unconstrained build operations Thread 49" [_thread_blocked, id=39412, stack(0x000000af89300000,0x000000af89400000)]
  0x0000024b3513c310 JavaThread "Unconstrained build operations Thread 50" [_thread_blocked, id=40496, stack(0x000000af89400000,0x000000af89500000)]
  0x0000024b3513e4c0 JavaThread "Unconstrained build operations Thread 51" [_thread_blocked, id=31252, stack(0x000000af89500000,0x000000af89600000)]
  0x0000024b3513b970 JavaThread "Unconstrained build operations Thread 52" [_thread_blocked, id=42588, stack(0x000000af89600000,0x000000af89700000)]
  0x0000024b3513e990 JavaThread "Unconstrained build operations Thread 53" [_thread_blocked, id=40480, stack(0x000000af89700000,0x000000af89800000)]
  0x0000024b3513b4a0 JavaThread "Unconstrained build operations Thread 54" [_thread_blocked, id=36904, stack(0x000000af89800000,0x000000af89900000)]
  0x0000024b3513c7e0 JavaThread "Unconstrained build operations Thread 55" [_thread_blocked, id=32196, stack(0x000000af89900000,0x000000af89a00000)]
  0x0000024b3513f330 JavaThread "Unconstrained build operations Thread 56" [_thread_blocked, id=20808, stack(0x000000af89a00000,0x000000af89b00000)]
  0x0000024b35138e20 JavaThread "Unconstrained build operations Thread 57" [_thread_blocked, id=42672, stack(0x000000af89b00000,0x000000af89c00000)]
  0x0000024b39c57380 JavaThread "Unconstrained build operations Thread 58" [_thread_blocked, id=27172, stack(0x000000af89c00000,0x000000af89d00000)]
  0x0000024b39c57850 JavaThread "Unconstrained build operations Thread 59" [_thread_blocked, id=30180, stack(0x000000af89d00000,0x000000af89e00000)]
  0x0000024b39c53e90 JavaThread "Unconstrained build operations Thread 60" [_thread_blocked, id=42792, stack(0x000000af89e00000,0x000000af89f00000)]
  0x0000024b39c56040 JavaThread "Unconstrained build operations Thread 61" [_thread_blocked, id=6652, stack(0x000000af89f00000,0x000000af8a000000)]
  0x0000024b39c54360 JavaThread "Unconstrained build operations Thread 62" [_thread_blocked, id=27224, stack(0x000000af8a000000,0x000000af8a100000)]
  0x0000024b39c54830 JavaThread "Unconstrained build operations Thread 63" [_thread_blocked, id=39300, stack(0x000000af8a100000,0x000000af8a200000)]
  0x0000024b39c56510 JavaThread "Unconstrained build operations Thread 64" [_thread_blocked, id=28696, stack(0x000000af8a200000,0x000000af8a300000)]
  0x0000024b39c55b70 JavaThread "Unconstrained build operations Thread 65" [_thread_blocked, id=40424, stack(0x000000af8a300000,0x000000af8a400000)]
  0x0000024b39c54d00 JavaThread "Unconstrained build operations Thread 66" [_thread_blocked, id=33248, stack(0x000000af8a400000,0x000000af8a500000)]
  0x0000024b39c551d0 JavaThread "Unconstrained build operations Thread 67" [_thread_blocked, id=10072, stack(0x000000af8a500000,0x000000af8a600000)]
  0x0000024b39c556a0 JavaThread "Unconstrained build operations Thread 68" [_thread_blocked, id=36984, stack(0x000000af8a600000,0x000000af8a700000)]
  0x0000024b39c569e0 JavaThread "Unconstrained build operations Thread 69" [_thread_blocked, id=41584, stack(0x000000af8a700000,0x000000af8a800000)]
  0x0000024b39c56eb0 JavaThread "Unconstrained build operations Thread 70" [_thread_blocked, id=29976, stack(0x000000af8a800000,0x000000af8a900000)]
  0x0000024b35090fb0 JavaThread "Unconstrained build operations Thread 71" [_thread_blocked, id=2268, stack(0x000000af8a900000,0x000000af8aa00000)]
  0x0000024b350922f0 JavaThread "Unconstrained build operations Thread 72" [_thread_blocked, id=17208, stack(0x000000af8aa00000,0x000000af8ab00000)]
  0x0000024b35091480 JavaThread "Unconstrained build operations Thread 73" [_thread_blocked, id=19928, stack(0x000000af8ab00000,0x000000af8ac00000)]
  0x0000024b3508dac0 JavaThread "Unconstrained build operations Thread 74" [_thread_blocked, id=40828, stack(0x000000af8ac00000,0x000000af8ad00000)]
  0x0000024b3508f7a0 JavaThread "Unconstrained build operations Thread 75" [_thread_blocked, id=26800, stack(0x000000af8ad00000,0x000000af8ae00000)]
  0x0000024b3508af70 JavaThread "Unconstrained build operations Thread 76" [_thread_blocked, id=29232, stack(0x000000af8ae00000,0x000000af8af00000)]
  0x0000024b3508c780 JavaThread "Unconstrained build operations Thread 77" [_thread_blocked, id=16616, stack(0x000000af8af00000,0x000000af8b000000)]
  0x0000024b3508ee00 JavaThread "Unconstrained build operations Thread 78" [_thread_blocked, id=43000, stack(0x000000af8b000000,0x000000af8b100000)]
  0x0000024b35091950 JavaThread "Unconstrained build operations Thread 79" [_thread_blocked, id=11924, stack(0x000000af8b100000,0x000000af8b200000)]
  0x0000024b3508df90 JavaThread "Unconstrained build operations Thread 80" [_thread_blocked, id=36816, stack(0x000000af8b200000,0x000000af8b300000)]
  0x0000024b3508d120 JavaThread "Unconstrained build operations Thread 81" [_thread_blocked, id=32084, stack(0x000000af8b300000,0x000000af8b400000)]
  0x0000024b3508e460 JavaThread "Unconstrained build operations Thread 82" [_thread_blocked, id=2228, stack(0x000000af8b400000,0x000000af8b500000)]
  0x0000024b3508b910 JavaThread "Unconstrained build operations Thread 83" [_thread_blocked, id=10992, stack(0x000000af8b500000,0x000000af8b600000)]
  0x0000024b35091e20 JavaThread "Unconstrained build operations Thread 84" [_thread_blocked, id=23508, stack(0x000000af8b600000,0x000000af8b700000)]
  0x0000024b3508f2d0 JavaThread "Unconstrained build operations Thread 85" [_thread_blocked, id=9840, stack(0x000000af8b700000,0x000000af8b800000)]
  0x0000024b3508bde0 JavaThread "Unconstrained build operations Thread 86" [_thread_blocked, id=32120, stack(0x000000af8b800000,0x000000af8b900000)]
  0x0000024b3508b440 JavaThread "Unconstrained build operations Thread 87" [_thread_blocked, id=11436, stack(0x000000af8b900000,0x000000af8ba00000)]
  0x0000024b3508d5f0 JavaThread "Unconstrained build operations Thread 88" [_thread_blocked, id=8272, stack(0x000000af8ba00000,0x000000af8bb00000)]
  0x0000024b3508fc70 JavaThread "Unconstrained build operations Thread 89" [_thread_blocked, id=4960, stack(0x000000af8bb00000,0x000000af8bc00000)]
  0x0000024b3508e930 JavaThread "Unconstrained build operations Thread 90" [_thread_blocked, id=39456, stack(0x000000af8bc00000,0x000000af8bd00000)]
  0x0000024b3508c2b0 JavaThread "Unconstrained build operations Thread 91" [_thread_blocked, id=3508, stack(0x000000af8bd00000,0x000000af8be00000)]
  0x0000024b35090140 JavaThread "Unconstrained build operations Thread 92" [_thread_blocked, id=25072, stack(0x000000af8be00000,0x000000af8bf00000)]
  0x0000024b3508cc50 JavaThread "Unconstrained build operations Thread 93" [_thread_blocked, id=20372, stack(0x000000af8bf00000,0x000000af8c000000)]
  0x0000024b35090610 JavaThread "Unconstrained build operations Thread 94" [_thread_blocked, id=5384, stack(0x000000af8c000000,0x000000af8c100000)]
  0x0000024b35090ae0 JavaThread "Unconstrained build operations Thread 95" [_thread_blocked, id=39744, stack(0x000000af8c100000,0x000000af8c200000)]
  0x0000024b350927c0 JavaThread "Unconstrained build operations Thread 96" [_thread_blocked, id=9456, stack(0x000000af8c200000,0x000000af8c300000)]
  0x0000024b395f4c40 JavaThread "Unconstrained build operations Thread 97" [_thread_blocked, id=2832, stack(0x000000af8c300000,0x000000af8c400000)]
  0x0000024b395f5f80 JavaThread "Unconstrained build operations Thread 98" [_thread_blocked, id=40904, stack(0x000000af8c400000,0x000000af8c500000)]
  0x0000024b395fbaf0 JavaThread "Unconstrained build operations Thread 99" [_thread_blocked, id=3824, stack(0x000000af8c500000,0x000000af8c600000)]
  0x0000024b395fa2e0 JavaThread "Unconstrained build operations Thread 100" [_thread_blocked, id=13728, stack(0x000000af8c600000,0x000000af8c700000)]
  0x0000024b395f8ad0 JavaThread "Unconstrained build operations Thread 101" [_thread_blocked, id=16492, stack(0x000000af8c700000,0x000000af8c800000)]
  0x0000024b395f7790 JavaThread "Unconstrained build operations Thread 102" [_thread_blocked, id=19804, stack(0x000000af8c800000,0x000000af8c900000)]
  0x0000024b395f7c60 JavaThread "Unconstrained build operations Thread 103" [_thread_blocked, id=36576, stack(0x000000af8c900000,0x000000af8ca00000)]
  0x0000024b395fb150 JavaThread "Unconstrained build operations Thread 104" [_thread_blocked, id=35916, stack(0x000000af8ca00000,0x000000af8cb00000)]
  0x0000024b395f9e10 JavaThread "Unconstrained build operations Thread 105" [_thread_blocked, id=13004, stack(0x000000af8cb00000,0x000000af8cc00000)]
  0x0000024b395fac80 JavaThread "Unconstrained build operations Thread 106" [_thread_blocked, id=29316, stack(0x000000af8cc00000,0x000000af8cd00000)]
  0x0000024b395fb620 JavaThread "Unconstrained build operations Thread 107" [_thread_blocked, id=18848, stack(0x000000af8cd00000,0x000000af8ce00000)]
  0x0000024b395f8130 JavaThread "Unconstrained build operations Thread 108" [_thread_blocked, id=27556, stack(0x000000af8ce00000,0x000000af8cf00000)]
  0x0000024b395f6450 JavaThread "Unconstrained build operations Thread 109" [_thread_blocked, id=29928, stack(0x000000af8cf00000,0x000000af8d000000)]
  0x0000024b395f9940 JavaThread "Unconstrained build operations Thread 110" [_thread_blocked, id=42016, stack(0x000000af8d000000,0x000000af8d100000)]
  0x0000024b395f4770 JavaThread "Unconstrained build operations Thread 111" [_thread_blocked, id=11600, stack(0x000000af8d100000,0x000000af8d200000)]
  0x0000024b395f6df0 JavaThread "Unconstrained build operations Thread 112" [_thread_blocked, id=40808, stack(0x000000af8d200000,0x000000af8d300000)]
  0x0000024b395f55e0 JavaThread "Unconstrained build operations Thread 113" [_thread_blocked, id=25548, stack(0x000000af8d300000,0x000000af8d400000)]
  0x0000024b395f6920 JavaThread "Unconstrained build operations Thread 114" [_thread_blocked, id=42324, stack(0x000000af8d400000,0x000000af8d500000)]
  0x0000024b395fa7b0 JavaThread "Unconstrained build operations Thread 115" [_thread_blocked, id=17348, stack(0x000000af8d500000,0x000000af8d600000)]
  0x0000024b395f42a0 JavaThread "Unconstrained build operations Thread 116" [_thread_blocked, id=13344, stack(0x000000af8d600000,0x000000af8d700000)]
  0x0000024b395f5110 JavaThread "Unconstrained build operations Thread 117" [_thread_blocked, id=25348, stack(0x000000af8d700000,0x000000af8d800000)]
  0x0000024b395f72c0 JavaThread "Unconstrained build operations Thread 118" [_thread_blocked, id=35888, stack(0x000000af8d800000,0x000000af8d900000)]
  0x0000024b395f5ab0 JavaThread "Unconstrained build operations Thread 119" [_thread_blocked, id=35356, stack(0x000000af8d900000,0x000000af8da00000)]
  0x0000024b395f8600 JavaThread "Unconstrained build operations Thread 120" [_thread_blocked, id=9948, stack(0x000000af8da00000,0x000000af8db00000)]
  0x0000024b395f8fa0 JavaThread "jar transforms Thread 6" [_thread_blocked, id=41956, stack(0x000000af8dc00000,0x000000af8dd00000)]
  0x0000024b395f9470 JavaThread "jar transforms Thread 7" [_thread_blocked, id=39940, stack(0x000000af8dd00000,0x000000af8de00000)]
  0x0000024b383bb300 JavaThread "jar transforms Thread 8" [_thread_blocked, id=35048, stack(0x000000af8de00000,0x000000af8df00000)]
  0x0000024b383b6ad0 JavaThread "jar transforms Thread 9" [_thread_blocked, id=29372, stack(0x000000af8df00000,0x000000af8e000000)]
  0x0000024b383b7470 JavaThread "jar transforms Thread 10" [_thread_blocked, id=13904, stack(0x000000af8e000000,0x000000af8e100000)]
  0x0000024b383b82e0 JavaThread "jar transforms Thread 11" [_thread_blocked, id=42776, stack(0x000000af8e100000,0x000000af8e200000)]
  0x0000024b383bb7d0 JavaThread "jar transforms Thread 12" [_thread_blocked, id=24892, stack(0x000000af8e200000,0x000000af8e300000)]
  0x0000024b383bcfe0 JavaThread "build event listener" [_thread_blocked, id=25676, stack(0x000000af8e300000,0x000000af8e400000)]

Other Threads:
  0x0000024b30d3bd90 VMThread "VM Thread" [stack: 0x000000af82e00000,0x000000af82f00000] [id=14212]
  0x0000024b319b25c0 WatcherThread [stack: 0x000000af83a00000,0x000000af83b00000] [id=22500]
  0x0000024b16b0a0d0 GCTaskThread "GC Thread#0" [stack: 0x000000af82900000,0x000000af82a00000] [id=42652]
  0x0000024b327a3040 GCTaskThread "GC Thread#1" [stack: 0x000000af83c00000,0x000000af83d00000] [id=15196]
  0x0000024b31f60570 GCTaskThread "GC Thread#2" [stack: 0x000000af83d00000,0x000000af83e00000] [id=31292]
  0x0000024b3299d850 GCTaskThread "GC Thread#3" [stack: 0x000000af83e00000,0x000000af83f00000] [id=39448]
  0x0000024b33d0f810 GCTaskThread "GC Thread#4" [stack: 0x000000af83f00000,0x000000af84000000] [id=17912]
  0x0000024b34aad890 GCTaskThread "GC Thread#5" [stack: 0x000000af84a00000,0x000000af84b00000] [id=32080]
  0x0000024b34aadb40 GCTaskThread "GC Thread#6" [stack: 0x000000af84b00000,0x000000af84c00000] [id=12460]
  0x0000024b34aaddf0 GCTaskThread "GC Thread#7" [stack: 0x000000af84c00000,0x000000af84d00000] [id=22788]
  0x0000024b332ec030 GCTaskThread "GC Thread#8" [stack: 0x000000af84d00000,0x000000af84e00000] [id=42816]
  0x0000024b332ec6f0 GCTaskThread "GC Thread#9" [stack: 0x000000af84e00000,0x000000af84f00000] [id=7952]
  0x0000024b16b1b7b0 ConcurrentGCThread "G1 Main Marker" [stack: 0x000000af82a00000,0x000000af82b00000] [id=35420]
  0x0000024b16b1c1c0 ConcurrentGCThread "G1 Conc#0" [stack: 0x000000af82b00000,0x000000af82c00000] [id=19128]
  0x0000024b332ec9a0 ConcurrentGCThread "G1 Conc#1" [stack: 0x000000af84f00000,0x000000af85000000] [id=14892]
  0x0000024b34a5ae90 ConcurrentGCThread "G1 Conc#2" [stack: 0x000000af85000000,0x000000af85100000] [id=20128]
  0x0000024b30b920c0 ConcurrentGCThread "G1 Refine#0" [stack: 0x000000af82c00000,0x000000af82d00000] [id=38348]
  0x0000024b35222170 ConcurrentGCThread "G1 Refine#1" [stack: 0x000000af8db00000,0x000000af8dc00000] [id=23908]
  0x0000024b30b92ae0 ConcurrentGCThread "G1 Service" [stack: 0x000000af82d00000,0x000000af82e00000] [id=41820]

Threads with active compile tasks:
C2 CompilerThread0    12938 6214       4       org.objectweb.asm.SymbolTable::addConstantUtf8 (98 bytes)
C1 CompilerThread0    12938 6306       3       com.google.common.reflect.TypeToken::getRawTypes (34 bytes)

VM state: not at safepoint (normal execution)

VM Mutex/Monitor currently owned by a thread: None

Heap address: 0x0000000080000000, size: 2048 MB, Compressed Oops mode: 32-bit

CDS archive(s) not mapped
Compressed class space mapped at: 0x0000000100000000-0x0000000140000000, reserved size: 1073741824
Narrow klass base: 0x0000000000000000, Narrow klass shift: 3, Narrow klass range: 0x140000000

GC Precious Log:
 CPUs: 12 total, 12 available
 Memory: 7521M
 Large Page Support: Disabled
 NUMA Support: Disabled
 Compressed Oops: Enabled (32-bit)
 Heap Region Size: 1M
 Heap Min Capacity: 8M
 Heap Initial Capacity: 118M
 Heap Max Capacity: 2G
 Pre-touch: Disabled
 Parallel Workers: 10
 Concurrent Workers: 3
 Concurrent Refinement Workers: 10
 Periodic GC: Disabled

Heap:
 garbage-first heap   total 142336K, used 60200K [0x0000000080000000, 0x0000000100000000)
  region size 1024K, 7 young (7168K), 2 survivors (2048K)
 Metaspace       used 59947K, committed 60480K, reserved 1105920K
  class space    used 7941K, committed 8192K, reserved 1048576K

Heap Regions: E=young(eden), S=young(survivor), O=old, HS=humongous(starts), HC=humongous(continues), CS=collection set, F=free, OA=open archive, CA=closed archive, TAMS=top-at-mark-start (previous, next)
|   0|0x0000000080000000, 0x0000000080100000, 0x0000000080100000|100%|HS|  |TAMS 0x0000000080100000, 0x0000000080000000| Complete 
|   1|0x0000000080100000, 0x0000000080200000, 0x0000000080200000|100%|HC|  |TAMS 0x0000000080200000, 0x0000000080100000| Complete 
|   2|0x0000000080200000, 0x0000000080300000, 0x0000000080300000|100%|HC|  |TAMS 0x0000000080300000, 0x0000000080200000| Complete 
|   3|0x0000000080300000, 0x0000000080400000, 0x0000000080400000|100%|HC|  |TAMS 0x0000000080400000, 0x0000000080300000| Complete 
|   4|0x0000000080400000, 0x0000000080500000, 0x0000000080500000|100%| O|  |TAMS 0x0000000080500000, 0x0000000080400000| Untracked 
|   5|0x0000000080500000, 0x0000000080600000, 0x0000000080600000|100%| O|  |TAMS 0x0000000080600000, 0x0000000080500000| Untracked 
|   6|0x0000000080600000, 0x0000000080700000, 0x0000000080700000|100%| O|  |TAMS 0x0000000080700000, 0x0000000080600000| Untracked 
|   7|0x0000000080700000, 0x0000000080800000, 0x0000000080800000|100%| O|  |TAMS 0x0000000080800000, 0x0000000080700000| Untracked 
|   8|0x0000000080800000, 0x0000000080900000, 0x0000000080900000|100%| O|  |TAMS 0x0000000080900000, 0x0000000080800000| Untracked 
|   9|0x0000000080900000, 0x0000000080a00000, 0x0000000080a00000|100%| O|  |TAMS 0x0000000080a00000, 0x0000000080900000| Untracked 
|  10|0x0000000080a00000, 0x0000000080b00000, 0x0000000080b00000|100%| O|  |TAMS 0x0000000080b00000, 0x0000000080a00000| Untracked 
|  11|0x0000000080b00000, 0x0000000080c00000, 0x0000000080c00000|100%| O|  |TAMS 0x0000000080c00000, 0x0000000080b00000| Untracked 
|  12|0x0000000080c00000, 0x0000000080d00000, 0x0000000080d00000|100%| O|  |TAMS 0x0000000080d00000, 0x0000000080c00000| Untracked 
|  13|0x0000000080d00000, 0x0000000080e00000, 0x0000000080e00000|100%| O|  |TAMS 0x0000000080e00000, 0x0000000080d00000| Untracked 
|  14|0x0000000080e00000, 0x0000000080f00000, 0x0000000080f00000|100%| O|  |TAMS 0x0000000080f00000, 0x0000000080e00000| Untracked 
|  15|0x0000000080f00000, 0x0000000081000000, 0x0000000081000000|100%| O|  |TAMS 0x0000000081000000, 0x0000000080f00000| Untracked 
|  16|0x0000000081000000, 0x0000000081100000, 0x0000000081100000|100%| O|  |TAMS 0x0000000081100000, 0x0000000081000000| Untracked 
|  17|0x0000000081100000, 0x0000000081200000, 0x0000000081200000|100%| O|  |TAMS 0x0000000081200000, 0x0000000081100000| Untracked 
|  18|0x0000000081200000, 0x0000000081300000, 0x0000000081300000|100%| O|  |TAMS 0x0000000081300000, 0x0000000081200000| Untracked 
|  19|0x0000000081300000, 0x0000000081400000, 0x0000000081400000|100%| O|  |TAMS 0x0000000081400000, 0x0000000081300000| Untracked 
|  20|0x0000000081400000, 0x0000000081500000, 0x0000000081500000|100%|HS|  |TAMS 0x0000000081500000, 0x0000000081400000| Complete 
|  21|0x0000000081500000, 0x0000000081600000, 0x0000000081600000|100%| O|  |TAMS 0x0000000081600000, 0x0000000081500000| Untracked 
|  22|0x0000000081600000, 0x0000000081700000, 0x0000000081700000|100%| O|  |TAMS 0x0000000081700000, 0x0000000081600000| Untracked 
|  23|0x0000000081700000, 0x0000000081800000, 0x0000000081800000|100%| O|  |TAMS 0x0000000081800000, 0x0000000081700000| Untracked 
|  24|0x0000000081800000, 0x0000000081900000, 0x0000000081900000|100%| O|  |TAMS 0x0000000081900000, 0x0000000081800000| Untracked 
|  25|0x0000000081900000, 0x0000000081a00000, 0x0000000081a00000|100%| O|  |TAMS 0x0000000081a00000, 0x0000000081900000| Untracked 
|  26|0x0000000081a00000, 0x0000000081b00000, 0x0000000081b00000|100%| O|  |TAMS 0x0000000081b00000, 0x0000000081a00000| Untracked 
|  27|0x0000000081b00000, 0x0000000081c00000, 0x0000000081c00000|100%| O|  |TAMS 0x0000000081c00000, 0x0000000081b00000| Untracked 
|  28|0x0000000081c00000, 0x0000000081d00000, 0x0000000081d00000|100%|HS|  |TAMS 0x0000000081d00000, 0x0000000081c00000| Complete 
|  29|0x0000000081d00000, 0x0000000081e00000, 0x0000000081e00000|100%|HS|  |TAMS 0x0000000081e00000, 0x0000000081d00000| Complete 
|  30|0x0000000081e00000, 0x0000000081f00000, 0x0000000081f00000|100%|HC|  |TAMS 0x0000000081f00000, 0x0000000081e00000| Complete 
|  31|0x0000000081f00000, 0x0000000082000000, 0x0000000082000000|100%|HS|  |TAMS 0x0000000082000000, 0x0000000081f00000| Complete 
|  32|0x0000000082000000, 0x0000000082100000, 0x0000000082100000|100%|HS|  |TAMS 0x0000000082100000, 0x0000000082000000| Complete 
|  33|0x0000000082100000, 0x0000000082200000, 0x0000000082200000|100%|HC|  |TAMS 0x0000000082200000, 0x0000000082100000| Complete 
|  34|0x0000000082200000, 0x0000000082300000, 0x0000000082300000|100%|HC|  |TAMS 0x0000000082300000, 0x0000000082200000| Complete 
|  35|0x0000000082300000, 0x0000000082400000, 0x0000000082400000|100%|HC|  |TAMS 0x0000000082400000, 0x0000000082300000| Complete 
|  36|0x0000000082400000, 0x0000000082500000, 0x0000000082500000|100%| O|  |TAMS 0x0000000082400000, 0x0000000082400000| Untracked 
|  37|0x0000000082500000, 0x0000000082600000, 0x0000000082600000|100%| O|  |TAMS 0x0000000082600000, 0x0000000082500000| Untracked 
|  38|0x0000000082600000, 0x0000000082700000, 0x0000000082700000|100%| O|  |TAMS 0x0000000082700000, 0x0000000082600000| Untracked 
|  39|0x0000000082700000, 0x0000000082800000, 0x0000000082800000|100%| O|  |TAMS 0x0000000082800000, 0x0000000082700000| Untracked 
|  40|0x0000000082800000, 0x0000000082900000, 0x0000000082900000|100%| O|  |TAMS 0x0000000082900000, 0x0000000082800000| Untracked 
|  41|0x0000000082900000, 0x0000000082a00000, 0x0000000082a00000|100%| O|  |TAMS 0x0000000082a00000, 0x0000000082900000| Untracked 
|  42|0x0000000082a00000, 0x0000000082b00000, 0x0000000082b00000|100%| O|  |TAMS 0x0000000082b00000, 0x0000000082a00000| Untracked 
|  43|0x0000000082b00000, 0x0000000082c00000, 0x0000000082c00000|100%| O|  |TAMS 0x0000000082b5ee00, 0x0000000082b00000| Untracked 
|  44|0x0000000082c00000, 0x0000000082d00000, 0x0000000082d00000|100%| O|  |TAMS 0x0000000082c00000, 0x0000000082c00000| Untracked 
|  45|0x0000000082d00000, 0x0000000082e00000, 0x0000000082e00000|100%| O|  |TAMS 0x0000000082d00000, 0x0000000082d00000| Untracked 
|  46|0x0000000082e00000, 0x0000000082f00000, 0x0000000082f00000|100%| O|  |TAMS 0x0000000082e00000, 0x0000000082e00000| Untracked 
|  47|0x0000000082f00000, 0x0000000083000000, 0x0000000083000000|100%| O|  |TAMS 0x0000000082f00000, 0x0000000082f00000| Untracked 
|  48|0x0000000083000000, 0x0000000083100000, 0x0000000083100000|100%| O|  |TAMS 0x0000000083000000, 0x0000000083000000| Untracked 
|  49|0x0000000083100000, 0x0000000083200000, 0x0000000083200000|100%| O|  |TAMS 0x0000000083100000, 0x0000000083100000| Untracked 
|  50|0x0000000083200000, 0x0000000083300000, 0x0000000083300000|100%| O|  |TAMS 0x0000000083200000, 0x0000000083200000| Untracked 
|  51|0x0000000083300000, 0x0000000083400000, 0x0000000083400000|100%| O|  |TAMS 0x0000000083300000, 0x0000000083300000| Untracked 
|  52|0x0000000083400000, 0x0000000083500000, 0x0000000083500000|100%| O|  |TAMS 0x0000000083400000, 0x0000000083400000| Untracked 
|  53|0x0000000083500000, 0x0000000083500000, 0x0000000083600000|  0%| F|  |TAMS 0x0000000083500000, 0x0000000083500000| Untracked 
|  54|0x0000000083600000, 0x0000000083600000, 0x0000000083700000|  0%| F|  |TAMS 0x0000000083600000, 0x0000000083600000| Untracked 
|  55|0x0000000083700000, 0x0000000083700000, 0x0000000083800000|  0%| F|  |TAMS 0x0000000083700000, 0x0000000083700000| Untracked 
|  56|0x0000000083800000, 0x0000000083800000, 0x0000000083900000|  0%| F|  |TAMS 0x0000000083800000, 0x0000000083800000| Untracked 
|  57|0x0000000083900000, 0x0000000083900000, 0x0000000083a00000|  0%| F|  |TAMS 0x0000000083900000, 0x0000000083900000| Untracked 
|  58|0x0000000083a00000, 0x0000000083a00000, 0x0000000083b00000|  0%| F|  |TAMS 0x0000000083a00000, 0x0000000083a00000| Untracked 
|  59|0x0000000083b00000, 0x0000000083b00000, 0x0000000083c00000|  0%| F|  |TAMS 0x0000000083b00000, 0x0000000083b00000| Untracked 
|  60|0x0000000083c00000, 0x0000000083c00000, 0x0000000083d00000|  0%| F|  |TAMS 0x0000000083c00000, 0x0000000083c00000| Untracked 
|  61|0x0000000083d00000, 0x0000000083d00000, 0x0000000083e00000|  0%| F|  |TAMS 0x0000000083d00000, 0x0000000083d00000| Untracked 
|  62|0x0000000083e00000, 0x0000000083e00000, 0x0000000083f00000|  0%| F|  |TAMS 0x0000000083e00000, 0x0000000083e00000| Untracked 
|  63|0x0000000083f00000, 0x0000000083f00000, 0x0000000084000000|  0%| F|  |TAMS 0x0000000083f00000, 0x0000000083f00000| Untracked 
|  64|0x0000000084000000, 0x0000000084000000, 0x0000000084100000|  0%| F|  |TAMS 0x0000000084000000, 0x0000000084000000| Untracked 
|  65|0x0000000084100000, 0x0000000084100000, 0x0000000084200000|  0%| F|  |TAMS 0x0000000084100000, 0x0000000084100000| Untracked 
|  66|0x0000000084200000, 0x0000000084200000, 0x0000000084300000|  0%| F|  |TAMS 0x0000000084200000, 0x0000000084200000| Untracked 
|  67|0x0000000084300000, 0x0000000084300000, 0x0000000084400000|  0%| F|  |TAMS 0x0000000084300000, 0x0000000084300000| Untracked 
|  68|0x0000000084400000, 0x0000000084400000, 0x0000000084500000|  0%| F|  |TAMS 0x0000000084400000, 0x0000000084400000| Untracked 
|  69|0x0000000084500000, 0x0000000084500000, 0x0000000084600000|  0%| F|  |TAMS 0x0000000084500000, 0x0000000084500000| Untracked 
|  70|0x0000000084600000, 0x0000000084600000, 0x0000000084700000|  0%| F|  |TAMS 0x0000000084600000, 0x0000000084600000| Untracked 
|  71|0x0000000084700000, 0x0000000084700000, 0x0000000084800000|  0%| F|  |TAMS 0x0000000084700000, 0x0000000084700000| Untracked 
|  72|0x0000000084800000, 0x0000000084800000, 0x0000000084900000|  0%| F|  |TAMS 0x0000000084800000, 0x0000000084800000| Untracked 
|  73|0x0000000084900000, 0x0000000084900000, 0x0000000084a00000|  0%| F|  |TAMS 0x0000000084900000, 0x0000000084900000| Untracked 
|  74|0x0000000084a00000, 0x0000000084a00000, 0x0000000084b00000|  0%| F|  |TAMS 0x0000000084a00000, 0x0000000084a00000| Untracked 
|  75|0x0000000084b00000, 0x0000000084b00000, 0x0000000084c00000|  0%| F|  |TAMS 0x0000000084b00000, 0x0000000084b00000| Untracked 
|  76|0x0000000084c00000, 0x0000000084c00000, 0x0000000084d00000|  0%| F|  |TAMS 0x0000000084c00000, 0x0000000084c00000| Untracked 
|  77|0x0000000084d00000, 0x0000000084d00000, 0x0000000084e00000|  0%| F|  |TAMS 0x0000000084d00000, 0x0000000084d00000| Untracked 
|  78|0x0000000084e00000, 0x0000000084e00000, 0x0000000084f00000|  0%| F|  |TAMS 0x0000000084e00000, 0x0000000084e00000| Untracked 
|  79|0x0000000084f00000, 0x0000000084f00000, 0x0000000085000000|  0%| F|  |TAMS 0x0000000084f00000, 0x0000000084f00000| Untracked 
|  80|0x0000000085000000, 0x0000000085000000, 0x0000000085100000|  0%| F|  |TAMS 0x0000000085000000, 0x0000000085000000| Untracked 
|  81|0x0000000085100000, 0x0000000085100000, 0x0000000085200000|  0%| F|  |TAMS 0x0000000085100000, 0x0000000085100000| Untracked 
|  82|0x0000000085200000, 0x0000000085200000, 0x0000000085300000|  0%| F|  |TAMS 0x0000000085200000, 0x0000000085200000| Untracked 
|  83|0x0000000085300000, 0x0000000085300000, 0x0000000085400000|  0%| F|  |TAMS 0x0000000085300000, 0x0000000085300000| Untracked 
|  84|0x0000000085400000, 0x0000000085400000, 0x0000000085500000|  0%| F|  |TAMS 0x0000000085400000, 0x0000000085400000| Untracked 
|  85|0x0000000085500000, 0x0000000085500000, 0x0000000085600000|  0%| F|  |TAMS 0x0000000085500000, 0x0000000085500000| Untracked 
|  86|0x0000000085600000, 0x0000000085600000, 0x0000000085700000|  0%| F|  |TAMS 0x0000000085600000, 0x0000000085600000| Untracked 
|  87|0x0000000085700000, 0x0000000085700000, 0x0000000085800000|  0%| F|  |TAMS 0x0000000085700000, 0x0000000085700000| Untracked 
|  88|0x0000000085800000, 0x0000000085800000, 0x0000000085900000|  0%| F|  |TAMS 0x0000000085800000, 0x0000000085800000| Untracked 
|  89|0x0000000085900000, 0x0000000085900000, 0x0000000085a00000|  0%| F|  |TAMS 0x0000000085900000, 0x0000000085900000| Untracked 
|  90|0x0000000085a00000, 0x0000000085a00000, 0x0000000085b00000|  0%| F|  |TAMS 0x0000000085a00000, 0x0000000085a00000| Untracked 
|  91|0x0000000085b00000, 0x0000000085b00000, 0x0000000085c00000|  0%| F|  |TAMS 0x0000000085b00000, 0x0000000085b00000| Untracked 
|  92|0x0000000085c00000, 0x0000000085c00000, 0x0000000085d00000|  0%| F|  |TAMS 0x0000000085c00000, 0x0000000085c00000| Untracked 
|  93|0x0000000085d00000, 0x0000000085d00000, 0x0000000085e00000|  0%| F|  |TAMS 0x0000000085d00000, 0x0000000085d00000| Untracked 
|  94|0x0000000085e00000, 0x0000000085e00000, 0x0000000085f00000|  0%| F|  |TAMS 0x0000000085e00000, 0x0000000085e00000| Untracked 
|  95|0x0000000085f00000, 0x0000000085f00000, 0x0000000086000000|  0%| F|  |TAMS 0x0000000085f00000, 0x0000000085f00000| Untracked 
|  96|0x0000000086000000, 0x0000000086000000, 0x0000000086100000|  0%| F|  |TAMS 0x0000000086000000, 0x0000000086000000| Untracked 
|  97|0x0000000086100000, 0x0000000086100000, 0x0000000086200000|  0%| F|  |TAMS 0x0000000086100000, 0x0000000086100000| Untracked 
|  98|0x0000000086200000, 0x0000000086200000, 0x0000000086300000|  0%| F|  |TAMS 0x0000000086200000, 0x0000000086200000| Untracked 
|  99|0x0000000086300000, 0x00000000863ca0e8, 0x0000000086400000| 78%| S|CS|TAMS 0x0000000086300000, 0x0000000086300000| Complete 
| 100|0x0000000086400000, 0x0000000086500000, 0x0000000086500000|100%| S|CS|TAMS 0x0000000086400000, 0x0000000086400000| Complete 
| 101|0x0000000086500000, 0x0000000086500000, 0x0000000086600000|  0%| F|  |TAMS 0x0000000086500000, 0x0000000086500000| Untracked 
| 102|0x0000000086600000, 0x0000000086600000, 0x0000000086700000|  0%| F|  |TAMS 0x0000000086600000, 0x0000000086600000| Untracked 
| 103|0x0000000086700000, 0x0000000086700000, 0x0000000086800000|  0%| F|  |TAMS 0x0000000086700000, 0x0000000086700000| Untracked 
| 104|0x0000000086800000, 0x0000000086800000, 0x0000000086900000|  0%| F|  |TAMS 0x0000000086800000, 0x0000000086800000| Untracked 
| 105|0x0000000086900000, 0x0000000086900000, 0x0000000086a00000|  0%| F|  |TAMS 0x0000000086900000, 0x0000000086900000| Untracked 
| 106|0x0000000086a00000, 0x0000000086a00000, 0x0000000086b00000|  0%| F|  |TAMS 0x0000000086a00000, 0x0000000086a00000| Untracked 
| 107|0x0000000086b00000, 0x0000000086b00000, 0x0000000086c00000|  0%| F|  |TAMS 0x0000000086b00000, 0x0000000086b00000| Untracked 
| 108|0x0000000086c00000, 0x0000000086c00000, 0x0000000086d00000|  0%| F|  |TAMS 0x0000000086c00000, 0x0000000086c00000| Untracked 
| 109|0x0000000086d00000, 0x0000000086d00000, 0x0000000086e00000|  0%| F|  |TAMS 0x0000000086d00000, 0x0000000086d00000| Untracked 
| 110|0x0000000086e00000, 0x0000000086e00000, 0x0000000086f00000|  0%| F|  |TAMS 0x0000000086e00000, 0x0000000086e00000| Untracked 
| 111|0x0000000086f00000, 0x0000000086f00000, 0x0000000087000000|  0%| F|  |TAMS 0x0000000086f00000, 0x0000000086f00000| Untracked 
| 112|0x0000000087000000, 0x0000000087000000, 0x0000000087100000|  0%| F|  |TAMS 0x0000000087000000, 0x0000000087000000| Untracked 
| 113|0x0000000087100000, 0x0000000087100000, 0x0000000087200000|  0%| F|  |TAMS 0x0000000087100000, 0x0000000087100000| Untracked 
| 114|0x0000000087200000, 0x0000000087200000, 0x0000000087300000|  0%| F|  |TAMS 0x0000000087200000, 0x0000000087200000| Untracked 
| 115|0x0000000087300000, 0x0000000087300000, 0x0000000087400000|  0%| F|  |TAMS 0x0000000087300000, 0x0000000087300000| Untracked 
| 116|0x0000000087400000, 0x0000000087400000, 0x0000000087500000|  0%| F|  |TAMS 0x0000000087400000, 0x0000000087400000| Untracked 
| 117|0x0000000087500000, 0x0000000087500000, 0x0000000087600000|  0%| F|  |TAMS 0x0000000087500000, 0x0000000087500000| Untracked 
| 118|0x0000000087600000, 0x0000000087600000, 0x0000000087700000|  0%| F|  |TAMS 0x0000000087600000, 0x0000000087600000| Untracked 
| 119|0x0000000087700000, 0x0000000087700000, 0x0000000087800000|  0%| F|  |TAMS 0x0000000087700000, 0x0000000087700000| Untracked 
| 120|0x0000000087800000, 0x0000000087800000, 0x0000000087900000|  0%| F|  |TAMS 0x0000000087800000, 0x0000000087800000| Untracked 
| 121|0x0000000087900000, 0x0000000087900000, 0x0000000087a00000|  0%| F|  |TAMS 0x0000000087900000, 0x0000000087900000| Untracked 
| 122|0x0000000087a00000, 0x0000000087a00000, 0x0000000087b00000|  0%| F|  |TAMS 0x0000000087a00000, 0x0000000087a00000| Untracked 
| 123|0x0000000087b00000, 0x0000000087b00000, 0x0000000087c00000|  0%| F|  |TAMS 0x0000000087b00000, 0x0000000087b00000| Untracked 
| 124|0x0000000087c00000, 0x0000000087c00000, 0x0000000087d00000|  0%| F|  |TAMS 0x0000000087c00000, 0x0000000087c00000| Untracked 
| 125|0x0000000087d00000, 0x0000000087d00000, 0x0000000087e00000|  0%| F|  |TAMS 0x0000000087d00000, 0x0000000087d00000| Untracked 
| 126|0x0000000087e00000, 0x0000000087e00000, 0x0000000087f00000|  0%| F|  |TAMS 0x0000000087e00000, 0x0000000087e00000| Untracked 
| 127|0x0000000087f00000, 0x0000000087f00000, 0x0000000088000000|  0%| F|  |TAMS 0x0000000087f00000, 0x0000000087f00000| Untracked 
| 128|0x0000000088000000, 0x0000000088000000, 0x0000000088100000|  0%| F|  |TAMS 0x0000000088000000, 0x0000000088000000| Untracked 
| 129|0x0000000088100000, 0x0000000088100000, 0x0000000088200000|  0%| F|  |TAMS 0x0000000088100000, 0x0000000088100000| Untracked 
| 130|0x0000000088200000, 0x0000000088200000, 0x0000000088300000|  0%| F|  |TAMS 0x0000000088200000, 0x0000000088200000| Untracked 
| 131|0x0000000088300000, 0x0000000088300000, 0x0000000088400000|  0%| F|  |TAMS 0x0000000088300000, 0x0000000088300000| Untracked 
| 132|0x0000000088400000, 0x0000000088400000, 0x0000000088500000|  0%| F|  |TAMS 0x0000000088400000, 0x0000000088400000| Untracked 
| 133|0x0000000088500000, 0x0000000088500000, 0x0000000088600000|  0%| F|  |TAMS 0x0000000088500000, 0x0000000088500000| Untracked 
| 134|0x0000000088600000, 0x0000000088680800, 0x0000000088700000| 50%| E|  |TAMS 0x0000000088600000, 0x0000000088600000| Complete 
| 135|0x0000000088700000, 0x0000000088800000, 0x0000000088800000|100%| E|CS|TAMS 0x0000000088700000, 0x0000000088700000| Complete 
| 136|0x0000000088800000, 0x0000000088900000, 0x0000000088900000|100%| E|CS|TAMS 0x0000000088800000, 0x0000000088800000| Complete 
| 137|0x0000000088900000, 0x0000000088a00000, 0x0000000088a00000|100%| E|CS|TAMS 0x0000000088900000, 0x0000000088900000| Complete 
| 138|0x0000000088a00000, 0x0000000088b00000, 0x0000000088b00000|100%| E|CS|TAMS 0x0000000088a00000, 0x0000000088a00000| Complete 

Card table byte_map: [0x0000024b298c0000,0x0000024b29cc0000] _byte_map_base: 0x0000024b294c0000

Marking Bits (Prev, Next): (CMBitMap*) 0x0000024b16b0a720, (CMBitMap*) 0x0000024b16b0a6e0
 Prev Bits: [0x0000024b2c0c0000, 0x0000024b2e0c0000)
 Next Bits: [0x0000024b2a0c0000, 0x0000024b2c0c0000)

Polling page: 0x0000024b16270000

Metaspace:

Usage:
  Non-class:     50.80 MB used.
      Class:      7.76 MB used.
       Both:     58.56 MB used.

Virtual space:
  Non-class space:       56.00 MB reserved,      51.06 MB ( 91%) committed,  7 nodes.
      Class space:        1.00 GB reserved,       8.00 MB ( <1%) committed,  1 nodes.
             Both:        1.05 GB reserved,      59.06 MB (  5%) committed. 

Chunk freelists:
   Non-Class:  289.00 KB
       Class:  47.00 KB
        Both:  336.00 KB

MaxMetaspaceSize: unlimited
CompressedClassSpaceSize: 1.00 GB
Initial GC threshold: 21.00 MB
Current GC threshold: 98.06 MB
CDS: off
MetaspaceReclaimPolicy: balanced
 - commit_granule_bytes: 65536.
 - commit_granule_words: 8192.
 - virtual_space_node_default_size: 1048576.
 - enlarge_chunks_in_place: 1.
 - new_chunks_are_fully_committed: 0.
 - uncommit_free_chunks: 1.
 - use_allocation_guard: 0.
 - handle_deallocations: 1.


Internal statistics:

num_allocs_failed_limit: 9.
num_arena_births: 640.
num_arena_deaths: 0.
num_vsnodes_births: 8.
num_vsnodes_deaths: 0.
num_space_committed: 945.
num_space_uncommitted: 0.
num_chunks_returned_to_freelist: 9.
num_chunks_taken_from_freelist: 2626.
num_chunk_merges: 9.
num_chunk_splits: 1758.
num_chunks_enlarged: 1202.
num_purges: 0.
num_inconsistent_stats: 0.

CodeHeap 'non-profiled nmethods': size=120000Kb used=2786Kb max_used=3357Kb free=117213Kb
 bounds [0x0000024b21a40000, 0x0000024b21d90000, 0x0000024b28f70000]
CodeHeap 'profiled nmethods': size=120000Kb used=10171Kb max_used=11325Kb free=109828Kb
 bounds [0x0000024b19f70000, 0x0000024b1aa80000, 0x0000024b214a0000]
CodeHeap 'non-nmethods': size=5760Kb used=2333Kb max_used=2390Kb free=3426Kb
 bounds [0x0000024b214a0000, 0x0000024b21710000, 0x0000024b21a40000]
 total_blobs=6347 nmethods=5494 adapters=765
 compilation: enabled
              stopped_count=0, restarted_count=0
 full_count=0

Compilation events (20 events):
Event: 12.839 Thread 0x0000024b3183bce0 6216       3       org.gradle.internal.instantiation.generator.AsmBackedClassGenerator$ClassBuilderImpl::access$2800 (4 bytes)
Event: 12.839 Thread 0x0000024b3183bce0 nmethod 6216 0x0000024b1a342d10 code [0x0000024b1a342ea0, 0x0000024b1a342f98]
Event: 12.841 Thread 0x0000024b3183bce0 6218       3       com.google.common.reflect.TypeResolver$TypeTable::resolveInternal (105 bytes)
Event: 12.841 Thread 0x0000024b3183bce0 nmethod 6218 0x0000024b1a558f90 code [0x0000024b1a559260, 0x0000024b1a55a188]
Event: 12.841 Thread 0x0000024b3183bce0 6219       3       com.google.common.reflect.TypeResolver::<init> (6 bytes)
Event: 12.842 Thread 0x0000024b3183bce0 nmethod 6219 0x0000024b1a382e10 code [0x0000024b1a382fc0, 0x0000024b1a3831d8]
Event: 12.843 Thread 0x0000024b3183bce0 6220       3       jdk.internal.reflect.ClassFileAssembler::opc_invokespecial (26 bytes)
Event: 12.843 Thread 0x0000024b3183bce0 nmethod 6220 0x0000024b1a382390 code [0x0000024b1a3825a0, 0x0000024b1a382ae8]
Event: 12.843 Thread 0x0000024b3183bce0 6221       3       jdk.internal.reflect.ClassFileAssembler::emitInt (46 bytes)
Event: 12.843 Thread 0x0000024b3183bce0 nmethod 6221 0x0000024b1a433510 code [0x0000024b1a433720, 0x0000024b1a433c18]
Event: 12.845 Thread 0x0000024b3183bce0 6222       1       org.gradle.api.internal.provider.AbstractProperty$NonFinalizedValue::setConvention (6 bytes)
Event: 12.845 Thread 0x0000024b3183bce0 nmethod 6222 0x0000024b21aa1110 code [0x0000024b21aa12a0, 0x0000024b21aa13b8]
Event: 12.846 Thread 0x0000024b3183bce0 6223       3       sun.reflect.generics.parser.SignatureParser::parseMethodTypeSignature (41 bytes)
Event: 12.846 Thread 0x0000024b3183bce0 nmethod 6223 0x0000024b1a81ef90 code [0x0000024b1a81f1c0, 0x0000024b1a81f6d8]
Event: 12.849 Thread 0x0000024b3183bce0 6224       3       sun.reflect.generics.repository.GenericDeclRepository::computeTypeParameters (65 bytes)
Event: 12.850 Thread 0x0000024b3183bce0 nmethod 6224 0x0000024b19ff4d90 code [0x0000024b19ff4fe0, 0x0000024b19ff5d58]
Event: 12.850 Thread 0x0000024b3183bce0 6226       3       java.util.Arrays::sort (37 bytes)
Event: 12.850 Thread 0x0000024b3183bce0 nmethod 6226 0x0000024b1a432f10 code [0x0000024b1a4330c0, 0x0000024b1a4332b8]
Event: 12.854 Thread 0x0000024b3183bce0 6228       3       sun.reflect.annotation.AnnotationParser::parseArray (220 bytes)
Event: 12.855 Thread 0x0000024b3183bce0 nmethod 6228 0x0000024b1a028010 code [0x0000024b1a028380, 0x0000024b1a0292d8]

GC Heap History (20 events):
Event: 3.560 GC heap before
{Heap before GC invocations=4 (full 0):
 garbage-first heap   total 68608K, used 50232K [0x0000000080000000, 0x0000000100000000)
  region size 1024K, 40 young (40960K), 9 survivors (9216K)
 Metaspace       used 26075K, committed 26368K, reserved 1073152K
  class space    used 3420K, committed 3584K, reserved 1048576K
}
Event: 3.563 GC heap after
{Heap after GC invocations=5 (full 0):
 garbage-first heap   total 68608K, used 20044K [0x0000000080000000, 0x0000000100000000)
  region size 1024K, 3 young (3072K), 3 survivors (3072K)
 Metaspace       used 26075K, committed 26368K, reserved 1073152K
  class space    used 3420K, committed 3584K, reserved 1048576K
}
Event: 3.577 GC heap before
{Heap before GC invocations=5 (full 0):
 garbage-first heap   total 68608K, used 21068K [0x0000000080000000, 0x0000000100000000)
  region size 1024K, 4 young (4096K), 3 survivors (3072K)
 Metaspace       used 26192K, committed 26496K, reserved 1073152K
  class space    used 3443K, committed 3584K, reserved 1048576K
}
Event: 3.578 GC heap after
{Heap after GC invocations=6 (full 0):
 garbage-first heap   total 68608K, used 20396K [0x0000000080000000, 0x0000000100000000)
  region size 1024K, 1 young (1024K), 1 survivors (1024K)
 Metaspace       used 26192K, committed 26496K, reserved 1073152K
  class space    used 3443K, committed 3584K, reserved 1048576K
}
Event: 4.016 GC heap before
{Heap before GC invocations=6 (full 0):
 garbage-first heap   total 68608K, used 47020K [0x0000000080000000, 0x0000000100000000)
  region size 1024K, 27 young (27648K), 1 survivors (1024K)
 Metaspace       used 30389K, committed 30720K, reserved 1081344K
  class space    used 4129K, committed 4288K, reserved 1048576K
}
Event: 4.017 GC heap after
{Heap after GC invocations=7 (full 0):
 garbage-first heap   total 68608K, used 21478K [0x0000000080000000, 0x0000000100000000)
  region size 1024K, 2 young (2048K), 2 survivors (2048K)
 Metaspace       used 30389K, committed 30720K, reserved 1081344K
  class space    used 4129K, committed 4288K, reserved 1048576K
}
Event: 4.530 GC heap before
{Heap before GC invocations=7 (full 0):
 garbage-first heap   total 68608K, used 49126K [0x0000000080000000, 0x0000000100000000)
  region size 1024K, 29 young (29696K), 2 survivors (2048K)
 Metaspace       used 35144K, committed 35520K, reserved 1081344K
  class space    used 4854K, committed 5056K, reserved 1048576K
}
Event: 4.533 GC heap after
{Heap after GC invocations=8 (full 0):
 garbage-first heap   total 68608K, used 23392K [0x0000000080000000, 0x0000000100000000)
  region size 1024K, 4 young (4096K), 4 survivors (4096K)
 Metaspace       used 35144K, committed 35520K, reserved 1081344K
  class space    used 4854K, committed 5056K, reserved 1048576K
}
Event: 4.578 GC heap before
{Heap before GC invocations=8 (full 0):
 garbage-first heap   total 68608K, used 24416K [0x0000000080000000, 0x0000000100000000)
  region size 1024K, 6 young (6144K), 4 survivors (4096K)
 Metaspace       used 35606K, committed 35968K, reserved 1081344K
  class space    used 4875K, committed 5056K, reserved 1048576K
}
Event: 4.580 GC heap after
{Heap after GC invocations=9 (full 0):
 garbage-first heap   total 68608K, used 23802K [0x0000000080000000, 0x0000000100000000)
  region size 1024K, 3 young (3072K), 3 survivors (3072K)
 Metaspace       used 35606K, committed 35968K, reserved 1081344K
  class space    used 4875K, committed 5056K, reserved 1048576K
}
Event: 4.994 GC heap before
{Heap before GC invocations=10 (full 0):
 garbage-first heap   total 68608K, used 47354K [0x0000000080000000, 0x0000000100000000)
  region size 1024K, 27 young (27648K), 3 survivors (3072K)
 Metaspace       used 40392K, committed 40768K, reserved 1089536K
  class space    used 5359K, committed 5504K, reserved 1048576K
}
Event: 4.996 GC heap after
{Heap after GC invocations=11 (full 0):
 garbage-first heap   total 68608K, used 28120K [0x0000000080000000, 0x0000000100000000)
  region size 1024K, 4 young (4096K), 4 survivors (4096K)
 Metaspace       used 40392K, committed 40768K, reserved 1089536K
  class space    used 5359K, committed 5504K, reserved 1048576K
}
Event: 4.999 GC heap before
{Heap before GC invocations=11 (full 0):
 garbage-first heap   total 68608K, used 29144K [0x0000000080000000, 0x0000000100000000)
  region size 1024K, 5 young (5120K), 4 survivors (4096K)
 Metaspace       used 40392K, committed 40768K, reserved 1089536K
  class space    used 5359K, committed 5504K, reserved 1048576K
}
Event: 5.001 GC heap after
{Heap after GC invocations=12 (full 0):
 garbage-first heap   total 68608K, used 27977K [0x0000000080000000, 0x0000000100000000)
  region size 1024K, 1 young (1024K), 1 survivors (1024K)
 Metaspace       used 40392K, committed 40768K, reserved 1089536K
  class space    used 5359K, committed 5504K, reserved 1048576K
}
Event: 5.246 GC heap before
{Heap before GC invocations=12 (full 0):
 garbage-first heap   total 68608K, used 52553K [0x0000000080000000, 0x0000000100000000)
  region size 1024K, 22 young (22528K), 1 survivors (1024K)
 Metaspace       used 42864K, committed 43264K, reserved 1089536K
  class space    used 5628K, committed 5760K, reserved 1048576K
}
Event: 5.249 GC heap after
{Heap after GC invocations=13 (full 0):
 garbage-first heap   total 142336K, used 29912K [0x0000000080000000, 0x0000000100000000)
  region size 1024K, 3 young (3072K), 3 survivors (3072K)
 Metaspace       used 42864K, committed 43264K, reserved 1089536K
  class space    used 5628K, committed 5760K, reserved 1048576K
}
Event: 6.281 GC heap before
{Heap before GC invocations=13 (full 0):
 garbage-first heap   total 142336K, used 101592K [0x0000000080000000, 0x0000000100000000)
  region size 1024K, 72 young (73728K), 3 survivors (3072K)
 Metaspace       used 51290K, committed 51776K, reserved 1097728K
  class space    used 6871K, committed 7104K, reserved 1048576K
}
Event: 6.286 GC heap after
{Heap after GC invocations=14 (full 0):
 garbage-first heap   total 142336K, used 34056K [0x0000000080000000, 0x0000000100000000)
  region size 1024K, 7 young (7168K), 7 survivors (7168K)
 Metaspace       used 51290K, committed 51776K, reserved 1097728K
  class space    used 6871K, committed 7104K, reserved 1048576K
}
Event: 12.352 GC heap before
{Heap before GC invocations=14 (full 0):
 garbage-first heap   total 142336K, used 113928K [0x0000000080000000, 0x0000000100000000)
  region size 1024K, 76 young (77824K), 7 survivors (7168K)
 Metaspace       used 53756K, committed 54272K, reserved 1097728K
  class space    used 7153K, committed 7360K, reserved 1048576K
}
Event: 12.358 GC heap after
{Heap after GC invocations=15 (full 0):
 garbage-first heap   total 142336K, used 53627K [0x0000000080000000, 0x0000000100000000)
  region size 1024K, 10 young (10240K), 10 survivors (10240K)
 Metaspace       used 53756K, committed 54272K, reserved 1097728K
  class space    used 7153K, committed 7360K, reserved 1048576K
}

Dll operation events (2 events):
Event: 0.039 Loaded shared library E:\PC\Android\jbr\bin\java.dll
Event: 0.715 Loaded shared library E:\PC\Android\jbr\bin\verify.dll

Deoptimization events (20 events):
Event: 12.622 Thread 0x0000024b34609550 Uncommon trap: trap_request=0xffffffde fr.pc=0x0000024b21bd1c24 relative=0x00000000000008a4
Event: 12.622 Thread 0x0000024b34609550 Uncommon trap: reason=class_check action=maybe_recompile pc=0x0000024b21bd1c24 method=java.io.BufferedInputStream.read1([BII)I @ 39 c2
Event: 12.622 Thread 0x0000024b34609550 DEOPT PACKING pc=0x0000024b21bd1c24 sp=0x000000af846f78e0
Event: 12.622 Thread 0x0000024b34609550 DEOPT UNPACKING pc=0x0000024b214f69a3 sp=0x000000af846f77f8 mode 2
Event: 12.622 Thread 0x0000024b34609550 Uncommon trap: trap_request=0xffffffde fr.pc=0x0000024b21bd2bfc relative=0x00000000000001bc
Event: 12.622 Thread 0x0000024b34609550 Uncommon trap: reason=class_check action=maybe_recompile pc=0x0000024b21bd2bfc method=java.io.BufferedInputStream.read1([BII)I @ 39 c2
Event: 12.622 Thread 0x0000024b34609550 DEOPT PACKING pc=0x0000024b21bd2bfc sp=0x000000af846f7830
Event: 12.622 Thread 0x0000024b34609550 DEOPT UNPACKING pc=0x0000024b214f69a3 sp=0x000000af846f77e8 mode 2
Event: 12.687 Thread 0x0000024b34609550 Uncommon trap: trap_request=0xffffffde fr.pc=0x0000024b21c701b0 relative=0x0000000000000350
Event: 12.687 Thread 0x0000024b34609550 Uncommon trap: reason=class_check action=maybe_recompile pc=0x0000024b21c701b0 method=java.util.stream.AbstractPipeline.copyIntoWithCancel(Ljava/util/stream/Sink;Ljava/util/Spliterator;)Z @ 32 c2
Event: 12.687 Thread 0x0000024b34609550 DEOPT PACKING pc=0x0000024b21c701b0 sp=0x000000af846f6c40
Event: 12.687 Thread 0x0000024b34609550 DEOPT UNPACKING pc=0x0000024b214f69a3 sp=0x000000af846f6b00 mode 2
Event: 12.687 Thread 0x0000024b34609550 Uncommon trap: trap_request=0xffffffde fr.pc=0x0000024b21c701b0 relative=0x0000000000000350
Event: 12.687 Thread 0x0000024b34609550 Uncommon trap: reason=class_check action=maybe_recompile pc=0x0000024b21c701b0 method=java.util.stream.AbstractPipeline.copyIntoWithCancel(Ljava/util/stream/Sink;Ljava/util/Spliterator;)Z @ 32 c2
Event: 12.687 Thread 0x0000024b34609550 DEOPT PACKING pc=0x0000024b21c701b0 sp=0x000000af846f6c40
Event: 12.687 Thread 0x0000024b34609550 DEOPT UNPACKING pc=0x0000024b214f69a3 sp=0x000000af846f6b00 mode 2
Event: 12.687 Thread 0x0000024b34609550 Uncommon trap: trap_request=0xffffffde fr.pc=0x0000024b21c701b0 relative=0x0000000000000350
Event: 12.687 Thread 0x0000024b34609550 Uncommon trap: reason=class_check action=maybe_recompile pc=0x0000024b21c701b0 method=java.util.stream.AbstractPipeline.copyIntoWithCancel(Ljava/util/stream/Sink;Ljava/util/Spliterator;)Z @ 32 c2
Event: 12.687 Thread 0x0000024b34609550 DEOPT PACKING pc=0x0000024b21c701b0 sp=0x000000af846f6c40
Event: 12.687 Thread 0x0000024b34609550 DEOPT UNPACKING pc=0x0000024b214f69a3 sp=0x000000af846f6b00 mode 2

Classes unloaded (0 events):
No events

Classes redefined (0 events):
No events

Internal exceptions (20 events):
Event: 6.370 Thread 0x0000024b34609550 Exception <a 'java/lang/NoSuchMethodError'{0x00000000887ed320}: 'java.lang.Object java.lang.invoke.DirectMethodHandle$Holder.newInvokeSpecial(java.lang.Object, java.lang.Object, java.lang.Object, java.lang.Object, java.lang.Object, int)'> (0x00000000887ed320) 
thrown [s\src\hotspot\share\interpreter\linkResolver.cpp, line 771]
Event: 6.370 Thread 0x0000024b34609550 Exception <a 'java/lang/NoSuchMethodError'{0x00000000887f2978}: 'java.lang.Object java.lang.invoke.DirectMethodHandle$Holder.invokeSpecial(java.lang.Object, java.lang.Object, java.lang.Object, java.lang.Object, java.lang.Object, java.lang.Object, int)'> (0x00000000887f2978) 
thrown [s\src\hotspot\share\interpreter\linkResolver.cpp, line 771]
Event: 6.383 Thread 0x0000024b34609550 Exception <a 'java/lang/NoSuchMethodError'{0x00000000886c3eb0}: 'void java.lang.invoke.DirectMethodHandle$Holder.invokeStatic(java.lang.Object, java.lang.Object, java.lang.Object, int, java.lang.Object)'> (0x00000000886c3eb0) 
thrown [s\src\hotspot\share\interpreter\linkResolver.cpp, line 771]
Event: 6.515 Thread 0x0000024b34609550 Exception <a 'java/lang/NoSuchMethodError'{0x00000000882ad308}: 'java.lang.Object java.lang.invoke.DirectMethodHandle$Holder.newInvokeSpecial(java.lang.Object, java.lang.Object, int)'> (0x00000000882ad308) 
thrown [s\src\hotspot\share\interpreter\linkResolver.cpp, line 771]
Event: 8.497 Thread 0x0000024b34609550 Exception <a 'java/lang/NoSuchMethodError'{0x00000000857448a8}: 'long java.lang.invoke.DirectMethodHandle$Holder.invokeVirtual(java.lang.Object, java.lang.Object)'> (0x00000000857448a8) 
thrown [s\src\hotspot\share\interpreter\linkResolver.cpp, line 771]
Event: 8.502 Thread 0x0000024b3315e6f0 Exception <a 'java/lang/NoSuchMethodError'{0x00000000857859d8}: static Lorg/gradle/internal/build/event/types/DefaultOperationFinishedProgressEvent;.<clinit>()V> (0x00000000857859d8) 
thrown [s\src\hotspot\share\prims\jni.cpp, line 1108]
Event: 8.504 Thread 0x0000024b3315e6f0 Exception <a 'java/lang/NoSuchMethodError'{0x00000000857a7b00}: static Lorg/gradle/internal/build/event/types/DefaultProjectConfigurationSuccessResult;.<clinit>()V> (0x00000000857a7b00) 
thrown [s\src\hotspot\share\prims\jni.cpp, line 1108]
Event: 8.504 Thread 0x0000024b3315e6f0 Exception <a 'java/lang/NoSuchMethodError'{0x00000000857a8bb8}: static Lorg/gradle/internal/build/event/types/AbstractProjectConfigurationResult;.<clinit>()V> (0x00000000857a8bb8) 
thrown [s\src\hotspot\share\prims\jni.cpp, line 1108]
Event: 8.504 Thread 0x0000024b3315e6f0 Exception <a 'java/lang/NoSuchMethodError'{0x00000000857a9e68}: static Lorg/gradle/internal/build/event/types/AbstractOperationResult;.<clinit>()V> (0x00000000857a9e68) 
thrown [s\src\hotspot\share\prims\jni.cpp, line 1108]
Event: 8.505 Thread 0x0000024b3315e6f0 Exception <a 'java/lang/NoSuchMethodError'{0x00000000857ab088}: static Lorg/gradle/internal/build/event/types/AbstractResult;.<clinit>()V> (0x00000000857ab088) 
thrown [s\src\hotspot\share\prims\jni.cpp, line 1108]
Event: 8.505 Thread 0x0000024b3315e6f0 Exception <a 'java/lang/NoSuchMethodError'{0x00000000857bec80}: static Lorg/gradle/internal/build/event/types/DefaultPluginApplicationResult;.<clinit>()V> (0x00000000857bec80) 
thrown [s\src\hotspot\share\prims\jni.cpp, line 1108]
Event: 8.506 Thread 0x0000024b3315e6f0 Exception <a 'java/lang/NoSuchMethodError'{0x00000000857c91c0}: static Lorg/gradle/internal/build/event/types/DefaultBinaryPluginIdentifier;.<clinit>()V> (0x00000000857c91c0) 
thrown [s\src\hotspot\share\prims\jni.cpp, line 1108]
Event: 8.508 Thread 0x0000024b3315e6f0 Exception <a 'java/lang/NoSuchMethodError'{0x00000000857dcd58}: static Lorg/gradle/internal/build/event/types/DefaultScriptPluginIdentifier;.<clinit>()V> (0x00000000857dcd58) 
thrown [s\src\hotspot\share\prims\jni.cpp, line 1108]
Event: 8.664 Thread 0x0000024b34609550 Implicit null exception at 0x0000024b21d1b112 to 0x0000024b21d1b778
Event: 12.344 Thread 0x0000024b34609550 Exception <a 'java/lang/ClassNotFoundException'{0x00000000846ac3a0}: org/gradle/api/internal/plugins/DefaultObjectConfigurationActionBeanInfo> (0x00000000846ac3a0) 
thrown [s\src\hotspot\share\classfile\systemDictionary.cpp, line 256]
Event: 12.344 Thread 0x0000024b34609550 Exception <a 'java/lang/ClassNotFoundException'{0x00000000846c0128}: org/gradle/api/internal/plugins/DefaultObjectConfigurationActionCustomizer> (0x00000000846c0128) 
thrown [s\src\hotspot\share\classfile\systemDictionary.cpp, line 256]
Event: 12.495 Thread 0x0000024b34609550 Exception <a 'java/lang/NoSuchMethodError'{0x00000000880b0590}: 'java.lang.Object java.lang.invoke.DirectMethodHandle$Holder.newInvokeSpecial(java.lang.Object, java.lang.Object, java.lang.Object, java.lang.Object, int)'> (0x00000000880b0590) 
thrown [s\src\hotspot\share\interpreter\linkResolver.cpp, line 771]
Event: 12.495 Thread 0x0000024b34609550 Exception <a 'java/lang/NoSuchMethodError'{0x00000000880b59d8}: 'java.lang.Object java.lang.invoke.DirectMethodHandle$Holder.invokeSpecial(java.lang.Object, java.lang.Object, java.lang.Object, java.lang.Object, java.lang.Object, int)'> (0x00000000880b59d8) 
thrown [s\src\hotspot\share\interpreter\linkResolver.cpp, line 771]
Event: 12.496 Thread 0x0000024b34609550 Exception <a 'java/lang/NoSuchMethodError'{0x00000000880ba758}: 'java.lang.Object java.lang.invoke.Invokers$Holder.linkToTargetMethod(java.lang.Object, java.lang.Object, java.lang.Object, int, java.lang.Object)'> (0x00000000880ba758) 
thrown [s\src\hotspot\share\interpreter\linkResolver.cpp, line 771]
Event: 12.656 Thread 0x0000024b34609550 Exception <a 'java/lang/NoSuchMethodError'{0x0000000087343aa0}: 'int java.lang.invoke.DirectMethodHandle$Holder.invokeInterface(java.lang.Object, java.lang.Object, java.lang.Object, java.lang.Object)'> (0x0000000087343aa0) 
thrown [s\src\hotspot\share\interpreter\linkResolver.cpp, line 771]

VM Operations (20 events):
Event: 8.591 Executing VM operation: HandshakeAllThreads
Event: 8.591 Executing VM operation: HandshakeAllThreads done
Event: 8.609 Executing VM operation: HandshakeAllThreads
Event: 8.609 Executing VM operation: HandshakeAllThreads done
Event: 8.664 Executing VM operation: ICBufferFull
Event: 8.664 Executing VM operation: ICBufferFull done
Event: 9.671 Executing VM operation: Cleanup
Event: 9.671 Executing VM operation: Cleanup done
Event: 10.684 Executing VM operation: Cleanup
Event: 10.684 Executing VM operation: Cleanup done
Event: 11.693 Executing VM operation: Cleanup
Event: 11.693 Executing VM operation: Cleanup done
Event: 12.352 Executing VM operation: G1CollectForAllocation
Event: 12.358 Executing VM operation: G1CollectForAllocation done
Event: 12.518 Executing VM operation: HandshakeAllThreads
Event: 12.518 Executing VM operation: HandshakeAllThreads done
Event: 12.649 Executing VM operation: HandshakeAllThreads
Event: 12.649 Executing VM operation: HandshakeAllThreads done
Event: 12.655 Executing VM operation: HandshakeAllThreads
Event: 12.655 Executing VM operation: HandshakeAllThreads done

Events (20 events):
Event: 12.825 loading class java/time/format/DateTimeFormatterBuilder$FractionPrinterParser
Event: 12.825 loading class java/time/format/DateTimeFormatterBuilder$FractionPrinterParser done
Event: 12.825 loading class java/time/format/DateTimeFormatterBuilder$ZoneIdPrinterParser
Event: 12.825 loading class java/time/format/DateTimeFormatterBuilder$ZoneIdPrinterParser done
Event: 12.825 loading class java/time/format/DateTimeFormatterBuilder$StringLiteralPrinterParser
Event: 12.825 loading class java/time/format/DateTimeFormatterBuilder$StringLiteralPrinterParser done
Event: 12.825 loading class java/time/format/DateTimeFormatterBuilder$InstantPrinterParser
Event: 12.825 loading class java/time/format/DateTimeFormatterBuilder$InstantPrinterParser done
Event: 12.826 loading class java/time/format/DateTimeTextProvider$LocaleStore
Event: 12.826 loading class java/time/format/DateTimeTextProvider$LocaleStore done
Event: 12.826 loading class java/time/format/DateTimeTextProvider
Event: 12.826 loading class java/time/format/DateTimeTextProvider done
Event: 12.826 loading class java/time/format/DateTimeTextProvider$1
Event: 12.826 loading class java/time/format/DateTimeTextProvider$1 done
Event: 12.826 loading class java/time/format/DateTimeFormatterBuilder$1
Event: 12.826 loading class java/time/format/DateTimeFormatterBuilder$1 done
Event: 12.826 loading class java/time/format/DateTimeFormatterBuilder$TextPrinterParser
Event: 12.826 loading class java/time/format/DateTimeFormatterBuilder$TextPrinterParser done
Event: 12.827 loading class java/util/concurrent/Executors$DefaultThreadFactory
Event: 12.828 loading class java/util/concurrent/Executors$DefaultThreadFactory done


Dynamic libraries:
0x00007ff75ef10000 - 0x00007ff75ef1a000 	E:\PC\Android\jbr\bin\java.exe
0x00007ffb61310000 - 0x00007ffb61526000 	C:\WINDOWS\SYSTEM32\ntdll.dll
0x00007ffb5ffc0000 - 0x00007ffb60084000 	C:\WINDOWS\System32\KERNEL32.DLL
0x00007ffb5e890000 - 0x00007ffb5ec36000 	C:\WINDOWS\System32\KERNELBASE.dll
0x00007ffb5ec40000 - 0x00007ffb5ed51000 	C:\WINDOWS\System32\ucrtbase.dll
0x00007ffac0950000 - 0x00007ffac0967000 	E:\PC\Android\jbr\bin\jli.dll
0x00007ffb60160000 - 0x00007ffb6030d000 	C:\WINDOWS\System32\USER32.dll
0x00007ffb5ed60000 - 0x00007ffb5ed86000 	C:\WINDOWS\System32\win32u.dll
0x00007ffb5f0a0000 - 0x00007ffb5f0c9000 	C:\WINDOWS\System32\GDI32.dll
0x00007ffb5eec0000 - 0x00007ffb5efd8000 	C:\WINDOWS\System32\gdi32full.dll
0x00007ffb5e7f0000 - 0x00007ffb5e88a000 	C:\WINDOWS\System32\msvcp_win.dll
0x00007ffb47080000 - 0x00007ffb47313000 	C:\WINDOWS\WinSxS\amd64_microsoft.windows.common-controls_6595b64144ccf1df_6.0.22621.3235_none_270f74e173860f98\COMCTL32.dll
0x00007ffb5f180000 - 0x00007ffb5f227000 	C:\WINDOWS\System32\msvcrt.dll
0x00007ffa4a4b0000 - 0x00007ffa4a4cb000 	E:\PC\Android\jbr\bin\VCRUNTIME140.dll
0x00007ffb5f060000 - 0x00007ffb5f091000 	C:\WINDOWS\System32\IMM32.DLL
0x00007ffb13fe0000 - 0x00007ffb13fec000 	E:\PC\Android\jbr\bin\vcruntime140_1.dll
0x00007ffa46a20000 - 0x00007ffa46aad000 	E:\PC\Android\jbr\bin\msvcp140.dll
0x00007ffa2b2e0000 - 0x00007ffa2bf4e000 	E:\PC\Android\jbr\bin\server\jvm.dll
0x00007ffb5f390000 - 0x00007ffb5f442000 	C:\WINDOWS\System32\ADVAPI32.dll
0x00007ffb60310000 - 0x00007ffb603b8000 	C:\WINDOWS\System32\sechost.dll
0x00007ffb5e7c0000 - 0x00007ffb5e7e8000 	C:\WINDOWS\System32\bcrypt.dll
0x00007ffb5f450000 - 0x00007ffb5f565000 	C:\WINDOWS\System32\RPCRT4.dll
0x00007ffb57ea0000 - 0x00007ffb57ed4000 	C:\WINDOWS\SYSTEM32\WINMM.dll
0x00007ffb56630000 - 0x00007ffb5663a000 	C:\WINDOWS\SYSTEM32\VERSION.dll
0x00007ffb32740000 - 0x00007ffb32749000 	C:\WINDOWS\SYSTEM32\WSOCK32.dll
0x00007ffb609e0000 - 0x00007ffb60a51000 	C:\WINDOWS\System32\ws2_32.DLL
0x00007ffb5d690000 - 0x00007ffb5d6a8000 	C:\WINDOWS\SYSTEM32\kernel.appcore.dll
0x00007ffb58080000 - 0x00007ffb5808a000 	E:\PC\Android\jbr\bin\jimage.dll
0x00007ffb4d200000 - 0x00007ffb4d433000 	C:\WINDOWS\SYSTEM32\DBGHELP.DLL
0x00007ffb5f6d0000 - 0x00007ffb5fa58000 	C:\WINDOWS\System32\combase.dll
0x00007ffb604c0000 - 0x00007ffb60597000 	C:\WINDOWS\System32\OLEAUT32.dll
0x00007ffb41210000 - 0x00007ffb41242000 	C:\WINDOWS\SYSTEM32\dbgcore.DLL
0x00007ffb5efe0000 - 0x00007ffb5f05a000 	C:\WINDOWS\System32\bcryptPrimitives.dll
0x00007ffa50a50000 - 0x00007ffa50a75000 	E:\PC\Android\jbr\bin\java.dll
0x00007ffb19390000 - 0x00007ffb193a8000 	E:\PC\Android\jbr\bin\zip.dll
0x00007ffb60a60000 - 0x00007ffb612bd000 	C:\WINDOWS\System32\SHELL32.dll
0x00007ffb5c5b0000 - 0x00007ffb5cea8000 	C:\WINDOWS\SYSTEM32\windows.storage.dll
0x00007ffb5c470000 - 0x00007ffb5c5ae000 	C:\WINDOWS\SYSTEM32\wintypes.dll
0x00007ffb603c0000 - 0x00007ffb604b3000 	C:\WINDOWS\System32\SHCORE.dll
0x00007ffb5f330000 - 0x00007ffb5f38e000 	C:\WINDOWS\System32\shlwapi.dll
0x00007ffb5e580000 - 0x00007ffb5e5a6000 	C:\WINDOWS\SYSTEM32\profapi.dll
0x00007ffb192a0000 - 0x00007ffb192b9000 	E:\PC\Android\jbr\bin\net.dll
0x00007ffb581f0000 - 0x00007ffb58327000 	C:\WINDOWS\SYSTEM32\WINHTTP.dll
0x00007ffb5db10000 - 0x00007ffb5db79000 	C:\WINDOWS\system32\mswsock.dll
0x00007ffac15f0000 - 0x00007ffac1606000 	E:\PC\Android\jbr\bin\nio.dll
0x00007ffb519d0000 - 0x00007ffb519e0000 	E:\PC\Android\jbr\bin\verify.dll
0x00007ffa4a200000 - 0x00007ffa4a227000 	C:\Users\adric\.gradle\native\68d5fa5c4cc2d200863cafc0d521ce42e7d3e7ee720ec0a83991735586a16f82\windows-amd64\native-platform.dll
0x00007ffa369a0000 - 0x00007ffa36ae4000 	C:\Users\adric\.gradle\native\e376f236ea51e6404a007f0833ffe2c6e607c4080706a723a18a27aeea778392\windows-amd64\native-platform-file-events.dll
0x00007ffb56b80000 - 0x00007ffb56b89000 	E:\PC\Android\jbr\bin\management.dll
0x00007ffb54700000 - 0x00007ffb5470b000 	E:\PC\Android\jbr\bin\management_ext.dll
0x00007ffb60090000 - 0x00007ffb60098000 	C:\WINDOWS\System32\PSAPI.DLL
0x00007ffb5dd70000 - 0x00007ffb5dd8b000 	C:\WINDOWS\SYSTEM32\CRYPTSP.dll
0x00007ffb5d5f0000 - 0x00007ffb5d625000 	C:\WINDOWS\system32\rsaenh.dll
0x00007ffb5dc00000 - 0x00007ffb5dc2c000 	C:\WINDOWS\SYSTEM32\USERENV.dll
0x00007ffb5dd60000 - 0x00007ffb5dd6c000 	C:\WINDOWS\SYSTEM32\CRYPTBASE.dll
0x00007ffb5d150000 - 0x00007ffb5d17d000 	C:\WINDOWS\SYSTEM32\IPHLPAPI.DLL
0x00007ffb600a0000 - 0x00007ffb600a9000 	C:\WINDOWS\System32\NSI.dll
0x00007ffb58420000 - 0x00007ffb58439000 	C:\WINDOWS\SYSTEM32\dhcpcsvc6.DLL
0x00007ffb58180000 - 0x00007ffb5819f000 	C:\WINDOWS\SYSTEM32\dhcpcsvc.DLL
0x00007ffb5d180000 - 0x00007ffb5d279000 	C:\WINDOWS\SYSTEM32\DNSAPI.dll
0x00007ffb2d700000 - 0x00007ffb2d708000 	C:\WINDOWS\system32\wshunix.dll

dbghelp: loaded successfully - version: 4.0.5 - missing functions: none
symbol engine: initialized successfully - sym options: 0x614 - pdb path: .;E:\PC\Android\jbr\bin;C:\WINDOWS\SYSTEM32;C:\WINDOWS\WinSxS\amd64_microsoft.windows.common-controls_6595b64144ccf1df_6.0.22621.3235_none_270f74e173860f98;E:\PC\Android\jbr\bin\server;C:\Users\adric\.gradle\native\68d5fa5c4cc2d200863cafc0d521ce42e7d3e7ee720ec0a83991735586a16f82\windows-amd64;C:\Users\adric\.gradle\native\e376f236ea51e6404a007f0833ffe2c6e607c4080706a723a18a27aeea778392\windows-amd64

VM Arguments:
jvm_args: --add-opens=java.base/java.util=ALL-UNNAMED --add-opens=java.base/java.lang=ALL-UNNAMED --add-opens=java.base/java.lang.invoke=ALL-UNNAMED --add-opens=java.prefs/java.util.prefs=ALL-UNNAMED --add-opens=java.base/java.nio.charset=ALL-UNNAMED --add-opens=java.base/java.net=ALL-UNNAMED --add-opens=java.base/java.util.concurrent.atomic=ALL-UNNAMED -Xmx2048m -Dfile.encoding=UTF-8 -Duser.country=ES -Duser.language=es -Duser.variant 
java_command: org.gradle.launcher.daemon.bootstrap.GradleDaemon 8.0
java_class_path (initial): C:\Users\adric\.gradle\wrapper\dists\gradle-8.0-bin\ca5e32bp14vu59qr306oxotwh\gradle-8.0\lib\gradle-launcher-8.0.jar
Launcher Type: SUN_STANDARD

[Global flags]
     intx CICompilerCount                          = 4                                         {product} {ergonomic}
     uint ConcGCThreads                            = 3                                         {product} {ergonomic}
     uint G1ConcRefinementThreads                  = 10                                        {product} {ergonomic}
   size_t G1HeapRegionSize                         = 1048576                                   {product} {ergonomic}
    uintx GCDrainStackTargetSize                   = 64                                        {product} {ergonomic}
   size_t InitialHeapSize                          = 123731968                                 {product} {ergonomic}
   size_t MarkStackSize                            = 4194304                                   {product} {ergonomic}
   size_t MaxHeapSize                              = 2147483648                                {product} {command line}
   size_t MaxNewSize                               = 1287651328                                {product} {ergonomic}
   size_t MinHeapDeltaBytes                        = 1048576                                   {product} {ergonomic}
   size_t MinHeapSize                              = 8388608                                   {product} {ergonomic}
    uintx NonNMethodCodeHeapSize                   = 5839372                                {pd product} {ergonomic}
    uintx NonProfiledCodeHeapSize                  = 122909434                              {pd product} {ergonomic}
    uintx ProfiledCodeHeapSize                     = 122909434                              {pd product} {ergonomic}
    uintx ReservedCodeCacheSize                    = 251658240                              {pd product} {ergonomic}
     bool SegmentedCodeCache                       = true                                      {product} {ergonomic}
   size_t SoftMaxHeapSize                          = 2147483648                             {manageable} {ergonomic}
     bool UseCompressedClassPointers               = true                           {product lp64_product} {ergonomic}
     bool UseCompressedOops                        = true                           {product lp64_product} {ergonomic}
     bool UseG1GC                                  = true                                      {product} {ergonomic}
     bool UseLargePagesIndividualAllocation        = false                                  {pd product} {ergonomic}

Logging:
Log output configuration:
 #0: stdout all=warning uptime,level,tags
 #1: stderr all=off uptime,level,tags

Environment Variables:
JAVA_HOME=C:\Program Files\Eclipse Adoptium\jdk-17.0.8.101-hotspot\
PATH=C:\Program Files\Eclipse Adoptium\jdk-17.0.8.101-hotspot\bin;C:\Program Files (x86)\Common Files\Oracle\Java\javapath;C:\windows\system32;C:\windows;C:\windows\System32\Wbem;C:\windows\System32\WindowsPowerShell\v1.0\;C:\windows\System32\OpenSSH\;C:\Program Files (x86)\NVIDIA Corporation\PhysX\Common;C:\Program Files\NVIDIA Corporation\NVIDIA NvDLISR;C:\Program Files\dotnet\;C:\WINDOWS\system32;C:\WINDOWS;C:\WINDOWS\System32\Wbem;C:\WINDOWS\System32\WindowsPowerShell\v1.0\;C:\WINDOWS\System32\OpenSSH\;C:\Users\adric\.gradle\wrapper\dists\gradle-8.0-bin\ca5e32bp14vu59qr306oxotwh\gradle-8.0\bin;C:\Program Files\Microsoft SQL Server\Client SDK\ODBC\170\Tools\Binn\;C:\Program Files\Microsoft SQL Server\150\Tools\Binn\;C:\Program Files\MySQL\MySQL Shell 8.0\bin\;C:\Users\adric\AppData\Local\Microsoft\WindowsApps;C:\Users\adric\.dotnet\tools;C:\Users\adric\AppData\Local\Programs\Microsoft VS Code\bin;
USERNAME=adric
OS=Windows_NT
PROCESSOR_IDENTIFIER=AMD64 Family 25 Model 80 Stepping 0, AuthenticAMD
TMP=C:\Users\adric\AppData\Local\Temp
TEMP=C:\Users\adric\AppData\Local\Temp


JNI global refs:
JNI global refs: 25, weak refs: 1

JNI global refs memory usage: 843, weak refs: 841


---------------  S Y S T E M  ---------------

OS:
 Windows 11 , 64 bit Build 22621 (10.0.22621.3235)
OS uptime: 4 days 5:25 hours

CPU: total 12 (initial active 12) (12 cores per cpu, 2 threads per core) family 25 model 80 stepping 0 microcode 0x0, cx8, cmov, fxsr, ht, mmx, 3dnowpref, sse, sse2, sse3, ssse3, sse4a, sse4.1, sse4.2, popcnt, lzcnt, tsc, tscinvbit, avx, avx2, aes, erms, clmul, bmi1, bmi2, adx, sha, fma, vzeroupper, clflush, clflushopt

Memory: 4k page, system-wide physical 7521M (246M free)
TotalPageFile size 31073M (AvailPageFile size 6M)
current process WorkingSet (physical memory assigned to process): 315M, peak: 342M
current process commit charge ("private bytes"): 359M, peak: 393M

vm_info: OpenJDK 64-Bit Server VM (17.0.6+0-b2043.56-10027231) for windows-amd64 JRE (17.0.6+0-b2043.56-10027231), built on Apr 28 2023 00:43:19 by "androidbuild" with MS VC++ 16.10 / 16.11 (VS2019)

END.
