#
# There is insufficient memory for the Java Runtime Environment to continue.
# Native memory allocation (mmap) failed to map 35651584 bytes for G1 virtual space
# Possible reasons:
#   The system is out of physical RAM or swap space
#   The process is running with CompressedOops enabled, and the Java Heap may be blocking the growth of the native heap
# Possible solutions:
#   Reduce memory load on the system
#   Increase physical memory or swap space
#   Check if swap backing store is full
#   Decrease Java heap size (-Xmx/-Xms)
#   Decrease number of Java threads
#   Decrease Java thread stack sizes (-Xss)
#   Set larger code cache with -XX:ReservedCodeCacheSize=
#   JVM is running with Unscaled Compressed Oops mode in which the Java heap is
#     placed in the first 4GB address space. The Java Heap base address is the
#     maximum limit for the native heap growth. Please use -XX:HeapBaseMinAddress
#     to set the Java Heap base and to place the Java Heap above 4GB virtual address.
# This output file may be truncated or incomplete.
#
#  Out of Memory Error (os_windows.cpp:3769), pid=36984, tid=35296
#
# JRE version: OpenJDK Runtime Environment (17.0.6) (build 17.0.6+0-b2043.56-10027231)
# Java VM: OpenJDK 64-Bit Server VM (17.0.6+0-b2043.56-10027231, mixed mode, tiered, compressed oops, compressed class ptrs, g1 gc, windows-amd64)
# No core dump will be written. Minidumps are not enabled by default on client versions of Windows
#

---------------  S U M M A R Y ------------

Command Line: --add-opens=java.base/java.util=ALL-UNNAMED --add-opens=java.base/java.lang=ALL-UNNAMED --add-opens=java.base/java.lang.invoke=ALL-UNNAMED --add-opens=java.prefs/java.util.prefs=ALL-UNNAMED --add-opens=java.base/java.nio.charset=ALL-UNNAMED --add-opens=java.base/java.net=ALL-UNNAMED --add-opens=java.base/java.util.concurrent.atomic=ALL-UNNAMED -Xmx2048m -Dfile.encoding=UTF-8 -Duser.country=ES -Duser.language=es -Duser.variant org.gradle.launcher.daemon.bootstrap.GradleDaemon 8.0

Host: AMD Ryzen 5 5600H with Radeon Graphics         , 12 cores, 7G,  Windows 11 , 64 bit Build 22621 (10.0.22621.3527)
Time: Mon Jun  3 16:00:12 2024 Hora de verano romance elapsed time: 13.033047 seconds (0d 0h 0m 13s)

---------------  T H R E A D  ---------------

Current thread (0x000002634e0bfb40):  VMThread "VM Thread" [stack: 0x000000e2b1700000,0x000000e2b1800000] [id=35296]

Stack: [0x000000e2b1700000,0x000000e2b1800000]
Native frames: (J=compiled Java code, j=interpreted, Vv=VM code, C=native code)
V  [jvm.dll+0x683c9a]
V  [jvm.dll+0x8427a4]
V  [jvm.dll+0x843f9e]
V  [jvm.dll+0x844603]
V  [jvm.dll+0x249b75]
V  [jvm.dll+0x680b69]
V  [jvm.dll+0x67505a]
V  [jvm.dll+0x309acb]
V  [jvm.dll+0x310f86]
V  [jvm.dll+0x3608ee]
V  [jvm.dll+0x360b1f]
V  [jvm.dll+0x2dfbf8]
V  [jvm.dll+0x2ddec4]
V  [jvm.dll+0x2dd4cc]
V  [jvm.dll+0x321f3b]
V  [jvm.dll+0x848ccb]
V  [jvm.dll+0x849a04]
V  [jvm.dll+0x849f1d]
V  [jvm.dll+0x84a2f4]
V  [jvm.dll+0x84a3c0]
V  [jvm.dll+0x7f274a]
V  [jvm.dll+0x682ad5]
C  [ucrtbase.dll+0x29333]
C  [KERNEL32.DLL+0x1257d]
C  [ntdll.dll+0x5aa48]

VM_Operation (0x000000e2b2ef5a00): G1CollectForAllocation, mode: safepoint, requested by thread 0x000002635038d080


---------------  P R O C E S S  ---------------

Threads class SMR info:
_java_thread_list=0x00000263559b05d0, length=170, elements={
0x0000026334372330, 0x000002634f02c020, 0x000002634f02cc90, 0x000002634e0ce4f0,
0x000002634f054010, 0x000002634f0548d0, 0x000002634f055280, 0x000002634f061520,
0x000002634f061fc0, 0x000002634f0658e0, 0x000002634f1f7010, 0x000002634f1f74e0,
0x0000026350855440, 0x00000263508cd090, 0x0000026351422050, 0x0000026350bbc690,
0x000002635038c6e0, 0x000002635038cbb0, 0x000002635038d080, 0x0000026351452d50,
0x0000026351453220, 0x0000026351454560, 0x0000026351455d70, 0x00000263514536f0,
0x0000026351454090, 0x00000263514558a0, 0x0000026351454f00, 0x00000263514553d0,
0x0000026351456240, 0x0000026351456710, 0x00000263514b18b0, 0x00000263514b5270,
0x00000263514b13e0, 0x00000263514b78f0, 0x00000263514b48d0, 0x00000263514b5c10,
0x00000263514b1d80, 0x00000263514b0570, 0x00000263514b65b0, 0x00000263514b0a40,
0x00000263514b3590, 0x00000263514b5740, 0x00000263514b6a80, 0x00000263514b6f50,
0x0000026355b4fc90, 0x0000026355b53180, 0x0000026355b514a0, 0x0000026355b53b20,
0x0000026355b4dae0, 0x0000026355b51970, 0x0000026355b52310, 0x0000026355b4f7c0,
0x0000026355b527e0, 0x0000026355b4e480, 0x0000026355b4e950, 0x0000026355b4d140,
0x0000026355b50630, 0x0000026355b4dfb0, 0x0000026355b50b00, 0x0000026355b50fd0,
0x0000026355b4d610, 0x0000026355b4f2f0, 0x0000026355b4ee20, 0x0000026355b51e40,
0x0000026355b50160, 0x0000026355b53ff0, 0x0000026355b52cb0, 0x0000026355b53650,
0x0000026355b4c7a0, 0x0000026355b4cc70, 0x0000026353c93050, 0x0000026353c921e0,
0x0000026353c956d0, 0x0000026353c95ba0, 0x0000026353c926b0, 0x0000026353c94d30,
0x0000026353c95200, 0x0000026353c94860, 0x0000026353c92b80, 0x0000026353c93520,
0x0000026353c939f0, 0x0000026353c93ec0, 0x0000026353c94390, 0x0000026353cbc3e0,
0x0000026353cba700, 0x0000026353cb8080, 0x0000026353cb8a20, 0x0000026353cb5060,
0x0000026353cbb0a0, 0x0000026353cb5ed0, 0x0000026353cb8ef0, 0x0000026353cb63a0,
0x0000026353cbba40, 0x0000026353cb8550, 0x0000026353cb5530, 0x0000026353cb6870,
0x0000026353cbb570, 0x0000026353cb93c0, 0x0000026353cb76e0, 0x0000026353cb9890,
0x0000026353cb9d60, 0x0000026353cb5a00, 0x0000026353cba230, 0x0000026353cbabd0,
0x0000026353cb7bb0, 0x0000026353cbbf10, 0x0000026353cbc8b0, 0x0000026353cb6d40,
0x0000026353cb7210, 0x0000026353cc13d0, 0x0000026353cc3f20, 0x0000026353cc1d70,
0x0000026353cc0a30, 0x0000026353cc18a0, 0x0000026353cbe3b0, 0x0000026353cbe880,
0x0000026353cc3580, 0x0000026353cc3a50, 0x0000026353cc30b0, 0x0000026353cbf220,
0x0000026353cbd540, 0x0000026353cbda10, 0x0000026353cc2be0, 0x0000026353cc0f00,
0x0000026353cc0090, 0x0000026353cbdee0, 0x0000026353cbed50, 0x0000026353cbf6f0,
0x0000026353cbfbc0, 0x0000026353cc2240, 0x0000026353cc43f0, 0x0000026353cc2710,
0x0000026353cc48c0, 0x0000026353cc0560, 0x0000026353cbd070, 0x0000026355e023c0,
0x0000026355e04570, 0x0000026355e040a0, 0x0000026355dff3a0, 0x0000026355e01a20,
0x0000026355e01550, 0x0000026355e04f10, 0x0000026355dff870, 0x0000026355e04a40,
0x0000026355e03230, 0x0000026355e058b0, 0x0000026355e01080, 0x0000026355e01ef0,
0x0000026355e03bd0, 0x0000026355e053e0, 0x0000026355e02d60, 0x0000026355dfe060,
0x0000026355e03700, 0x0000026355dfe530, 0x0000026355dffd40, 0x0000026355e00210,
0x0000026355dfea00, 0x0000026355dfeed0, 0x0000026355e006e0, 0x0000026355e00bb0,
0x0000026355e02890, 0x0000026351de2ef0, 0x0000026351de0d40, 0x0000026351de2550,
0x0000026351de4230, 0x0000026351de33c0, 0x0000026351de4700, 0x0000026351ddfed0,
0x0000026351de0870, 0x0000026351de3890
}

Java Threads: ( => current thread )
  0x0000026334372330 JavaThread "main" [_thread_blocked, id=11436, stack(0x000000e2b1100000,0x000000e2b1200000)]
  0x000002634f02c020 JavaThread "Reference Handler" daemon [_thread_blocked, id=36088, stack(0x000000e2b1800000,0x000000e2b1900000)]
  0x000002634f02cc90 JavaThread "Finalizer" daemon [_thread_blocked, id=36968, stack(0x000000e2b1900000,0x000000e2b1a00000)]
  0x000002634e0ce4f0 JavaThread "Signal Dispatcher" daemon [_thread_blocked, id=34128, stack(0x000000e2b1a00000,0x000000e2b1b00000)]
  0x000002634f054010 JavaThread "Attach Listener" daemon [_thread_blocked, id=19992, stack(0x000000e2b1b00000,0x000000e2b1c00000)]
  0x000002634f0548d0 JavaThread "Service Thread" daemon [_thread_blocked, id=35952, stack(0x000000e2b1c00000,0x000000e2b1d00000)]
  0x000002634f055280 JavaThread "Monitor Deflation Thread" daemon [_thread_blocked, id=35992, stack(0x000000e2b1d00000,0x000000e2b1e00000)]
  0x000002634f061520 JavaThread "C2 CompilerThread0" daemon [_thread_blocked, id=32724, stack(0x000000e2b1e00000,0x000000e2b1f00000)]
  0x000002634f061fc0 JavaThread "C1 CompilerThread0" daemon [_thread_blocked, id=37572, stack(0x000000e2b1f00000,0x000000e2b2000000)]
  0x000002634f0658e0 JavaThread "Sweeper thread" daemon [_thread_blocked, id=36892, stack(0x000000e2b2000000,0x000000e2b2100000)]
  0x000002634f1f7010 JavaThread "Common-Cleaner" daemon [_thread_blocked, id=35292, stack(0x000000e2b2100000,0x000000e2b2200000)]
  0x000002634f1f74e0 JavaThread "Notification Thread" daemon [_thread_blocked, id=33900, stack(0x000000e2b2200000,0x000000e2b2300000)]
  0x0000026350855440 JavaThread "Daemon health stats" [_thread_blocked, id=1276, stack(0x000000e2b2800000,0x000000e2b2900000)]
  0x00000263508cd090 JavaThread "Incoming local TCP Connector on port 61798" [_thread_in_native, id=20304, stack(0x000000e2b2900000,0x000000e2b2a00000)]
  0x0000026351422050 JavaThread "Daemon periodic checks" [_thread_blocked, id=2932, stack(0x000000e2b2a00000,0x000000e2b2b00000)]
  0x0000026350bbc690 JavaThread "Daemon" [_thread_blocked, id=14748, stack(0x000000e2b2b00000,0x000000e2b2c00000)]
  0x000002635038c6e0 JavaThread "Handler for socket connection from /127.0.0.1:61798 to /127.0.0.1:61799" [_thread_in_native, id=4028, stack(0x000000e2b2c00000,0x000000e2b2d00000)]
  0x000002635038cbb0 JavaThread "Cancel handler" [_thread_blocked, id=4360, stack(0x000000e2b2d00000,0x000000e2b2e00000)]
  0x000002635038d080 JavaThread "Daemon worker" [_thread_blocked, id=4632, stack(0x000000e2b2e00000,0x000000e2b2f00000)]
  0x0000026351452d50 JavaThread "Asynchronous log dispatcher for DefaultDaemonConnection: socket connection from /127.0.0.1:61798 to /127.0.0.1:61799" [_thread_blocked, id=5216, stack(0x000000e2b2f00000,0x000000e2b3000000)]
  0x0000026351453220 JavaThread "Stdin handler" [_thread_blocked, id=5812, stack(0x000000e2b3000000,0x000000e2b3100000)]
  0x0000026351454560 JavaThread "Daemon client event forwarder" [_thread_blocked, id=13732, stack(0x000000e2b3100000,0x000000e2b3200000)]
  0x0000026351455d70 JavaThread "Cache worker for journal cache (C:\Users\adric\.gradle\caches\journal-1)" [_thread_blocked, id=4404, stack(0x000000e2b3900000,0x000000e2b3a00000)]
  0x00000263514536f0 JavaThread "File lock request listener" [_thread_in_native, id=4720, stack(0x000000e2b3a00000,0x000000e2b3b00000)]
  0x0000026351454090 JavaThread "Cache worker for file hash cache (C:\Users\adric\.gradle\caches\8.0\fileHashes)" [_thread_blocked, id=35400, stack(0x000000e2b3b00000,0x000000e2b3c00000)]
  0x00000263514558a0 JavaThread "File watcher server" daemon [_thread_in_native, id=13156, stack(0x000000e2b3d00000,0x000000e2b3e00000)]
  0x0000026351454f00 JavaThread "File watcher consumer" daemon [_thread_blocked, id=13496, stack(0x000000e2b3e00000,0x000000e2b3f00000)]
  0x00000263514553d0 JavaThread "Cache worker for checksums cache (C:\Users\adric\Music\RefriPolarAppMovil\.gradle\8.0\checksums)" [_thread_blocked, id=23608, stack(0x000000e2b3f00000,0x000000e2b4000000)]
  0x0000026351456240 JavaThread "Cache worker for cache directory md-rule (C:\Users\adric\.gradle\caches\8.0\md-rule)" [_thread_blocked, id=5232, stack(0x000000e2b4000000,0x000000e2b4100000)]
  0x0000026351456710 JavaThread "Cache worker for file content cache (C:\Users\adric\.gradle\caches\8.0\fileContent)" [_thread_blocked, id=19672, stack(0x000000e2b4100000,0x000000e2b4200000)]
  0x00000263514b18b0 JavaThread "Cache worker for file hash cache (C:\Users\adric\Music\RefriPolarAppMovil\.gradle\8.0\fileHashes)" [_thread_blocked, id=25396, stack(0x000000e2b4200000,0x000000e2b4300000)]
  0x00000263514b5270 JavaThread "Cache worker for cache directory md-supplier (C:\Users\adric\.gradle\caches\8.0\md-supplier)" [_thread_blocked, id=22696, stack(0x000000e2b4300000,0x000000e2b4400000)]
  0x00000263514b13e0 JavaThread "Cache worker for execution history cache (C:\Users\adric\.gradle\caches\8.0\executionHistory)" [_thread_blocked, id=22576, stack(0x000000e2b4400000,0x000000e2b4500000)]
  0x00000263514b78f0 JavaThread "jar transforms" [_thread_blocked, id=26012, stack(0x000000e2b4500000,0x000000e2b4600000)]
  0x00000263514b48d0 JavaThread "jar transforms Thread 2" [_thread_blocked, id=15212, stack(0x000000e2b4600000,0x000000e2b4700000)]
  0x00000263514b5c10 JavaThread "Cache worker for kotlin-dsl (C:\Users\adric\.gradle\caches\8.0\kotlin-dsl)" [_thread_blocked, id=25436, stack(0x000000e2b4800000,0x000000e2b4900000)]
  0x00000263514b1d80 JavaThread "jar transforms Thread 3" [_thread_blocked, id=9100, stack(0x000000e2b4900000,0x000000e2b4a00000)]
  0x00000263514b0570 JavaThread "jar transforms Thread 4" [_thread_blocked, id=19064, stack(0x000000e2b4a00000,0x000000e2b4b00000)]
  0x00000263514b65b0 JavaThread "Cache worker for dependencies-accessors (C:\Users\adric\Music\RefriPolarAppMovil\.gradle\8.0\dependencies-accessors)" [_thread_blocked, id=7716, stack(0x000000e2b4b00000,0x000000e2b4c00000)]
  0x00000263514b0a40 JavaThread "Cache worker for Build Output Cleanup Cache (C:\Users\adric\Music\RefriPolarAppMovil\.gradle\buildOutputCleanup)" [_thread_blocked, id=11124, stack(0x000000e2b4c00000,0x000000e2b4d00000)]
  0x00000263514b3590 JavaThread "jar transforms Thread 5" [_thread_blocked, id=1256, stack(0x000000e2b4d00000,0x000000e2b4e00000)]
  0x00000263514b5740 JavaThread "Unconstrained build operations" [_thread_blocked, id=17284, stack(0x000000e2b3c00000,0x000000e2b3d00000)]
  0x00000263514b6a80 JavaThread "Unconstrained build operations Thread 2" [_thread_blocked, id=12948, stack(0x000000e2b4f00000,0x000000e2b5000000)]
  0x00000263514b6f50 JavaThread "Unconstrained build operations Thread 3" [_thread_blocked, id=12920, stack(0x000000e2b5000000,0x000000e2b5100000)]
  0x0000026355b4fc90 JavaThread "Unconstrained build operations Thread 4" [_thread_blocked, id=8868, stack(0x000000e2b5100000,0x000000e2b5200000)]
  0x0000026355b53180 JavaThread "Unconstrained build operations Thread 5" [_thread_blocked, id=26476, stack(0x000000e2b5200000,0x000000e2b5300000)]
  0x0000026355b514a0 JavaThread "Unconstrained build operations Thread 6" [_thread_blocked, id=9644, stack(0x000000e2b5300000,0x000000e2b5400000)]
  0x0000026355b53b20 JavaThread "Unconstrained build operations Thread 7" [_thread_blocked, id=2100, stack(0x000000e2b5400000,0x000000e2b5500000)]
  0x0000026355b4dae0 JavaThread "Unconstrained build operations Thread 8" [_thread_blocked, id=13556, stack(0x000000e2b5500000,0x000000e2b5600000)]
  0x0000026355b51970 JavaThread "Unconstrained build operations Thread 9" [_thread_blocked, id=9964, stack(0x000000e2b5600000,0x000000e2b5700000)]
  0x0000026355b52310 JavaThread "Unconstrained build operations Thread 10" [_thread_blocked, id=5956, stack(0x000000e2b5700000,0x000000e2b5800000)]
  0x0000026355b4f7c0 JavaThread "Unconstrained build operations Thread 11" [_thread_blocked, id=7792, stack(0x000000e2b5800000,0x000000e2b5900000)]
  0x0000026355b527e0 JavaThread "Unconstrained build operations Thread 12" [_thread_blocked, id=25064, stack(0x000000e2b5900000,0x000000e2b5a00000)]
  0x0000026355b4e480 JavaThread "Unconstrained build operations Thread 13" [_thread_blocked, id=25124, stack(0x000000e2b5a00000,0x000000e2b5b00000)]
  0x0000026355b4e950 JavaThread "Unconstrained build operations Thread 14" [_thread_blocked, id=14160, stack(0x000000e2b5b00000,0x000000e2b5c00000)]
  0x0000026355b4d140 JavaThread "Unconstrained build operations Thread 15" [_thread_blocked, id=12952, stack(0x000000e2b5c00000,0x000000e2b5d00000)]
  0x0000026355b50630 JavaThread "Unconstrained build operations Thread 16" [_thread_blocked, id=11800, stack(0x000000e2b5d00000,0x000000e2b5e00000)]
  0x0000026355b4dfb0 JavaThread "Unconstrained build operations Thread 17" [_thread_blocked, id=15636, stack(0x000000e2b5e00000,0x000000e2b5f00000)]
  0x0000026355b50b00 JavaThread "Unconstrained build operations Thread 18" [_thread_blocked, id=11200, stack(0x000000e2b5f00000,0x000000e2b6000000)]
  0x0000026355b50fd0 JavaThread "Unconstrained build operations Thread 19" [_thread_blocked, id=4516, stack(0x000000e2b6000000,0x000000e2b6100000)]
  0x0000026355b4d610 JavaThread "Unconstrained build operations Thread 20" [_thread_blocked, id=27264, stack(0x000000e2b6100000,0x000000e2b6200000)]
  0x0000026355b4f2f0 JavaThread "Unconstrained build operations Thread 21" [_thread_blocked, id=23036, stack(0x000000e2b6200000,0x000000e2b6300000)]
  0x0000026355b4ee20 JavaThread "Unconstrained build operations Thread 22" [_thread_blocked, id=1660, stack(0x000000e2b6300000,0x000000e2b6400000)]
  0x0000026355b51e40 JavaThread "Unconstrained build operations Thread 23" [_thread_blocked, id=22924, stack(0x000000e2b6400000,0x000000e2b6500000)]
  0x0000026355b50160 JavaThread "Unconstrained build operations Thread 24" [_thread_blocked, id=30068, stack(0x000000e2b6500000,0x000000e2b6600000)]
  0x0000026355b53ff0 JavaThread "Unconstrained build operations Thread 25" [_thread_blocked, id=2900, stack(0x000000e2b6600000,0x000000e2b6700000)]
  0x0000026355b52cb0 JavaThread "Unconstrained build operations Thread 26" [_thread_blocked, id=16140, stack(0x000000e2b6700000,0x000000e2b6800000)]
  0x0000026355b53650 JavaThread "Unconstrained build operations Thread 27" [_thread_blocked, id=15016, stack(0x000000e2b6800000,0x000000e2b6900000)]
  0x0000026355b4c7a0 JavaThread "Unconstrained build operations Thread 28" [_thread_blocked, id=26160, stack(0x000000e2b6900000,0x000000e2b6a00000)]
  0x0000026355b4cc70 JavaThread "Unconstrained build operations Thread 29" [_thread_blocked, id=26544, stack(0x000000e2b6a00000,0x000000e2b6b00000)]
  0x0000026353c93050 JavaThread "Unconstrained build operations Thread 30" [_thread_blocked, id=19864, stack(0x000000e2b6b00000,0x000000e2b6c00000)]
  0x0000026353c921e0 JavaThread "Unconstrained build operations Thread 31" [_thread_blocked, id=3708, stack(0x000000e2b6c00000,0x000000e2b6d00000)]
  0x0000026353c956d0 JavaThread "Unconstrained build operations Thread 32" [_thread_blocked, id=6312, stack(0x000000e2b6d00000,0x000000e2b6e00000)]
  0x0000026353c95ba0 JavaThread "Unconstrained build operations Thread 33" [_thread_blocked, id=11232, stack(0x000000e2b6e00000,0x000000e2b6f00000)]
  0x0000026353c926b0 JavaThread "Unconstrained build operations Thread 34" [_thread_blocked, id=8880, stack(0x000000e2b6f00000,0x000000e2b7000000)]
  0x0000026353c94d30 JavaThread "Unconstrained build operations Thread 35" [_thread_blocked, id=18076, stack(0x000000e2b7000000,0x000000e2b7100000)]
  0x0000026353c95200 JavaThread "Unconstrained build operations Thread 36" [_thread_blocked, id=9240, stack(0x000000e2b7100000,0x000000e2b7200000)]
  0x0000026353c94860 JavaThread "Unconstrained build operations Thread 37" [_thread_blocked, id=30892, stack(0x000000e2b7200000,0x000000e2b7300000)]
  0x0000026353c92b80 JavaThread "Unconstrained build operations Thread 38" [_thread_blocked, id=16164, stack(0x000000e2b7300000,0x000000e2b7400000)]
  0x0000026353c93520 JavaThread "Unconstrained build operations Thread 39" [_thread_blocked, id=34592, stack(0x000000e2b7400000,0x000000e2b7500000)]
  0x0000026353c939f0 JavaThread "Unconstrained build operations Thread 40" [_thread_blocked, id=2860, stack(0x000000e2b7500000,0x000000e2b7600000)]
  0x0000026353c93ec0 JavaThread "Unconstrained build operations Thread 41" [_thread_blocked, id=9828, stack(0x000000e2b7600000,0x000000e2b7700000)]
  0x0000026353c94390 JavaThread "Unconstrained build operations Thread 42" [_thread_blocked, id=23780, stack(0x000000e2b7700000,0x000000e2b7800000)]
  0x0000026353cbc3e0 JavaThread "Unconstrained build operations Thread 43" [_thread_blocked, id=5760, stack(0x000000e2b7800000,0x000000e2b7900000)]
  0x0000026353cba700 JavaThread "Unconstrained build operations Thread 44" [_thread_blocked, id=13128, stack(0x000000e2b7900000,0x000000e2b7a00000)]
  0x0000026353cb8080 JavaThread "Unconstrained build operations Thread 45" [_thread_blocked, id=30880, stack(0x000000e2b7a00000,0x000000e2b7b00000)]
  0x0000026353cb8a20 JavaThread "Unconstrained build operations Thread 46" [_thread_blocked, id=31096, stack(0x000000e2b7b00000,0x000000e2b7c00000)]
  0x0000026353cb5060 JavaThread "Unconstrained build operations Thread 47" [_thread_blocked, id=16528, stack(0x000000e2b7c00000,0x000000e2b7d00000)]
  0x0000026353cbb0a0 JavaThread "Unconstrained build operations Thread 48" [_thread_blocked, id=34132, stack(0x000000e2b7d00000,0x000000e2b7e00000)]
  0x0000026353cb5ed0 JavaThread "Unconstrained build operations Thread 49" [_thread_blocked, id=30476, stack(0x000000e2b7e00000,0x000000e2b7f00000)]
  0x0000026353cb8ef0 JavaThread "Unconstrained build operations Thread 50" [_thread_blocked, id=31028, stack(0x000000e2b7f00000,0x000000e2b8000000)]
  0x0000026353cb63a0 JavaThread "Unconstrained build operations Thread 51" [_thread_blocked, id=35748, stack(0x000000e2b8000000,0x000000e2b8100000)]
  0x0000026353cbba40 JavaThread "Unconstrained build operations Thread 52" [_thread_blocked, id=34892, stack(0x000000e2b8100000,0x000000e2b8200000)]
  0x0000026353cb8550 JavaThread "Unconstrained build operations Thread 53" [_thread_blocked, id=32512, stack(0x000000e2b8200000,0x000000e2b8300000)]
  0x0000026353cb5530 JavaThread "Unconstrained build operations Thread 54" [_thread_blocked, id=36340, stack(0x000000e2b8300000,0x000000e2b8400000)]
  0x0000026353cb6870 JavaThread "Unconstrained build operations Thread 55" [_thread_blocked, id=764, stack(0x000000e2b8400000,0x000000e2b8500000)]
  0x0000026353cbb570 JavaThread "Unconstrained build operations Thread 56" [_thread_blocked, id=36624, stack(0x000000e2b8500000,0x000000e2b8600000)]
  0x0000026353cb93c0 JavaThread "Unconstrained build operations Thread 57" [_thread_blocked, id=35092, stack(0x000000e2b8600000,0x000000e2b8700000)]
  0x0000026353cb76e0 JavaThread "Unconstrained build operations Thread 58" [_thread_blocked, id=35364, stack(0x000000e2b8700000,0x000000e2b8800000)]
  0x0000026353cb9890 JavaThread "Unconstrained build operations Thread 59" [_thread_blocked, id=37584, stack(0x000000e2b8800000,0x000000e2b8900000)]
  0x0000026353cb9d60 JavaThread "Unconstrained build operations Thread 60" [_thread_blocked, id=26016, stack(0x000000e2b8900000,0x000000e2b8a00000)]
  0x0000026353cb5a00 JavaThread "Unconstrained build operations Thread 61" [_thread_blocked, id=33832, stack(0x000000e2b8a00000,0x000000e2b8b00000)]
  0x0000026353cba230 JavaThread "Unconstrained build operations Thread 62" [_thread_blocked, id=35868, stack(0x000000e2b8b00000,0x000000e2b8c00000)]
  0x0000026353cbabd0 JavaThread "Unconstrained build operations Thread 63" [_thread_blocked, id=31544, stack(0x000000e2b8c00000,0x000000e2b8d00000)]
  0x0000026353cb7bb0 JavaThread "Unconstrained build operations Thread 64" [_thread_blocked, id=37696, stack(0x000000e2b8d00000,0x000000e2b8e00000)]
  0x0000026353cbbf10 JavaThread "Unconstrained build operations Thread 65" [_thread_blocked, id=22304, stack(0x000000e2b8e00000,0x000000e2b8f00000)]
  0x0000026353cbc8b0 JavaThread "Unconstrained build operations Thread 66" [_thread_blocked, id=27076, stack(0x000000e2b8f00000,0x000000e2b9000000)]
  0x0000026353cb6d40 JavaThread "Unconstrained build operations Thread 67" [_thread_blocked, id=33608, stack(0x000000e2b9000000,0x000000e2b9100000)]
  0x0000026353cb7210 JavaThread "Unconstrained build operations Thread 68" [_thread_blocked, id=19536, stack(0x000000e2b9100000,0x000000e2b9200000)]
  0x0000026353cc13d0 JavaThread "Unconstrained build operations Thread 69" [_thread_blocked, id=34440, stack(0x000000e2b9200000,0x000000e2b9300000)]
  0x0000026353cc3f20 JavaThread "Unconstrained build operations Thread 70" [_thread_blocked, id=26352, stack(0x000000e2b9300000,0x000000e2b9400000)]
  0x0000026353cc1d70 JavaThread "Unconstrained build operations Thread 71" [_thread_blocked, id=23544, stack(0x000000e2b9400000,0x000000e2b9500000)]
  0x0000026353cc0a30 JavaThread "Unconstrained build operations Thread 72" [_thread_blocked, id=696, stack(0x000000e2b9500000,0x000000e2b9600000)]
  0x0000026353cc18a0 JavaThread "Unconstrained build operations Thread 73" [_thread_blocked, id=29340, stack(0x000000e2b9600000,0x000000e2b9700000)]
  0x0000026353cbe3b0 JavaThread "Unconstrained build operations Thread 74" [_thread_blocked, id=34512, stack(0x000000e2b9700000,0x000000e2b9800000)]
  0x0000026353cbe880 JavaThread "Unconstrained build operations Thread 75" [_thread_blocked, id=29112, stack(0x000000e2b9800000,0x000000e2b9900000)]
  0x0000026353cc3580 JavaThread "Unconstrained build operations Thread 76" [_thread_blocked, id=32420, stack(0x000000e2b9900000,0x000000e2b9a00000)]
  0x0000026353cc3a50 JavaThread "Unconstrained build operations Thread 77" [_thread_blocked, id=15796, stack(0x000000e2b9a00000,0x000000e2b9b00000)]
  0x0000026353cc30b0 JavaThread "Unconstrained build operations Thread 78" [_thread_blocked, id=9688, stack(0x000000e2b9b00000,0x000000e2b9c00000)]
  0x0000026353cbf220 JavaThread "Unconstrained build operations Thread 79" [_thread_blocked, id=25924, stack(0x000000e2b9c00000,0x000000e2b9d00000)]
  0x0000026353cbd540 JavaThread "Unconstrained build operations Thread 80" [_thread_blocked, id=2464, stack(0x000000e2b9d00000,0x000000e2b9e00000)]
  0x0000026353cbda10 JavaThread "Unconstrained build operations Thread 81" [_thread_blocked, id=4408, stack(0x000000e2b9e00000,0x000000e2b9f00000)]
  0x0000026353cc2be0 JavaThread "Unconstrained build operations Thread 82" [_thread_blocked, id=304, stack(0x000000e2b9f00000,0x000000e2ba000000)]
  0x0000026353cc0f00 JavaThread "Unconstrained build operations Thread 83" [_thread_blocked, id=18096, stack(0x000000e2ba000000,0x000000e2ba100000)]
  0x0000026353cc0090 JavaThread "Unconstrained build operations Thread 84" [_thread_blocked, id=34728, stack(0x000000e2ba100000,0x000000e2ba200000)]
  0x0000026353cbdee0 JavaThread "Unconstrained build operations Thread 85" [_thread_blocked, id=34148, stack(0x000000e2ba200000,0x000000e2ba300000)]
  0x0000026353cbed50 JavaThread "Unconstrained build operations Thread 86" [_thread_blocked, id=6704, stack(0x000000e2ba300000,0x000000e2ba400000)]
  0x0000026353cbf6f0 JavaThread "Unconstrained build operations Thread 87" [_thread_blocked, id=21548, stack(0x000000e2ba400000,0x000000e2ba500000)]
  0x0000026353cbfbc0 JavaThread "Unconstrained build operations Thread 88" [_thread_blocked, id=29508, stack(0x000000e2ba500000,0x000000e2ba600000)]
  0x0000026353cc2240 JavaThread "Unconstrained build operations Thread 89" [_thread_blocked, id=31536, stack(0x000000e2ba600000,0x000000e2ba700000)]
  0x0000026353cc43f0 JavaThread "Unconstrained build operations Thread 90" [_thread_blocked, id=10212, stack(0x000000e2ba700000,0x000000e2ba800000)]
  0x0000026353cc2710 JavaThread "Unconstrained build operations Thread 91" [_thread_blocked, id=33892, stack(0x000000e2ba800000,0x000000e2ba900000)]
  0x0000026353cc48c0 JavaThread "Unconstrained build operations Thread 92" [_thread_blocked, id=35168, stack(0x000000e2ba900000,0x000000e2baa00000)]
  0x0000026353cc0560 JavaThread "Unconstrained build operations Thread 93" [_thread_blocked, id=35312, stack(0x000000e2baa00000,0x000000e2bab00000)]
  0x0000026353cbd070 JavaThread "Unconstrained build operations Thread 94" [_thread_blocked, id=36960, stack(0x000000e2bab00000,0x000000e2bac00000)]
  0x0000026355e023c0 JavaThread "Unconstrained build operations Thread 95" [_thread_blocked, id=33324, stack(0x000000e2bac00000,0x000000e2bad00000)]
  0x0000026355e04570 JavaThread "Unconstrained build operations Thread 96" [_thread_blocked, id=37732, stack(0x000000e2bad00000,0x000000e2bae00000)]
  0x0000026355e040a0 JavaThread "Unconstrained build operations Thread 97" [_thread_blocked, id=37252, stack(0x000000e2bae00000,0x000000e2baf00000)]
  0x0000026355dff3a0 JavaThread "Unconstrained build operations Thread 98" [_thread_blocked, id=37660, stack(0x000000e2baf00000,0x000000e2bb000000)]
  0x0000026355e01a20 JavaThread "Unconstrained build operations Thread 99" [_thread_blocked, id=37244, stack(0x000000e2bb000000,0x000000e2bb100000)]
  0x0000026355e01550 JavaThread "Unconstrained build operations Thread 100" [_thread_blocked, id=35700, stack(0x000000e2bb100000,0x000000e2bb200000)]
  0x0000026355e04f10 JavaThread "Unconstrained build operations Thread 101" [_thread_blocked, id=15020, stack(0x000000e2bb200000,0x000000e2bb300000)]
  0x0000026355dff870 JavaThread "Unconstrained build operations Thread 102" [_thread_blocked, id=13936, stack(0x000000e2bb300000,0x000000e2bb400000)]
  0x0000026355e04a40 JavaThread "Unconstrained build operations Thread 103" [_thread_blocked, id=32192, stack(0x000000e2bb400000,0x000000e2bb500000)]
  0x0000026355e03230 JavaThread "Unconstrained build operations Thread 104" [_thread_blocked, id=32636, stack(0x000000e2bb500000,0x000000e2bb600000)]
  0x0000026355e058b0 JavaThread "Unconstrained build operations Thread 105" [_thread_blocked, id=37532, stack(0x000000e2bb600000,0x000000e2bb700000)]
  0x0000026355e01080 JavaThread "Unconstrained build operations Thread 106" [_thread_blocked, id=33952, stack(0x000000e2bb700000,0x000000e2bb800000)]
  0x0000026355e01ef0 JavaThread "Unconstrained build operations Thread 107" [_thread_blocked, id=37760, stack(0x000000e2bb800000,0x000000e2bb900000)]
  0x0000026355e03bd0 JavaThread "Unconstrained build operations Thread 108" [_thread_blocked, id=28500, stack(0x000000e2bb900000,0x000000e2bba00000)]
  0x0000026355e053e0 JavaThread "Unconstrained build operations Thread 109" [_thread_blocked, id=34908, stack(0x000000e2bba00000,0x000000e2bbb00000)]
  0x0000026355e02d60 JavaThread "Unconstrained build operations Thread 110" [_thread_blocked, id=27304, stack(0x000000e2bbb00000,0x000000e2bbc00000)]
  0x0000026355dfe060 JavaThread "Unconstrained build operations Thread 111" [_thread_blocked, id=33196, stack(0x000000e2bbc00000,0x000000e2bbd00000)]
  0x0000026355e03700 JavaThread "Unconstrained build operations Thread 112" [_thread_blocked, id=10048, stack(0x000000e2bbd00000,0x000000e2bbe00000)]
  0x0000026355dfe530 JavaThread "Unconstrained build operations Thread 113" [_thread_blocked, id=29488, stack(0x000000e2bbe00000,0x000000e2bbf00000)]
  0x0000026355dffd40 JavaThread "Unconstrained build operations Thread 114" [_thread_blocked, id=26428, stack(0x000000e2bbf00000,0x000000e2bc000000)]
  0x0000026355e00210 JavaThread "Unconstrained build operations Thread 115" [_thread_blocked, id=4420, stack(0x000000e2bc000000,0x000000e2bc100000)]
  0x0000026355dfea00 JavaThread "Unconstrained build operations Thread 116" [_thread_blocked, id=11028, stack(0x000000e2bc100000,0x000000e2bc200000)]
  0x0000026355dfeed0 JavaThread "Unconstrained build operations Thread 117" [_thread_blocked, id=11048, stack(0x000000e2bc200000,0x000000e2bc300000)]
  0x0000026355e006e0 JavaThread "Unconstrained build operations Thread 118" [_thread_blocked, id=14228, stack(0x000000e2bc300000,0x000000e2bc400000)]
  0x0000026355e00bb0 JavaThread "Unconstrained build operations Thread 119" [_thread_blocked, id=10332, stack(0x000000e2bc400000,0x000000e2bc500000)]
  0x0000026355e02890 JavaThread "Unconstrained build operations Thread 120" [_thread_blocked, id=2972, stack(0x000000e2bc500000,0x000000e2bc600000)]
  0x0000026351de2ef0 JavaThread "jar transforms Thread 6" [_thread_blocked, id=35268, stack(0x000000e2bc600000,0x000000e2bc700000)]
  0x0000026351de0d40 JavaThread "jar transforms Thread 7" [_thread_blocked, id=34484, stack(0x000000e2bc700000,0x000000e2bc800000)]
  0x0000026351de2550 JavaThread "jar transforms Thread 8" [_thread_blocked, id=36464, stack(0x000000e2bc800000,0x000000e2bc900000)]
  0x0000026351de4230 JavaThread "jar transforms Thread 9" [_thread_blocked, id=30644, stack(0x000000e2bc900000,0x000000e2bca00000)]
  0x0000026351de33c0 JavaThread "jar transforms Thread 10" [_thread_blocked, id=25172, stack(0x000000e2bca00000,0x000000e2bcb00000)]
  0x0000026351de4700 JavaThread "jar transforms Thread 11" [_thread_blocked, id=25024, stack(0x000000e2bcb00000,0x000000e2bcc00000)]
  0x0000026351ddfed0 JavaThread "jar transforms Thread 12" [_thread_blocked, id=8616, stack(0x000000e2bcc00000,0x000000e2bcd00000)]
  0x0000026351de0870 JavaThread "build event listener" [_thread_blocked, id=1632, stack(0x000000e2bcd00000,0x000000e2bce00000)]
  0x0000026351de3890 JavaThread "Memory manager" [_thread_blocked, id=25840, stack(0x000000e2bce00000,0x000000e2bcf00000)]

Other Threads:
=>0x000002634e0bfb40 VMThread "VM Thread" [stack: 0x000000e2b1700000,0x000000e2b1800000] [id=35296]
  0x000002634f2019f0 WatcherThread [stack: 0x000000e2b2300000,0x000000e2b2400000] [id=6072]
  0x00000263343d02a0 GCTaskThread "GC Thread#0" [stack: 0x000000e2b1200000,0x000000e2b1300000] [id=28924]
  0x000002634fd02370 GCTaskThread "GC Thread#1" [stack: 0x000000e2b2400000,0x000000e2b2500000] [id=11016]
  0x000002634f71a2c0 GCTaskThread "GC Thread#2" [stack: 0x000000e2b2500000,0x000000e2b2600000] [id=23864]
  0x0000026350190b00 GCTaskThread "GC Thread#3" [stack: 0x000000e2b2600000,0x000000e2b2700000] [id=25584]
  0x000002634fd00f60 GCTaskThread "GC Thread#4" [stack: 0x000000e2b2700000,0x000000e2b2800000] [id=1988]
  0x000002635091eb50 GCTaskThread "GC Thread#5" [stack: 0x000000e2b3200000,0x000000e2b3300000] [id=5816]
  0x000002635091ee00 GCTaskThread "GC Thread#6" [stack: 0x000000e2b3300000,0x000000e2b3400000] [id=2544]
  0x00000263508e2880 GCTaskThread "GC Thread#7" [stack: 0x000000e2b3400000,0x000000e2b3500000] [id=3720]
  0x00000263508e2b30 GCTaskThread "GC Thread#8" [stack: 0x000000e2b3500000,0x000000e2b3600000] [id=21028]
  0x00000263508e2de0 GCTaskThread "GC Thread#9" [stack: 0x000000e2b3600000,0x000000e2b3700000] [id=19500]
  0x00000263343e1880 ConcurrentGCThread "G1 Main Marker" [stack: 0x000000e2b1300000,0x000000e2b1400000] [id=37764]
  0x00000263343e2190 ConcurrentGCThread "G1 Conc#0" [stack: 0x000000e2b1400000,0x000000e2b1500000] [id=37724]
  0x00000263508e3490 ConcurrentGCThread "G1 Conc#1" [stack: 0x000000e2b3700000,0x000000e2b3800000] [id=11380]
  0x0000026351505070 ConcurrentGCThread "G1 Conc#2" [stack: 0x000000e2b3800000,0x000000e2b3900000] [id=21100]
  0x0000026334425400 ConcurrentGCThread "G1 Refine#0" [stack: 0x000000e2b1500000,0x000000e2b1600000] [id=32568]
  0x0000026351fb9e20 ConcurrentGCThread "G1 Refine#1" [stack: 0x000000e2b4700000,0x000000e2b4800000] [id=18844]
  0x0000026334425c30 ConcurrentGCThread "G1 Service" [stack: 0x000000e2b1600000,0x000000e2b1700000] [id=35732]

Threads with active compile tasks:
C2 CompilerThread0    13106 7031   !   4       java.net.URL::<init> (543 bytes)

VM state: at safepoint (normal execution)

VM Mutex/Monitor currently owned by a thread:  ([mutex/lock_event])
[0x000002633436cf60] Threads_lock - owner thread: 0x000002634e0bfb40
[0x000002633436e700] Heap_lock - owner thread: 0x000002635038d080

Heap address: 0x0000000080000000, size: 2048 MB, Compressed Oops mode: 32-bit

CDS archive(s) not mapped
Compressed class space mapped at: 0x0000000100000000-0x0000000140000000, reserved size: 1073741824
Narrow klass base: 0x0000000000000000, Narrow klass shift: 3, Narrow klass range: 0x140000000

GC Precious Log:
 CPUs: 12 total, 12 available
 Memory: 7521M
 Large Page Support: Disabled
 NUMA Support: Disabled
 Compressed Oops: Enabled (32-bit)
 Heap Region Size: 1M
 Heap Min Capacity: 8M
 Heap Initial Capacity: 118M
 Heap Max Capacity: 2G
 Pre-touch: Disabled
 Parallel Workers: 10
 Concurrent Workers: 3
 Concurrent Refinement Workers: 10
 Periodic GC: Disabled

Heap:
 garbage-first heap   total 120832K, used 62644K [0x0000000080000000, 0x0000000100000000)
  region size 1024K, 3 young (3072K), 3 survivors (3072K)
 Metaspace       used 71049K, committed 71616K, reserved 1114112K
  class space    used 9403K, committed 9664K, reserved 1048576K

Heap Regions: E=young(eden), S=young(survivor), O=old, HS=humongous(starts), HC=humongous(continues), CS=collection set, F=free, OA=open archive, CA=closed archive, TAMS=top-at-mark-start (previous, next)
|   0|0x0000000080000000, 0x0000000080100000, 0x0000000080100000|100%|HS|  |TAMS 0x0000000080100000, 0x0000000080100000| Complete 
|   1|0x0000000080100000, 0x0000000080200000, 0x0000000080200000|100%|HC|  |TAMS 0x0000000080200000, 0x0000000080200000| Complete 
|   2|0x0000000080200000, 0x0000000080300000, 0x0000000080300000|100%|HC|  |TAMS 0x0000000080300000, 0x0000000080300000| Complete 
|   3|0x0000000080300000, 0x0000000080400000, 0x0000000080400000|100%|HC|  |TAMS 0x0000000080400000, 0x0000000080400000| Complete 
|   4|0x0000000080400000, 0x0000000080500000, 0x0000000080500000|100%| O|  |TAMS 0x0000000080500000, 0x0000000080500000| Untracked 
|   5|0x0000000080500000, 0x0000000080600000, 0x0000000080600000|100%| O|  |TAMS 0x0000000080600000, 0x0000000080600000| Untracked 
|   6|0x0000000080600000, 0x0000000080700000, 0x0000000080700000|100%| O|  |TAMS 0x0000000080700000, 0x0000000080700000| Untracked 
|   7|0x0000000080700000, 0x0000000080800000, 0x0000000080800000|100%| O|  |TAMS 0x0000000080800000, 0x0000000080800000| Untracked 
|   8|0x0000000080800000, 0x0000000080900000, 0x0000000080900000|100%| O|  |TAMS 0x0000000080900000, 0x0000000080900000| Untracked 
|   9|0x0000000080900000, 0x0000000080a00000, 0x0000000080a00000|100%| O|  |TAMS 0x0000000080a00000, 0x0000000080a00000| Untracked 
|  10|0x0000000080a00000, 0x0000000080b00000, 0x0000000080b00000|100%| O|  |TAMS 0x0000000080b00000, 0x0000000080b00000| Untracked 
|  11|0x0000000080b00000, 0x0000000080c00000, 0x0000000080c00000|100%| O|  |TAMS 0x0000000080b00000, 0x0000000080c00000| Untracked 
|  12|0x0000000080c00000, 0x0000000080d00000, 0x0000000080d00000|100%| O|  |TAMS 0x0000000080d00000, 0x0000000080d00000| Untracked 
|  13|0x0000000080d00000, 0x0000000080e00000, 0x0000000080e00000|100%| O|  |TAMS 0x0000000080e00000, 0x0000000080e00000| Untracked 
|  14|0x0000000080e00000, 0x0000000080f00000, 0x0000000080f00000|100%| O|  |TAMS 0x0000000080f00000, 0x0000000080f00000| Untracked 
|  15|0x0000000080f00000, 0x0000000081000000, 0x0000000081000000|100%| O|  |TAMS 0x0000000081000000, 0x0000000081000000| Untracked 
|  16|0x0000000081000000, 0x0000000081100000, 0x0000000081100000|100%| O|  |TAMS 0x0000000081100000, 0x0000000081100000| Untracked 
|  17|0x0000000081100000, 0x0000000081200000, 0x0000000081200000|100%| O|  |TAMS 0x0000000081200000, 0x0000000081200000| Untracked 
|  18|0x0000000081200000, 0x0000000081300000, 0x0000000081300000|100%| O|  |TAMS 0x0000000081300000, 0x0000000081300000| Untracked 
|  19|0x0000000081300000, 0x0000000081400000, 0x0000000081400000|100%| O|  |TAMS 0x0000000081400000, 0x0000000081400000| Untracked 
|  20|0x0000000081400000, 0x0000000081500000, 0x0000000081500000|100%| O|  |TAMS 0x0000000081500000, 0x0000000081500000| Untracked 
|  21|0x0000000081500000, 0x0000000081600000, 0x0000000081600000|100%| O|  |TAMS 0x0000000081600000, 0x0000000081600000| Untracked 
|  22|0x0000000081600000, 0x0000000081700000, 0x0000000081700000|100%| O|  |TAMS 0x0000000081700000, 0x0000000081700000| Untracked 
|  23|0x0000000081700000, 0x0000000081700000, 0x0000000081800000|  0%| F|  |TAMS 0x0000000081700000, 0x0000000081700000| Untracked 
|  24|0x0000000081800000, 0x0000000081800000, 0x0000000081900000|  0%| F|  |TAMS 0x0000000081800000, 0x0000000081800000| Untracked 
|  25|0x0000000081900000, 0x0000000081a00000, 0x0000000081a00000|100%| O|  |TAMS 0x0000000081a00000, 0x0000000081a00000| Untracked 
|  26|0x0000000081a00000, 0x0000000081b00000, 0x0000000081b00000|100%| O|  |TAMS 0x0000000081b00000, 0x0000000081b00000| Untracked 
|  27|0x0000000081b00000, 0x0000000081c00000, 0x0000000081c00000|100%| O|  |TAMS 0x0000000081c00000, 0x0000000081c00000| Untracked 
|  28|0x0000000081c00000, 0x0000000081d00000, 0x0000000081d00000|100%| O|  |TAMS 0x0000000081d00000, 0x0000000081d00000| Untracked 
|  29|0x0000000081d00000, 0x0000000081e00000, 0x0000000081e00000|100%| O|  |TAMS 0x0000000081e00000, 0x0000000081e00000| Untracked 
|  30|0x0000000081e00000, 0x0000000081f00000, 0x0000000081f00000|100%| O|  |TAMS 0x0000000081f00000, 0x0000000081f00000| Untracked 
|  31|0x0000000081f00000, 0x0000000082000000, 0x0000000082000000|100%| O|  |TAMS 0x0000000082000000, 0x0000000082000000| Untracked 
|  32|0x0000000082000000, 0x0000000082100000, 0x0000000082100000|100%| O|  |TAMS 0x0000000082100000, 0x0000000082100000| Untracked 
|  33|0x0000000082100000, 0x0000000082200000, 0x0000000082200000|100%| O|  |TAMS 0x0000000082200000, 0x0000000082200000| Untracked 
|  34|0x0000000082200000, 0x0000000082300000, 0x0000000082300000|100%| O|  |TAMS 0x0000000082300000, 0x0000000082300000| Untracked 
|  35|0x0000000082300000, 0x0000000082400000, 0x0000000082400000|100%| O|  |TAMS 0x0000000082400000, 0x0000000082400000| Untracked 
|  36|0x0000000082400000, 0x0000000082500000, 0x0000000082500000|100%| O|  |TAMS 0x0000000082500000, 0x0000000082500000| Untracked 
|  37|0x0000000082500000, 0x0000000082600000, 0x0000000082600000|100%| O|  |TAMS 0x0000000082600000, 0x0000000082600000| Untracked 
|  38|0x0000000082600000, 0x0000000082700000, 0x0000000082700000|100%| O|  |TAMS 0x0000000082700000, 0x0000000082700000| Untracked 
|  39|0x0000000082700000, 0x0000000082800000, 0x0000000082800000|100%| O|  |TAMS 0x0000000082800000, 0x0000000082800000| Untracked 
|  40|0x0000000082800000, 0x0000000082900000, 0x0000000082900000|100%| O|  |TAMS 0x0000000082900000, 0x0000000082900000| Untracked 
|  41|0x0000000082900000, 0x0000000082a00000, 0x0000000082a00000|100%| O|  |TAMS 0x0000000082a00000, 0x0000000082a00000| Untracked 
|  42|0x0000000082a00000, 0x0000000082b00000, 0x0000000082b00000|100%|HS|  |TAMS 0x0000000082b00000, 0x0000000082b00000| Complete 
|  43|0x0000000082b00000, 0x0000000082c00000, 0x0000000082c00000|100%|HS|  |TAMS 0x0000000082c00000, 0x0000000082c00000| Complete 
|  44|0x0000000082c00000, 0x0000000082d00000, 0x0000000082d00000|100%|HS|  |TAMS 0x0000000082d00000, 0x0000000082d00000| Complete 
|  45|0x0000000082d00000, 0x0000000082e00000, 0x0000000082e00000|100%|HC|  |TAMS 0x0000000082e00000, 0x0000000082e00000| Complete 
|  46|0x0000000082e00000, 0x0000000082f00000, 0x0000000082f00000|100%|HS|  |TAMS 0x0000000082f00000, 0x0000000082f00000| Complete 
|  47|0x0000000082f00000, 0x0000000083000000, 0x0000000083000000|100%|HS|  |TAMS 0x0000000083000000, 0x0000000083000000| Complete 
|  48|0x0000000083000000, 0x0000000083100000, 0x0000000083100000|100%|HC|  |TAMS 0x0000000083100000, 0x0000000083100000| Complete 
|  49|0x0000000083100000, 0x0000000083200000, 0x0000000083200000|100%|HC|  |TAMS 0x0000000083200000, 0x0000000083200000| Complete 
|  50|0x0000000083200000, 0x0000000083300000, 0x0000000083300000|100%|HC|  |TAMS 0x0000000083300000, 0x0000000083300000| Complete 
|  51|0x0000000083300000, 0x0000000083400000, 0x0000000083400000|100%| O|  |TAMS 0x0000000083400000, 0x0000000083400000| Untracked 
|  52|0x0000000083400000, 0x0000000083500000, 0x0000000083500000|100%| O|  |TAMS 0x0000000083500000, 0x0000000083500000| Untracked 
|  53|0x0000000083500000, 0x0000000083600000, 0x0000000083600000|100%| O|  |TAMS 0x0000000083600000, 0x0000000083600000| Untracked 
|  54|0x0000000083600000, 0x0000000083700000, 0x0000000083700000|100%| O|  |TAMS 0x0000000083700000, 0x0000000083700000| Untracked 
|  55|0x0000000083700000, 0x0000000083800000, 0x0000000083800000|100%| O|  |TAMS 0x0000000083800000, 0x0000000083800000| Untracked 
|  56|0x0000000083800000, 0x0000000083900000, 0x0000000083900000|100%| O|  |TAMS 0x0000000083900000, 0x0000000083900000| Untracked 
|  57|0x0000000083900000, 0x0000000083a00000, 0x0000000083a00000|100%| O|  |TAMS 0x00000000839ea200, 0x0000000083a00000| Untracked 
|  58|0x0000000083a00000, 0x0000000083b00000, 0x0000000083b00000|100%| O|  |TAMS 0x0000000083a00000, 0x0000000083b00000| Untracked 
|  59|0x0000000083b00000, 0x0000000083c00000, 0x0000000083c00000|100%| O|  |TAMS 0x0000000083b00000, 0x0000000083c00000| Untracked 
|  60|0x0000000083c00000, 0x0000000083c57400, 0x0000000083d00000| 34%| O|  |TAMS 0x0000000083c00000, 0x0000000083c57400| Untracked 
|  61|0x0000000083d00000, 0x0000000083d00000, 0x0000000083e00000|  0%| F|  |TAMS 0x0000000083d00000, 0x0000000083d00000| Untracked 
|  62|0x0000000083e00000, 0x0000000083e00000, 0x0000000083f00000|  0%| F|  |TAMS 0x0000000083e00000, 0x0000000083e00000| Untracked 
|  63|0x0000000083f00000, 0x0000000083f00000, 0x0000000084000000|  0%| F|  |TAMS 0x0000000083f00000, 0x0000000083f00000| Untracked 
|  64|0x0000000084000000, 0x0000000084000000, 0x0000000084100000|  0%| F|  |TAMS 0x0000000084000000, 0x0000000084000000| Untracked 
|  65|0x0000000084100000, 0x0000000084100000, 0x0000000084200000|  0%| F|  |TAMS 0x0000000084100000, 0x0000000084100000| Untracked 
|  66|0x0000000084200000, 0x0000000084200000, 0x0000000084300000|  0%| F|  |TAMS 0x0000000084200000, 0x0000000084200000| Untracked 
|  67|0x0000000084300000, 0x0000000084300000, 0x0000000084400000|  0%| F|  |TAMS 0x0000000084300000, 0x0000000084300000| Untracked 
|  68|0x0000000084400000, 0x0000000084400000, 0x0000000084500000|  0%| F|  |TAMS 0x0000000084400000, 0x0000000084400000| Untracked 
|  69|0x0000000084500000, 0x0000000084500000, 0x0000000084600000|  0%| F|  |TAMS 0x0000000084500000, 0x0000000084500000| Untracked 
|  70|0x0000000084600000, 0x0000000084600000, 0x0000000084700000|  0%| F|  |TAMS 0x0000000084600000, 0x0000000084600000| Untracked 
|  71|0x0000000084700000, 0x0000000084700000, 0x0000000084800000|  0%| F|  |TAMS 0x0000000084700000, 0x0000000084700000| Untracked 
|  72|0x0000000084800000, 0x0000000084800000, 0x0000000084900000|  0%| F|  |TAMS 0x0000000084800000, 0x0000000084800000| Untracked 
|  73|0x0000000084900000, 0x0000000084900000, 0x0000000084a00000|  0%| F|  |TAMS 0x0000000084900000, 0x0000000084900000| Untracked 
|  74|0x0000000084a00000, 0x0000000084a00000, 0x0000000084b00000|  0%| F|  |TAMS 0x0000000084a00000, 0x0000000084a00000| Untracked 
|  75|0x0000000084b00000, 0x0000000084b00000, 0x0000000084c00000|  0%| F|  |TAMS 0x0000000084b00000, 0x0000000084b00000| Untracked 
|  76|0x0000000084c00000, 0x0000000084c00000, 0x0000000084d00000|  0%| F|  |TAMS 0x0000000084c00000, 0x0000000084c00000| Untracked 
|  77|0x0000000084d00000, 0x0000000084dd5c30, 0x0000000084e00000| 83%| S|CS|TAMS 0x0000000084d00000, 0x0000000084d00000| Complete 
|  78|0x0000000084e00000, 0x0000000084f00000, 0x0000000084f00000|100%| S|CS|TAMS 0x0000000084e00000, 0x0000000084e00000| Complete 
|  79|0x0000000084f00000, 0x0000000085000000, 0x0000000085000000|100%| S|CS|TAMS 0x0000000084f00000, 0x0000000084f00000| Complete 
|  80|0x0000000085000000, 0x0000000085000000, 0x0000000085100000|  0%| F|  |TAMS 0x0000000085000000, 0x0000000085000000| Untracked 
|  81|0x0000000085100000, 0x0000000085100000, 0x0000000085200000|  0%| F|  |TAMS 0x0000000085100000, 0x0000000085100000| Untracked 
|  82|0x0000000085200000, 0x0000000085200000, 0x0000000085300000|  0%| F|  |TAMS 0x0000000085200000, 0x0000000085200000| Untracked 
|  83|0x0000000085300000, 0x0000000085300000, 0x0000000085400000|  0%| F|  |TAMS 0x0000000085300000, 0x0000000085300000| Untracked 
|  84|0x0000000085400000, 0x0000000085400000, 0x0000000085500000|  0%| F|  |TAMS 0x0000000085400000, 0x0000000085400000| Untracked 
|  85|0x0000000085500000, 0x0000000085500000, 0x0000000085600000|  0%| F|  |TAMS 0x0000000085500000, 0x0000000085500000| Untracked 
|  86|0x0000000085600000, 0x0000000085600000, 0x0000000085700000|  0%| F|  |TAMS 0x0000000085600000, 0x0000000085600000| Untracked 
|  87|0x0000000085700000, 0x0000000085700000, 0x0000000085800000|  0%| F|  |TAMS 0x0000000085700000, 0x0000000085700000| Untracked 
|  88|0x0000000085800000, 0x0000000085800000, 0x0000000085900000|  0%| F|  |TAMS 0x0000000085800000, 0x0000000085800000| Untracked 
|  89|0x0000000085900000, 0x0000000085900000, 0x0000000085a00000|  0%| F|  |TAMS 0x0000000085900000, 0x0000000085900000| Untracked 
|  90|0x0000000085a00000, 0x0000000085a00000, 0x0000000085b00000|  0%| F|  |TAMS 0x0000000085a00000, 0x0000000085a00000| Untracked 
|  91|0x0000000085b00000, 0x0000000085b00000, 0x0000000085c00000|  0%| F|  |TAMS 0x0000000085b00000, 0x0000000085b00000| Untracked 
|  92|0x0000000085c00000, 0x0000000085c00000, 0x0000000085d00000|  0%| F|  |TAMS 0x0000000085c00000, 0x0000000085c00000| Untracked 
|  93|0x0000000085d00000, 0x0000000085d00000, 0x0000000085e00000|  0%| F|  |TAMS 0x0000000085d00000, 0x0000000085d00000| Untracked 
|  94|0x0000000085e00000, 0x0000000085e00000, 0x0000000085f00000|  0%| F|  |TAMS 0x0000000085e00000, 0x0000000085e00000| Untracked 
|  95|0x0000000085f00000, 0x0000000085f00000, 0x0000000086000000|  0%| F|  |TAMS 0x0000000085f00000, 0x0000000085f00000| Untracked 
|  96|0x0000000086000000, 0x0000000086000000, 0x0000000086100000|  0%| F|  |TAMS 0x0000000086000000, 0x0000000086000000| Untracked 
|  97|0x0000000086100000, 0x0000000086100000, 0x0000000086200000|  0%| F|  |TAMS 0x0000000086100000, 0x0000000086100000| Untracked 
|  98|0x0000000086200000, 0x0000000086200000, 0x0000000086300000|  0%| F|  |TAMS 0x0000000086200000, 0x0000000086200000| Untracked 
|  99|0x0000000086300000, 0x0000000086300000, 0x0000000086400000|  0%| F|  |TAMS 0x0000000086300000, 0x0000000086300000| Untracked 
| 100|0x0000000086400000, 0x0000000086400000, 0x0000000086500000|  0%| F|  |TAMS 0x0000000086400000, 0x0000000086400000| Untracked 
| 101|0x0000000086500000, 0x0000000086500000, 0x0000000086600000|  0%| F|  |TAMS 0x0000000086500000, 0x0000000086500000| Untracked 
| 102|0x0000000086600000, 0x0000000086600000, 0x0000000086700000|  0%| F|  |TAMS 0x0000000086600000, 0x0000000086600000| Untracked 
| 103|0x0000000086700000, 0x0000000086700000, 0x0000000086800000|  0%| F|  |TAMS 0x0000000086700000, 0x0000000086700000| Untracked 
| 104|0x0000000086800000, 0x0000000086800000, 0x0000000086900000|  0%| F|  |TAMS 0x0000000086800000, 0x0000000086800000| Untracked 
| 105|0x0000000086900000, 0x0000000086900000, 0x0000000086a00000|  0%| F|  |TAMS 0x0000000086900000, 0x0000000086900000| Untracked 
| 106|0x0000000086a00000, 0x0000000086a00000, 0x0000000086b00000|  0%| F|  |TAMS 0x0000000086a00000, 0x0000000086a00000| Untracked 
| 107|0x0000000086b00000, 0x0000000086b00000, 0x0000000086c00000|  0%| F|  |TAMS 0x0000000086b00000, 0x0000000086b00000| Untracked 
| 108|0x0000000086c00000, 0x0000000086c00000, 0x0000000086d00000|  0%| F|  |TAMS 0x0000000086c00000, 0x0000000086c00000| Untracked 
| 109|0x0000000086d00000, 0x0000000086d00000, 0x0000000086e00000|  0%| F|  |TAMS 0x0000000086d00000, 0x0000000086d00000| Untracked 
| 110|0x0000000086e00000, 0x0000000086e00000, 0x0000000086f00000|  0%| F|  |TAMS 0x0000000086e00000, 0x0000000086e00000| Untracked 
| 111|0x0000000086f00000, 0x0000000086f00000, 0x0000000087000000|  0%| F|  |TAMS 0x0000000086f00000, 0x0000000086f00000| Untracked 
| 112|0x0000000087000000, 0x0000000087000000, 0x0000000087100000|  0%| F|  |TAMS 0x0000000087000000, 0x0000000087000000| Untracked 
| 113|0x0000000087100000, 0x0000000087100000, 0x0000000087200000|  0%| F|  |TAMS 0x0000000087100000, 0x0000000087100000| Untracked 
| 114|0x0000000087200000, 0x0000000087200000, 0x0000000087300000|  0%| F|  |TAMS 0x0000000087200000, 0x0000000087200000| Untracked 
| 115|0x0000000087300000, 0x0000000087300000, 0x0000000087400000|  0%| F|  |TAMS 0x0000000087300000, 0x0000000087300000| Untracked 
| 116|0x0000000087400000, 0x0000000087400000, 0x0000000087500000|  0%| F|  |TAMS 0x0000000087400000, 0x0000000087400000| Untracked 
| 117|0x0000000087500000, 0x0000000087500000, 0x0000000087600000|  0%| F|  |TAMS 0x0000000087500000, 0x0000000087500000| Untracked 

Card table byte_map: [0x0000026347180000,0x0000026347580000] _byte_map_base: 0x0000026346d80000

Marking Bits (Prev, Next): (CMBitMap*) 0x00000263343d07f0, (CMBitMap*) 0x00000263343d07b0
 Prev Bits: [0x0000026349980000, 0x000002634b980000)
 Next Bits: [0x0000026347980000, 0x0000026349980000)

Polling page: 0x0000026332290000

Metaspace:

Usage:
  Non-class:     60.20 MB used.
      Class:      9.18 MB used.
       Both:     69.38 MB used.

Virtual space:
  Non-class space:       64.00 MB reserved,      60.50 MB ( 95%) committed,  8 nodes.
      Class space:        1.00 GB reserved,       9.44 MB ( <1%) committed,  1 nodes.
             Both:        1.06 GB reserved,      69.94 MB (  6%) committed. 

Chunk freelists:
   Non-Class:  2.86 MB
       Class:  2.48 MB
        Both:  5.34 MB

MaxMetaspaceSize: unlimited
CompressedClassSpaceSize: 1.00 GB
Initial GC threshold: 21.00 MB
Current GC threshold: 109.50 MB
CDS: off
MetaspaceReclaimPolicy: balanced
 - commit_granule_bytes: 65536.
 - commit_granule_words: 8192.
 - virtual_space_node_default_size: 1048576.
 - enlarge_chunks_in_place: 1.
 - new_chunks_are_fully_committed: 0.
 - uncommit_free_chunks: 1.
 - use_allocation_guard: 0.
 - handle_deallocations: 1.


Internal statistics:

num_allocs_failed_limit: 6.
num_arena_births: 728.
num_arena_deaths: 0.
num_vsnodes_births: 9.
num_vsnodes_deaths: 0.
num_space_committed: 1119.
num_space_uncommitted: 0.
num_chunks_returned_to_freelist: 6.
num_chunks_taken_from_freelist: 2939.
num_chunk_merges: 6.
num_chunk_splits: 1961.
num_chunks_enlarged: 1349.
num_purges: 0.
num_inconsistent_stats: 0.

CodeHeap 'non-profiled nmethods': size=120000Kb used=3039Kb max_used=3300Kb free=116960Kb
 bounds [0x000002633f300000, 0x000002633f660000, 0x0000026346830000]
CodeHeap 'profiled nmethods': size=120000Kb used=11947Kb max_used=11947Kb free=108052Kb
 bounds [0x0000026337830000, 0x00000263383e0000, 0x000002633ed60000]
CodeHeap 'non-nmethods': size=5760Kb used=2397Kb max_used=2438Kb free=3362Kb
 bounds [0x000002633ed60000, 0x000002633efd0000, 0x000002633f300000]
 total_blobs=7086 nmethods=6159 adapters=839
 compilation: enabled
              stopped_count=0, restarted_count=0
 full_count=0

Compilation events (20 events):
Event: 13.017 Thread 0x000002634f061fc0 7060       3       org.gradle.internal.instantiation.generator.AbstractClassGenerator$PropertyMetadata::lambda$isReadableWithoutSetterOfPropertyType$0 (14 bytes)
Event: 13.017 Thread 0x000002634f061fc0 nmethod 7060 0x00000263383d7490 code [0x00000263383d76c0, 0x00000263383d8068]
Event: 13.017 Thread 0x000002634f061fc0 7062       3       java.lang.invoke.LambdaForm$MH/0x000000010038c800::linkToTargetMethod (17 bytes)
Event: 13.017 Thread 0x000002634f061fc0 nmethod 7062 0x00000263383d8410 code [0x00000263383d85c0, 0x00000263383d89f8]
Event: 13.017 Thread 0x000002634f061fc0 7063       3       java.lang.invoke.LambdaForm$DMH/0x000000010038c400::newInvokeSpecial (34 bytes)
Event: 13.017 Thread 0x000002634f061fc0 nmethod 7063 0x00000263383d8b10 code [0x00000263383d8d00, 0x00000263383d94a8]
Event: 13.020 Thread 0x000002634f061fc0 7065       3       org.gradle.cache.internal.DefaultCrossBuildInMemoryCacheFactory$DefaultClassMap::maybeGetRetainedValue (9 bytes)
Event: 13.020 Thread 0x000002634f061fc0 nmethod 7065 0x00000263383d9690 code [0x00000263383d9860, 0x00000263383d9bb8]
Event: 13.020 Thread 0x000002634f061fc0 7066       3       org.gradle.cache.internal.DefaultCrossBuildInMemoryCacheFactory$DefaultClassMap::maybeGetRetainedValue (12 bytes)
Event: 13.021 Thread 0x000002634f061fc0 nmethod 7066 0x00000263383d9d10 code [0x00000263383d9f40, 0x00000263383da938]
Event: 13.023 Thread 0x000002634f061fc0 7067       3       java.lang.reflect.Constructor::getGenericParameterTypes (5 bytes)
Event: 13.024 Thread 0x000002634f061fc0 nmethod 7067 0x00000263383dac10 code [0x00000263383daea0, 0x00000263383dbe38]
Event: 13.024 Thread 0x000002634f061fc0 7068       3       org.gradle.cache.internal.DefaultCrossBuildInMemoryCacheFactory$DefaultClassMap::retainValue (10 bytes)
Event: 13.024 Thread 0x000002634f061fc0 nmethod 7068 0x00000263383dc290 code [0x00000263383dc460, 0x00000263383dc7b8]
Event: 13.024 Thread 0x000002634f061fc0 7069       3       org.gradle.cache.internal.DefaultCrossBuildInMemoryCacheFactory$DefaultClassMap::retainValue (14 bytes)
Event: 13.025 Thread 0x000002634f061fc0 nmethod 7069 0x00000263383dc910 code [0x00000263383dcb40, 0x00000263383dd558]
Event: 13.026 Thread 0x000002634f061fc0 7070       1       org.gradle.model.internal.asm.AsmClassGenerator::getVisitor (5 bytes)
Event: 13.026 Thread 0x000002634f061fc0 nmethod 7070 0x000002633f318a90 code [0x000002633f318c20, 0x000002633f318cf8]
Event: 13.027 Thread 0x000002634f061fc0 7072       3       org.gradle.internal.instantiation.generator.AsmBackedClassGenerator$ClassBuilderImpl::access$6200 (4 bytes)
Event: 13.027 Thread 0x000002634f061fc0 nmethod 7072 0x0000026337aa2b10 code [0x0000026337aa2ca0, 0x0000026337aa2d98]

GC Heap History (20 events):
Event: 10.371 GC heap after
{Heap after GC invocations=20 (full 0):
 garbage-first heap   total 73728K, used 41896K [0x0000000080000000, 0x0000000100000000)
  region size 1024K, 3 young (3072K), 3 survivors (3072K)
 Metaspace       used 60226K, committed 60736K, reserved 1105920K
  class space    used 7997K, committed 8256K, reserved 1048576K
}
Event: 10.461 GC heap before
{Heap before GC invocations=20 (full 0):
 garbage-first heap   total 73728K, used 45992K [0x0000000080000000, 0x0000000100000000)
  region size 1024K, 9 young (9216K), 3 survivors (3072K)
 Metaspace       used 60292K, committed 60800K, reserved 1105920K
  class space    used 7998K, committed 8256K, reserved 1048576K
}
Event: 10.463 GC heap after
{Heap after GC invocations=21 (full 0):
 garbage-first heap   total 73728K, used 42486K [0x0000000080000000, 0x0000000100000000)
  region size 1024K, 2 young (2048K), 2 survivors (2048K)
 Metaspace       used 60292K, committed 60800K, reserved 1105920K
  class space    used 7998K, committed 8256K, reserved 1048576K
}
Event: 11.448 GC heap before
{Heap before GC invocations=22 (full 0):
 garbage-first heap   total 80896K, used 63990K [0x0000000080000000, 0x0000000100000000)
  region size 1024K, 14 young (14336K), 2 survivors (2048K)
 Metaspace       used 60856K, committed 61376K, reserved 1105920K
  class space    used 8066K, committed 8320K, reserved 1048576K
}
Event: 11.450 GC heap after
{Heap after GC invocations=23 (full 0):
 garbage-first heap   total 80896K, used 57906K [0x0000000080000000, 0x0000000100000000)
  region size 1024K, 2 young (2048K), 2 survivors (2048K)
 Metaspace       used 60856K, committed 61376K, reserved 1105920K
  class space    used 8066K, committed 8320K, reserved 1048576K
}
Event: 11.464 GC heap before
{Heap before GC invocations=23 (full 0):
 garbage-first heap   total 80896K, used 58930K [0x0000000080000000, 0x0000000100000000)
  region size 1024K, 3 young (3072K), 2 survivors (2048K)
 Metaspace       used 61028K, committed 61504K, reserved 1105920K
  class space    used 8089K, committed 8320K, reserved 1048576K
}
Event: 11.465 GC heap after
{Heap after GC invocations=24 (full 0):
 garbage-first heap   total 80896K, used 57871K [0x0000000080000000, 0x0000000100000000)
  region size 1024K, 1 young (1024K), 1 survivors (1024K)
 Metaspace       used 61028K, committed 61504K, reserved 1105920K
  class space    used 8089K, committed 8320K, reserved 1048576K
}
Event: 11.554 GC heap before
{Heap before GC invocations=24 (full 0):
 garbage-first heap   total 80896K, used 62991K [0x0000000080000000, 0x0000000100000000)
  region size 1024K, 7 young (7168K), 1 survivors (1024K)
 Metaspace       used 61841K, committed 62336K, reserved 1105920K
  class space    used 8182K, committed 8448K, reserved 1048576K
}
Event: 11.556 GC heap after
{Heap after GC invocations=25 (full 0):
 garbage-first heap   total 80896K, used 57964K [0x0000000080000000, 0x0000000100000000)
  region size 1024K, 1 young (1024K), 1 survivors (1024K)
 Metaspace       used 61841K, committed 62336K, reserved 1105920K
  class space    used 8182K, committed 8448K, reserved 1048576K
}
Event: 11.682 GC heap before
{Heap before GC invocations=26 (full 0):
 garbage-first heap   total 102400K, used 65132K [0x0000000080000000, 0x0000000100000000)
  region size 1024K, 8 young (8192K), 1 survivors (1024K)
 Metaspace       used 62715K, committed 63232K, reserved 1105920K
  class space    used 8324K, committed 8576K, reserved 1048576K
}
Event: 11.684 GC heap after
{Heap after GC invocations=27 (full 0):
 garbage-first heap   total 102400K, used 58253K [0x0000000080000000, 0x0000000100000000)
  region size 1024K, 1 young (1024K), 1 survivors (1024K)
 Metaspace       used 62715K, committed 63232K, reserved 1105920K
  class space    used 8324K, committed 8576K, reserved 1048576K
}
Event: 11.751 GC heap before
{Heap before GC invocations=27 (full 0):
 garbage-first heap   total 102400K, used 61325K [0x0000000080000000, 0x0000000100000000)
  region size 1024K, 5 young (5120K), 1 survivors (1024K)
 Metaspace       used 63324K, committed 63872K, reserved 1105920K
  class space    used 8412K, committed 8640K, reserved 1048576K
}
Event: 11.752 GC heap after
{Heap after GC invocations=28 (full 0):
 garbage-first heap   total 102400K, used 57897K [0x0000000080000000, 0x0000000100000000)
  region size 1024K, 1 young (1024K), 1 survivors (1024K)
 Metaspace       used 63324K, committed 63872K, reserved 1105920K
  class space    used 8412K, committed 8640K, reserved 1048576K
}
Event: 12.212 GC heap before
{Heap before GC invocations=28 (full 0):
 garbage-first heap   total 102400K, used 78377K [0x0000000080000000, 0x0000000100000000)
  region size 1024K, 21 young (21504K), 1 survivors (1024K)
 Metaspace       used 66654K, committed 67200K, reserved 1114112K
  class space    used 8790K, committed 9024K, reserved 1048576K
}
Event: 12.214 GC heap after
{Heap after GC invocations=29 (full 0):
 garbage-first heap   total 102400K, used 58642K [0x0000000080000000, 0x0000000100000000)
  region size 1024K, 2 young (2048K), 2 survivors (2048K)
 Metaspace       used 66654K, committed 67200K, reserved 1114112K
  class space    used 8790K, committed 9024K, reserved 1048576K
}
Event: 12.671 GC heap before
{Heap before GC invocations=30 (full 0):
 garbage-first heap   total 102400K, used 80146K [0x0000000080000000, 0x0000000100000000)
  region size 1024K, 23 young (23552K), 2 survivors (2048K)
 Metaspace       used 69888K, committed 70528K, reserved 1114112K
  class space    used 9253K, committed 9536K, reserved 1048576K
}
Event: 12.674 GC heap after
{Heap after GC invocations=31 (full 0):
 garbage-first heap   total 102400K, used 60770K [0x0000000080000000, 0x0000000100000000)
  region size 1024K, 3 young (3072K), 3 survivors (3072K)
 Metaspace       used 69888K, committed 70528K, reserved 1114112K
  class space    used 9253K, committed 9536K, reserved 1048576K
}
Event: 12.699 GC heap before
{Heap before GC invocations=31 (full 0):
 garbage-first heap   total 102400K, used 63842K [0x0000000080000000, 0x0000000100000000)
  region size 1024K, 5 young (5120K), 3 survivors (3072K)
 Metaspace       used 69927K, committed 70528K, reserved 1114112K
  class space    used 9257K, committed 9536K, reserved 1048576K
}
Event: 12.702 GC heap after
{Heap after GC invocations=32 (full 0):
 garbage-first heap   total 102400K, used 61720K [0x0000000080000000, 0x0000000100000000)
  region size 1024K, 1 young (1024K), 1 survivors (1024K)
 Metaspace       used 69927K, committed 70528K, reserved 1114112K
  class space    used 9257K, committed 9536K, reserved 1048576K
}
Event: 13.027 GC heap before
{Heap before GC invocations=32 (full 0):
 garbage-first heap   total 102400K, used 86296K [0x0000000080000000, 0x0000000100000000)
  region size 1024K, 20 young (20480K), 1 survivors (1024K)
 Metaspace       used 71049K, committed 71616K, reserved 1114112K
  class space    used 9403K, committed 9664K, reserved 1048576K
}

Dll operation events (2 events):
Event: 0.036 Loaded shared library E:\PC\Android\jbr\bin\java.dll
Event: 1.163 Loaded shared library E:\PC\Android\jbr\bin\verify.dll

Deoptimization events (20 events):
Event: 12.893 Thread 0x000002635038d080 DEOPT PACKING pc=0x0000026338396bb8 sp=0x000000e2b2ef2400
Event: 12.893 Thread 0x000002635038d080 DEOPT UNPACKING pc=0x000002633edb7143 sp=0x000000e2b2ef1858 mode 0
Event: 12.893 Thread 0x000002635038d080 DEOPT PACKING pc=0x0000026338396bb8 sp=0x000000e2b2ef2400
Event: 12.893 Thread 0x000002635038d080 DEOPT UNPACKING pc=0x000002633edb7143 sp=0x000000e2b2ef1858 mode 0
Event: 12.893 Thread 0x000002635038d080 DEOPT PACKING pc=0x0000026338396bb8 sp=0x000000e2b2ef2400
Event: 12.893 Thread 0x000002635038d080 DEOPT UNPACKING pc=0x000002633edb7143 sp=0x000000e2b2ef1858 mode 0
Event: 12.894 Thread 0x000002635038d080 DEOPT PACKING pc=0x0000026338396bb8 sp=0x000000e2b2ef2400
Event: 12.894 Thread 0x000002635038d080 DEOPT UNPACKING pc=0x000002633edb7143 sp=0x000000e2b2ef1858 mode 0
Event: 12.894 Thread 0x000002635038d080 DEOPT PACKING pc=0x00000263382ea366 sp=0x000000e2b2ef2370
Event: 12.894 Thread 0x000002635038d080 DEOPT UNPACKING pc=0x000002633edb7143 sp=0x000000e2b2ef17f0 mode 0
Event: 12.894 Thread 0x000002635038d080 DEOPT PACKING pc=0x0000026338396bb8 sp=0x000000e2b2ef2400
Event: 12.894 Thread 0x000002635038d080 DEOPT UNPACKING pc=0x000002633edb7143 sp=0x000000e2b2ef1858 mode 0
Event: 12.894 Thread 0x000002635038d080 DEOPT PACKING pc=0x0000026338396bb8 sp=0x000000e2b2ef2400
Event: 12.894 Thread 0x000002635038d080 DEOPT UNPACKING pc=0x000002633edb7143 sp=0x000000e2b2ef1858 mode 0
Event: 12.895 Thread 0x000002635038d080 DEOPT PACKING pc=0x0000026338396bb8 sp=0x000000e2b2ef2650
Event: 12.895 Thread 0x000002635038d080 DEOPT UNPACKING pc=0x000002633edb7143 sp=0x000000e2b2ef1aa8 mode 0
Event: 12.980 Thread 0x000002635038d080 Uncommon trap: trap_request=0xffffff45 fr.pc=0x000002633f55d010 relative=0x0000000000002d90
Event: 12.980 Thread 0x000002635038d080 Uncommon trap: reason=unstable_if action=reinterpret pc=0x000002633f55d010 method=java.util.regex.Pattern.has(I)Z @ 6 c2
Event: 12.980 Thread 0x000002635038d080 DEOPT PACKING pc=0x000002633f55d010 sp=0x000000e2b2ef6160
Event: 12.980 Thread 0x000002635038d080 DEOPT UNPACKING pc=0x000002633edb69a3 sp=0x000000e2b2ef60e0 mode 2

Classes unloaded (0 events):
No events

Classes redefined (0 events):
No events

Internal exceptions (20 events):
Event: 10.308 Thread 0x0000026351454560 Exception <a 'java/lang/NoSuchMethodError'{0x0000000083b05618}: static Lorg/gradle/internal/build/event/types/DefaultProjectConfigurationSuccessResult;.<clinit>()V> (0x0000000083b05618) 
thrown [s\src\hotspot\share\prims\jni.cpp, line 1108]
Event: 10.308 Thread 0x0000026351454560 Exception <a 'java/lang/NoSuchMethodError'{0x0000000083b06b68}: static Lorg/gradle/internal/build/event/types/AbstractProjectConfigurationResult;.<clinit>()V> (0x0000000083b06b68) 
thrown [s\src\hotspot\share\prims\jni.cpp, line 1108]
Event: 10.308 Thread 0x0000026351454560 Exception <a 'java/lang/NoSuchMethodError'{0x0000000083b082b0}: static Lorg/gradle/internal/build/event/types/AbstractOperationResult;.<clinit>()V> (0x0000000083b082b0) 
thrown [s\src\hotspot\share\prims\jni.cpp, line 1108]
Event: 10.308 Thread 0x0000026351454560 Exception <a 'java/lang/NoSuchMethodError'{0x0000000083b09700}: static Lorg/gradle/internal/build/event/types/AbstractResult;.<clinit>()V> (0x0000000083b09700) 
thrown [s\src\hotspot\share\prims\jni.cpp, line 1108]
Event: 10.310 Thread 0x0000026351454560 Exception <a 'java/lang/NoSuchMethodError'{0x0000000083b214b0}: static Lorg/gradle/internal/build/event/types/DefaultPluginApplicationResult;.<clinit>()V> (0x0000000083b214b0) 
thrown [s\src\hotspot\share\prims\jni.cpp, line 1108]
Event: 10.310 Thread 0x0000026351454560 Exception <a 'java/lang/NoSuchMethodError'{0x0000000083b2d818}: static Lorg/gradle/internal/build/event/types/DefaultBinaryPluginIdentifier;.<clinit>()V> (0x0000000083b2d818) 
thrown [s\src\hotspot\share\prims\jni.cpp, line 1108]
Event: 10.312 Thread 0x0000026351454560 Exception <a 'java/lang/NoSuchMethodError'{0x0000000083b84b28}: static Lorg/gradle/internal/build/event/types/DefaultScriptPluginIdentifier;.<clinit>()V> (0x0000000083b84b28) 
thrown [s\src\hotspot\share\prims\jni.cpp, line 1108]
Event: 10.458 Thread 0x000002635038d080 Implicit null exception at 0x000002633f58668f to 0x000002633f586d1c
Event: 11.407 Thread 0x000002635038d080 Exception <a 'java/lang/ClassNotFoundException'{0x000000008438fbf8}: org/gradle/api/internal/plugins/DefaultObjectConfigurationActionBeanInfo> (0x000000008438fbf8) 
thrown [s\src\hotspot\share\classfile\systemDictionary.cpp, line 256]
Event: 11.408 Thread 0x000002635038d080 Exception <a 'java/lang/ClassNotFoundException'{0x00000000843a3980}: org/gradle/api/internal/plugins/DefaultObjectConfigurationActionCustomizer> (0x00000000843a3980) 
thrown [s\src\hotspot\share\classfile\systemDictionary.cpp, line 256]
Event: 11.584 Thread 0x000002634f02cc90 Implicit null exception at 0x000002633f5b4083 to 0x000002633f5b4240
Event: 11.586 Thread 0x000002635038d080 Exception <a 'java/lang/NoSuchMethodError'{0x0000000084da2000}: 'java.lang.Object java.lang.invoke.DirectMethodHandle$Holder.newInvokeSpecial(java.lang.Object, java.lang.Object, java.lang.Object, java.lang.Object, int)'> (0x0000000084da2000) 
thrown [s\src\hotspot\share\interpreter\linkResolver.cpp, line 771]
Event: 11.586 Thread 0x000002635038d080 Exception <a 'java/lang/NoSuchMethodError'{0x0000000084da7448}: 'java.lang.Object java.lang.invoke.DirectMethodHandle$Holder.invokeSpecial(java.lang.Object, java.lang.Object, java.lang.Object, java.lang.Object, java.lang.Object, int)'> (0x0000000084da7448) 
thrown [s\src\hotspot\share\interpreter\linkResolver.cpp, line 771]
Event: 11.586 Thread 0x000002635038d080 Exception <a 'java/lang/NoSuchMethodError'{0x0000000084dac1c8}: 'java.lang.Object java.lang.invoke.Invokers$Holder.linkToTargetMethod(java.lang.Object, java.lang.Object, java.lang.Object, int, java.lang.Object)'> (0x0000000084dac1c8) 
thrown [s\src\hotspot\share\interpreter\linkResolver.cpp, line 771]
Event: 11.822 Thread 0x000002635038d080 Exception <a 'java/lang/NoSuchMethodError'{0x0000000086068c70}: 'int java.lang.invoke.DirectMethodHandle$Holder.invokeInterface(java.lang.Object, java.lang.Object, java.lang.Object, java.lang.Object)'> (0x0000000086068c70) 
thrown [s\src\hotspot\share\interpreter\linkResolver.cpp, line 771]
Event: 12.403 Thread 0x000002635038d080 Exception <a 'java/lang/IncompatibleClassChangeError'{0x0000000085a5da60}: Found class java.lang.Object, but interface was expected> (0x0000000085a5da60) 
thrown [s\src\hotspot\share\interpreter\linkResolver.cpp, line 838]
Event: 12.469 Thread 0x000002635038d080 Implicit null exception at 0x000002633f5517d4 to 0x000002633f55197c
Event: 12.469 Thread 0x000002635038d080 Implicit null exception at 0x000002633f5ea9a1 to 0x000002633f5ec678
Event: 12.614 Thread 0x000002635038d080 Implicit null exception at 0x000002633f497b8c to 0x000002633f497cbe
Event: 12.902 Thread 0x000002635038d080 Exception <a 'sun/nio/fs/WindowsException'{0x000000008587b5f8}> (0x000000008587b5f8) 
thrown [s\src\hotspot\share\prims\jni.cpp, line 517]

VM Operations (20 events):
Event: 11.684 Executing VM operation: G1CollectForAllocation done
Event: 11.751 Executing VM operation: G1CollectForAllocation
Event: 11.752 Executing VM operation: G1CollectForAllocation done
Event: 11.813 Executing VM operation: HandshakeAllThreads
Event: 11.813 Executing VM operation: HandshakeAllThreads done
Event: 11.821 Executing VM operation: HandshakeAllThreads
Event: 11.821 Executing VM operation: HandshakeAllThreads done
Event: 12.212 Executing VM operation: G1CollectForAllocation
Event: 12.214 Executing VM operation: G1CollectForAllocation done
Event: 12.237 Executing VM operation: G1Concurrent
Event: 12.240 Executing VM operation: G1Concurrent done
Event: 12.249 Executing VM operation: G1Concurrent
Event: 12.250 Executing VM operation: G1Concurrent done
Event: 12.620 Executing VM operation: HandshakeAllThreads
Event: 12.620 Executing VM operation: HandshakeAllThreads done
Event: 12.671 Executing VM operation: G1CollectForAllocation
Event: 12.674 Executing VM operation: G1CollectForAllocation done
Event: 12.699 Executing VM operation: G1CollectForAllocation
Event: 12.702 Executing VM operation: G1CollectForAllocation done
Event: 13.027 Executing VM operation: G1CollectForAllocation

Events (20 events):
Event: 12.624 loading class java/security/cert/CertPathValidatorException
Event: 12.624 loading class java/security/cert/CertPathValidatorException done
Event: 12.624 loading class java/time/format/DateTimePrintContext
Event: 12.625 loading class java/time/format/DateTimePrintContext done
Event: 12.625 loading class java/time/Instant$1
Event: 12.625 loading class java/time/Instant$1 done
Event: 12.625 loading class java/security/cert/CertPathValidatorException$BasicReason
Event: 12.625 loading class java/security/cert/CertPathValidatorException$Reason
Event: 12.625 loading class java/security/cert/CertPathValidatorException$Reason done
Event: 12.625 loading class java/security/cert/CertPathValidatorException$BasicReason done
Event: 12.674 loading class java/util/Base64
Event: 12.675 loading class java/util/Base64 done
Event: 12.675 loading class java/util/Base64$Decoder
Event: 12.675 loading class java/util/Base64$Decoder done
Event: 12.675 loading class java/util/Base64$Encoder
Event: 12.675 loading class java/util/Base64$Encoder done
Event: 12.676 loading class java/util/jar/JarVerifier$VerifierStream
Event: 12.676 loading class java/util/jar/JarVerifier$VerifierStream done
Event: 12.676 loading class sun/security/util/ManifestEntryVerifier$SunProviderHolder
Event: 12.676 loading class sun/security/util/ManifestEntryVerifier$SunProviderHolder done


Dynamic libraries:
0x00007ff7d6550000 - 0x00007ff7d655a000 	E:\PC\Android\jbr\bin\java.exe
0x00007ffcb4e30000 - 0x00007ffcb5047000 	C:\WINDOWS\SYSTEM32\ntdll.dll
0x00007ffcb3c90000 - 0x00007ffcb3d54000 	C:\WINDOWS\System32\KERNEL32.DLL
0x00007ffcb2780000 - 0x00007ffcb2b27000 	C:\WINDOWS\System32\KERNELBASE.dll
0x00007ffcb2150000 - 0x00007ffcb2261000 	C:\WINDOWS\System32\ucrtbase.dll
0x00007ffb4b460000 - 0x00007ffb4b477000 	E:\PC\Android\jbr\bin\jli.dll
0x00007ffcb46d0000 - 0x00007ffcb487e000 	C:\WINDOWS\System32\USER32.dll
0x00007ffcb2590000 - 0x00007ffcb25b6000 	C:\WINDOWS\System32\win32u.dll
0x00007ffcb2e80000 - 0x00007ffcb2ea9000 	C:\WINDOWS\System32\GDI32.dll
0x00007ffca2330000 - 0x00007ffca25c3000 	C:\WINDOWS\WinSxS\amd64_microsoft.windows.common-controls_6595b64144ccf1df_6.0.22621.3527_none_270e469b73872a76\COMCTL32.dll
0x00007ffcb25c0000 - 0x00007ffcb26d9000 	C:\WINDOWS\System32\gdi32full.dll
0x00007ffcb4880000 - 0x00007ffcb4927000 	C:\WINDOWS\System32\msvcrt.dll
0x00007ffcb26e0000 - 0x00007ffcb277a000 	C:\WINDOWS\System32\msvcp_win.dll
0x00007ffb36bb0000 - 0x00007ffb36bcb000 	E:\PC\Android\jbr\bin\VCRUNTIME140.dll
0x00007ffcb43f0000 - 0x00007ffcb4421000 	C:\WINDOWS\System32\IMM32.DLL
0x00007ffb36ba0000 - 0x00007ffb36bac000 	E:\PC\Android\jbr\bin\vcruntime140_1.dll
0x00007ffb36b10000 - 0x00007ffb36b9d000 	E:\PC\Android\jbr\bin\msvcp140.dll
0x00007ffb445d0000 - 0x00007ffb4523e000 	E:\PC\Android\jbr\bin\server\jvm.dll
0x00007ffcb4d30000 - 0x00007ffcb4de2000 	C:\WINDOWS\System32\ADVAPI32.dll
0x00007ffcb3830000 - 0x00007ffcb38d8000 	C:\WINDOWS\System32\sechost.dll
0x00007ffcb2b30000 - 0x00007ffcb2b58000 	C:\WINDOWS\System32\bcrypt.dll
0x00007ffcb2eb0000 - 0x00007ffcb2fc5000 	C:\WINDOWS\System32\RPCRT4.dll
0x00007ffc34f00000 - 0x00007ffc34f09000 	C:\WINDOWS\SYSTEM32\WSOCK32.dll
0x00007ffcb2b60000 - 0x00007ffcb2bd1000 	C:\WINDOWS\System32\WS2_32.dll
0x00007ffcaae70000 - 0x00007ffcaaea4000 	C:\WINDOWS\SYSTEM32\WINMM.dll
0x00007ffca9890000 - 0x00007ffca989a000 	C:\WINDOWS\SYSTEM32\VERSION.dll
0x00007ffcb1260000 - 0x00007ffcb1278000 	C:\WINDOWS\SYSTEM32\kernel.appcore.dll
0x00007ffb4b630000 - 0x00007ffb4b63a000 	E:\PC\Android\jbr\bin\jimage.dll
0x00007ffca4ad0000 - 0x00007ffca4d02000 	C:\WINDOWS\SYSTEM32\DBGHELP.DLL
0x00007ffcb38e0000 - 0x00007ffcb3c68000 	C:\WINDOWS\System32\combase.dll
0x00007ffcb4bf0000 - 0x00007ffcb4cc7000 	C:\WINDOWS\System32\OLEAUT32.dll
0x00007ffc8f840000 - 0x00007ffc8f872000 	C:\WINDOWS\SYSTEM32\dbgcore.DLL
0x00007ffcb23e0000 - 0x00007ffcb2459000 	C:\WINDOWS\System32\bcryptPrimitives.dll
0x00007ffb4b600000 - 0x00007ffb4b625000 	E:\PC\Android\jbr\bin\java.dll
0x00007ffb4b5e0000 - 0x00007ffb4b5f8000 	E:\PC\Android\jbr\bin\zip.dll
0x00007ffcb2fd0000 - 0x00007ffcb382c000 	C:\WINDOWS\System32\SHELL32.dll
0x00007ffcb00a0000 - 0x00007ffcb0996000 	C:\WINDOWS\SYSTEM32\windows.storage.dll
0x00007ffcaff60000 - 0x00007ffcb009e000 	C:\WINDOWS\SYSTEM32\wintypes.dll
0x00007ffcb42e0000 - 0x00007ffcb43d5000 	C:\WINDOWS\System32\SHCORE.dll
0x00007ffcb4cd0000 - 0x00007ffcb4d2e000 	C:\WINDOWS\System32\shlwapi.dll
0x00007ffcb2080000 - 0x00007ffcb20a1000 	C:\WINDOWS\SYSTEM32\profapi.dll
0x00007ffb4b5c0000 - 0x00007ffb4b5d9000 	E:\PC\Android\jbr\bin\net.dll
0x00007ffcab4d0000 - 0x00007ffcab606000 	C:\WINDOWS\SYSTEM32\WINHTTP.dll
0x00007ffcb16d0000 - 0x00007ffcb1739000 	C:\WINDOWS\system32\mswsock.dll
0x00007ffb4b5a0000 - 0x00007ffb4b5b6000 	E:\PC\Android\jbr\bin\nio.dll
0x00007ffb4b570000 - 0x00007ffb4b580000 	E:\PC\Android\jbr\bin\verify.dll
0x00007ffb42650000 - 0x00007ffb42677000 	C:\Users\adric\.gradle\native\68d5fa5c4cc2d200863cafc0d521ce42e7d3e7ee720ec0a83991735586a16f82\windows-amd64\native-platform.dll
0x00007ffc612a0000 - 0x00007ffc613e4000 	C:\Users\adric\.gradle\native\e376f236ea51e6404a007f0833ffe2c6e607c4080706a723a18a27aeea778392\windows-amd64\native-platform-file-events.dll
0x00007ffb4b590000 - 0x00007ffb4b599000 	E:\PC\Android\jbr\bin\management.dll
0x00007ffb4b580000 - 0x00007ffb4b58b000 	E:\PC\Android\jbr\bin\management_ext.dll
0x00007ffcb4430000 - 0x00007ffcb4438000 	C:\WINDOWS\System32\PSAPI.DLL
0x00007ffcb1930000 - 0x00007ffcb194b000 	C:\WINDOWS\SYSTEM32\CRYPTSP.dll
0x00007ffcb11c0000 - 0x00007ffcb11f5000 	C:\WINDOWS\system32\rsaenh.dll
0x00007ffcb17d0000 - 0x00007ffcb17f8000 	C:\WINDOWS\SYSTEM32\USERENV.dll
0x00007ffcb1950000 - 0x00007ffcb195c000 	C:\WINDOWS\SYSTEM32\CRYPTBASE.dll
0x00007ffcb0c70000 - 0x00007ffcb0c9d000 	C:\WINDOWS\SYSTEM32\IPHLPAPI.DLL
0x00007ffcb43e0000 - 0x00007ffcb43e9000 	C:\WINDOWS\System32\NSI.dll
0x00007ffcab3e0000 - 0x00007ffcab3f9000 	C:\WINDOWS\SYSTEM32\dhcpcsvc6.DLL
0x00007ffcab3c0000 - 0x00007ffcab3df000 	C:\WINDOWS\SYSTEM32\dhcpcsvc.DLL
0x00007ffcb0ce0000 - 0x00007ffcb0dd8000 	C:\WINDOWS\SYSTEM32\DNSAPI.dll
0x00007ffc53680000 - 0x00007ffc53688000 	C:\WINDOWS\system32\wshunix.dll
0x00007ffca8e30000 - 0x00007ffca8e3a000 	C:\Windows\System32\rasadhlp.dll
0x00007ffcaa350000 - 0x00007ffcaa3d3000 	C:\WINDOWS\System32\fwpuclnt.dll

dbghelp: loaded successfully - version: 4.0.5 - missing functions: none
symbol engine: initialized successfully - sym options: 0x614 - pdb path: .;E:\PC\Android\jbr\bin;C:\WINDOWS\SYSTEM32;C:\WINDOWS\WinSxS\amd64_microsoft.windows.common-controls_6595b64144ccf1df_6.0.22621.3527_none_270e469b73872a76;E:\PC\Android\jbr\bin\server;C:\Users\adric\.gradle\native\68d5fa5c4cc2d200863cafc0d521ce42e7d3e7ee720ec0a83991735586a16f82\windows-amd64;C:\Users\adric\.gradle\native\e376f236ea51e6404a007f0833ffe2c6e607c4080706a723a18a27aeea778392\windows-amd64

VM Arguments:
jvm_args: --add-opens=java.base/java.util=ALL-UNNAMED --add-opens=java.base/java.lang=ALL-UNNAMED --add-opens=java.base/java.lang.invoke=ALL-UNNAMED --add-opens=java.prefs/java.util.prefs=ALL-UNNAMED --add-opens=java.base/java.nio.charset=ALL-UNNAMED --add-opens=java.base/java.net=ALL-UNNAMED --add-opens=java.base/java.util.concurrent.atomic=ALL-UNNAMED -Xmx2048m -Dfile.encoding=UTF-8 -Duser.country=ES -Duser.language=es -Duser.variant 
java_command: org.gradle.launcher.daemon.bootstrap.GradleDaemon 8.0
java_class_path (initial): C:\Users\adric\.gradle\wrapper\dists\gradle-8.0-bin\ca5e32bp14vu59qr306oxotwh\gradle-8.0\lib\gradle-launcher-8.0.jar
Launcher Type: SUN_STANDARD

[Global flags]
     intx CICompilerCount                          = 4                                         {product} {ergonomic}
     uint ConcGCThreads                            = 3                                         {product} {ergonomic}
     uint G1ConcRefinementThreads                  = 10                                        {product} {ergonomic}
   size_t G1HeapRegionSize                         = 1048576                                   {product} {ergonomic}
    uintx GCDrainStackTargetSize                   = 64                                        {product} {ergonomic}
   size_t InitialHeapSize                          = 123731968                                 {product} {ergonomic}
   size_t MarkStackSize                            = 4194304                                   {product} {ergonomic}
   size_t MaxHeapSize                              = 2147483648                                {product} {command line}
   size_t MaxNewSize                               = 1287651328                                {product} {ergonomic}
   size_t MinHeapDeltaBytes                        = 1048576                                   {product} {ergonomic}
   size_t MinHeapSize                              = 8388608                                   {product} {ergonomic}
    uintx NonNMethodCodeHeapSize                   = 5839372                                {pd product} {ergonomic}
    uintx NonProfiledCodeHeapSize                  = 122909434                              {pd product} {ergonomic}
    uintx ProfiledCodeHeapSize                     = 122909434                              {pd product} {ergonomic}
    uintx ReservedCodeCacheSize                    = 251658240                              {pd product} {ergonomic}
     bool SegmentedCodeCache                       = true                                      {product} {ergonomic}
   size_t SoftMaxHeapSize                          = 2147483648                             {manageable} {ergonomic}
     bool UseCompressedClassPointers               = true                           {product lp64_product} {ergonomic}
     bool UseCompressedOops                        = true                           {product lp64_product} {ergonomic}
     bool UseG1GC                                  = true                                      {product} {ergonomic}
     bool UseLargePagesIndividualAllocation        = false                                  {pd product} {ergonomic}

Logging:
Log output configuration:
 #0: stdout all=warning uptime,level,tags
 #1: stderr all=off uptime,level,tags

Environment Variables:
JAVA_HOME=C:\Program Files\Eclipse Adoptium\jdk-17.0.8.101-hotspot\
PATH=C:\Program Files\Eclipse Adoptium\jdk-17.0.8.101-hotspot\bin;C:\Program Files (x86)\Common Files\Oracle\Java\javapath;C:\windows\system32;C:\windows;C:\windows\System32\Wbem;C:\windows\System32\WindowsPowerShell\v1.0\;C:\windows\System32\OpenSSH\;C:\Program Files (x86)\NVIDIA Corporation\PhysX\Common;C:\Program Files\NVIDIA Corporation\NVIDIA NvDLISR;C:\Program Files\dotnet\;C:\WINDOWS\system32;C:\WINDOWS;C:\WINDOWS\System32\Wbem;C:\WINDOWS\System32\WindowsPowerShell\v1.0\;C:\WINDOWS\System32\OpenSSH\;C:\Users\adric\.gradle\wrapper\dists\gradle-8.0-bin\ca5e32bp14vu59qr306oxotwh\gradle-8.0\bin;C:\Program Files\Microsoft SQL Server\Client SDK\ODBC\170\Tools\Binn\;C:\Program Files\Microsoft SQL Server\150\Tools\Binn\;C:\Program Files (x86)\Windows Kits\10\Windows Performance Toolkit\;C:\Program Files\MySQL\MySQL Shell 8.0\bin\;C:\Users\adric\AppData\Local\Microsoft\WindowsApps;C:\Users\adric\.dotnet\tools;C:\Users\adric\AppData\Local\Programs\Microsoft VS Code\bin;
USERNAME=adric
OS=Windows_NT
PROCESSOR_IDENTIFIER=AMD64 Family 25 Model 80 Stepping 0, AuthenticAMD
TMP=C:\Users\adric\AppData\Local\Temp
TEMP=C:\Users\adric\AppData\Local\Temp


JNI global refs:
JNI global refs: 26, weak refs: 4

JNI global refs memory usage: 843, weak refs: 841


---------------  S Y S T E M  ---------------

OS:
 Windows 11 , 64 bit Build 22621 (10.0.22621.3527)
OS uptime: 0 days 8:29 hours

CPU: total 12 (initial active 12) (12 cores per cpu, 2 threads per core) family 25 model 80 stepping 0 microcode 0x0, cx8, cmov, fxsr, ht, mmx, 3dnowpref, sse, sse2, sse3, ssse3, sse4a, sse4.1, sse4.2, popcnt, lzcnt, tsc, tscinvbit, avx, avx2, aes, erms, clmul, bmi1, bmi2, adx, sha, fma, vzeroupper, clflush, clflushopt

Memory: 4k page, system-wide physical 7521M (326M free)
TotalPageFile size 31073M (AvailPageFile size 11M)
current process WorkingSet (physical memory assigned to process): 303M, peak: 303M
current process commit charge ("private bytes"): 362M, peak: 396M

vm_info: OpenJDK 64-Bit Server VM (17.0.6+0-b2043.56-10027231) for windows-amd64 JRE (17.0.6+0-b2043.56-10027231), built on Apr 28 2023 00:43:19 by "androidbuild" with MS VC++ 16.10 / 16.11 (VS2019)

END.
