#
# There is insufficient memory for the Java Runtime Environment to continue.
# Native memory allocation (mmap) failed to map 123731968 bytes for G1 virtual space
# Possible reasons:
#   The system is out of physical RAM or swap space
#   The process is running with CompressedOops enabled, and the Java Heap may be blocking the growth of the native heap
# Possible solutions:
#   Reduce memory load on the system
#   Increase physical memory or swap space
#   Check if swap backing store is full
#   Decrease Java heap size (-Xmx/-Xms)
#   Decrease number of Java threads
#   Decrease Java thread stack sizes (-Xss)
#   Set larger code cache with -XX:ReservedCodeCacheSize=
#   JVM is running with Unscaled Compressed Oops mode in which the Java heap is
#     placed in the first 4GB address space. The Java Heap base address is the
#     maximum limit for the native heap growth. Please use -XX:HeapBaseMinAddress
#     to set the Java Heap base and to place the Java Heap above 4GB virtual address.
# This output file may be truncated or incomplete.
#
#  Out of Memory Error (os_windows.cpp:3769), pid=26308, tid=19288
#
# JRE version:  (17.0.6) (build )
# Java VM: OpenJDK 64-Bit Server VM (17.0.6+0-b2043.56-10027231, mixed mode, sharing, tiered, compressed oops, compressed class ptrs, g1 gc, windows-amd64)
# No core dump will be written. Minidumps are not enabled by default on client versions of Windows
#

---------------  S U M M A R Y ------------

Command Line: org.jetbrains.kotlin.cli.jvm.K2JVMCompiler @E:\PC\Documentos\Proyecto\RefriPolarAppMovil\app\build\20240403_12530076839779798802.compiler.options

Host: AMD Ryzen 5 5600H with Radeon Graphics         , 12 cores, 7G,  Windows 11 , 64 bit Build 22621 (10.0.22621.3235)
Time: Wed Apr  3 15:03:35 2024 Hora de verano romance elapsed time: 0.015882 seconds (0d 0h 0m 0s)

---------------  T H R E A D  ---------------

Current thread (0x000002687d0ad6c0):  JavaThread "Unknown thread" [_thread_in_vm, id=19288, stack(0x00000089f7e00000,0x00000089f7f00000)]

Stack: [0x00000089f7e00000,0x00000089f7f00000]
Native frames: (J=compiled Java code, j=interpreted, Vv=VM code, C=native code)
V  [jvm.dll+0x683c9a]
V  [jvm.dll+0x8427a4]
V  [jvm.dll+0x843f9e]
V  [jvm.dll+0x844603]
V  [jvm.dll+0x249b75]
V  [jvm.dll+0x680b69]
V  [jvm.dll+0x67505a]
V  [jvm.dll+0x309acb]
V  [jvm.dll+0x310f86]
V  [jvm.dll+0x3608ee]
V  [jvm.dll+0x360b1f]
V  [jvm.dll+0x2dfbf8]
V  [jvm.dll+0x2e0b64]
V  [jvm.dll+0x814091]
V  [jvm.dll+0x36e6a1]
V  [jvm.dll+0x7f35cc]
V  [jvm.dll+0x3f0e8f]
V  [jvm.dll+0x3f29d1]
C  [jli.dll+0x526b]
C  [ucrtbase.dll+0x29363]
C  [KERNEL32.DLL+0x1257d]
C  [ntdll.dll+0x5aa58]


---------------  P R O C E S S  ---------------

Threads class SMR info:
_java_thread_list=0x00007ffa2b9ac058, length=0, elements={
}

Java Threads: ( => current thread )

Other Threads:
  0x000002687d1068f0 GCTaskThread "GC Thread#0" [stack: 0x00000089f7f00000,0x00000089f8000000] [id=37752]
  0x000002687d116370 ConcurrentGCThread "G1 Main Marker" [stack: 0x00000089f8000000,0x00000089f8100000] [id=29336]
  0x000002687d118530 ConcurrentGCThread "G1 Conc#0" [stack: 0x00000089f8100000,0x00000089f8200000] [id=24588]

[error occurred during error reporting (printing all threads), id 0xc0000005, EXCEPTION_ACCESS_VIOLATION (0xc0000005) at pc=0x00007ffa2b160797]

VM state: not at safepoint (not fully initialized)

VM Mutex/Monitor currently owned by a thread:  ([mutex/lock_event])
[0x000002687d0a9b70] Heap_lock - owner thread: 0x000002687d0ad6c0

Heap address: 0x000000008a600000, size: 1882 MB, Compressed Oops mode: 32-bit

CDS archive(s) mapped at: [0x0000000000000000-0x0000000000000000-0x0000000000000000), size 0, SharedBaseAddress: 0x0000000800000000, ArchiveRelocationMode: 0.
Narrow klass base: 0x0000000000000000, Narrow klass shift: 0, Narrow klass range: 0x0

GC Precious Log:
<Empty>

Heap:
 garbage-first heap   total 0K, used 0K [0x000000008a600000, 0x0000000100000000)
  region size 1024K, 0 young (0K), 0 survivors (0K)

[error occurred during error reporting (printing heap information), id 0xc0000005, EXCEPTION_ACCESS_VIOLATION (0xc0000005) at pc=0x00007ffa2b54da89]

GC Heap History (0 events):
No events

Dll operation events (1 events):
Event: 0.012 Loaded shared library E:\PC\Android\jbr\bin\java.dll

Deoptimization events (0 events):
No events

Classes unloaded (0 events):
No events

Classes redefined (0 events):
No events

Internal exceptions (0 events):
No events

VM Operations (0 events):
No events

Events (0 events):
No events


Dynamic libraries:
0x00007ff6e56d0000 - 0x00007ff6e56da000 	E:\PC\Android\jbr\bin\java.exe
0x00007ffb61310000 - 0x00007ffb61526000 	C:\WINDOWS\SYSTEM32\ntdll.dll
0x00007ffb5ffc0000 - 0x00007ffb60084000 	C:\WINDOWS\System32\KERNEL32.DLL
0x00007ffb5e890000 - 0x00007ffb5ec36000 	C:\WINDOWS\System32\KERNELBASE.dll
0x00007ffb5ec40000 - 0x00007ffb5ed51000 	C:\WINDOWS\System32\ucrtbase.dll
0x00007ffa4a4b0000 - 0x00007ffa4a4cb000 	E:\PC\Android\jbr\bin\VCRUNTIME140.dll
0x00007ffac15f0000 - 0x00007ffac1607000 	E:\PC\Android\jbr\bin\jli.dll
0x00007ffb60160000 - 0x00007ffb6030d000 	C:\WINDOWS\System32\USER32.dll
0x00007ffb5ed60000 - 0x00007ffb5ed86000 	C:\WINDOWS\System32\win32u.dll
0x00007ffb47080000 - 0x00007ffb47313000 	C:\WINDOWS\WinSxS\amd64_microsoft.windows.common-controls_6595b64144ccf1df_6.0.22621.3235_none_270f74e173860f98\COMCTL32.dll
0x00007ffb5f0a0000 - 0x00007ffb5f0c9000 	C:\WINDOWS\System32\GDI32.dll
0x00007ffb5f180000 - 0x00007ffb5f227000 	C:\WINDOWS\System32\msvcrt.dll
0x00007ffb5eec0000 - 0x00007ffb5efd8000 	C:\WINDOWS\System32\gdi32full.dll
0x00007ffb5e7f0000 - 0x00007ffb5e88a000 	C:\WINDOWS\System32\msvcp_win.dll
0x00007ffb5f060000 - 0x00007ffb5f091000 	C:\WINDOWS\System32\IMM32.DLL
0x00007ffb10050000 - 0x00007ffb1005c000 	E:\PC\Android\jbr\bin\vcruntime140_1.dll
0x00007ffa48610000 - 0x00007ffa4869d000 	E:\PC\Android\jbr\bin\msvcp140.dll
0x00007ffa2ae70000 - 0x00007ffa2bade000 	E:\PC\Android\jbr\bin\server\jvm.dll
0x00007ffb5f390000 - 0x00007ffb5f442000 	C:\WINDOWS\System32\ADVAPI32.dll
0x00007ffb60310000 - 0x00007ffb603b8000 	C:\WINDOWS\System32\sechost.dll
0x00007ffb5e7c0000 - 0x00007ffb5e7e8000 	C:\WINDOWS\System32\bcrypt.dll
0x00007ffb5f450000 - 0x00007ffb5f565000 	C:\WINDOWS\System32\RPCRT4.dll
0x00007ffb32740000 - 0x00007ffb32749000 	C:\WINDOWS\SYSTEM32\WSOCK32.dll
0x00007ffb609e0000 - 0x00007ffb60a51000 	C:\WINDOWS\System32\WS2_32.dll
0x00007ffb57ea0000 - 0x00007ffb57ed4000 	C:\WINDOWS\SYSTEM32\WINMM.dll
0x00007ffb56630000 - 0x00007ffb5663a000 	C:\WINDOWS\SYSTEM32\VERSION.dll
0x00007ffb5d690000 - 0x00007ffb5d6a8000 	C:\WINDOWS\SYSTEM32\kernel.appcore.dll
0x00007ffb58080000 - 0x00007ffb5808a000 	E:\PC\Android\jbr\bin\jimage.dll
0x00007ffb4d200000 - 0x00007ffb4d433000 	C:\WINDOWS\SYSTEM32\DBGHELP.DLL
0x00007ffb5f6d0000 - 0x00007ffb5fa58000 	C:\WINDOWS\System32\combase.dll
0x00007ffb604c0000 - 0x00007ffb60597000 	C:\WINDOWS\System32\OLEAUT32.dll
0x00007ffb41210000 - 0x00007ffb41242000 	C:\WINDOWS\SYSTEM32\dbgcore.DLL
0x00007ffb5efe0000 - 0x00007ffb5f05a000 	C:\WINDOWS\System32\bcryptPrimitives.dll
0x00007ffb193a0000 - 0x00007ffb193c5000 	E:\PC\Android\jbr\bin\java.dll

dbghelp: loaded successfully - version: 4.0.5 - missing functions: none
symbol engine: initialized successfully - sym options: 0x614 - pdb path: .;E:\PC\Android\jbr\bin;C:\WINDOWS\SYSTEM32;C:\WINDOWS\WinSxS\amd64_microsoft.windows.common-controls_6595b64144ccf1df_6.0.22621.3235_none_270f74e173860f98;E:\PC\Android\jbr\bin\server

VM Arguments:
java_command: org.jetbrains.kotlin.cli.jvm.K2JVMCompiler @E:\PC\Documentos\Proyecto\RefriPolarAppMovil\app\build\20240403_12530076839779798802.compiler.options
java_class_path (initial): C:\Users\adric\.gradle\caches\modules-2\files-2.1\org.jetbrains.kotlin\kotlin-compiler-embeddable\1.9.0\2c8c3a7402becca891f12739b3e9fd2dc2adbd7a\kotlin-compiler-embeddable-1.9.0.jar;C:\Users\adric\.gradle\caches\modules-2\files-2.1\org.jetbrains.kotlin\kotlin-stdlib\1.9.0\8ee15ef0c67dc83d874f412d84378d7f0eb50b63\kotlin-stdlib-1.9.0.jar;C:\Users\adric\.gradle\caches\modules-2\files-2.1\org.jetbrains.kotlin\kotlin-script-runtime\1.9.0\4b3102cbbb7e1b58d9d1adf89563f00069ffa7d1\kotlin-script-runtime-1.9.0.jar;C:\Users\adric\.gradle\caches\modules-2\files-2.1\org.jetbrains.kotlin\kotlin-reflect\1.6.10\1cbe9c92c12a94eea200d23c2bbaedaf3daf5132\kotlin-reflect-1.6.10.jar;C:\Users\adric\.gradle\caches\modules-2\files-2.1\org.jetbrains.kotlin\kotlin-daemon-embeddable\1.9.0\186543f5e28cf8d9a0290fecc2cf34301c40a65c\kotlin-daemon-embeddable-1.9.0.jar;C:\Users\adric\.gradle\caches\modules-2\files-2.1\org.jetbrains.intellij.deps\trove4j\1.0.20200330\3afb14d5f9ceb459d724e907a21145e8ff394f02\trove4j-1.0.20200330.jar;C:\Users\adric\.gradle\caches\modules-2\files-2.1\org.jetbrains.kotlin\kotlin-stdlib-common\1.9.0\cd65c21cfd1eec4d44ef09f9f52b6d9f8a720636\kotlin-stdlib-common-1.9.0.jar;C:\Users\adric\.gradle\caches\modules-2\files-2.1\org.jetbrains\annotations\13.0\919f0dfe192fb4e063e7dacadee7f8bb9a2672a9\annotations-13.0.jar
Launcher Type: SUN_STANDARD

[Global flags]
     intx CICompilerCount                          = 4                                         {product} {ergonomic}
     uint ConcGCThreads                            = 3                                         {product} {ergonomic}
     uint G1ConcRefinementThreads                  = 10                                        {product} {ergonomic}
   size_t G1HeapRegionSize                         = 1048576                                   {product} {ergonomic}
    uintx GCDrainStackTargetSize                   = 64                                        {product} {ergonomic}
   size_t InitialHeapSize                          = 123731968                                 {product} {ergonomic}
   size_t MarkStackSize                            = 4194304                                   {product} {ergonomic}
   size_t MaxHeapSize                              = 1973420032                                {product} {ergonomic}
   size_t MinHeapDeltaBytes                        = 1048576                                   {product} {ergonomic}
   size_t MinHeapSize                              = 8388608                                   {product} {ergonomic}
    uintx NonNMethodCodeHeapSize                   = 5839372                                {pd product} {ergonomic}
    uintx NonProfiledCodeHeapSize                  = 122909434                              {pd product} {ergonomic}
    uintx ProfiledCodeHeapSize                     = 122909434                              {pd product} {ergonomic}
    uintx ReservedCodeCacheSize                    = 251658240                              {pd product} {ergonomic}
     bool SegmentedCodeCache                       = true                                      {product} {ergonomic}
   size_t SoftMaxHeapSize                          = 1973420032                             {manageable} {ergonomic}
     bool UseCompressedClassPointers               = true                           {product lp64_product} {ergonomic}
     bool UseCompressedOops                        = true                           {product lp64_product} {ergonomic}
     bool UseG1GC                                  = true                                      {product} {ergonomic}
     bool UseLargePagesIndividualAllocation        = false                                  {pd product} {ergonomic}

Logging:
Log output configuration:
 #0: stdout all=warning uptime,level,tags
 #1: stderr all=off uptime,level,tags

Environment Variables:
JAVA_HOME=C:\Program Files\Eclipse Adoptium\jdk-17.0.8.101-hotspot\
PATH=C:\Program Files\Eclipse Adoptium\jdk-17.0.8.101-hotspot\bin;C:\Program Files (x86)\Common Files\Oracle\Java\javapath;C:\windows\system32;C:\windows;C:\windows\System32\Wbem;C:\windows\System32\WindowsPowerShell\v1.0\;C:\windows\System32\OpenSSH\;C:\Program Files (x86)\NVIDIA Corporation\PhysX\Common;C:\Program Files\NVIDIA Corporation\NVIDIA NvDLISR;C:\Program Files\dotnet\;C:\WINDOWS\system32;C:\WINDOWS;C:\WINDOWS\System32\Wbem;C:\WINDOWS\System32\WindowsPowerShell\v1.0\;C:\WINDOWS\System32\OpenSSH\;C:\Users\adric\.gradle\wrapper\dists\gradle-8.0-bin\ca5e32bp14vu59qr306oxotwh\gradle-8.0\bin;C:\Program Files\Microsoft SQL Server\Client SDK\ODBC\170\Tools\Binn\;C:\Program Files\Microsoft SQL Server\150\Tools\Binn\;C:\Program Files\MySQL\MySQL Shell 8.0\bin\;C:\Users\adric\AppData\Local\Microsoft\WindowsApps;C:\Users\adric\.dotnet\tools;C:\Users\adric\AppData\Local\Programs\Microsoft VS Code\bin;
USERNAME=adric
OS=Windows_NT
PROCESSOR_IDENTIFIER=AMD64 Family 25 Model 80 Stepping 0, AuthenticAMD
TMP=C:\Users\adric\AppData\Local\Temp
TEMP=C:\Users\adric\AppData\Local\Temp


JNI global refs:

[error occurred during error reporting (JNI global references), id 0xc0000005, EXCEPTION_ACCESS_VIOLATION (0xc0000005) at pc=0x00007ffa2af27a10]


---------------  S Y S T E M  ---------------

OS:
 Windows 11 , 64 bit Build 22621 (10.0.22621.3235)
OS uptime: 4 days 5:28 hours

CPU: total 12 (initial active 12) (12 cores per cpu, 2 threads per core) family 25 model 80 stepping 0 microcode 0x0, cx8, cmov, fxsr, ht, mmx, 3dnowpref, sse, sse2, sse3, ssse3, sse4a, sse4.1, sse4.2, popcnt, lzcnt, tsc, tscinvbit, avx, avx2, aes, erms, clmul, bmi1, bmi2, adx, sha, fma, vzeroupper, clflush, clflushopt

Memory: 4k page, system-wide physical 7521M (538M free)
TotalPageFile size 31073M (AvailPageFile size 113M)
current process WorkingSet (physical memory assigned to process): 11M, peak: 11M
current process commit charge ("private bytes"): 64M, peak: 182M

vm_info: OpenJDK 64-Bit Server VM (17.0.6+0-b2043.56-10027231) for windows-amd64 JRE (17.0.6+0-b2043.56-10027231), built on Apr 28 2023 00:43:19 by "androidbuild" with MS VC++ 16.10 / 16.11 (VS2019)

END.
