#
# There is insufficient memory for the Java Runtime Environment to continue.
# Native memory allocation (malloc) failed to allocate 1240176 bytes for Chunk::new
# Possible reasons:
#   The system is out of physical RAM or swap space
#   The process is running with CompressedOops enabled, and the Java Heap may be blocking the growth of the native heap
# Possible solutions:
#   Reduce memory load on the system
#   Increase physical memory or swap space
#   Check if swap backing store is full
#   Decrease Java heap size (-Xmx/-Xms)
#   Decrease number of Java threads
#   Decrease Java thread stack sizes (-Xss)
#   Set larger code cache with -XX:ReservedCodeCacheSize=
#   JVM is running with Unscaled Compressed Oops mode in which the Java heap is
#     placed in the first 4GB address space. The Java Heap base address is the
#     maximum limit for the native heap growth. Please use -XX:HeapBaseMinAddress
#     to set the Java Heap base and to place the Java Heap above 4GB virtual address.
# This output file may be truncated or incomplete.
#
#  Out of Memory Error (arena.cpp:189), pid=29188, tid=33100
#
# JRE version: OpenJDK Runtime Environment (17.0.6) (build 17.0.6+0-b2043.56-10027231)
# Java VM: OpenJDK 64-Bit Server VM (17.0.6+0-b2043.56-10027231, mixed mode, tiered, compressed oops, compressed class ptrs, g1 gc, windows-amd64)
# No core dump will be written. Minidumps are not enabled by default on client versions of Windows
#

---------------  S U M M A R Y ------------

Command Line: --add-opens=java.base/java.util=ALL-UNNAMED --add-opens=java.base/java.lang=ALL-UNNAMED --add-opens=java.base/java.lang.invoke=ALL-UNNAMED --add-opens=java.prefs/java.util.prefs=ALL-UNNAMED --add-opens=java.base/java.nio.charset=ALL-UNNAMED --add-opens=java.base/java.net=ALL-UNNAMED --add-opens=java.base/java.util.concurrent.atomic=ALL-UNNAMED -Xmx2048m -Dfile.encoding=UTF-8 -Duser.country=ES -Duser.language=es -Duser.variant org.gradle.launcher.daemon.bootstrap.GradleDaemon 8.0

Host: AMD Ryzen 5 5600H with Radeon Graphics         , 12 cores, 7G,  Windows 11 , 64 bit Build 22621 (10.0.22621.3527)
Time: Mon Jun  3 21:50:49 2024 Hora de verano romance elapsed time: 4.808065 seconds (0d 0h 0m 4s)

---------------  T H R E A D  ---------------

Current thread (0x000002467f835720):  JavaThread "C2 CompilerThread0" daemon [_thread_in_native, id=33100, stack(0x000000acd7700000,0x000000acd7800000)]


Current CompileTask:
C2:   4808 2456   !   4       java.net.URL::<init> (543 bytes)

Stack: [0x000000acd7700000,0x000000acd7800000]
Native frames: (J=compiled Java code, j=interpreted, Vv=VM code, C=native code)
V  [jvm.dll+0x683c9a]
V  [jvm.dll+0x8427a4]
V  [jvm.dll+0x843f9e]
V  [jvm.dll+0x844603]
V  [jvm.dll+0x249b75]
V  [jvm.dll+0xabcac]
V  [jvm.dll+0xac27c]
V  [jvm.dll+0x368802]
V  [jvm.dll+0x332f31]
V  [jvm.dll+0x3323da]
V  [jvm.dll+0x21c201]
V  [jvm.dll+0x21b621]
V  [jvm.dll+0x1a4fdd]
V  [jvm.dll+0x22b098]
V  [jvm.dll+0x229159]
V  [jvm.dll+0x7f81ec]
V  [jvm.dll+0x7f274a]
V  [jvm.dll+0x682ad5]
C  [ucrtbase.dll+0x29333]
C  [KERNEL32.DLL+0x1257d]
C  [ntdll.dll+0x5aa48]


---------------  P R O C E S S  ---------------

Threads class SMR info:
_java_thread_list=0x000002461c77f6d0, length=28, elements={
0x000002467ce7d3c0, 0x000002467ed3b260, 0x000002467ed3c0d0, 0x000002467ed279b0,
0x000002467f826010, 0x000002467f828ad0, 0x000002467f829480, 0x000002467f835720,
0x000002467f8361c0, 0x000002467f841390, 0x000002467f9c9010, 0x000002467f9cbca0,
0x000002461963cc30, 0x0000024618d99a50, 0x0000024619765860, 0x00000246193062e0,
0x0000024619b34010, 0x0000024619afe0b0, 0x0000024619afa7c0, 0x000002461a5c0d60,
0x000002461a5c1bd0, 0x000002461a5c1700, 0x000002461a5bfef0, 0x000002461a5c2a40,
0x000002461a5bfa20, 0x000002461a5bf550, 0x000002461a5c03c0, 0x000002461a5c0890
}

Java Threads: ( => current thread )
  0x000002467ce7d3c0 JavaThread "main" [_thread_blocked, id=27824, stack(0x000000acd6a00000,0x000000acd6b00000)]
  0x000002467ed3b260 JavaThread "Reference Handler" daemon [_thread_blocked, id=19320, stack(0x000000acd7100000,0x000000acd7200000)]
  0x000002467ed3c0d0 JavaThread "Finalizer" daemon [_thread_blocked, id=25968, stack(0x000000acd7200000,0x000000acd7300000)]
  0x000002467ed279b0 JavaThread "Signal Dispatcher" daemon [_thread_blocked, id=40192, stack(0x000000acd7300000,0x000000acd7400000)]
  0x000002467f826010 JavaThread "Attach Listener" daemon [_thread_blocked, id=36828, stack(0x000000acd7400000,0x000000acd7500000)]
  0x000002467f828ad0 JavaThread "Service Thread" daemon [_thread_blocked, id=37092, stack(0x000000acd7500000,0x000000acd7600000)]
  0x000002467f829480 JavaThread "Monitor Deflation Thread" daemon [_thread_blocked, id=6528, stack(0x000000acd7600000,0x000000acd7700000)]
=>0x000002467f835720 JavaThread "C2 CompilerThread0" daemon [_thread_in_native, id=33100, stack(0x000000acd7700000,0x000000acd7800000)]
  0x000002467f8361c0 JavaThread "C1 CompilerThread0" daemon [_thread_blocked, id=38032, stack(0x000000acd7800000,0x000000acd7900000)]
  0x000002467f841390 JavaThread "Sweeper thread" daemon [_thread_blocked, id=27608, stack(0x000000acd7900000,0x000000acd7a00000)]
  0x000002467f9c9010 JavaThread "Common-Cleaner" daemon [_thread_blocked, id=31360, stack(0x000000acd7a00000,0x000000acd7b00000)]
  0x000002467f9cbca0 JavaThread "Notification Thread" daemon [_thread_blocked, id=25564, stack(0x000000acd7b00000,0x000000acd7c00000)]
  0x000002461963cc30 JavaThread "Daemon health stats" [_thread_blocked, id=37956, stack(0x000000acd8100000,0x000000acd8200000)]
  0x0000024618d99a50 JavaThread "Incoming local TCP Connector on port 55138" [_thread_in_native, id=39580, stack(0x000000acd8200000,0x000000acd8300000)]
  0x0000024619765860 JavaThread "Daemon periodic checks" [_thread_blocked, id=28852, stack(0x000000acd8300000,0x000000acd8400000)]
  0x00000246193062e0 JavaThread "Daemon" [_thread_blocked, id=29172, stack(0x000000acd8400000,0x000000acd8500000)]
  0x0000024619b34010 JavaThread "Handler for socket connection from /127.0.0.1:55138 to /127.0.0.1:55139" [_thread_in_native, id=34848, stack(0x000000acd8500000,0x000000acd8600000)]
  0x0000024619afe0b0 JavaThread "Cancel handler" [_thread_blocked, id=35156, stack(0x000000acd8600000,0x000000acd8700000)]
  0x0000024619afa7c0 JavaThread "Daemon worker" [_thread_in_Java, id=5300, stack(0x000000acd8700000,0x000000acd8800000)]
  0x000002461a5c0d60 JavaThread "Asynchronous log dispatcher for DefaultDaemonConnection: socket connection from /127.0.0.1:55138 to /127.0.0.1:55139" [_thread_blocked, id=25068, stack(0x000000acd8800000,0x000000acd8900000)]
  0x000002461a5c1bd0 JavaThread "Stdin handler" [_thread_blocked, id=26612, stack(0x000000acd8900000,0x000000acd8a00000)]
  0x000002461a5c1700 JavaThread "Daemon client event forwarder" [_thread_blocked, id=35756, stack(0x000000acd8a00000,0x000000acd8b00000)]
  0x000002461a5bfef0 JavaThread "Cache worker for journal cache (C:\Users\adric\.gradle\caches\journal-1)" [_thread_blocked, id=20252, stack(0x000000acd9200000,0x000000acd9300000)]
  0x000002461a5c2a40 JavaThread "File lock request listener" [_thread_in_native, id=32244, stack(0x000000acd9300000,0x000000acd9400000)]
  0x000002461a5bfa20 JavaThread "Cache worker for file hash cache (C:\Users\adric\.gradle\caches\8.0\fileHashes)" [_thread_blocked, id=20944, stack(0x000000acd9400000,0x000000acd9500000)]
  0x000002461a5bf550 JavaThread "File watcher server" daemon [_thread_in_native, id=31148, stack(0x000000acd9500000,0x000000acd9600000)]
  0x000002461a5c03c0 JavaThread "File watcher consumer" daemon [_thread_blocked, id=40396, stack(0x000000acd9600000,0x000000acd9700000)]
  0x000002461a5c0890 JavaThread "Cache worker for checksums cache (C:\Users\adric\Music\RefriPolarAppMovil\.gradle\8.0\checksums)" [_thread_blocked, id=27948, stack(0x000000acd9700000,0x000000acd9800000)]

Other Threads:
  0x000002467ed17a10 VMThread "VM Thread" [stack: 0x000000acd7000000,0x000000acd7100000] [id=15660]
  0x000002467f9d0190 WatcherThread [stack: 0x000000acd7c00000,0x000000acd7d00000] [id=41260]
  0x000002467cedbc60 GCTaskThread "GC Thread#0" [stack: 0x000000acd6b00000,0x000000acd6c00000] [id=12516]
  0x0000024618d81730 GCTaskThread "GC Thread#1" [stack: 0x000000acd7d00000,0x000000acd7e00000] [id=31396]
  0x0000024618bfa060 GCTaskThread "GC Thread#2" [stack: 0x000000acd7e00000,0x000000acd7f00000] [id=20256]
  0x0000024618afeaa0 GCTaskThread "GC Thread#3" [stack: 0x000000acd7f00000,0x000000acd8000000] [id=38312]
  0x0000024619786100 GCTaskThread "GC Thread#4" [stack: 0x000000acd8000000,0x000000acd8100000] [id=29432]
  0x000002461a467d00 GCTaskThread "GC Thread#5" [stack: 0x000000acd8b00000,0x000000acd8c00000] [id=30272]
  0x0000024619b5ea10 GCTaskThread "GC Thread#6" [stack: 0x000000acd8c00000,0x000000acd8d00000] [id=38092]
  0x0000024619b5ecc0 GCTaskThread "GC Thread#7" [stack: 0x000000acd8d00000,0x000000acd8e00000] [id=35496]
  0x000002461a578150 GCTaskThread "GC Thread#8" [stack: 0x000000acd8e00000,0x000000acd8f00000] [id=21336]
  0x000002461a4f1ed0 GCTaskThread "GC Thread#9" [stack: 0x000000acd8f00000,0x000000acd9000000] [id=30360]
  0x000002467ceed340 ConcurrentGCThread "G1 Main Marker" [stack: 0x000000acd6c00000,0x000000acd6d00000] [id=12492]
  0x000002467ceedd50 ConcurrentGCThread "G1 Conc#0" [stack: 0x000000acd6d00000,0x000000acd6e00000] [id=34512]
  0x000002461a4f27a0 ConcurrentGCThread "G1 Conc#1" [stack: 0x000000acd9000000,0x000000acd9100000] [id=30400]
  0x000002461a4f2c10 ConcurrentGCThread "G1 Conc#2" [stack: 0x000000acd9100000,0x000000acd9200000] [id=35788]
  0x000002467eb720c0 ConcurrentGCThread "G1 Refine#0" [stack: 0x000000acd6e00000,0x000000acd6f00000] [id=40388]
  0x000002467eb72ae0 ConcurrentGCThread "G1 Service" [stack: 0x000000acd6f00000,0x000000acd7000000] [id=28172]

Threads with active compile tasks:
C2 CompilerThread0     4867 2456   !   4       java.net.URL::<init> (543 bytes)

VM state: not at safepoint (normal execution)

VM Mutex/Monitor currently owned by a thread: None

Heap address: 0x0000000080000000, size: 2048 MB, Compressed Oops mode: 32-bit

CDS archive(s) not mapped
Compressed class space mapped at: 0x0000000100000000-0x0000000140000000, reserved size: 1073741824
Narrow klass base: 0x0000000000000000, Narrow klass shift: 3, Narrow klass range: 0x140000000

GC Precious Log:
 CPUs: 12 total, 12 available
 Memory: 7521M
 Large Page Support: Disabled
 NUMA Support: Disabled
 Compressed Oops: Enabled (32-bit)
 Heap Region Size: 1M
 Heap Min Capacity: 8M
 Heap Initial Capacity: 118M
 Heap Max Capacity: 2G
 Pre-touch: Disabled
 Parallel Workers: 10
 Concurrent Workers: 3
 Concurrent Refinement Workers: 10
 Periodic GC: Disabled

Heap:
 garbage-first heap   total 71680K, used 40385K [0x0000000080000000, 0x0000000100000000)
  region size 1024K, 23 young (23552K), 3 survivors (3072K)
 Metaspace       used 29519K, committed 29824K, reserved 1081344K
  class space    used 3994K, committed 4096K, reserved 1048576K

Heap Regions: E=young(eden), S=young(survivor), O=old, HS=humongous(starts), HC=humongous(continues), CS=collection set, F=free, OA=open archive, CA=closed archive, TAMS=top-at-mark-start (previous, next)
|   0|0x0000000080000000, 0x0000000080100000, 0x0000000080100000|100%|HS|  |TAMS 0x0000000080100000, 0x0000000080000000| Complete 
|   1|0x0000000080100000, 0x0000000080200000, 0x0000000080200000|100%|HC|  |TAMS 0x0000000080200000, 0x0000000080100000| Complete 
|   2|0x0000000080200000, 0x0000000080300000, 0x0000000080300000|100%|HC|  |TAMS 0x0000000080300000, 0x0000000080200000| Complete 
|   3|0x0000000080300000, 0x0000000080400000, 0x0000000080400000|100%|HC|  |TAMS 0x0000000080400000, 0x0000000080300000| Complete 
|   4|0x0000000080400000, 0x0000000080500000, 0x0000000080500000|100%| O|  |TAMS 0x0000000080500000, 0x0000000080400000| Untracked 
|   5|0x0000000080500000, 0x0000000080600000, 0x0000000080600000|100%| O|  |TAMS 0x0000000080600000, 0x0000000080500000| Untracked 
|   6|0x0000000080600000, 0x0000000080700000, 0x0000000080700000|100%| O|  |TAMS 0x0000000080700000, 0x0000000080600000| Untracked 
|   7|0x0000000080700000, 0x0000000080800000, 0x0000000080800000|100%| O|  |TAMS 0x0000000080800000, 0x0000000080700000| Untracked 
|   8|0x0000000080800000, 0x0000000080900000, 0x0000000080900000|100%| O|  |TAMS 0x0000000080800000, 0x0000000080800000| Untracked 
|   9|0x0000000080900000, 0x0000000080a00000, 0x0000000080a00000|100%| O|  |TAMS 0x0000000080a00000, 0x0000000080900000| Untracked 
|  10|0x0000000080a00000, 0x0000000080b00000, 0x0000000080b00000|100%| O|  |TAMS 0x0000000080b00000, 0x0000000080a00000| Untracked 
|  11|0x0000000080b00000, 0x0000000080b78600, 0x0000000080c00000| 47%| O|  |TAMS 0x0000000080b78600, 0x0000000080b00000| Untracked 
|  12|0x0000000080c00000, 0x0000000080d00000, 0x0000000080d00000|100%| O|  |TAMS 0x0000000080c00000, 0x0000000080c00000| Untracked 
|  13|0x0000000080d00000, 0x0000000080e00000, 0x0000000080e00000|100%| O|  |TAMS 0x0000000080d00000, 0x0000000080d00000| Untracked 
|  14|0x0000000080e00000, 0x0000000080f00000, 0x0000000080f00000|100%| O|  |TAMS 0x0000000080e00000, 0x0000000080e00000| Untracked 
|  15|0x0000000080f00000, 0x0000000081000000, 0x0000000081000000|100%| O|  |TAMS 0x0000000080f00000, 0x0000000080f00000| Untracked 
|  16|0x0000000081000000, 0x0000000081100000, 0x0000000081100000|100%| O|  |TAMS 0x0000000081000000, 0x0000000081000000| Untracked 
|  17|0x0000000081100000, 0x0000000081200000, 0x0000000081200000|100%| O|  |TAMS 0x0000000081100000, 0x0000000081100000| Untracked 
|  18|0x0000000081200000, 0x000000008128da00, 0x0000000081300000| 55%| O|  |TAMS 0x0000000081200000, 0x0000000081200000| Untracked 
|  19|0x0000000081300000, 0x0000000081300000, 0x0000000081400000|  0%| F|  |TAMS 0x0000000081300000, 0x0000000081300000| Untracked 
|  20|0x0000000081400000, 0x0000000081400000, 0x0000000081500000|  0%| F|  |TAMS 0x0000000081400000, 0x0000000081400000| Untracked 
|  21|0x0000000081500000, 0x0000000081500000, 0x0000000081600000|  0%| F|  |TAMS 0x0000000081500000, 0x0000000081500000| Untracked 
|  22|0x0000000081600000, 0x0000000081600000, 0x0000000081700000|  0%| F|  |TAMS 0x0000000081600000, 0x0000000081600000| Untracked 
|  23|0x0000000081700000, 0x0000000081700000, 0x0000000081800000|  0%| F|  |TAMS 0x0000000081700000, 0x0000000081700000| Untracked 
|  24|0x0000000081800000, 0x0000000081800000, 0x0000000081900000|  0%| F|  |TAMS 0x0000000081800000, 0x0000000081800000| Untracked 
|  25|0x0000000081900000, 0x000000008196a4d8, 0x0000000081a00000| 41%| S|CS|TAMS 0x0000000081900000, 0x0000000081900000| Complete 
|  26|0x0000000081a00000, 0x0000000081b00000, 0x0000000081b00000|100%| S|CS|TAMS 0x0000000081a00000, 0x0000000081a00000| Complete 
|  27|0x0000000081b00000, 0x0000000081c00000, 0x0000000081c00000|100%| S|CS|TAMS 0x0000000081b00000, 0x0000000081b00000| Complete 
|  28|0x0000000081c00000, 0x0000000081c00000, 0x0000000081d00000|  0%| F|  |TAMS 0x0000000081c00000, 0x0000000081c00000| Untracked 
|  29|0x0000000081d00000, 0x0000000081d00000, 0x0000000081e00000|  0%| F|  |TAMS 0x0000000081d00000, 0x0000000081d00000| Untracked 
|  30|0x0000000081e00000, 0x0000000081e00000, 0x0000000081f00000|  0%| F|  |TAMS 0x0000000081e00000, 0x0000000081e00000| Untracked 
|  31|0x0000000081f00000, 0x0000000081f00000, 0x0000000082000000|  0%| F|  |TAMS 0x0000000081f00000, 0x0000000081f00000| Untracked 
|  32|0x0000000082000000, 0x0000000082000000, 0x0000000082100000|  0%| F|  |TAMS 0x0000000082000000, 0x0000000082000000| Untracked 
|  33|0x0000000082100000, 0x0000000082100000, 0x0000000082200000|  0%| F|  |TAMS 0x0000000082100000, 0x0000000082100000| Untracked 
|  34|0x0000000082200000, 0x0000000082200000, 0x0000000082300000|  0%| F|  |TAMS 0x0000000082200000, 0x0000000082200000| Untracked 
|  35|0x0000000082300000, 0x0000000082300000, 0x0000000082400000|  0%| F|  |TAMS 0x0000000082300000, 0x0000000082300000| Untracked 
|  36|0x0000000082400000, 0x0000000082400000, 0x0000000082500000|  0%| F|  |TAMS 0x0000000082400000, 0x0000000082400000| Untracked 
|  37|0x0000000082500000, 0x0000000082500000, 0x0000000082600000|  0%| F|  |TAMS 0x0000000082500000, 0x0000000082500000| Untracked 
|  38|0x0000000082600000, 0x0000000082600000, 0x0000000082700000|  0%| F|  |TAMS 0x0000000082600000, 0x0000000082600000| Untracked 
|  39|0x0000000082700000, 0x0000000082700000, 0x0000000082800000|  0%| F|  |TAMS 0x0000000082700000, 0x0000000082700000| Untracked 
|  40|0x0000000082800000, 0x0000000082800000, 0x0000000082900000|  0%| F|  |TAMS 0x0000000082800000, 0x0000000082800000| Untracked 
|  41|0x0000000082900000, 0x0000000082900000, 0x0000000082a00000|  0%| F|  |TAMS 0x0000000082900000, 0x0000000082900000| Untracked 
|  42|0x0000000082a00000, 0x0000000082a00000, 0x0000000082b00000|  0%| F|  |TAMS 0x0000000082a00000, 0x0000000082a00000| Untracked 
|  43|0x0000000082b00000, 0x0000000082b00000, 0x0000000082c00000|  0%| F|  |TAMS 0x0000000082b00000, 0x0000000082b00000| Untracked 
|  44|0x0000000082c00000, 0x0000000082c00000, 0x0000000082d00000|  0%| F|  |TAMS 0x0000000082c00000, 0x0000000082c00000| Untracked 
|  45|0x0000000082d00000, 0x0000000082d00000, 0x0000000082e00000|  0%| F|  |TAMS 0x0000000082d00000, 0x0000000082d00000| Untracked 
|  46|0x0000000082e00000, 0x0000000082e00000, 0x0000000082f00000|  0%| F|  |TAMS 0x0000000082e00000, 0x0000000082e00000| Untracked 
|  47|0x0000000082f00000, 0x0000000082f00000, 0x0000000083000000|  0%| F|  |TAMS 0x0000000082f00000, 0x0000000082f00000| Untracked 
|  48|0x0000000083000000, 0x0000000083000000, 0x0000000083100000|  0%| F|  |TAMS 0x0000000083000000, 0x0000000083000000| Untracked 
|  49|0x0000000083100000, 0x0000000083100000, 0x0000000083200000|  0%| F|  |TAMS 0x0000000083100000, 0x0000000083100000| Untracked 
|  50|0x0000000083200000, 0x00000000832bd7f8, 0x0000000083300000| 74%| E|  |TAMS 0x0000000083200000, 0x0000000083200000| Complete 
|  51|0x0000000083300000, 0x0000000083400000, 0x0000000083400000|100%| E|CS|TAMS 0x0000000083300000, 0x0000000083300000| Complete 
|  52|0x0000000083400000, 0x0000000083500000, 0x0000000083500000|100%| E|CS|TAMS 0x0000000083400000, 0x0000000083400000| Complete 
|  53|0x0000000083500000, 0x0000000083600000, 0x0000000083600000|100%| E|CS|TAMS 0x0000000083500000, 0x0000000083500000| Complete 
|  54|0x0000000083600000, 0x0000000083700000, 0x0000000083700000|100%| E|CS|TAMS 0x0000000083600000, 0x0000000083600000| Complete 
|  55|0x0000000083700000, 0x0000000083800000, 0x0000000083800000|100%| E|CS|TAMS 0x0000000083700000, 0x0000000083700000| Complete 
|  56|0x0000000083800000, 0x0000000083900000, 0x0000000083900000|100%| E|CS|TAMS 0x0000000083800000, 0x0000000083800000| Complete 
|  57|0x0000000083900000, 0x0000000083a00000, 0x0000000083a00000|100%| E|CS|TAMS 0x0000000083900000, 0x0000000083900000| Complete 
|  58|0x0000000083a00000, 0x0000000083b00000, 0x0000000083b00000|100%| E|CS|TAMS 0x0000000083a00000, 0x0000000083a00000| Complete 
|  59|0x0000000083b00000, 0x0000000083c00000, 0x0000000083c00000|100%| E|CS|TAMS 0x0000000083b00000, 0x0000000083b00000| Complete 
|  67|0x0000000084300000, 0x0000000084400000, 0x0000000084400000|100%| E|CS|TAMS 0x0000000084300000, 0x0000000084300000| Complete 
|  68|0x0000000084400000, 0x0000000084500000, 0x0000000084500000|100%| E|CS|TAMS 0x0000000084400000, 0x0000000084400000| Complete 
|  69|0x0000000084500000, 0x0000000084600000, 0x0000000084600000|100%| E|CS|TAMS 0x0000000084500000, 0x0000000084500000| Complete 
|  70|0x0000000084600000, 0x0000000084700000, 0x0000000084700000|100%| E|CS|TAMS 0x0000000084600000, 0x0000000084600000| Complete 
|  71|0x0000000084700000, 0x0000000084800000, 0x0000000084800000|100%| E|CS|TAMS 0x0000000084700000, 0x0000000084700000| Complete 
|  72|0x0000000084800000, 0x0000000084900000, 0x0000000084900000|100%| E|CS|TAMS 0x0000000084800000, 0x0000000084800000| Complete 
|  73|0x0000000084900000, 0x0000000084a00000, 0x0000000084a00000|100%| E|CS|TAMS 0x0000000084900000, 0x0000000084900000| Complete 
|  74|0x0000000084a00000, 0x0000000084b00000, 0x0000000084b00000|100%| E|CS|TAMS 0x0000000084a00000, 0x0000000084a00000| Complete 
|  75|0x0000000084b00000, 0x0000000084c00000, 0x0000000084c00000|100%| E|CS|TAMS 0x0000000084b00000, 0x0000000084b00000| Complete 
| 117|0x0000000087500000, 0x0000000087600000, 0x0000000087600000|100%| E|CS|TAMS 0x0000000087500000, 0x0000000087500000| Complete 

Card table byte_map: [0x000002467d890000,0x000002467dc90000] _byte_map_base: 0x000002467d490000

Marking Bits (Prev, Next): (CMBitMap*) 0x000002467cedc2b0, (CMBitMap*) 0x000002467cedc270
 Prev Bits: [0x0000024614400000, 0x0000024616400000)
 Next Bits: [0x0000024612400000, 0x0000024614400000)

Polling page: 0x000002467adc0000

Metaspace:

Usage:
  Non-class:     24.94 MB used.
      Class:      3.91 MB used.
       Both:     28.84 MB used.

Virtual space:
  Non-class space:       32.00 MB reserved,      25.12 MB ( 79%) committed,  4 nodes.
      Class space:        1.00 GB reserved,       4.00 MB ( <1%) committed,  1 nodes.
             Both:        1.03 GB reserved,      29.12 MB (  3%) committed. 

Chunk freelists:
   Non-Class:  2.41 MB
       Class:  3.82 MB
        Both:  6.23 MB

MaxMetaspaceSize: unlimited
CompressedClassSpaceSize: 1.00 GB
Initial GC threshold: 21.00 MB
Current GC threshold: 35.12 MB
CDS: off
MetaspaceReclaimPolicy: balanced
 - commit_granule_bytes: 65536.
 - commit_granule_words: 8192.
 - virtual_space_node_default_size: 1048576.
 - enlarge_chunks_in_place: 1.
 - new_chunks_are_fully_committed: 0.
 - uncommit_free_chunks: 1.
 - use_allocation_guard: 0.
 - handle_deallocations: 1.


Internal statistics:

num_allocs_failed_limit: 3.
num_arena_births: 232.
num_arena_deaths: 0.
num_vsnodes_births: 5.
num_vsnodes_deaths: 0.
num_space_committed: 466.
num_space_uncommitted: 0.
num_chunks_returned_to_freelist: 3.
num_chunks_taken_from_freelist: 987.
num_chunk_merges: 3.
num_chunk_splits: 646.
num_chunks_enlarged: 474.
num_purges: 0.
num_inconsistent_stats: 0.

CodeHeap 'non-profiled nmethods': size=120000Kb used=1197Kb max_used=1197Kb free=118802Kb
 bounds [0x000002460aed0000, 0x000002460b140000, 0x0000024612400000]
CodeHeap 'profiled nmethods': size=120000Kb used=5166Kb max_used=5166Kb free=114833Kb
 bounds [0x0000024603400000, 0x0000024603910000, 0x000002460a930000]
CodeHeap 'non-nmethods': size=5760Kb used=1227Kb max_used=1266Kb free=4532Kb
 bounds [0x000002460a930000, 0x000002460aba0000, 0x000002460aed0000]
 total_blobs=3012 nmethods=2478 adapters=446
 compilation: enabled
              stopped_count=0, restarted_count=0
 full_count=0

Compilation events (20 events):
Event: 4.688 Thread 0x000002467f8361c0 nmethod 2454 0x00000246038f3210 code [0x00000246038f35c0, 0x00000246038f5088]
Event: 4.692 Thread 0x000002467f8361c0 2455       3       org.gradle.internal.service.RelevantMethods::toServiceMethodList (61 bytes)
Event: 4.693 Thread 0x000002467f8361c0 nmethod 2455 0x00000246038f5710 code [0x00000246038f5960, 0x00000246038f6468]
Event: 4.696 Thread 0x000002467f835720 2456   !   4       java.net.URL::<init> (543 bytes)
Event: 4.717 Thread 0x000002467f8361c0 2458       3       sun.reflect.generics.repository.AbstractRepository::getReifier (8 bytes)
Event: 4.718 Thread 0x000002467f8361c0 nmethod 2458 0x00000246038f6810 code [0x00000246038f69c0, 0x00000246038f6cb8]
Event: 4.718 Thread 0x000002467f8361c0 2459       3       java.util.HashMap::put (13 bytes)
Event: 4.718 Thread 0x000002467f8361c0 nmethod 2459 0x00000246038f6e10 code [0x00000246038f6fc0, 0x00000246038f72b8]
Event: 4.724 Thread 0x000002467f8361c0 2461       3       java.lang.reflect.Constructor::copy (72 bytes)
Event: 4.724 Thread 0x000002467f8361c0 nmethod 2461 0x00000246038f7410 code [0x00000246038f75e0, 0x00000246038f7998]
Event: 4.724 Thread 0x000002467f8361c0 2462       3       java.lang.reflect.Constructor::<init> (50 bytes)
Event: 4.724 Thread 0x000002467f8361c0 nmethod 2462 0x00000246038f7a90 code [0x00000246038f7c60, 0x00000246038f80d8]
Event: 4.752 Thread 0x000002467f8361c0 2465       3       org.gradle.internal.service.DefaultServiceRegistry$FactoryMethodService::getParameterTypes (10 bytes)
Event: 4.752 Thread 0x000002467f8361c0 nmethod 2465 0x00000246038f8210 code [0x00000246038f83a0, 0x00000246038f8578]
Event: 4.774 Thread 0x000002467f8361c0 2466       3       jdk.internal.reflect.ReflectionFactory::newMethodAccessor (120 bytes)
Event: 4.776 Thread 0x000002467f8361c0 nmethod 2466 0x00000246038f8690 code [0x00000246038f8a60, 0x00000246038fa558]
Event: 4.776 Thread 0x000002467f8361c0 2467       3       jdk.internal.reflect.Reflection::isCallerSensitive (24 bytes)
Event: 4.777 Thread 0x000002467f8361c0 nmethod 2467 0x00000246038fae10 code [0x00000246038fb140, 0x00000246038fc698]
Event: 4.777 Thread 0x000002467f8361c0 2468       3       jdk.internal.reflect.DelegatingMethodAccessorImpl::<init> (10 bytes)
Event: 4.777 Thread 0x000002467f8361c0 nmethod 2468 0x00000246038fcd10 code [0x00000246038fcec0, 0x00000246038fd158]

GC Heap History (8 events):
Event: 1.681 GC heap before
{Heap before GC invocations=0 (full 0):
 garbage-first heap   total 120832K, used 26624K [0x0000000080000000, 0x0000000100000000)
  region size 1024K, 23 young (23552K), 0 survivors (0K)
 Metaspace       used 10275K, committed 10432K, reserved 1064960K
  class space    used 1061K, committed 1152K, reserved 1048576K
}
Event: 1.696 GC heap after
{Heap after GC invocations=1 (full 0):
 garbage-first heap   total 120832K, used 10632K [0x0000000080000000, 0x0000000100000000)
  region size 1024K, 3 young (3072K), 3 survivors (3072K)
 Metaspace       used 10275K, committed 10432K, reserved 1064960K
  class space    used 1061K, committed 1152K, reserved 1048576K
}
Event: 2.294 GC heap before
{Heap before GC invocations=1 (full 0):
 garbage-first heap   total 120832K, used 40328K [0x0000000080000000, 0x0000000100000000)
  region size 1024K, 31 young (31744K), 3 survivors (3072K)
 Metaspace       used 11237K, committed 11456K, reserved 1064960K
  class space    used 1165K, committed 1280K, reserved 1048576K
}
Event: 2.302 GC heap after
{Heap after GC invocations=2 (full 0):
 garbage-first heap   total 120832K, used 14646K [0x0000000080000000, 0x0000000100000000)
  region size 1024K, 4 young (4096K), 4 survivors (4096K)
 Metaspace       used 11237K, committed 11456K, reserved 1064960K
  class space    used 1165K, committed 1280K, reserved 1048576K
}
Event: 3.615 GC heap before
{Heap before GC invocations=2 (full 0):
 garbage-first heap   total 120832K, used 52534K [0x0000000080000000, 0x0000000100000000)
  region size 1024K, 42 young (43008K), 4 survivors (4096K)
 Metaspace       used 21177K, committed 21504K, reserved 1073152K
  class space    used 2569K, committed 2752K, reserved 1048576K
}
Event: 3.621 GC heap after
{Heap after GC invocations=3 (full 0):
 garbage-first heap   total 120832K, used 19119K [0x0000000080000000, 0x0000000100000000)
  region size 1024K, 9 young (9216K), 9 survivors (9216K)
 Metaspace       used 21177K, committed 21504K, reserved 1073152K
  class space    used 2569K, committed 2752K, reserved 1048576K
}
Event: 4.334 GC heap before
{Heap before GC invocations=4 (full 0):
 garbage-first heap   total 71680K, used 51887K [0x0000000080000000, 0x0000000100000000)
  region size 1024K, 42 young (43008K), 9 survivors (9216K)
 Metaspace       used 26406K, committed 26624K, reserved 1073152K
  class space    used 3479K, committed 3584K, reserved 1048576K
}
Event: 4.341 GC heap after
{Heap after GC invocations=5 (full 0):
 garbage-first heap   total 71680K, used 20929K [0x0000000080000000, 0x0000000100000000)
  region size 1024K, 3 young (3072K), 3 survivors (3072K)
 Metaspace       used 26406K, committed 26624K, reserved 1073152K
  class space    used 3479K, committed 3584K, reserved 1048576K
}

Dll operation events (2 events):
Event: 0.058 Loaded shared library E:\PC\Android\jbr\bin\java.dll
Event: 1.211 Loaded shared library E:\PC\Android\jbr\bin\verify.dll

Deoptimization events (20 events):
Event: 3.984 Thread 0x0000024619afa7c0 Uncommon trap: trap_request=0xffffff45 fr.pc=0x000002460afab838 relative=0x0000000000000198
Event: 3.984 Thread 0x0000024619afa7c0 Uncommon trap: reason=unstable_if action=reinterpret pc=0x000002460afab838 method=java.util.WeakHashMap.expungeStaleEntries()V @ 9 c2
Event: 3.984 Thread 0x0000024619afa7c0 DEOPT PACKING pc=0x000002460afab838 sp=0x000000acd87fa1f0
Event: 3.984 Thread 0x0000024619afa7c0 DEOPT UNPACKING pc=0x000002460a9869a3 sp=0x000000acd87fa188 mode 2
Event: 4.111 Thread 0x0000024619afa7c0 DEOPT PACKING pc=0x0000024603779892 sp=0x000000acd87fb360
Event: 4.111 Thread 0x0000024619afa7c0 DEOPT UNPACKING pc=0x000002460a987143 sp=0x000000acd87fa870 mode 0
Event: 4.140 Thread 0x0000024619afa7c0 DEOPT PACKING pc=0x0000024603779892 sp=0x000000acd87fb850
Event: 4.140 Thread 0x0000024619afa7c0 DEOPT UNPACKING pc=0x000002460a987143 sp=0x000000acd87fad60 mode 0
Event: 4.164 Thread 0x0000024619afa7c0 DEOPT PACKING pc=0x0000024603779892 sp=0x000000acd87f87a0
Event: 4.164 Thread 0x0000024619afa7c0 DEOPT UNPACKING pc=0x000002460a987143 sp=0x000000acd87f7cb0 mode 0
Event: 4.175 Thread 0x0000024619afa7c0 DEOPT PACKING pc=0x0000024603779892 sp=0x000000acd87fb270
Event: 4.175 Thread 0x0000024619afa7c0 DEOPT UNPACKING pc=0x000002460a987143 sp=0x000000acd87fa780 mode 0
Event: 4.321 Thread 0x0000024619afa7c0 Uncommon trap: trap_request=0xffffff45 fr.pc=0x000002460aef0f74 relative=0x00000000000000d4
Event: 4.321 Thread 0x0000024619afa7c0 Uncommon trap: reason=unstable_if action=reinterpret pc=0x000002460aef0f74 method=java.util.HashMap.hash(Ljava/lang/Object;)I @ 1 c2
Event: 4.321 Thread 0x0000024619afa7c0 DEOPT PACKING pc=0x000002460aef0f74 sp=0x000000acd87f9a10
Event: 4.321 Thread 0x0000024619afa7c0 DEOPT UNPACKING pc=0x000002460a9869a3 sp=0x000000acd87f9950 mode 2
Event: 4.658 Thread 0x0000024619afa7c0 Uncommon trap: trap_request=0xffffff45 fr.pc=0x000002460af8e1f4 relative=0x00000000000005d4
Event: 4.658 Thread 0x0000024619afa7c0 Uncommon trap: reason=unstable_if action=reinterpret pc=0x000002460af8e1f4 method=java.util.Properties$LineReader.readLine()I @ 95 c2
Event: 4.658 Thread 0x0000024619afa7c0 DEOPT PACKING pc=0x000002460af8e1f4 sp=0x000000acd87fb090
Event: 4.658 Thread 0x0000024619afa7c0 DEOPT UNPACKING pc=0x000002460a9869a3 sp=0x000000acd87fb040 mode 2

Classes unloaded (0 events):
No events

Classes redefined (0 events):
No events

Internal exceptions (20 events):
Event: 3.724 Thread 0x0000024619afa7c0 Exception <a 'java/lang/NoSuchMethodError'{0x000000008389b398}: 'java.lang.Object java.lang.invoke.DirectMethodHandle$Holder.newInvokeSpecial(java.lang.Object, java.lang.Object, java.lang.Object, int)'> (0x000000008389b398) 
thrown [s\src\hotspot\share\interpreter\linkResolver.cpp, line 771]
Event: 3.725 Thread 0x0000024619afa7c0 Exception <a 'java/lang/NoSuchMethodError'{0x000000008389fcc8}: 'java.lang.Object java.lang.invoke.DirectMethodHandle$Holder.invokeSpecial(java.lang.Object, java.lang.Object, java.lang.Object, java.lang.Object, int)'> (0x000000008389fcc8) 
thrown [s\src\hotspot\share\interpreter\linkResolver.cpp, line 771]
Event: 3.725 Thread 0x0000024619afa7c0 Exception <a 'java/lang/NoSuchMethodError'{0x00000000838a3de0}: 'java.lang.Object java.lang.invoke.Invokers$Holder.linkToTargetMethod(java.lang.Object, java.lang.Object, int, java.lang.Object)'> (0x00000000838a3de0) 
thrown [s\src\hotspot\share\interpreter\linkResolver.cpp, line 771]
Event: 4.002 Thread 0x0000024619afa7c0 Exception <a 'java/lang/NoSuchMethodError'{0x0000000082ca0450}: 'int java.lang.invoke.DirectMethodHandle$Holder.invokeSpecialIFC(java.lang.Object, java.lang.Object, java.lang.Object, java.lang.Object)'> (0x0000000082ca0450) 
thrown [s\src\hotspot\share\interpreter\linkResolver.cpp, line 771]
Event: 4.004 Thread 0x0000024619afa7c0 Exception <a 'java/lang/NoSuchMethodError'{0x0000000082caf4a8}: 'java.lang.Object java.lang.invoke.DirectMethodHandle$Holder.invokeInterface(java.lang.Object, java.lang.Object, java.lang.Object)'> (0x0000000082caf4a8) 
thrown [s\src\hotspot\share\interpreter\linkResolver.cpp, line 771]
Event: 4.004 Thread 0x0000024619afa7c0 Exception <a 'java/lang/IncompatibleClassChangeError'{0x0000000082cb3308}: Found class java.lang.Object, but interface was expected> (0x0000000082cb3308) 
thrown [s\src\hotspot\share\interpreter\linkResolver.cpp, line 838]
Event: 4.029 Thread 0x0000024619afa7c0 Exception <a 'java/lang/NoSuchMethodError'{0x0000000082b89ba0}: 'int java.lang.invoke.DirectMethodHandle$Holder.invokeStatic(java.lang.Object, java.lang.Object, java.lang.Object, java.lang.Object)'> (0x0000000082b89ba0) 
thrown [s\src\hotspot\share\interpreter\linkResolver.cpp, line 771]
Event: 4.030 Thread 0x0000024619afa7c0 Exception <a 'java/lang/NoSuchMethodError'{0x0000000082b8d7c8}: 'java.lang.Object java.lang.invoke.Invokers$Holder.invokeExact_MT(java.lang.Object, java.lang.Object, java.lang.Object, java.lang.Object, java.lang.Object, java.lang.Object)'> (0x0000000082b8d7c8) 
thrown [s\src\hotspot\share\interpreter\linkResolver.cpp, line 771]
Event: 4.188 Thread 0x0000024619afa7c0 Exception <a 'java/lang/NoSuchMethodError'{0x00000000823b9610}: 'void java.lang.invoke.DirectMethodHandle$Holder.invokeStatic(java.lang.Object, java.lang.Object)'> (0x00000000823b9610) 
thrown [s\src\hotspot\share\interpreter\linkResolver.cpp, line 771]
Event: 4.195 Thread 0x0000024619afa7c0 Exception <a 'java/lang/NoSuchMethodError'{0x0000000082219a28}: 'java.lang.Object java.lang.invoke.DirectMethodHandle$Holder.invokeVirtual(java.lang.Object, java.lang.Object, java.lang.Object, java.lang.Object)'> (0x0000000082219a28) 
thrown [s\src\hotspot\share\interpreter\linkResolver.cpp, line 771]
Event: 4.230 Thread 0x0000024619afa7c0 Exception <a 'java/lang/NoSuchMethodError'{0x00000000821b9880}: 'java.lang.Object java.lang.invoke.DirectMethodHandle$Holder.newInvokeSpecial(java.lang.Object, java.lang.Object, java.lang.Object, java.lang.Object, java.lang.Object, java.lang.Object, java.lang.Object)'> (0x00000000821b9880) 
thrown [s\src\hotspot\share\interpreter\linkResolver.cpp, line 771]
Event: 4.230 Thread 0x0000024619afa7c0 Exception <a 'java/lang/NoSuchMethodError'{0x00000000821be550}: 'java.lang.Object java.lang.invoke.Invokers$Holder.linkToTargetMethod(java.lang.Object, java.lang.Object, java.lang.Object, java.lang.Object, java.lang.Object, java.lang.Object, java.lang.Object)'> (0x00000000821be550) 
thrown [s\src\hotspot\share\interpreter\linkResolver.cpp, line 771]
Event: 4.258 Thread 0x0000024619afa7c0 Exception <a 'java/lang/NoSuchMethodError'{0x0000000081f12c60}: 'java.lang.Object java.lang.invoke.DirectMethodHandle$Holder.invokeVirtual(java.lang.Object, java.lang.Object, java.lang.Object, java.lang.Object, java.lang.Object, java.lang.Object, java.lang.Object, java.lang.Object, java.lang.Object, java.lang.Object, java.lang.Object, java.lang.Object, java.lang.Object, java.lang.Object, java.lang.Object, java.lang.Object, java.lang.Object, java.lang.Object, java.lang.Object, java.lang.Object, java.lang.Ob
Event: 4.321 Thread 0x0000024619afa7c0 Implicit null exception at 0x000002460aef0ed8 to 0x000002460aef0f6a
Event: 4.460 Thread 0x0000024619afa7c0 Exception <a 'java/lang/NoSuchMethodError'{0x0000000084874a40}: 'void java.lang.invoke.DirectMethodHandle$Holder.invokeStaticInit(java.lang.Object, java.lang.Object)'> (0x0000000084874a40) 
thrown [s\src\hotspot\share\interpreter\linkResolver.cpp, line 771]
Event: 4.490 Thread 0x0000024619afa7c0 Exception <a 'java/lang/NoSuchMethodError'{0x0000000084799868}: 'java.lang.Object java.lang.invoke.DirectMethodHandle$Holder.invokeStaticInit(java.lang.Object, java.lang.Object, java.lang.Object)'> (0x0000000084799868) 
thrown [s\src\hotspot\share\interpreter\linkResolver.cpp, line 771]
Event: 4.491 Thread 0x0000024619afa7c0 Exception <a 'java/lang/NoSuchMethodError'{0x00000000847a3bb0}: 'void java.lang.invoke.DirectMethodHandle$Holder.invokeStatic(java.lang.Object, java.lang.Object, java.lang.Object, java.lang.Object, java.lang.Object, java.lang.Object)'> (0x00000000847a3bb0) 
thrown [s\src\hotspot\share\interpreter\linkResolver.cpp, line 771]
Event: 4.611 Thread 0x0000024619afa7c0 Exception <a 'java/lang/NoSuchMethodError'{0x000000008433dec8}: 'void java.lang.invoke.DirectMethodHandle$Holder.invokeStatic(java.lang.Object, java.lang.Object, java.lang.Object, java.lang.Object)'> (0x000000008433dec8) 
thrown [s\src\hotspot\share\interpreter\linkResolver.cpp, line 771]
Event: 4.612 Thread 0x0000024619afa7c0 Exception <a 'java/lang/NoSuchMethodError'{0x0000000084351350}: 'int java.lang.invoke.DirectMethodHandle$Holder.invokeVirtual(java.lang.Object, java.lang.Object)'> (0x0000000084351350) 
thrown [s\src\hotspot\share\interpreter\linkResolver.cpp, line 771]
Event: 4.616 Thread 0x0000024619afa7c0 Exception <a 'java/lang/NoSuchMethodError'{0x000000008438c6e8}: 'int java.lang.invoke.DirectMethodHandle$Holder.invokeVirtual(java.lang.Object, java.lang.Object, java.lang.Object)'> (0x000000008438c6e8) 
thrown [s\src\hotspot\share\interpreter\linkResolver.cpp, line 771]

VM Operations (20 events):
Event: 2.789 Executing VM operation: HandshakeAllThreads
Event: 2.789 Executing VM operation: HandshakeAllThreads done
Event: 2.933 Executing VM operation: HandshakeAllThreads
Event: 2.933 Executing VM operation: HandshakeAllThreads done
Event: 3.174 Executing VM operation: HandshakeAllThreads
Event: 3.174 Executing VM operation: HandshakeAllThreads done
Event: 3.268 Executing VM operation: HandshakeAllThreads
Event: 3.268 Executing VM operation: HandshakeAllThreads done
Event: 3.615 Executing VM operation: CollectForMetadataAllocation
Event: 3.621 Executing VM operation: CollectForMetadataAllocation done
Event: 3.626 Executing VM operation: G1Concurrent
Event: 3.628 Executing VM operation: G1Concurrent done
Event: 3.629 Executing VM operation: G1Concurrent
Event: 3.633 Executing VM operation: G1Concurrent done
Event: 3.838 Executing VM operation: HandshakeAllThreads
Event: 3.838 Executing VM operation: HandshakeAllThreads done
Event: 3.838 Executing VM operation: HandshakeAllThreads
Event: 3.839 Executing VM operation: HandshakeAllThreads done
Event: 4.334 Executing VM operation: G1CollectForAllocation
Event: 4.341 Executing VM operation: G1CollectForAllocation done

Events (20 events):
Event: 4.167 loading class org/xml/sax/ErrorHandler
Event: 4.168 loading class org/xml/sax/ErrorHandler done
Event: 4.489 loading class java/lang/annotation/IncompleteAnnotationException
Event: 4.489 loading class java/lang/annotation/IncompleteAnnotationException done
Event: 4.539 loading class java/util/function/UnaryOperator
Event: 4.539 loading class java/util/function/UnaryOperator done
Event: 4.550 loading class java/util/concurrent/CancellationException
Event: 4.550 loading class java/util/concurrent/CancellationException done
Event: 4.552 loading class java/util/concurrent/TimeoutException
Event: 4.552 loading class java/util/concurrent/TimeoutException done
Event: 4.557 loading class java/util/ServiceConfigurationError
Event: 4.558 loading class java/util/ServiceConfigurationError done
Event: 4.604 Thread 0x000002461a5bf550 Thread added: 0x000002461a5bf550
Event: 4.604 loading class java/util/concurrent/locks/AbstractQueuedSynchronizer$SharedNode
Event: 4.604 loading class java/util/concurrent/locks/AbstractQueuedSynchronizer$SharedNode done
Event: 4.610 loading class java/io/InterruptedIOException
Event: 4.610 loading class java/io/InterruptedIOException done
Event: 4.611 Thread 0x000002461a5c03c0 Thread added: 0x000002461a5c03c0
Event: 4.616 loading class java/util/ArrayDeque$DeqSpliterator
Event: 4.616 loading class java/util/ArrayDeque$DeqSpliterator done


Dynamic libraries:
0x00007ff7c2460000 - 0x00007ff7c246a000 	E:\PC\Android\jbr\bin\java.exe
0x00007ffcb4e30000 - 0x00007ffcb5047000 	C:\WINDOWS\SYSTEM32\ntdll.dll
0x00007ffcb3c90000 - 0x00007ffcb3d54000 	C:\WINDOWS\System32\KERNEL32.DLL
0x00007ffcb2780000 - 0x00007ffcb2b27000 	C:\WINDOWS\System32\KERNELBASE.dll
0x00007ffcb2150000 - 0x00007ffcb2261000 	C:\WINDOWS\System32\ucrtbase.dll
0x00007ffc60cc0000 - 0x00007ffc60cd7000 	E:\PC\Android\jbr\bin\jli.dll
0x00007ffcb46d0000 - 0x00007ffcb487e000 	C:\WINDOWS\System32\USER32.dll
0x00007ffcb2590000 - 0x00007ffcb25b6000 	C:\WINDOWS\System32\win32u.dll
0x00007ffcb2e80000 - 0x00007ffcb2ea9000 	C:\WINDOWS\System32\GDI32.dll
0x00007ffcb25c0000 - 0x00007ffcb26d9000 	C:\WINDOWS\System32\gdi32full.dll
0x00007ffca2330000 - 0x00007ffca25c3000 	C:\WINDOWS\WinSxS\amd64_microsoft.windows.common-controls_6595b64144ccf1df_6.0.22621.3527_none_270e469b73872a76\COMCTL32.dll
0x00007ffcb26e0000 - 0x00007ffcb277a000 	C:\WINDOWS\System32\msvcp_win.dll
0x00007ffcb4880000 - 0x00007ffcb4927000 	C:\WINDOWS\System32\msvcrt.dll
0x00007ffc62a40000 - 0x00007ffc62a5b000 	E:\PC\Android\jbr\bin\VCRUNTIME140.dll
0x00007ffcb43f0000 - 0x00007ffcb4421000 	C:\WINDOWS\System32\IMM32.DLL
0x00007ffc65f40000 - 0x00007ffc65f4c000 	E:\PC\Android\jbr\bin\vcruntime140_1.dll
0x00007ffb81db0000 - 0x00007ffb81e3d000 	E:\PC\Android\jbr\bin\msvcp140.dll
0x00007ffb66790000 - 0x00007ffb673fe000 	E:\PC\Android\jbr\bin\server\jvm.dll
0x00007ffcb4d30000 - 0x00007ffcb4de2000 	C:\WINDOWS\System32\ADVAPI32.dll
0x00007ffcb3830000 - 0x00007ffcb38d8000 	C:\WINDOWS\System32\sechost.dll
0x00007ffcb2b30000 - 0x00007ffcb2b58000 	C:\WINDOWS\System32\bcrypt.dll
0x00007ffcb2eb0000 - 0x00007ffcb2fc5000 	C:\WINDOWS\System32\RPCRT4.dll
0x00007ffc34f00000 - 0x00007ffc34f09000 	C:\WINDOWS\SYSTEM32\WSOCK32.dll
0x00007ffcaae70000 - 0x00007ffcaaea4000 	C:\WINDOWS\SYSTEM32\WINMM.dll
0x00007ffca9890000 - 0x00007ffca989a000 	C:\WINDOWS\SYSTEM32\VERSION.dll
0x00007ffcb2b60000 - 0x00007ffcb2bd1000 	C:\WINDOWS\System32\WS2_32.dll
0x00007ffcb1260000 - 0x00007ffcb1278000 	C:\WINDOWS\SYSTEM32\kernel.appcore.dll
0x00007ffc6a360000 - 0x00007ffc6a36a000 	E:\PC\Android\jbr\bin\jimage.dll
0x00007ffca4ad0000 - 0x00007ffca4d02000 	C:\WINDOWS\SYSTEM32\DBGHELP.DLL
0x00007ffcb38e0000 - 0x00007ffcb3c68000 	C:\WINDOWS\System32\combase.dll
0x00007ffcb4bf0000 - 0x00007ffcb4cc7000 	C:\WINDOWS\System32\OLEAUT32.dll
0x00007ffc8f840000 - 0x00007ffc8f872000 	C:\WINDOWS\SYSTEM32\dbgcore.DLL
0x00007ffcb23e0000 - 0x00007ffcb2459000 	C:\WINDOWS\System32\bcryptPrimitives.dll
0x00007ffc60d40000 - 0x00007ffc60d65000 	E:\PC\Android\jbr\bin\java.dll
0x00007ffc6a340000 - 0x00007ffc6a358000 	E:\PC\Android\jbr\bin\zip.dll
0x00007ffcb2fd0000 - 0x00007ffcb382c000 	C:\WINDOWS\System32\SHELL32.dll
0x00007ffcb00a0000 - 0x00007ffcb0996000 	C:\WINDOWS\SYSTEM32\windows.storage.dll
0x00007ffcaff60000 - 0x00007ffcb009e000 	C:\WINDOWS\SYSTEM32\wintypes.dll
0x00007ffcb42e0000 - 0x00007ffcb43d5000 	C:\WINDOWS\System32\SHCORE.dll
0x00007ffcb4cd0000 - 0x00007ffcb4d2e000 	C:\WINDOWS\System32\shlwapi.dll
0x00007ffcb2080000 - 0x00007ffcb20a1000 	C:\WINDOWS\SYSTEM32\profapi.dll
0x00007ffc661d0000 - 0x00007ffc661e9000 	E:\PC\Android\jbr\bin\net.dll
0x00007ffcab4d0000 - 0x00007ffcab606000 	C:\WINDOWS\SYSTEM32\WINHTTP.dll
0x00007ffcb16d0000 - 0x00007ffcb1739000 	C:\WINDOWS\system32\mswsock.dll
0x00007ffc62300000 - 0x00007ffc62316000 	E:\PC\Android\jbr\bin\nio.dll
0x00007ffc62dd0000 - 0x00007ffc62de0000 	E:\PC\Android\jbr\bin\verify.dll
0x00007ffb80f40000 - 0x00007ffb80f67000 	C:\Users\adric\.gradle\native\68d5fa5c4cc2d200863cafc0d521ce42e7d3e7ee720ec0a83991735586a16f82\windows-amd64\native-platform.dll
0x00007ffb6d3e0000 - 0x00007ffb6d524000 	C:\Users\adric\.gradle\native\e376f236ea51e6404a007f0833ffe2c6e607c4080706a723a18a27aeea778392\windows-amd64\native-platform-file-events.dll
0x00007ffc61710000 - 0x00007ffc61719000 	E:\PC\Android\jbr\bin\management.dll
0x00007ffc61140000 - 0x00007ffc6114b000 	E:\PC\Android\jbr\bin\management_ext.dll
0x00007ffcb4430000 - 0x00007ffcb4438000 	C:\WINDOWS\System32\PSAPI.DLL
0x00007ffcb1930000 - 0x00007ffcb194b000 	C:\WINDOWS\SYSTEM32\CRYPTSP.dll
0x00007ffcb11c0000 - 0x00007ffcb11f5000 	C:\WINDOWS\system32\rsaenh.dll
0x00007ffcb17d0000 - 0x00007ffcb17f8000 	C:\WINDOWS\SYSTEM32\USERENV.dll
0x00007ffcb1950000 - 0x00007ffcb195c000 	C:\WINDOWS\SYSTEM32\CRYPTBASE.dll
0x00007ffcb0c70000 - 0x00007ffcb0c9d000 	C:\WINDOWS\SYSTEM32\IPHLPAPI.DLL
0x00007ffcb43e0000 - 0x00007ffcb43e9000 	C:\WINDOWS\System32\NSI.dll
0x00007ffcab3e0000 - 0x00007ffcab3f9000 	C:\WINDOWS\SYSTEM32\dhcpcsvc6.DLL
0x00007ffcab3c0000 - 0x00007ffcab3df000 	C:\WINDOWS\SYSTEM32\dhcpcsvc.DLL
0x00007ffcb0ce0000 - 0x00007ffcb0dd8000 	C:\WINDOWS\SYSTEM32\DNSAPI.dll
0x00007ffc53680000 - 0x00007ffc53688000 	C:\WINDOWS\system32\wshunix.dll

dbghelp: loaded successfully - version: 4.0.5 - missing functions: none
symbol engine: initialized successfully - sym options: 0x614 - pdb path: .;E:\PC\Android\jbr\bin;C:\WINDOWS\SYSTEM32;C:\WINDOWS\WinSxS\amd64_microsoft.windows.common-controls_6595b64144ccf1df_6.0.22621.3527_none_270e469b73872a76;E:\PC\Android\jbr\bin\server;C:\Users\adric\.gradle\native\68d5fa5c4cc2d200863cafc0d521ce42e7d3e7ee720ec0a83991735586a16f82\windows-amd64;C:\Users\adric\.gradle\native\e376f236ea51e6404a007f0833ffe2c6e607c4080706a723a18a27aeea778392\windows-amd64

VM Arguments:
jvm_args: --add-opens=java.base/java.util=ALL-UNNAMED --add-opens=java.base/java.lang=ALL-UNNAMED --add-opens=java.base/java.lang.invoke=ALL-UNNAMED --add-opens=java.prefs/java.util.prefs=ALL-UNNAMED --add-opens=java.base/java.nio.charset=ALL-UNNAMED --add-opens=java.base/java.net=ALL-UNNAMED --add-opens=java.base/java.util.concurrent.atomic=ALL-UNNAMED -Xmx2048m -Dfile.encoding=UTF-8 -Duser.country=ES -Duser.language=es -Duser.variant 
java_command: org.gradle.launcher.daemon.bootstrap.GradleDaemon 8.0
java_class_path (initial): C:\Users\adric\.gradle\wrapper\dists\gradle-8.0-bin\ca5e32bp14vu59qr306oxotwh\gradle-8.0\lib\gradle-launcher-8.0.jar
Launcher Type: SUN_STANDARD

[Global flags]
     intx CICompilerCount                          = 4                                         {product} {ergonomic}
     uint ConcGCThreads                            = 3                                         {product} {ergonomic}
     uint G1ConcRefinementThreads                  = 10                                        {product} {ergonomic}
   size_t G1HeapRegionSize                         = 1048576                                   {product} {ergonomic}
    uintx GCDrainStackTargetSize                   = 64                                        {product} {ergonomic}
   size_t InitialHeapSize                          = 123731968                                 {product} {ergonomic}
   size_t MarkStackSize                            = 4194304                                   {product} {ergonomic}
   size_t MaxHeapSize                              = 2147483648                                {product} {command line}
   size_t MaxNewSize                               = 1287651328                                {product} {ergonomic}
   size_t MinHeapDeltaBytes                        = 1048576                                   {product} {ergonomic}
   size_t MinHeapSize                              = 8388608                                   {product} {ergonomic}
    uintx NonNMethodCodeHeapSize                   = 5839372                                {pd product} {ergonomic}
    uintx NonProfiledCodeHeapSize                  = 122909434                              {pd product} {ergonomic}
    uintx ProfiledCodeHeapSize                     = 122909434                              {pd product} {ergonomic}
    uintx ReservedCodeCacheSize                    = 251658240                              {pd product} {ergonomic}
     bool SegmentedCodeCache                       = true                                      {product} {ergonomic}
   size_t SoftMaxHeapSize                          = 2147483648                             {manageable} {ergonomic}
     bool UseCompressedClassPointers               = true                           {product lp64_product} {ergonomic}
     bool UseCompressedOops                        = true                           {product lp64_product} {ergonomic}
     bool UseG1GC                                  = true                                      {product} {ergonomic}
     bool UseLargePagesIndividualAllocation        = false                                  {pd product} {ergonomic}

Logging:
Log output configuration:
 #0: stdout all=warning uptime,level,tags
 #1: stderr all=off uptime,level,tags

Environment Variables:
JAVA_HOME=C:\Program Files\Eclipse Adoptium\jdk-17.0.8.101-hotspot\
PATH=C:\Program Files\Eclipse Adoptium\jdk-17.0.8.101-hotspot\bin;C:\Program Files (x86)\Common Files\Oracle\Java\javapath;C:\windows\system32;C:\windows;C:\windows\System32\Wbem;C:\windows\System32\WindowsPowerShell\v1.0\;C:\windows\System32\OpenSSH\;C:\Program Files (x86)\NVIDIA Corporation\PhysX\Common;C:\Program Files\NVIDIA Corporation\NVIDIA NvDLISR;C:\Program Files\dotnet\;C:\WINDOWS\system32;C:\WINDOWS;C:\WINDOWS\System32\Wbem;C:\WINDOWS\System32\WindowsPowerShell\v1.0\;C:\WINDOWS\System32\OpenSSH\;C:\Users\adric\.gradle\wrapper\dists\gradle-8.0-bin\ca5e32bp14vu59qr306oxotwh\gradle-8.0\bin;C:\Program Files\Microsoft SQL Server\Client SDK\ODBC\170\Tools\Binn\;C:\Program Files\Microsoft SQL Server\150\Tools\Binn\;C:\Program Files (x86)\Windows Kits\10\Windows Performance Toolkit\;C:\Program Files\MySQL\MySQL Shell 8.0\bin\;C:\Users\adric\AppData\Local\Microsoft\WindowsApps;C:\Users\adric\.dotnet\tools;C:\Users\adric\AppData\Local\Programs\Microsoft VS Code\bin;
USERNAME=adric
OS=Windows_NT
PROCESSOR_IDENTIFIER=AMD64 Family 25 Model 80 Stepping 0, AuthenticAMD
TMP=C:\Users\adric\AppData\Local\Temp
TEMP=C:\Users\adric\AppData\Local\Temp


JNI global refs:
JNI global refs: 23, weak refs: 0

JNI global refs memory usage: 843, weak refs: 841


---------------  S Y S T E M  ---------------

OS:
 Windows 11 , 64 bit Build 22621 (10.0.22621.3527)
OS uptime: 0 days 14:19 hours

CPU: total 12 (initial active 12) (12 cores per cpu, 2 threads per core) family 25 model 80 stepping 0 microcode 0x0, cx8, cmov, fxsr, ht, mmx, 3dnowpref, sse, sse2, sse3, ssse3, sse4a, sse4.1, sse4.2, popcnt, lzcnt, tsc, tscinvbit, avx, avx2, aes, erms, clmul, bmi1, bmi2, adx, sha, fma, vzeroupper, clflush, clflushopt

Memory: 4k page, system-wide physical 7521M (50M free)
TotalPageFile size 31073M (AvailPageFile size 37M)
current process WorkingSet (physical memory assigned to process): 169M, peak: 170M
current process commit charge ("private bytes"): 220M, peak: 244M

vm_info: OpenJDK 64-Bit Server VM (17.0.6+0-b2043.56-10027231) for windows-amd64 JRE (17.0.6+0-b2043.56-10027231), built on Apr 28 2023 00:43:19 by "androidbuild" with MS VC++ 16.10 / 16.11 (VS2019)

END.
